20:23:19.870 [JavaFX Application Thread] DEBUG GameApplication      - Logger initialized
20:23:19.884 [JavaFX Application Thread] DEBUG MainWindow           - Creating a JavaFX scene
20:23:20.058 [JavaFX Application Thread] DEBUG MainWindow           - Target settings size: 1200.0 x 700.0
20:23:20.059 [JavaFX Application Thread] DEBUG MainWindow           - Scaled scene size:    1200.0 x 700.0
20:23:20.059 [JavaFX Application Thread] DEBUG MainWindow           - Scaled ratio: (1.0, 1.0)
20:23:20.590 [JavaFX Application Thread] DEBUG GameApplication      - Starting FXGL
20:23:20.674 [FXGL Launcher Thread     ] INFO  Version              - FXGL-0.4.3
20:23:20.675 [FXGL Launcher Thread     ] INFO  Version              - Source code and latest versions at: https://github.com/AlmasB/FXGL
20:23:20.675 [FXGL Launcher Thread     ] INFO  Version              -              Join the FXGL chat at: https://gitter.im/AlmasB/FXGL
20:23:20.677 [FXGL Launcher Thread     ] DEBUG FXGL                 - Loading FXGL system data
20:23:20.687 [FXGL Launcher Thread     ] DEBUG IOTask               - Executing task: readDataTask(system/fxgl.bundle)
20:23:20.717 [FXGL Launcher Thread     ] DEBUG FS                   - Reading from: system/fxgl.bundle
20:23:20.738 [FXGL Launcher Thread     ] DEBUG IOTask               - Task succeeded: readDataTask(system/fxgl.bundle)
20:23:20.738 [FXGL Launcher Thread     ] DEBUG Bundle               - Logging bundle: FXGL
20:23:20.739 [FXGL Launcher Thread     ] DEBUG Bundle               - FXGL.offline.timer.version.check=2018-04-03T17:47:05.133
20:23:20.836 [FXGL Launcher Thread     ] DEBUG GameApplication      - FXGL started
20:23:20.837 [FXGL Launcher Thread     ] DEBUG GameApplication      - Logging game settings
Title: Flash-Run
Version: 3.0
Width: 1200
Height: 700
Fullscreen: false
Intro: false
Menus: true
Profiling: false
Single step:false
App Mode: DEVELOPER
Menu Key: ESCAPE
Stage Style: DECORATED
Scene Factory: class sample.MainMenu
Dialog Factory: class com.almasb.fxgl.ui.FXGLDialogFactory
UI Factory: class com.almasb.fxgl.ui.FXGLUIFactory
Notification Service: class com.almasb.fxgl.gameplay.notification.XboxNotificationView
Exception Handler: class com.almasb.fxgl.app.FXGLExceptionHandler
20:23:20.858 [FXGL Launcher Thread     ] DEBUG GameApplication      - Configuring GameApplication
20:23:20.858 [FXGL Launcher Thread     ] DEBUG GameApplication      - Initializing state machine and application states
20:23:20.878 [FXGL Launcher Thread     ] DEBUG AssetLoader          - Loading from disk: /assets/ui/cursors/fxgl_default.png
20:23:20.928 [FXGL Launcher Thread     ] DEBUG AssetLoader          - Loading from disk: /assets/ui/cursors/fxgl_default.png
20:23:20.936 [FXGL Launcher Thread     ] DEBUG AssetLoader          - Loading from disk: /assets/ui/cursors/fxgl_default.png
20:23:21.023 [FXGL Launcher Thread     ] DEBUG AssetLoader          - Loading from disk: /assets/sounds/core/notification.wav
20:23:21.095 [FXGL Launcher Thread     ] DEBUG AssetLoader          - Loading from disk: /assets/sounds/menu/select.wav
20:23:21.097 [FXGL Launcher Thread     ] DEBUG AssetLoader          - Loading from disk: /assets/sounds/menu/back.wav
20:23:21.100 [FXGL Launcher Thread     ] DEBUG AssetLoader          - Loading from disk: /assets/sounds/menu/press.wav
20:23:21.110 [FXGL Launcher Thread     ] DEBUG AssetLoader          - Loading from disk: /assets/ui/fonts/VarelaRound-Regular.ttf
20:23:21.141 [FXGL Launcher Thread     ] DEBUG AssetLoader          - Loading from disk: /assets/ui/fonts/lucida_console.ttf
20:23:21.148 [FXGL Launcher Thread     ] DEBUG AssetLoader          - Loading from disk: /assets/ui/css/fxgl_dark.css
20:23:21.149 [FXGL Launcher Thread     ] DEBUG AssetLoader          - Loading from disk: /assets/ui/icons/fxgl_icon.png
20:23:21.187 [FXGL Launcher Thread     ] DEBUG AssetLoader          - Loading from disk: /assets/ui/cursors/fxgl_default.png
20:23:21.231 [FXGL Launcher Thread     ] DEBUG FXGL.GameScene       - Game scene initialized: 1200x700
20:23:21.244 [FXGL Launcher Thread     ] DEBUG FXGL.GameWorld       - Game world initialized
20:23:21.322 [FXGL Launcher Thread     ] DEBUG PhysicsWorld         - Physics world initialized: appHeight=700, physics.ppm=50.0
20:23:21.348 [FXGL Launcher Thread     ] DEBUG AssetLoader          - Loading from disk: /assets/ui/cursors/fxgl_default.png
20:23:21.350 [FXGL Launcher Thread     ] DEBUG AssetLoader          - Loading from disk: /assets/textures/Flash-Run_BG_2.png
20:23:21.437 [FXGL Launcher Thread     ] DEBUG FXGL.Menu            - createMenuBodyMainMenu()
20:23:21.447 [FXGL Launcher Thread     ] DEBUG AssetLoader          - Loading from disk: /assets/properties/languages/english.properties
20:23:21.449 [FXGL Launcher Thread     ] DEBUG AssetLoader          - Loading from cache: /assets/properties/languages/english.properties
20:23:21.450 [FXGL Launcher Thread     ] DEBUG FXGL.Menu            - createOptionsMenu()
20:23:21.450 [FXGL Launcher Thread     ] DEBUG AssetLoader          - Loading from cache: /assets/properties/languages/english.properties
20:23:21.451 [FXGL Launcher Thread     ] DEBUG AssetLoader          - Loading from cache: /assets/properties/languages/english.properties
20:23:21.453 [FXGL Launcher Thread     ] DEBUG AssetLoader          - Loading from cache: /assets/properties/languages/english.properties
20:23:21.455 [FXGL Launcher Thread     ] DEBUG AssetLoader          - Loading from cache: /assets/properties/languages/english.properties
20:23:21.456 [FXGL Launcher Thread     ] DEBUG AssetLoader          - Loading from cache: /assets/properties/languages/english.properties
20:23:21.458 [FXGL Launcher Thread     ] DEBUG AssetLoader          - Loading from cache: /assets/properties/languages/english.properties
20:23:21.460 [FXGL Launcher Thread     ] DEBUG AssetLoader          - Loading from cache: /assets/properties/languages/english.properties
20:23:21.462 [FXGL Launcher Thread     ] DEBUG AssetLoader          - Loading from cache: /assets/properties/languages/english.properties
20:23:21.465 [FXGL Launcher Thread     ] DEBUG AssetLoader          - Loading from disk: /assets/ui/cursors/fxgl_default.png
20:23:21.466 [FXGL Launcher Thread     ] DEBUG AssetLoader          - Loading from cache: /assets/textures/Flash-Run_BG_2.png
20:23:21.467 [FXGL Launcher Thread     ] DEBUG FXGL.Menu            - createMenuBodyGameMenu()
20:23:21.468 [FXGL Launcher Thread     ] DEBUG AssetLoader          - Loading from cache: /assets/properties/languages/english.properties
20:23:21.469 [FXGL Launcher Thread     ] DEBUG AssetLoader          - Loading from cache: /assets/properties/languages/english.properties
20:23:21.470 [FXGL Launcher Thread     ] DEBUG FXGL.Menu            - createOptionsMenu()
20:23:21.470 [FXGL Launcher Thread     ] DEBUG AssetLoader          - Loading from cache: /assets/properties/languages/english.properties
20:23:21.471 [FXGL Launcher Thread     ] DEBUG AssetLoader          - Loading from cache: /assets/properties/languages/english.properties
20:23:21.471 [FXGL Launcher Thread     ] DEBUG AssetLoader          - Loading from cache: /assets/properties/languages/english.properties
20:23:21.472 [FXGL Launcher Thread     ] DEBUG AssetLoader          - Loading from cache: /assets/properties/languages/english.properties
20:23:21.472 [FXGL Launcher Thread     ] DEBUG AssetLoader          - Loading from cache: /assets/properties/languages/english.properties
20:23:21.473 [FXGL Launcher Thread     ] DEBUG AssetLoader          - Loading from cache: /assets/properties/languages/english.properties
20:23:21.473 [FXGL Launcher Thread     ] DEBUG AssetLoader          - Loading from cache: /assets/properties/languages/english.properties
20:23:21.482 [FXGL Launcher Thread     ] INFO  GameApplication      - Game configuration took:  0.624 sec
20:23:21.484 [JavaFX Application Thread] DEBUG MainWindow           - Opening main window
20:23:21.551 [JavaFX Application Thread] DEBUG MainWindow           - Window border size: (0.0, 22.0)
20:23:21.552 [JavaFX Application Thread] DEBUG MainWindow           - Scaled size: 1200.0 x 700.0
20:23:21.552 [JavaFX Application Thread] DEBUG MainWindow           - Scaled ratio: (1.0, 1.0)
20:23:21.552 [JavaFX Application Thread] DEBUG MainWindow           - Scene size: 1200.0 x 700.0
20:23:21.552 [JavaFX Application Thread] DEBUG MainWindow           - Stage size: 1200.0 x 722.0
20:23:21.553 [JavaFX Application Thread] DEBUG GameApplication      - Running preInit()
20:23:21.555 [JavaFX Application Thread] DEBUG AnnotationParser     - Main app package name: sample
20:23:21.680 [JavaFX Application Thread] DEBUG AnnotationParser     - @SetAchievementStore: []
20:23:21.719 [JavaFX Application Thread] DEBUG Input                - Registered new binding: Screenshot - P
20:23:21.720 [JavaFX Application Thread] DEBUG Input                - Registered new binding: Dev Options - CTRL+0
20:23:21.720 [JavaFX Application Thread] DEBUG Input                - Registered new binding: Restart - CTRL+R
20:23:21.721 [JavaFX Application Thread] DEBUG MenuEventHandler     - generateDefaultProfile()
20:23:21.721 [JavaFX Application Thread] DEBUG MenuEventHandler     - Creating default profile
20:23:21.722 [JavaFX Application Thread] DEBUG EventBus             - Firing event: SaveEvent
20:23:21.724 [JavaFX Application Thread] DEBUG AudioPlayer          - Saving data to profile
20:23:21.724 [JavaFX Application Thread] DEBUG Bundle               - Logging bundle: audio
20:23:21.724 [JavaFX Application Thread] DEBUG Bundle               - audio.musicVolume=0.5
20:23:21.725 [JavaFX Application Thread] DEBUG Bundle               - audio.soundVolume=0.5
20:23:21.725 [JavaFX Application Thread] DEBUG Input                - Saving data to profile
20:23:21.725 [JavaFX Application Thread] DEBUG Bundle               - Logging bundle: input
20:23:21.725 [JavaFX Application Thread] DEBUG Bundle               - input.Screenshot=P
20:23:21.725 [JavaFX Application Thread] DEBUG Bundle               - input.Restart=CTRL+R
20:23:21.725 [JavaFX Application Thread] DEBUG Bundle               - input.Dev Options=CTRL+0
20:23:21.729 [JavaFX Application Thread] DEBUG Bundle               - Logging bundle: gameplayStats
20:23:21.729 [JavaFX Application Thread] DEBUG Bundle               - gameplayStats.playtime=0
20:23:21.730 [JavaFX Application Thread] DEBUG AchievementManager   - Saving data to profile
20:23:21.730 [JavaFX Application Thread] DEBUG Bundle               - Logging bundle: achievement
20:23:21.791 [JavaFX Application Thread] DEBUG GameApplication      - Starting main loop
20:23:21.809 [JavaFX Application Thread] DEBUG StartupState         - STARTUP
20:23:21.809 [JavaFX Application Thread] DEBUG Input                - Clearing active input actions
20:23:21.853 [JavaFX Application Thread] DEBUG AppStateMachine      - StartupState -> MainMenuState
20:23:21.862 [JavaFX Application Thread] DEBUG FXGL.SaveLoadManager - Checking profiles dir: profiles/
20:23:21.862 [JavaFX Application Thread] DEBUG FXGL.SaveLoadManager - Loading profile names
20:23:21.866 [JavaFX Application Thread] DEBUG IOTask               - Showing dialog
20:23:21.870 [JavaFX Application Thread] DEBUG AppStateMachine      - Push state: DialogSubState
20:23:21.871 [JavaFX Application Thread] DEBUG Input                - Clearing active input actions
20:23:21.871 [JavaFX Application Thread] DEBUG AppStateMachine      - MainMenuState -> DialogSubState
20:23:21.877 [FXGL Background Thread 1 ] DEBUG IOTask               - Executing task: loadDirectoryNamesTask(./profiles/, false)
20:23:22.102 [JavaFX Application Thread] DEBUG IOTask               - succeed(): Dismissing dialog
20:23:22.103 [JavaFX Application Thread] DEBUG AppStateMachine      - Pop state: DialogSubState
20:23:22.103 [JavaFX Application Thread] DEBUG Input                - Clearing active input actions
20:23:22.104 [JavaFX Application Thread] DEBUG AppStateMachine      - MainMenuState <- DialogSubState
20:23:22.104 [JavaFX Application Thread] DEBUG IOTask               - Task succeeded: loadDirectoryNamesTask(./profiles/, false)
20:23:22.107 [JavaFX Application Thread] DEBUG AppStateMachine      - Push state: DialogSubState
20:23:22.107 [JavaFX Application Thread] DEBUG Input                - Clearing active input actions
20:23:22.108 [JavaFX Application Thread] DEBUG AppStateMachine      - MainMenuState -> DialogSubState
20:23:29.749 [JavaFX Application Thread] DEBUG AppStateMachine      - Pop state: DialogSubState
20:23:29.749 [JavaFX Application Thread] DEBUG Input                - Clearing active input actions
20:23:29.751 [JavaFX Application Thread] DEBUG AppStateMachine      - MainMenuState <- DialogSubState
20:23:29.752 [JavaFX Application Thread] DEBUG FXGL.SaveLoadManager - Loading profile: Saran
20:23:29.754 [JavaFX Application Thread] DEBUG IOTask               - Showing dialog
20:23:29.757 [JavaFX Application Thread] DEBUG AppStateMachine      - Push state: DialogSubState
20:23:29.758 [JavaFX Application Thread] DEBUG Input                - Clearing active input actions
20:23:29.758 [JavaFX Application Thread] DEBUG AppStateMachine      - MainMenuState -> DialogSubState
20:23:29.759 [FXGL Background Thread 1 ] DEBUG IOTask               - Executing task: readDataTask(./profiles/Saran/user.profile)
20:23:29.760 [FXGL Background Thread 1 ] DEBUG FS                   - Reading from: ./profiles/Saran/user.profile
20:23:29.782 [JavaFX Application Thread] DEBUG IOTask               - succeed(): Dismissing dialog
20:23:29.782 [JavaFX Application Thread] DEBUG AppStateMachine      - Pop state: DialogSubState
20:23:29.783 [JavaFX Application Thread] DEBUG Input                - Clearing active input actions
20:23:29.783 [JavaFX Application Thread] DEBUG AppStateMachine      - MainMenuState <- DialogSubState
20:23:29.784 [JavaFX Application Thread] DEBUG IOTask               - Task succeeded: readDataTask(./profiles/Saran/user.profile)
20:23:29.784 [JavaFX Application Thread] DEBUG EventBus             - Firing event: LoadEvent[type=LOAD_PROFILE]
20:23:29.784 [JavaFX Application Thread] DEBUG AudioPlayer          - Loading data from profile
20:23:29.784 [JavaFX Application Thread] DEBUG Bundle               - Logging bundle: audio
20:23:29.785 [JavaFX Application Thread] DEBUG Bundle               - audio.musicVolume=0.5
20:23:29.785 [JavaFX Application Thread] DEBUG Bundle               - audio.soundVolume=0.5
20:23:29.785 [JavaFX Application Thread] DEBUG Input                - Loading data from profile
20:23:29.785 [JavaFX Application Thread] DEBUG Bundle               - Logging bundle: input
20:23:29.786 [JavaFX Application Thread] DEBUG Bundle               - input.Screenshot=P
20:23:29.786 [JavaFX Application Thread] DEBUG Bundle               - input.Restart=CTRL+R
20:23:29.786 [JavaFX Application Thread] DEBUG Bundle               - input.Dev Options=CTRL+0
20:23:29.786 [JavaFX Application Thread] DEBUG Bundle               - Logging bundle: gameplayStats
20:23:29.786 [JavaFX Application Thread] DEBUG Bundle               - gameplayStats.playtime=16281817584
20:23:29.786 [JavaFX Application Thread] DEBUG AchievementManager   - Loading data from profile
20:23:29.787 [JavaFX Application Thread] DEBUG Bundle               - Logging bundle: achievement
20:23:29.788 [JavaFX Application Thread] DEBUG FXGL.SaveLoadManager - Loading last modified save file
20:23:29.788 [JavaFX Application Thread] DEBUG FXGL.SaveLoadManager - Loading save files
20:23:29.792 [JavaFX Application Thread] DEBUG IOTask               - Showing dialog
20:23:29.795 [JavaFX Application Thread] DEBUG AppStateMachine      - Push state: DialogSubState
20:23:29.795 [JavaFX Application Thread] DEBUG Input                - Clearing active input actions
20:23:29.795 [JavaFX Application Thread] DEBUG AppStateMachine      - MainMenuState -> DialogSubState
20:23:29.797 [FXGL Background Thread 1 ] DEBUG IOTask               - Executing task: loadFileNamesTask(./profiles/Saran/saves/, true, [FileExtension(extension=.sav)])
20:23:29.797 [FXGL Background Thread 1 ] DEBUG IOTask               - Executing task: loadFileNamesTask(./profiles/Saran/saves/, true, [FileExtension(extension=.sav)])
20:23:29.798 [FXGL Background Thread 1 ] DEBUG IOTask               - Executing task: loadFileNamesTask(./profiles/Saran/saves/, true, [FileExtension(extension=.sav)])
20:23:29.803 [FXGL Background Thread 1 ] DEBUG IOTask               - Executing task: readSaveFiles
20:23:29.805 [FXGL Background Thread 1 ] DEBUG IOTask               - Executing task: findLastSave
20:23:29.822 [JavaFX Application Thread] DEBUG IOTask               - fail(): Dismissing dialog
20:23:29.822 [JavaFX Application Thread] DEBUG AppStateMachine      - Pop state: DialogSubState
20:23:29.822 [JavaFX Application Thread] DEBUG Input                - Clearing active input actions
20:23:29.823 [JavaFX Application Thread] DEBUG AppStateMachine      - MainMenuState <- DialogSubState
20:23:29.823 [JavaFX Application Thread] WARN  IOTask               - Task failed: loadFileNamesTask(./profiles/Saran/saves/, true, [FileExtension(extension=.sav)]) Error: java.io.FileNotFoundException: No save files found
20:25:32.004 [JavaFX Application Thread] DEBUG GameApplication      - Exiting game application
20:25:32.005 [JavaFX Application Thread] DEBUG MenuEventHandler     - Creating default profile
20:25:32.006 [JavaFX Application Thread] DEBUG EventBus             - Firing event: SaveEvent
20:25:32.006 [JavaFX Application Thread] DEBUG AudioPlayer          - Saving data to profile
20:25:32.006 [JavaFX Application Thread] DEBUG Bundle               - Logging bundle: audio
20:25:32.006 [JavaFX Application Thread] DEBUG Bundle               - audio.musicVolume=0.5
20:25:32.006 [JavaFX Application Thread] DEBUG Bundle               - audio.soundVolume=0.5
20:25:32.006 [JavaFX Application Thread] DEBUG Input                - Saving data to profile
20:25:32.006 [JavaFX Application Thread] DEBUG Bundle               - Logging bundle: input
20:25:32.006 [JavaFX Application Thread] DEBUG Bundle               - input.Screenshot=P
20:25:32.006 [JavaFX Application Thread] DEBUG Bundle               - input.Restart=CTRL+R
20:25:32.006 [JavaFX Application Thread] DEBUG Bundle               - input.Dev Options=CTRL+0
20:25:32.006 [JavaFX Application Thread] DEBUG Bundle               - Logging bundle: gameplayStats
20:25:32.006 [JavaFX Application Thread] DEBUG Bundle               - gameplayStats.playtime=16281817584
20:25:32.007 [JavaFX Application Thread] DEBUG AchievementManager   - Saving data to profile
20:25:32.007 [JavaFX Application Thread] DEBUG Bundle               - Logging bundle: achievement
20:25:32.007 [JavaFX Application Thread] DEBUG FXGL.SaveLoadManager - Saving profile: Saran
20:25:32.009 [JavaFX Application Thread] DEBUG IOTask               - Executing task: writeDataTask(./profiles/Saran/user.profile)
20:25:32.009 [JavaFX Application Thread] DEBUG IOTask               - Executing task: writeDataTask(./profiles/Saran/user.profile)
20:25:32.011 [JavaFX Application Thread] DEBUG FS                   - Writing to: ./profiles/Saran/user.profile
20:25:32.016 [JavaFX Application Thread] DEBUG IOTask               - Executing task: checkSavesDir(./profiles/Saran/saves/)
20:25:32.016 [JavaFX Application Thread] DEBUG IOTask               - Task succeeded: writeDataTask(./profiles/Saran/user.profile)
20:25:32.016 [JavaFX Application Thread] DEBUG GameApplication      - Shutting down background threads
20:25:32.017 [JavaFX Application Thread] DEBUG GameApplication      - Exiting FXGL
20:25:32.017 [JavaFX Application Thread] DEBUG FXGL                 - Saving FXGL system data
20:25:32.017 [JavaFX Application Thread] DEBUG IOTask               - Executing task: writeDataTask(system/fxgl.bundle)
20:25:32.017 [JavaFX Application Thread] DEBUG FS                   - Writing to: system/fxgl.bundle
20:25:32.020 [JavaFX Application Thread] DEBUG IOTask               - Task succeeded: writeDataTask(system/fxgl.bundle)
20:25:32.020 [JavaFX Application Thread] DEBUG GameApplication      - Closing logger and exiting JavaFX
