23:33:26.323 [JavaFX Application Thread] DEBUG GameApplication      - Logger initialized
23:33:26.335 [JavaFX Application Thread] DEBUG MainWindow           - Creating a JavaFX scene
23:33:26.511 [JavaFX Application Thread] DEBUG MainWindow           - Target settings size: 1216.0 x 704.0
23:33:26.512 [JavaFX Application Thread] DEBUG MainWindow           - Scaled scene size:    1216.0 x 704.0
23:33:26.512 [JavaFX Application Thread] DEBUG MainWindow           - Scaled ratio: (1.0, 1.0)
23:33:27.165 [JavaFX Application Thread] DEBUG GameApplication      - Starting FXGL
23:33:27.290 [FXGL Launcher Thread     ] INFO  Version              - FXGL-0.4.3
23:33:27.290 [FXGL Launcher Thread     ] INFO  Version              - Source code and latest versions at: https://github.com/AlmasB/FXGL
23:33:27.291 [FXGL Launcher Thread     ] INFO  Version              -              Join the FXGL chat at: https://gitter.im/AlmasB/FXGL
23:33:27.292 [FXGL Launcher Thread     ] DEBUG FXGL                 - Loading FXGL system data
23:33:27.311 [FXGL Launcher Thread     ] DEBUG IOTask               - Executing task: readDataTask(system/fxgl.bundle)
23:33:27.352 [FXGL Launcher Thread     ] DEBUG FS                   - Reading from: system/fxgl.bundle
23:33:27.377 [FXGL Launcher Thread     ] DEBUG IOTask               - Task succeeded: readDataTask(system/fxgl.bundle)
23:33:27.378 [FXGL Launcher Thread     ] DEBUG Bundle               - Logging bundle: FXGL
23:33:27.379 [FXGL Launcher Thread     ] DEBUG Bundle               - FXGL.offline.timer.version.check=2018-04-10T18:03:01.667
23:33:27.516 [FXGL Launcher Thread     ] DEBUG GameApplication      - FXGL started
23:33:27.519 [FXGL Launcher Thread     ] DEBUG GameApplication      - Logging game settings
Title: Flash-Run
Version: 3.0
Width: 1216
Height: 704
Fullscreen: false
Intro: false
Menus: true
Profiling: false
Single step:false
App Mode: DEVELOPER
Menu Key: ESCAPE
Stage Style: DECORATED
Scene Factory: class sample.MainMenu
Dialog Factory: class com.almasb.fxgl.ui.FXGLDialogFactory
UI Factory: class com.almasb.fxgl.ui.FXGLUIFactory
Notification Service: class com.almasb.fxgl.gameplay.notification.XboxNotificationView
Exception Handler: class com.almasb.fxgl.app.FXGLExceptionHandler
23:33:27.523 [FXGL Launcher Thread     ] DEBUG GameApplication      - Configuring GameApplication
23:33:27.524 [FXGL Launcher Thread     ] DEBUG GameApplication      - Initializing state machine and application states
23:33:27.556 [FXGL Launcher Thread     ] DEBUG AssetLoader          - Loading from disk: /assets/ui/cursors/fxgl_default.png
23:33:27.601 [FXGL Launcher Thread     ] DEBUG AssetLoader          - Loading from disk: /assets/ui/cursors/fxgl_default.png
23:33:27.608 [FXGL Launcher Thread     ] DEBUG AssetLoader          - Loading from disk: /assets/ui/cursors/fxgl_default.png
23:33:27.634 [FXGL Launcher Thread     ] DEBUG AssetLoader          - Loading from disk: /assets/sounds/core/notification.wav
23:33:27.828 [FXGL Launcher Thread     ] DEBUG AssetLoader          - Loading from disk: /assets/sounds/menu/select.wav
23:33:27.833 [FXGL Launcher Thread     ] DEBUG AssetLoader          - Loading from disk: /assets/sounds/menu/back.wav
23:33:27.839 [FXGL Launcher Thread     ] DEBUG AssetLoader          - Loading from disk: /assets/sounds/menu/press.wav
23:33:27.848 [FXGL Launcher Thread     ] DEBUG AssetLoader          - Loading from disk: /assets/ui/fonts/VarelaRound-Regular.ttf
23:33:27.885 [FXGL Launcher Thread     ] DEBUG AssetLoader          - Loading from disk: /assets/ui/fonts/lucida_console.ttf
23:33:27.896 [FXGL Launcher Thread     ] DEBUG AssetLoader          - Loading from disk: /assets/ui/css/fxgl_dark.css
23:33:27.896 [FXGL Launcher Thread     ] DEBUG AssetLoader          - Loading from disk: /assets/ui/icons/fxgl_icon.png
23:33:27.944 [FXGL Launcher Thread     ] DEBUG AssetLoader          - Loading from disk: /assets/ui/cursors/fxgl_default.png
23:33:28.105 [FXGL Launcher Thread     ] DEBUG FXGL.GameScene       - Game scene initialized: 1216x704
23:33:28.116 [FXGL Launcher Thread     ] DEBUG FXGL.GameWorld       - Game world initialized
23:33:28.252 [FXGL Launcher Thread     ] DEBUG PhysicsWorld         - Physics world initialized: appHeight=704, physics.ppm=50.0
23:33:28.288 [FXGL Launcher Thread     ] DEBUG AssetLoader          - Loading from disk: /assets/ui/cursors/fxgl_default.png
23:33:28.302 [FXGL Launcher Thread     ] DEBUG AssetLoader          - Loading from disk: /assets/textures/Flash-Run_BG_2.png
23:33:28.688 [FXGL Launcher Thread     ] DEBUG FXGL.Menu            - createMenuBodyMainMenu()
23:33:28.737 [FXGL Launcher Thread     ] DEBUG AssetLoader          - Loading from disk: /assets/properties/languages/english.properties
23:33:28.743 [FXGL Launcher Thread     ] DEBUG AssetLoader          - Loading from cache: /assets/properties/languages/english.properties
23:33:28.743 [FXGL Launcher Thread     ] DEBUG FXGL.Menu            - createOptionsMenu()
23:33:28.746 [FXGL Launcher Thread     ] DEBUG AssetLoader          - Loading from cache: /assets/properties/languages/english.properties
23:33:28.749 [FXGL Launcher Thread     ] DEBUG AssetLoader          - Loading from cache: /assets/properties/languages/english.properties
23:33:28.775 [FXGL Launcher Thread     ] DEBUG AssetLoader          - Loading from cache: /assets/properties/languages/english.properties
23:33:28.777 [FXGL Launcher Thread     ] DEBUG AssetLoader          - Loading from cache: /assets/properties/languages/english.properties
23:33:28.778 [FXGL Launcher Thread     ] DEBUG AssetLoader          - Loading from cache: /assets/properties/languages/english.properties
23:33:28.785 [FXGL Launcher Thread     ] DEBUG AssetLoader          - Loading from cache: /assets/properties/languages/english.properties
23:33:28.787 [FXGL Launcher Thread     ] DEBUG AssetLoader          - Loading from cache: /assets/properties/languages/english.properties
23:33:28.789 [FXGL Launcher Thread     ] DEBUG AssetLoader          - Loading from cache: /assets/properties/languages/english.properties
23:33:28.800 [FXGL Launcher Thread     ] DEBUG AssetLoader          - Loading from disk: /assets/ui/cursors/fxgl_default.png
23:33:28.802 [FXGL Launcher Thread     ] DEBUG AssetLoader          - Loading from cache: /assets/textures/Flash-Run_BG_2.png
23:33:28.803 [FXGL Launcher Thread     ] DEBUG FXGL.Menu            - createMenuBodyGameMenu()
23:33:28.805 [FXGL Launcher Thread     ] DEBUG AssetLoader          - Loading from cache: /assets/properties/languages/english.properties
23:33:28.806 [FXGL Launcher Thread     ] DEBUG AssetLoader          - Loading from cache: /assets/properties/languages/english.properties
23:33:28.806 [FXGL Launcher Thread     ] DEBUG FXGL.Menu            - createOptionsMenu()
23:33:28.807 [FXGL Launcher Thread     ] DEBUG AssetLoader          - Loading from cache: /assets/properties/languages/english.properties
23:33:28.807 [FXGL Launcher Thread     ] DEBUG AssetLoader          - Loading from cache: /assets/properties/languages/english.properties
23:33:28.807 [FXGL Launcher Thread     ] DEBUG AssetLoader          - Loading from cache: /assets/properties/languages/english.properties
23:33:28.808 [FXGL Launcher Thread     ] DEBUG AssetLoader          - Loading from cache: /assets/properties/languages/english.properties
23:33:28.810 [FXGL Launcher Thread     ] DEBUG AssetLoader          - Loading from cache: /assets/properties/languages/english.properties
23:33:28.814 [FXGL Launcher Thread     ] DEBUG AssetLoader          - Loading from cache: /assets/properties/languages/english.properties
23:33:28.815 [FXGL Launcher Thread     ] DEBUG AssetLoader          - Loading from cache: /assets/properties/languages/english.properties
23:33:28.830 [FXGL Launcher Thread     ] INFO  GameApplication      - Game configuration took:  1.307 sec
23:33:28.840 [JavaFX Application Thread] DEBUG MainWindow           - Opening main window
23:33:28.963 [JavaFX Application Thread] DEBUG MainWindow           - Window border size: (0.0, 22.0)
23:33:28.963 [JavaFX Application Thread] DEBUG MainWindow           - Scaled size: 1216.0 x 704.0
23:33:28.964 [JavaFX Application Thread] DEBUG MainWindow           - Scaled ratio: (1.0, 1.0)
23:33:28.964 [JavaFX Application Thread] DEBUG MainWindow           - Scene size: 1216.0 x 704.0
23:33:28.964 [JavaFX Application Thread] DEBUG MainWindow           - Stage size: 1216.0 x 726.0
23:33:28.964 [JavaFX Application Thread] DEBUG GameApplication      - Running preInit()
23:33:28.968 [JavaFX Application Thread] DEBUG AnnotationParser     - Main app package name: sample
23:33:29.132 [JavaFX Application Thread] DEBUG AnnotationParser     - @SetAchievementStore: []
23:33:29.184 [JavaFX Application Thread] DEBUG Input                - Registered new binding: Screenshot - P
23:33:29.185 [JavaFX Application Thread] DEBUG Input                - Registered new binding: Dev Options - CTRL+0
23:33:29.185 [JavaFX Application Thread] DEBUG Input                - Registered new binding: Restart - CTRL+R
23:33:29.186 [JavaFX Application Thread] DEBUG Input                - Registered new binding: F_Left - A
23:33:29.186 [JavaFX Application Thread] DEBUG Input                - Registered new binding: F_Right - D
23:33:29.187 [JavaFX Application Thread] DEBUG Input                - Registered new binding: F_Up - W
23:33:29.187 [JavaFX Application Thread] DEBUG Input                - Registered new binding: F_Down - S
23:33:29.187 [JavaFX Application Thread] DEBUG Input                - Registered new binding: Rf_Left - Left
23:33:29.187 [JavaFX Application Thread] DEBUG Input                - Registered new binding: Rf_Right - Right
23:33:29.188 [JavaFX Application Thread] DEBUG Input                - Registered new binding: Rf_Up - Up
23:33:29.188 [JavaFX Application Thread] DEBUG Input                - Registered new binding: Rf_Down - Down
23:33:29.190 [JavaFX Application Thread] DEBUG MenuEventHandler     - generateDefaultProfile()
23:33:29.190 [JavaFX Application Thread] DEBUG MenuEventHandler     - Creating default profile
23:33:29.191 [JavaFX Application Thread] DEBUG EventBus             - Firing event: SaveEvent
23:33:29.194 [JavaFX Application Thread] DEBUG AudioPlayer          - Saving data to profile
23:33:29.194 [JavaFX Application Thread] DEBUG Bundle               - Logging bundle: audio
23:33:29.194 [JavaFX Application Thread] DEBUG Bundle               - audio.musicVolume=0.5
23:33:29.195 [JavaFX Application Thread] DEBUG Bundle               - audio.soundVolume=0.5
23:33:29.195 [JavaFX Application Thread] DEBUG Input                - Saving data to profile
23:33:29.195 [JavaFX Application Thread] DEBUG Bundle               - Logging bundle: input
23:33:29.195 [JavaFX Application Thread] DEBUG Bundle               - input.F_Right=D
23:33:29.196 [JavaFX Application Thread] DEBUG Bundle               - input.F_Down=S
23:33:29.196 [JavaFX Application Thread] DEBUG Bundle               - input.Screenshot=P
23:33:29.196 [JavaFX Application Thread] DEBUG Bundle               - input.Restart=CTRL+R
23:33:29.197 [JavaFX Application Thread] DEBUG Bundle               - input.F_Left=A
23:33:29.197 [JavaFX Application Thread] DEBUG Bundle               - input.Dev Options=CTRL+0
23:33:29.197 [JavaFX Application Thread] DEBUG Bundle               - input.F_Up=W
23:33:29.197 [JavaFX Application Thread] DEBUG Bundle               - input.Rf_Right=Right
23:33:29.197 [JavaFX Application Thread] DEBUG Bundle               - input.Rf_Left=Left
23:33:29.198 [JavaFX Application Thread] DEBUG Bundle               - input.Rf_Up=Up
23:33:29.198 [JavaFX Application Thread] DEBUG Bundle               - input.Rf_Down=Down
23:33:29.205 [JavaFX Application Thread] DEBUG Bundle               - Logging bundle: gameplayStats
23:33:29.206 [JavaFX Application Thread] DEBUG Bundle               - gameplayStats.playtime=0
23:33:29.209 [JavaFX Application Thread] DEBUG AchievementManager   - Saving data to profile
23:33:29.209 [JavaFX Application Thread] DEBUG Bundle               - Logging bundle: achievement
23:33:29.287 [JavaFX Application Thread] DEBUG GameApplication      - Starting main loop
23:33:29.308 [JavaFX Application Thread] DEBUG StartupState         - STARTUP
23:33:29.308 [JavaFX Application Thread] DEBUG Input                - Clearing active input actions
23:33:29.367 [JavaFX Application Thread] DEBUG AppStateMachine      - StartupState -> MainMenuState
23:33:29.383 [JavaFX Application Thread] DEBUG FXGL.SaveLoadManager - Checking profiles dir: profiles/
23:33:29.384 [JavaFX Application Thread] DEBUG FXGL.SaveLoadManager - Loading profile names
23:33:29.390 [JavaFX Application Thread] DEBUG IOTask               - Showing dialog
23:33:29.400 [JavaFX Application Thread] DEBUG AppStateMachine      - Push state: DialogSubState
23:33:29.401 [JavaFX Application Thread] DEBUG Input                - Clearing active input actions
23:33:29.401 [JavaFX Application Thread] DEBUG AppStateMachine      - MainMenuState -> DialogSubState
23:33:29.411 [FXGL Background Thread 1 ] DEBUG IOTask               - Executing task: loadDirectoryNamesTask(./profiles/, false)
23:33:29.957 [JavaFX Application Thread] DEBUG IOTask               - succeed(): Dismissing dialog
23:33:29.958 [JavaFX Application Thread] DEBUG AppStateMachine      - Pop state: DialogSubState
23:33:29.958 [JavaFX Application Thread] DEBUG Input                - Clearing active input actions
23:33:29.960 [JavaFX Application Thread] DEBUG AppStateMachine      - MainMenuState <- DialogSubState
23:33:29.966 [JavaFX Application Thread] DEBUG IOTask               - Task succeeded: loadDirectoryNamesTask(./profiles/, false)
23:33:29.971 [JavaFX Application Thread] DEBUG AppStateMachine      - Push state: DialogSubState
23:33:29.971 [JavaFX Application Thread] DEBUG Input                - Clearing active input actions
23:33:29.971 [JavaFX Application Thread] DEBUG AppStateMachine      - MainMenuState -> DialogSubState
23:33:54.248 [JavaFX Application Thread] DEBUG GameApplication      - Exiting game application
23:33:54.249 [JavaFX Application Thread] DEBUG GameApplication      - Shutting down background threads
23:33:54.249 [JavaFX Application Thread] DEBUG GameApplication      - Exiting FXGL
23:33:54.249 [JavaFX Application Thread] DEBUG FXGL                 - Saving FXGL system data
23:33:54.251 [JavaFX Application Thread] DEBUG IOTask               - Executing task: writeDataTask(system/fxgl.bundle)
23:33:54.255 [JavaFX Application Thread] DEBUG FS                   - Writing to: system/fxgl.bundle
23:33:54.260 [JavaFX Application Thread] DEBUG IOTask               - Task succeeded: writeDataTask(system/fxgl.bundle)
23:33:54.260 [JavaFX Application Thread] DEBUG GameApplication      - Closing logger and exiting JavaFX
