20:25:36.153 [JavaFX Application Thread] DEBUG GameApplication      - Logger initialized
20:25:36.163 [JavaFX Application Thread] DEBUG MainWindow           - Creating a JavaFX scene
20:25:36.336 [JavaFX Application Thread] DEBUG MainWindow           - Target settings size: 1200.0 x 700.0
20:25:36.336 [JavaFX Application Thread] DEBUG MainWindow           - Scaled scene size:    1200.0 x 700.0
20:25:36.336 [JavaFX Application Thread] DEBUG MainWindow           - Scaled ratio: (1.0, 1.0)
20:25:36.884 [JavaFX Application Thread] DEBUG GameApplication      - Starting FXGL
20:25:36.988 [FXGL Launcher Thread     ] INFO  Version              - FXGL-0.4.3
20:25:36.989 [FXGL Launcher Thread     ] INFO  Version              - Source code and latest versions at: https://github.com/AlmasB/FXGL
20:25:36.989 [FXGL Launcher Thread     ] INFO  Version              -              Join the FXGL chat at: https://gitter.im/AlmasB/FXGL
20:25:36.991 [FXGL Launcher Thread     ] DEBUG FXGL                 - Loading FXGL system data
20:25:37.001 [FXGL Launcher Thread     ] DEBUG IOTask               - Executing task: readDataTask(system/fxgl.bundle)
20:25:37.051 [FXGL Launcher Thread     ] DEBUG FS                   - Reading from: system/fxgl.bundle
20:25:37.072 [FXGL Launcher Thread     ] DEBUG IOTask               - Task succeeded: readDataTask(system/fxgl.bundle)
20:25:37.072 [FXGL Launcher Thread     ] DEBUG Bundle               - Logging bundle: FXGL
20:25:37.073 [FXGL Launcher Thread     ] DEBUG Bundle               - FXGL.offline.timer.version.check=2018-04-03T17:47:05.133
20:25:37.176 [FXGL Launcher Thread     ] DEBUG GameApplication      - FXGL started
20:25:37.177 [FXGL Launcher Thread     ] DEBUG GameApplication      - Logging game settings
Title: Flash-Run
Version: 3.0
Width: 1200
Height: 700
Fullscreen: false
Intro: false
Menus: true
Profiling: false
Single step:false
App Mode: DEVELOPER
Menu Key: ESCAPE
Stage Style: DECORATED
Scene Factory: class sample.MainMenu
Dialog Factory: class com.almasb.fxgl.ui.FXGLDialogFactory
UI Factory: class com.almasb.fxgl.ui.FXGLUIFactory
Notification Service: class com.almasb.fxgl.gameplay.notification.XboxNotificationView
Exception Handler: class com.almasb.fxgl.app.FXGLExceptionHandler
20:25:37.178 [FXGL Launcher Thread     ] DEBUG GameApplication      - Configuring GameApplication
20:25:37.179 [FXGL Launcher Thread     ] DEBUG GameApplication      - Initializing state machine and application states
20:25:37.206 [FXGL Launcher Thread     ] DEBUG AssetLoader          - Loading from disk: /assets/ui/cursors/fxgl_default.png
20:25:37.316 [FXGL Launcher Thread     ] DEBUG AssetLoader          - Loading from disk: /assets/ui/cursors/fxgl_default.png
20:25:37.325 [FXGL Launcher Thread     ] DEBUG AssetLoader          - Loading from disk: /assets/ui/cursors/fxgl_default.png
20:25:37.365 [FXGL Launcher Thread     ] DEBUG AssetLoader          - Loading from disk: /assets/sounds/core/notification.wav
20:25:37.486 [FXGL Launcher Thread     ] DEBUG AssetLoader          - Loading from disk: /assets/sounds/menu/select.wav
20:25:37.491 [FXGL Launcher Thread     ] DEBUG AssetLoader          - Loading from disk: /assets/sounds/menu/back.wav
20:25:37.495 [FXGL Launcher Thread     ] DEBUG AssetLoader          - Loading from disk: /assets/sounds/menu/press.wav
20:25:37.499 [FXGL Launcher Thread     ] DEBUG AssetLoader          - Loading from disk: /assets/ui/fonts/VarelaRound-Regular.ttf
20:25:37.526 [FXGL Launcher Thread     ] DEBUG AssetLoader          - Loading from disk: /assets/ui/fonts/lucida_console.ttf
20:25:37.540 [FXGL Launcher Thread     ] DEBUG AssetLoader          - Loading from disk: /assets/ui/css/fxgl_dark.css
20:25:37.541 [FXGL Launcher Thread     ] DEBUG AssetLoader          - Loading from disk: /assets/ui/icons/fxgl_icon.png
20:25:37.577 [FXGL Launcher Thread     ] DEBUG AssetLoader          - Loading from disk: /assets/ui/cursors/fxgl_default.png
20:25:37.620 [FXGL Launcher Thread     ] DEBUG FXGL.GameScene       - Game scene initialized: 1200x700
20:25:37.625 [FXGL Launcher Thread     ] DEBUG FXGL.GameWorld       - Game world initialized
20:25:37.696 [FXGL Launcher Thread     ] DEBUG PhysicsWorld         - Physics world initialized: appHeight=700, physics.ppm=50.0
20:25:37.726 [FXGL Launcher Thread     ] DEBUG AssetLoader          - Loading from disk: /assets/ui/cursors/fxgl_default.png
20:25:37.729 [FXGL Launcher Thread     ] DEBUG AssetLoader          - Loading from disk: /assets/textures/Flash-Run_BG_2.png
20:25:37.803 [FXGL Launcher Thread     ] DEBUG FXGL.Menu            - createMenuBodyMainMenu()
20:25:37.819 [FXGL Launcher Thread     ] DEBUG AssetLoader          - Loading from disk: /assets/properties/languages/english.properties
20:25:37.822 [FXGL Launcher Thread     ] DEBUG AssetLoader          - Loading from cache: /assets/properties/languages/english.properties
20:25:37.823 [FXGL Launcher Thread     ] DEBUG FXGL.Menu            - createOptionsMenu()
20:25:37.823 [FXGL Launcher Thread     ] DEBUG AssetLoader          - Loading from cache: /assets/properties/languages/english.properties
20:25:37.824 [FXGL Launcher Thread     ] DEBUG AssetLoader          - Loading from cache: /assets/properties/languages/english.properties
20:25:37.825 [FXGL Launcher Thread     ] DEBUG AssetLoader          - Loading from cache: /assets/properties/languages/english.properties
20:25:37.826 [FXGL Launcher Thread     ] DEBUG AssetLoader          - Loading from cache: /assets/properties/languages/english.properties
20:25:37.827 [FXGL Launcher Thread     ] DEBUG AssetLoader          - Loading from cache: /assets/properties/languages/english.properties
20:25:37.830 [FXGL Launcher Thread     ] DEBUG AssetLoader          - Loading from cache: /assets/properties/languages/english.properties
20:25:37.831 [FXGL Launcher Thread     ] DEBUG AssetLoader          - Loading from cache: /assets/properties/languages/english.properties
20:25:37.832 [FXGL Launcher Thread     ] DEBUG AssetLoader          - Loading from cache: /assets/properties/languages/english.properties
20:25:37.834 [FXGL Launcher Thread     ] DEBUG AssetLoader          - Loading from disk: /assets/ui/cursors/fxgl_default.png
20:25:37.835 [FXGL Launcher Thread     ] DEBUG AssetLoader          - Loading from cache: /assets/textures/Flash-Run_BG_2.png
20:25:37.836 [FXGL Launcher Thread     ] DEBUG FXGL.Menu            - createMenuBodyGameMenu()
20:25:37.836 [FXGL Launcher Thread     ] DEBUG AssetLoader          - Loading from cache: /assets/properties/languages/english.properties
20:25:37.838 [FXGL Launcher Thread     ] DEBUG AssetLoader          - Loading from cache: /assets/properties/languages/english.properties
20:25:37.838 [FXGL Launcher Thread     ] DEBUG FXGL.Menu            - createOptionsMenu()
20:25:37.839 [FXGL Launcher Thread     ] DEBUG AssetLoader          - Loading from cache: /assets/properties/languages/english.properties
20:25:37.839 [FXGL Launcher Thread     ] DEBUG AssetLoader          - Loading from cache: /assets/properties/languages/english.properties
20:25:37.839 [FXGL Launcher Thread     ] DEBUG AssetLoader          - Loading from cache: /assets/properties/languages/english.properties
20:25:37.840 [FXGL Launcher Thread     ] DEBUG AssetLoader          - Loading from cache: /assets/properties/languages/english.properties
20:25:37.840 [FXGL Launcher Thread     ] DEBUG AssetLoader          - Loading from cache: /assets/properties/languages/english.properties
20:25:37.842 [FXGL Launcher Thread     ] DEBUG AssetLoader          - Loading from cache: /assets/properties/languages/english.properties
20:25:37.842 [FXGL Launcher Thread     ] DEBUG AssetLoader          - Loading from cache: /assets/properties/languages/english.properties
20:25:37.851 [FXGL Launcher Thread     ] INFO  GameApplication      - Game configuration took:  0.672 sec
20:25:37.853 [JavaFX Application Thread] DEBUG MainWindow           - Opening main window
20:25:37.921 [JavaFX Application Thread] DEBUG MainWindow           - Window border size: (0.0, 22.0)
20:25:37.922 [JavaFX Application Thread] DEBUG MainWindow           - Scaled size: 1200.0 x 700.0
20:25:37.922 [JavaFX Application Thread] DEBUG MainWindow           - Scaled ratio: (1.0, 1.0)
20:25:37.922 [JavaFX Application Thread] DEBUG MainWindow           - Scene size: 1200.0 x 700.0
20:25:37.922 [JavaFX Application Thread] DEBUG MainWindow           - Stage size: 1200.0 x 722.0
20:25:37.922 [JavaFX Application Thread] DEBUG GameApplication      - Running preInit()
20:25:37.925 [JavaFX Application Thread] DEBUG AnnotationParser     - Main app package name: sample
20:25:38.145 [JavaFX Application Thread] DEBUG AnnotationParser     - @SetAchievementStore: []
20:25:38.179 [JavaFX Application Thread] DEBUG Input                - Registered new binding: Screenshot - P
20:25:38.180 [JavaFX Application Thread] DEBUG Input                - Registered new binding: Dev Options - CTRL+0
20:25:38.181 [JavaFX Application Thread] DEBUG Input                - Registered new binding: Restart - CTRL+R
20:25:38.181 [JavaFX Application Thread] DEBUG MenuEventHandler     - generateDefaultProfile()
20:25:38.182 [JavaFX Application Thread] DEBUG MenuEventHandler     - Creating default profile
20:25:38.182 [JavaFX Application Thread] DEBUG EventBus             - Firing event: SaveEvent
20:25:38.184 [JavaFX Application Thread] DEBUG AudioPlayer          - Saving data to profile
20:25:38.185 [JavaFX Application Thread] DEBUG Bundle               - Logging bundle: audio
20:25:38.185 [JavaFX Application Thread] DEBUG Bundle               - audio.musicVolume=0.5
20:25:38.185 [JavaFX Application Thread] DEBUG Bundle               - audio.soundVolume=0.5
20:25:38.185 [JavaFX Application Thread] DEBUG Input                - Saving data to profile
20:25:38.185 [JavaFX Application Thread] DEBUG Bundle               - Logging bundle: input
20:25:38.185 [JavaFX Application Thread] DEBUG Bundle               - input.Screenshot=P
20:25:38.186 [JavaFX Application Thread] DEBUG Bundle               - input.Restart=CTRL+R
20:25:38.186 [JavaFX Application Thread] DEBUG Bundle               - input.Dev Options=CTRL+0
20:25:38.189 [JavaFX Application Thread] DEBUG Bundle               - Logging bundle: gameplayStats
20:25:38.189 [JavaFX Application Thread] DEBUG Bundle               - gameplayStats.playtime=0
20:25:38.190 [JavaFX Application Thread] DEBUG AchievementManager   - Saving data to profile
20:25:38.190 [JavaFX Application Thread] DEBUG Bundle               - Logging bundle: achievement
20:25:38.235 [JavaFX Application Thread] DEBUG GameApplication      - Starting main loop
20:25:38.255 [JavaFX Application Thread] DEBUG StartupState         - STARTUP
20:25:38.255 [JavaFX Application Thread] DEBUG Input                - Clearing active input actions
20:25:38.298 [JavaFX Application Thread] DEBUG AppStateMachine      - StartupState -> MainMenuState
20:25:38.306 [JavaFX Application Thread] DEBUG FXGL.SaveLoadManager - Checking profiles dir: profiles/
20:25:38.306 [JavaFX Application Thread] DEBUG FXGL.SaveLoadManager - Loading profile names
20:25:38.309 [JavaFX Application Thread] DEBUG IOTask               - Showing dialog
20:25:38.314 [JavaFX Application Thread] DEBUG AppStateMachine      - Push state: DialogSubState
20:25:38.314 [JavaFX Application Thread] DEBUG Input                - Clearing active input actions
20:25:38.315 [JavaFX Application Thread] DEBUG AppStateMachine      - MainMenuState -> DialogSubState
20:25:38.321 [FXGL Background Thread 1 ] DEBUG IOTask               - Executing task: loadDirectoryNamesTask(./profiles/, false)
20:25:38.541 [JavaFX Application Thread] DEBUG IOTask               - succeed(): Dismissing dialog
20:25:38.542 [JavaFX Application Thread] DEBUG AppStateMachine      - Pop state: DialogSubState
20:25:38.542 [JavaFX Application Thread] DEBUG Input                - Clearing active input actions
20:25:38.543 [JavaFX Application Thread] DEBUG AppStateMachine      - MainMenuState <- DialogSubState
20:25:38.543 [JavaFX Application Thread] DEBUG IOTask               - Task succeeded: loadDirectoryNamesTask(./profiles/, false)
20:25:38.548 [JavaFX Application Thread] DEBUG AppStateMachine      - Push state: DialogSubState
20:25:38.548 [JavaFX Application Thread] DEBUG Input                - Clearing active input actions
20:25:38.548 [JavaFX Application Thread] DEBUG AppStateMachine      - MainMenuState -> DialogSubState
20:25:39.661 [JavaFX Application Thread] DEBUG AppStateMachine      - Pop state: DialogSubState
20:25:39.661 [JavaFX Application Thread] DEBUG Input                - Clearing active input actions
20:25:39.663 [JavaFX Application Thread] DEBUG AppStateMachine      - MainMenuState <- DialogSubState
20:25:39.663 [JavaFX Application Thread] DEBUG FXGL.SaveLoadManager - Loading profile: Saran
20:25:39.664 [JavaFX Application Thread] DEBUG IOTask               - Showing dialog
20:25:39.667 [JavaFX Application Thread] DEBUG AppStateMachine      - Push state: DialogSubState
20:25:39.667 [JavaFX Application Thread] DEBUG Input                - Clearing active input actions
20:25:39.667 [JavaFX Application Thread] DEBUG AppStateMachine      - MainMenuState -> DialogSubState
20:25:39.669 [FXGL Background Thread 1 ] DEBUG IOTask               - Executing task: readDataTask(./profiles/Saran/user.profile)
20:25:39.670 [FXGL Background Thread 1 ] DEBUG FS                   - Reading from: ./profiles/Saran/user.profile
20:25:39.693 [JavaFX Application Thread] DEBUG IOTask               - succeed(): Dismissing dialog
20:25:39.693 [JavaFX Application Thread] DEBUG AppStateMachine      - Pop state: DialogSubState
20:25:39.694 [JavaFX Application Thread] DEBUG Input                - Clearing active input actions
20:25:39.694 [JavaFX Application Thread] DEBUG AppStateMachine      - MainMenuState <- DialogSubState
20:25:39.695 [JavaFX Application Thread] DEBUG IOTask               - Task succeeded: readDataTask(./profiles/Saran/user.profile)
20:25:39.695 [JavaFX Application Thread] DEBUG EventBus             - Firing event: LoadEvent[type=LOAD_PROFILE]
20:25:39.695 [JavaFX Application Thread] DEBUG AudioPlayer          - Loading data from profile
20:25:39.695 [JavaFX Application Thread] DEBUG Bundle               - Logging bundle: audio
20:25:39.696 [JavaFX Application Thread] DEBUG Bundle               - audio.musicVolume=0.5
20:25:39.696 [JavaFX Application Thread] DEBUG Bundle               - audio.soundVolume=0.5
20:25:39.696 [JavaFX Application Thread] DEBUG Input                - Loading data from profile
20:25:39.696 [JavaFX Application Thread] DEBUG Bundle               - Logging bundle: input
20:25:39.697 [JavaFX Application Thread] DEBUG Bundle               - input.Screenshot=P
20:25:39.697 [JavaFX Application Thread] DEBUG Bundle               - input.Restart=CTRL+R
20:25:39.697 [JavaFX Application Thread] DEBUG Bundle               - input.Dev Options=CTRL+0
20:25:39.697 [JavaFX Application Thread] DEBUG Bundle               - Logging bundle: gameplayStats
20:25:39.697 [JavaFX Application Thread] DEBUG Bundle               - gameplayStats.playtime=16281817584
20:25:39.697 [JavaFX Application Thread] DEBUG AchievementManager   - Loading data from profile
20:25:39.698 [JavaFX Application Thread] DEBUG Bundle               - Logging bundle: achievement
20:25:39.699 [JavaFX Application Thread] DEBUG FXGL.SaveLoadManager - Loading last modified save file
20:25:39.699 [JavaFX Application Thread] DEBUG FXGL.SaveLoadManager - Loading save files
20:25:39.703 [JavaFX Application Thread] DEBUG IOTask               - Showing dialog
20:25:39.705 [JavaFX Application Thread] DEBUG AppStateMachine      - Push state: DialogSubState
20:25:39.705 [JavaFX Application Thread] DEBUG Input                - Clearing active input actions
20:25:39.705 [JavaFX Application Thread] DEBUG AppStateMachine      - MainMenuState -> DialogSubState
20:25:39.707 [FXGL Background Thread 1 ] DEBUG IOTask               - Executing task: loadFileNamesTask(./profiles/Saran/saves/, true, [FileExtension(extension=.sav)])
20:25:39.708 [FXGL Background Thread 1 ] DEBUG IOTask               - Executing task: loadFileNamesTask(./profiles/Saran/saves/, true, [FileExtension(extension=.sav)])
20:25:39.708 [FXGL Background Thread 1 ] DEBUG IOTask               - Executing task: loadFileNamesTask(./profiles/Saran/saves/, true, [FileExtension(extension=.sav)])
20:25:39.712 [FXGL Background Thread 1 ] DEBUG IOTask               - Executing task: readSaveFiles
20:25:39.715 [FXGL Background Thread 1 ] DEBUG IOTask               - Executing task: findLastSave
20:25:39.729 [JavaFX Application Thread] DEBUG IOTask               - fail(): Dismissing dialog
20:25:39.729 [JavaFX Application Thread] DEBUG AppStateMachine      - Pop state: DialogSubState
20:25:39.730 [JavaFX Application Thread] DEBUG Input                - Clearing active input actions
20:25:39.730 [JavaFX Application Thread] DEBUG AppStateMachine      - MainMenuState <- DialogSubState
20:25:39.731 [JavaFX Application Thread] WARN  IOTask               - Task failed: loadFileNamesTask(./profiles/Saran/saves/, true, [FileExtension(extension=.sav)]) Error: java.io.FileNotFoundException: No save files found
20:26:00.978 [JavaFX Application Thread] DEBUG GameApplication      - Exiting game application
20:26:00.980 [JavaFX Application Thread] DEBUG MenuEventHandler     - Creating default profile
20:26:00.980 [JavaFX Application Thread] DEBUG EventBus             - Firing event: SaveEvent
20:26:00.980 [JavaFX Application Thread] DEBUG AudioPlayer          - Saving data to profile
20:26:00.981 [JavaFX Application Thread] DEBUG Bundle               - Logging bundle: audio
20:26:00.981 [JavaFX Application Thread] DEBUG Bundle               - audio.musicVolume=0.5
20:26:00.981 [JavaFX Application Thread] DEBUG Bundle               - audio.soundVolume=0.5
20:26:00.981 [JavaFX Application Thread] DEBUG Input                - Saving data to profile
20:26:00.981 [JavaFX Application Thread] DEBUG Bundle               - Logging bundle: input
20:26:00.982 [JavaFX Application Thread] DEBUG Bundle               - input.Screenshot=P
20:26:00.982 [JavaFX Application Thread] DEBUG Bundle               - input.Restart=CTRL+R
20:26:00.982 [JavaFX Application Thread] DEBUG Bundle               - input.Dev Options=CTRL+0
20:26:00.982 [JavaFX Application Thread] DEBUG Bundle               - Logging bundle: gameplayStats
20:26:00.982 [JavaFX Application Thread] DEBUG Bundle               - gameplayStats.playtime=16281817584
20:26:00.982 [JavaFX Application Thread] DEBUG AchievementManager   - Saving data to profile
20:26:00.983 [JavaFX Application Thread] DEBUG Bundle               - Logging bundle: achievement
20:26:00.983 [JavaFX Application Thread] DEBUG FXGL.SaveLoadManager - Saving profile: Saran
20:26:00.986 [JavaFX Application Thread] DEBUG IOTask               - Executing task: writeDataTask(./profiles/Saran/user.profile)
20:26:00.986 [JavaFX Application Thread] DEBUG IOTask               - Executing task: writeDataTask(./profiles/Saran/user.profile)
20:26:00.989 [JavaFX Application Thread] DEBUG FS                   - Writing to: ./profiles/Saran/user.profile
20:26:00.993 [JavaFX Application Thread] DEBUG IOTask               - Executing task: checkSavesDir(./profiles/Saran/saves/)
20:26:00.993 [JavaFX Application Thread] DEBUG IOTask               - Task succeeded: writeDataTask(./profiles/Saran/user.profile)
20:26:00.993 [JavaFX Application Thread] DEBUG GameApplication      - Shutting down background threads
20:26:00.993 [JavaFX Application Thread] DEBUG GameApplication      - Exiting FXGL
20:26:00.994 [JavaFX Application Thread] DEBUG FXGL                 - Saving FXGL system data
20:26:00.994 [JavaFX Application Thread] DEBUG IOTask               - Executing task: writeDataTask(system/fxgl.bundle)
20:26:00.994 [JavaFX Application Thread] DEBUG FS                   - Writing to: system/fxgl.bundle
20:26:00.997 [JavaFX Application Thread] DEBUG IOTask               - Task succeeded: writeDataTask(system/fxgl.bundle)
20:26:00.997 [JavaFX Application Thread] DEBUG GameApplication      - Closing logger and exiting JavaFX
