08:27:53.183 [JavaFX Application Thread] DEBUG GameApplication      - Logger initialized
08:27:53.195 [JavaFX Application Thread] DEBUG MainWindow           - Creating a JavaFX scene
08:27:53.384 [JavaFX Application Thread] DEBUG MainWindow           - Target settings size: 1216.0 x 704.0
08:27:53.384 [JavaFX Application Thread] DEBUG MainWindow           - Scaled scene size:    1216.0 x 704.0
08:27:53.385 [JavaFX Application Thread] DEBUG MainWindow           - Scaled ratio: (1.0, 1.0)
08:27:53.967 [JavaFX Application Thread] DEBUG GameApplication      - Starting FXGL
08:27:54.073 [FXGL Launcher Thread     ] INFO  Version              - FXGL-0.4.3
08:27:54.074 [FXGL Launcher Thread     ] INFO  Version              - Source code and latest versions at: https://github.com/AlmasB/FXGL
08:27:54.075 [FXGL Launcher Thread     ] INFO  Version              -              Join the FXGL chat at: https://gitter.im/AlmasB/FXGL
08:27:54.076 [FXGL Launcher Thread     ] DEBUG FXGL                 - Loading FXGL system data
08:27:54.084 [FXGL Launcher Thread     ] DEBUG IOTask               - Executing task: readDataTask(system/fxgl.bundle)
08:27:54.110 [FXGL Launcher Thread     ] DEBUG FS                   - Reading from: system/fxgl.bundle
08:27:54.134 [FXGL Launcher Thread     ] DEBUG IOTask               - Task succeeded: readDataTask(system/fxgl.bundle)
08:27:54.134 [FXGL Launcher Thread     ] DEBUG Bundle               - Logging bundle: FXGL
08:27:54.136 [FXGL Launcher Thread     ] DEBUG Bundle               - FXGL.offline.timer.version.check=2018-04-03T17:47:05.133
08:27:54.247 [FXGL Launcher Thread     ] DEBUG GameApplication      - FXGL started
08:27:54.251 [FXGL Launcher Thread     ] DEBUG GameApplication      - Logging game settings
Title: Flash-Run
Version: 3.0
Width: 1216
Height: 704
Fullscreen: false
Intro: false
Menus: true
Profiling: false
Single step:false
App Mode: DEVELOPER
Menu Key: ESCAPE
Stage Style: DECORATED
Scene Factory: class sample.MainMenu
Dialog Factory: class com.almasb.fxgl.ui.FXGLDialogFactory
UI Factory: class com.almasb.fxgl.ui.FXGLUIFactory
Notification Service: class com.almasb.fxgl.gameplay.notification.XboxNotificationView
Exception Handler: class com.almasb.fxgl.app.FXGLExceptionHandler
08:27:54.253 [FXGL Launcher Thread     ] DEBUG GameApplication      - Configuring GameApplication
08:27:54.254 [FXGL Launcher Thread     ] DEBUG GameApplication      - Initializing state machine and application states
08:27:54.274 [FXGL Launcher Thread     ] DEBUG AssetLoader          - Loading from disk: /assets/ui/cursors/fxgl_default.png
08:27:54.316 [FXGL Launcher Thread     ] DEBUG AssetLoader          - Loading from disk: /assets/ui/cursors/fxgl_default.png
08:27:54.322 [FXGL Launcher Thread     ] DEBUG AssetLoader          - Loading from disk: /assets/ui/cursors/fxgl_default.png
08:27:54.385 [FXGL Launcher Thread     ] DEBUG AssetLoader          - Loading from disk: /assets/sounds/core/notification.wav
08:27:54.479 [FXGL Launcher Thread     ] DEBUG AssetLoader          - Loading from disk: /assets/sounds/menu/select.wav
08:27:54.482 [FXGL Launcher Thread     ] DEBUG AssetLoader          - Loading from disk: /assets/sounds/menu/back.wav
08:27:54.485 [FXGL Launcher Thread     ] DEBUG AssetLoader          - Loading from disk: /assets/sounds/menu/press.wav
08:27:54.489 [FXGL Launcher Thread     ] DEBUG AssetLoader          - Loading from disk: /assets/ui/fonts/VarelaRound-Regular.ttf
08:27:54.519 [FXGL Launcher Thread     ] DEBUG AssetLoader          - Loading from disk: /assets/ui/fonts/lucida_console.ttf
08:27:54.527 [FXGL Launcher Thread     ] DEBUG AssetLoader          - Loading from disk: /assets/ui/css/fxgl_dark.css
08:27:54.528 [FXGL Launcher Thread     ] DEBUG AssetLoader          - Loading from disk: /assets/ui/icons/fxgl_icon.png
08:27:54.570 [FXGL Launcher Thread     ] DEBUG AssetLoader          - Loading from disk: /assets/ui/cursors/fxgl_default.png
08:27:54.651 [FXGL Launcher Thread     ] DEBUG FXGL.GameScene       - Game scene initialized: 1216x704
08:27:54.659 [FXGL Launcher Thread     ] DEBUG FXGL.GameWorld       - Game world initialized
08:27:54.742 [FXGL Launcher Thread     ] DEBUG PhysicsWorld         - Physics world initialized: appHeight=704, physics.ppm=50.0
08:27:54.799 [FXGL Launcher Thread     ] DEBUG AssetLoader          - Loading from disk: /assets/ui/cursors/fxgl_default.png
08:27:54.802 [FXGL Launcher Thread     ] DEBUG AssetLoader          - Loading from disk: /assets/textures/Flash-Run_BG_2.png
08:27:54.877 [FXGL Launcher Thread     ] DEBUG FXGL.Menu            - createMenuBodyMainMenu()
08:27:54.888 [FXGL Launcher Thread     ] DEBUG AssetLoader          - Loading from disk: /assets/properties/languages/english.properties
08:27:54.890 [FXGL Launcher Thread     ] DEBUG AssetLoader          - Loading from cache: /assets/properties/languages/english.properties
08:27:54.891 [FXGL Launcher Thread     ] DEBUG FXGL.Menu            - createOptionsMenu()
08:27:54.892 [FXGL Launcher Thread     ] DEBUG AssetLoader          - Loading from cache: /assets/properties/languages/english.properties
08:27:54.893 [FXGL Launcher Thread     ] DEBUG AssetLoader          - Loading from cache: /assets/properties/languages/english.properties
08:27:54.895 [FXGL Launcher Thread     ] DEBUG AssetLoader          - Loading from cache: /assets/properties/languages/english.properties
08:27:54.896 [FXGL Launcher Thread     ] DEBUG AssetLoader          - Loading from cache: /assets/properties/languages/english.properties
08:27:54.897 [FXGL Launcher Thread     ] DEBUG AssetLoader          - Loading from cache: /assets/properties/languages/english.properties
08:27:54.900 [FXGL Launcher Thread     ] DEBUG AssetLoader          - Loading from cache: /assets/properties/languages/english.properties
08:27:54.902 [FXGL Launcher Thread     ] DEBUG AssetLoader          - Loading from cache: /assets/properties/languages/english.properties
08:27:54.903 [FXGL Launcher Thread     ] DEBUG AssetLoader          - Loading from cache: /assets/properties/languages/english.properties
08:27:54.905 [FXGL Launcher Thread     ] DEBUG AssetLoader          - Loading from disk: /assets/ui/cursors/fxgl_default.png
08:27:54.907 [FXGL Launcher Thread     ] DEBUG AssetLoader          - Loading from cache: /assets/textures/Flash-Run_BG_2.png
08:27:54.908 [FXGL Launcher Thread     ] DEBUG FXGL.Menu            - createMenuBodyGameMenu()
08:27:54.909 [FXGL Launcher Thread     ] DEBUG AssetLoader          - Loading from cache: /assets/properties/languages/english.properties
08:27:54.910 [FXGL Launcher Thread     ] DEBUG AssetLoader          - Loading from cache: /assets/properties/languages/english.properties
08:27:54.910 [FXGL Launcher Thread     ] DEBUG FXGL.Menu            - createOptionsMenu()
08:27:54.910 [FXGL Launcher Thread     ] DEBUG AssetLoader          - Loading from cache: /assets/properties/languages/english.properties
08:27:54.911 [FXGL Launcher Thread     ] DEBUG AssetLoader          - Loading from cache: /assets/properties/languages/english.properties
08:27:54.911 [FXGL Launcher Thread     ] DEBUG AssetLoader          - Loading from cache: /assets/properties/languages/english.properties
08:27:54.912 [FXGL Launcher Thread     ] DEBUG AssetLoader          - Loading from cache: /assets/properties/languages/english.properties
08:27:54.912 [FXGL Launcher Thread     ] DEBUG AssetLoader          - Loading from cache: /assets/properties/languages/english.properties
08:27:54.913 [FXGL Launcher Thread     ] DEBUG AssetLoader          - Loading from cache: /assets/properties/languages/english.properties
08:27:54.913 [FXGL Launcher Thread     ] DEBUG AssetLoader          - Loading from cache: /assets/properties/languages/english.properties
08:27:54.923 [FXGL Launcher Thread     ] INFO  GameApplication      - Game configuration took:  0.669 sec
08:27:54.926 [JavaFX Application Thread] DEBUG MainWindow           - Opening main window
08:27:54.999 [JavaFX Application Thread] DEBUG MainWindow           - Window border size: (0.0, 22.0)
08:27:55.000 [JavaFX Application Thread] DEBUG MainWindow           - Scaled size: 1216.0 x 704.0
08:27:55.000 [JavaFX Application Thread] DEBUG MainWindow           - Scaled ratio: (1.0, 1.0)
08:27:55.000 [JavaFX Application Thread] DEBUG MainWindow           - Scene size: 1216.0 x 704.0
08:27:55.000 [JavaFX Application Thread] DEBUG MainWindow           - Stage size: 1216.0 x 726.0
08:27:55.000 [JavaFX Application Thread] DEBUG GameApplication      - Running preInit()
08:27:55.003 [JavaFX Application Thread] DEBUG AnnotationParser     - Main app package name: sample
08:27:55.126 [JavaFX Application Thread] DEBUG AnnotationParser     - @SetAchievementStore: []
08:27:55.168 [JavaFX Application Thread] DEBUG Input                - Registered new binding: Screenshot - P
08:27:55.169 [JavaFX Application Thread] DEBUG Input                - Registered new binding: Dev Options - CTRL+0
08:27:55.170 [JavaFX Application Thread] DEBUG Input                - Registered new binding: Restart - CTRL+R
08:27:55.171 [JavaFX Application Thread] DEBUG AssetLoader          - Loading from disk: /assets/sounds/flash-theme.wav
08:27:55.491 [JavaFX Application Thread] DEBUG MenuEventHandler     - generateDefaultProfile()
08:27:55.491 [JavaFX Application Thread] DEBUG MenuEventHandler     - Creating default profile
08:27:55.492 [JavaFX Application Thread] DEBUG EventBus             - Firing event: SaveEvent
08:27:55.493 [JavaFX Application Thread] DEBUG AudioPlayer          - Saving data to profile
08:27:55.494 [JavaFX Application Thread] DEBUG Bundle               - Logging bundle: audio
08:27:55.494 [JavaFX Application Thread] DEBUG Bundle               - audio.musicVolume=0.5
08:27:55.494 [JavaFX Application Thread] DEBUG Bundle               - audio.soundVolume=0.5
08:27:55.494 [JavaFX Application Thread] DEBUG Input                - Saving data to profile
08:27:55.494 [JavaFX Application Thread] DEBUG Bundle               - Logging bundle: input
08:27:55.494 [JavaFX Application Thread] DEBUG Bundle               - input.Screenshot=P
08:27:55.495 [JavaFX Application Thread] DEBUG Bundle               - input.Restart=CTRL+R
08:27:55.495 [JavaFX Application Thread] DEBUG Bundle               - input.Dev Options=CTRL+0
08:27:55.499 [JavaFX Application Thread] DEBUG Bundle               - Logging bundle: gameplayStats
08:27:55.499 [JavaFX Application Thread] DEBUG Bundle               - gameplayStats.playtime=0
08:27:55.501 [JavaFX Application Thread] DEBUG AchievementManager   - Saving data to profile
08:27:55.501 [JavaFX Application Thread] DEBUG Bundle               - Logging bundle: achievement
08:27:55.569 [JavaFX Application Thread] DEBUG GameApplication      - Starting main loop
08:27:55.593 [JavaFX Application Thread] DEBUG StartupState         - STARTUP
08:27:55.593 [JavaFX Application Thread] DEBUG Input                - Clearing active input actions
08:27:55.654 [JavaFX Application Thread] DEBUG AppStateMachine      - StartupState -> MainMenuState
08:27:55.665 [JavaFX Application Thread] DEBUG FXGL.SaveLoadManager - Checking profiles dir: profiles/
08:27:55.666 [JavaFX Application Thread] DEBUG FXGL.SaveLoadManager - Loading profile names
08:27:55.670 [JavaFX Application Thread] DEBUG IOTask               - Showing dialog
08:27:55.676 [JavaFX Application Thread] DEBUG AppStateMachine      - Push state: DialogSubState
08:27:55.676 [JavaFX Application Thread] DEBUG Input                - Clearing active input actions
08:27:55.676 [JavaFX Application Thread] DEBUG AppStateMachine      - MainMenuState -> DialogSubState
08:27:55.693 [FXGL Background Thread 1 ] DEBUG IOTask               - Executing task: loadDirectoryNamesTask(./profiles/, false)
08:27:55.971 [JavaFX Application Thread] DEBUG IOTask               - succeed(): Dismissing dialog
08:27:55.971 [JavaFX Application Thread] DEBUG AppStateMachine      - Pop state: DialogSubState
08:27:55.972 [JavaFX Application Thread] DEBUG Input                - Clearing active input actions
08:27:55.972 [JavaFX Application Thread] DEBUG AppStateMachine      - MainMenuState <- DialogSubState
08:27:55.973 [JavaFX Application Thread] DEBUG IOTask               - Task succeeded: loadDirectoryNamesTask(./profiles/, false)
08:27:55.978 [JavaFX Application Thread] DEBUG AppStateMachine      - Push state: DialogSubState
08:27:55.978 [JavaFX Application Thread] DEBUG Input                - Clearing active input actions
08:27:55.978 [JavaFX Application Thread] DEBUG AppStateMachine      - MainMenuState -> DialogSubState
08:27:58.142 [JavaFX Application Thread] DEBUG AppStateMachine      - Pop state: DialogSubState
08:27:58.143 [JavaFX Application Thread] DEBUG Input                - Clearing active input actions
08:27:58.144 [JavaFX Application Thread] DEBUG AppStateMachine      - MainMenuState <- DialogSubState
08:27:58.145 [JavaFX Application Thread] DEBUG FXGL.SaveLoadManager - Loading profile: Saran
08:27:58.147 [JavaFX Application Thread] DEBUG IOTask               - Showing dialog
08:27:58.150 [JavaFX Application Thread] DEBUG AppStateMachine      - Push state: DialogSubState
08:27:58.150 [JavaFX Application Thread] DEBUG Input                - Clearing active input actions
08:27:58.150 [JavaFX Application Thread] DEBUG AppStateMachine      - MainMenuState -> DialogSubState
08:27:58.152 [FXGL Background Thread 1 ] DEBUG IOTask               - Executing task: readDataTask(./profiles/Saran/user.profile)
08:27:58.153 [FXGL Background Thread 1 ] DEBUG FS                   - Reading from: ./profiles/Saran/user.profile
08:27:58.173 [JavaFX Application Thread] DEBUG IOTask               - succeed(): Dismissing dialog
08:27:58.173 [JavaFX Application Thread] DEBUG AppStateMachine      - Pop state: DialogSubState
08:27:58.173 [JavaFX Application Thread] DEBUG Input                - Clearing active input actions
08:27:58.174 [JavaFX Application Thread] DEBUG AppStateMachine      - MainMenuState <- DialogSubState
08:27:58.174 [JavaFX Application Thread] DEBUG IOTask               - Task succeeded: readDataTask(./profiles/Saran/user.profile)
08:27:58.175 [JavaFX Application Thread] DEBUG EventBus             - Firing event: LoadEvent[type=LOAD_PROFILE]
08:27:58.175 [JavaFX Application Thread] DEBUG AudioPlayer          - Loading data from profile
08:27:58.175 [JavaFX Application Thread] DEBUG Bundle               - Logging bundle: audio
08:27:58.175 [JavaFX Application Thread] DEBUG Bundle               - audio.musicVolume=0.5
08:27:58.175 [JavaFX Application Thread] DEBUG Bundle               - audio.soundVolume=0.5
08:27:58.176 [JavaFX Application Thread] DEBUG Input                - Loading data from profile
08:27:58.176 [JavaFX Application Thread] DEBUG Bundle               - Logging bundle: input
08:27:58.176 [JavaFX Application Thread] DEBUG Bundle               - input.Screenshot=P
08:27:58.176 [JavaFX Application Thread] DEBUG Bundle               - input.Restart=CTRL+R
08:27:58.176 [JavaFX Application Thread] DEBUG Bundle               - input.Dev Options=CTRL+0
08:27:58.176 [JavaFX Application Thread] DEBUG Bundle               - Logging bundle: gameplayStats
08:27:58.177 [JavaFX Application Thread] DEBUG Bundle               - gameplayStats.playtime=174090323968
08:27:58.177 [JavaFX Application Thread] DEBUG AchievementManager   - Loading data from profile
08:27:58.177 [JavaFX Application Thread] DEBUG Bundle               - Logging bundle: achievement
08:27:58.178 [JavaFX Application Thread] DEBUG FXGL.SaveLoadManager - Loading last modified save file
08:27:58.178 [JavaFX Application Thread] DEBUG FXGL.SaveLoadManager - Loading save files
08:27:58.183 [JavaFX Application Thread] DEBUG IOTask               - Showing dialog
08:27:58.186 [JavaFX Application Thread] DEBUG AppStateMachine      - Push state: DialogSubState
08:27:58.186 [JavaFX Application Thread] DEBUG Input                - Clearing active input actions
08:27:58.186 [JavaFX Application Thread] DEBUG AppStateMachine      - MainMenuState -> DialogSubState
08:27:58.188 [FXGL Background Thread 1 ] DEBUG IOTask               - Executing task: loadFileNamesTask(./profiles/Saran/saves/, true, [FileExtension(extension=.sav)])
08:27:58.188 [FXGL Background Thread 1 ] DEBUG IOTask               - Executing task: loadFileNamesTask(./profiles/Saran/saves/, true, [FileExtension(extension=.sav)])
08:27:58.188 [FXGL Background Thread 1 ] DEBUG IOTask               - Executing task: loadFileNamesTask(./profiles/Saran/saves/, true, [FileExtension(extension=.sav)])
08:27:58.193 [FXGL Background Thread 1 ] DEBUG IOTask               - Executing task: readSaveFiles
08:27:58.195 [FXGL Background Thread 1 ] DEBUG IOTask               - Executing task: findLastSave
08:27:58.207 [JavaFX Application Thread] DEBUG IOTask               - fail(): Dismissing dialog
08:27:58.207 [JavaFX Application Thread] DEBUG AppStateMachine      - Pop state: DialogSubState
08:27:58.208 [JavaFX Application Thread] DEBUG Input                - Clearing active input actions
08:27:58.209 [JavaFX Application Thread] DEBUG AppStateMachine      - MainMenuState <- DialogSubState
08:27:58.209 [JavaFX Application Thread] WARN  IOTask               - Task failed: loadFileNamesTask(./profiles/Saran/saves/, true, [FileExtension(extension=.sav)]) Error: java.io.FileNotFoundException: No save files found
08:27:59.277 [JavaFX Application Thread] DEBUG FXGL.Menu            - fireNewGame()
08:27:59.277 [JavaFX Application Thread] DEBUG GameApplication      - Starting new game
08:27:59.278 [JavaFX Application Thread] DEBUG Input                - Clearing active input actions
08:27:59.290 [JavaFX Application Thread] DEBUG AppStateMachine      - MainMenuState -> LoadingState
08:27:59.292 [JavaFX Application Thread] DEBUG AnnotationParser     - Main app package name: sample
08:27:59.293 [JavaFX Application Thread] DEBUG InitAppTask          - Parsing annotations
08:27:59.321 [JavaFX Application Thread] DEBUG AnnotationParser     - @SetEntityFactory: []
08:27:59.321 [JavaFX Application Thread] DEBUG AnnotationParser     - @AddCollisionHandler: []
08:27:59.322 [JavaFX Application Thread] DEBUG AnnotationParser     - @SetEventHandler: []
08:27:59.323 [FXGL Background Thread 1 ] DEBUG InitAppTask          - Clearing previous game
08:27:59.323 [FXGL Background Thread 1 ] DEBUG FXGL.GameWorld       - Clearing game world
08:27:59.323 [FXGL Background Thread 1 ] DEBUG PhysicsWorld         - Clearing physics world
08:27:59.324 [FXGL Background Thread 1 ] DEBUG FXGL.GameScene       - Clearing game scene
08:27:59.325 [FXGL Background Thread 1 ] DEBUG InitAppTask          - Initializing Assets
08:27:59.326 [FXGL Background Thread 1 ] DEBUG InitAppTask          - Initializing Game
08:27:59.331 [FXGL Background Thread 1 ] DEBUG AudioPlayer          - Stopping all sounds
08:27:59.418 [FXGL Background Thread 1 ] DEBUG AssetLoader          - Loading from disk: /assets/json/SpeedForce.json
08:28:00.018 [FXGL Background Thread 1 ] DEBUG FXGL.GameWorld       - Clearing removable entities
08:28:00.018 [FXGL Background Thread 1 ] DEBUG FXGL.GameWorld       - Setting level from map
08:28:00.049 [FXGL Background Thread 1 ] DEBUG AssetLoader          - Loading from disk: /assets/textures/lightning-maze.jpg
08:28:00.049 [FXGL Background Thread 1 ] FATAL AssetLoader          - Loading failed for asset: lightning-maze.jpg. Cause: Asset "/assets/textures/lightning-maze.jpg" was not found!
08:28:00.050 [JavaFX Application Thread] FATAL GameApplication      - Uncaught Exception:

Fatal exception occurred: java.lang.IllegalArgumentException : Failed to load asset: lightning-maze.jpg. Cause: Asset "/assets/textures/lightning-maze.jpg" was not found!
E: com.almasb.fxgl.asset.AssetLoader.loadFailed(AssetLoader.kt:718)
E: com.almasb.fxgl.asset.AssetLoader.loadTexture(AssetLoader.kt:158)
E: com.almasb.fxgl.entity.Entities.loadTilesetImage(Entities.java:284)
E: com.almasb.fxgl.entity.Entities.access$100(Entities.java:33)
E: com.almasb.fxgl.entity.Entities$EntityBuilder.tilesToView(Entities.java:203)
E: com.almasb.fxgl.entity.Entities$EntityBuilder.viewFromTiles(Entities.java:158)
E: com.almasb.fxgl.entity.GameWorld.lambda$setLevelFromMap$2(GameWorld.java:290)
E: java.util.stream.ForEachOps$ForEachOp$OfRef.accept(ForEachOps.java:184)
E: java.util.stream.ReferencePipeline$2$1.accept(ReferencePipeline.java:175)
E: java.util.ArrayList$ArrayListSpliterator.forEachRemaining(ArrayList.java:1374)
E: java.util.stream.AbstractPipeline.copyInto(AbstractPipeline.java:481)
E: java.util.stream.AbstractPipeline.wrapAndCopyInto(AbstractPipeline.java:471)
E: java.util.stream.ForEachOps$ForEachOp.evaluateSequential(ForEachOps.java:151)
E: java.util.stream.ForEachOps$ForEachOp$OfRef.evaluateSequential(ForEachOps.java:174)
E: java.util.stream.AbstractPipeline.evaluate(AbstractPipeline.java:234)
E: java.util.stream.ReferencePipeline.forEach(ReferencePipeline.java:418)
E: com.almasb.fxgl.entity.GameWorld.setLevelFromMap(GameWorld.java:289)
E: com.almasb.fxgl.entity.GameWorld.setLevelFromMap(GameWorld.java:273)
E: sample.Game.initGame(Game.java:40)
E: com.almasb.fxgl.app.LoadingState$InitAppTask.initGame(AppStates.kt:200)
E: com.almasb.fxgl.app.LoadingState$InitAppTask.call(AppStates.kt:160)
E: com.almasb.fxgl.app.LoadingState$InitAppTask.call(AppStates.kt:132)
E: javafx.concurrent.Task$TaskCallable.call(Task.java:1423)
E: java.util.concurrent.FutureTask.run(FutureTask.java:266)
E: java.util.concurrent.Executors$RunnableAdapter.call(Executors.java:511)
E: java.util.concurrent.FutureTask.run(FutureTask.java:266)
E: java.util.concurrent.ThreadPoolExecutor.runWorker(ThreadPoolExecutor.java:1142)
E: java.util.concurrent.ThreadPoolExecutor$Worker.run(ThreadPoolExecutor.java:617)
E: java.lang.Thread.run(Thread.java:745)

08:28:00.050 [JavaFX Application Thread] FATAL GameApplication      - Application will now exit
08:28:00.050 [JavaFX Application Thread] DEBUG GameApplication      - Stopping main loop
08:28:11.840 [JavaFX Application Thread] DEBUG GameApplication      - Exiting game application
08:28:11.840 [JavaFX Application Thread] DEBUG MenuEventHandler     - Creating default profile
08:28:11.841 [JavaFX Application Thread] DEBUG EventBus             - Firing event: SaveEvent
08:28:11.841 [JavaFX Application Thread] DEBUG AudioPlayer          - Saving data to profile
08:28:11.841 [JavaFX Application Thread] DEBUG Bundle               - Logging bundle: audio
08:28:11.841 [JavaFX Application Thread] DEBUG Bundle               - audio.musicVolume=0.5
08:28:11.841 [JavaFX Application Thread] DEBUG Bundle               - audio.soundVolume=0.5
08:28:11.841 [JavaFX Application Thread] DEBUG Input                - Saving data to profile
08:28:11.841 [JavaFX Application Thread] DEBUG Bundle               - Logging bundle: input
08:28:11.841 [JavaFX Application Thread] DEBUG Bundle               - input.Screenshot=P
08:28:11.841 [JavaFX Application Thread] DEBUG Bundle               - input.Restart=CTRL+R
08:28:11.841 [JavaFX Application Thread] DEBUG Bundle               - input.Dev Options=CTRL+0
08:28:11.842 [JavaFX Application Thread] DEBUG Bundle               - Logging bundle: gameplayStats
08:28:11.842 [JavaFX Application Thread] DEBUG Bundle               - gameplayStats.playtime=174090323968
08:28:11.842 [JavaFX Application Thread] DEBUG AchievementManager   - Saving data to profile
08:28:11.842 [JavaFX Application Thread] DEBUG Bundle               - Logging bundle: achievement
08:28:11.842 [JavaFX Application Thread] DEBUG FXGL.SaveLoadManager - Saving profile: Saran
08:28:11.844 [JavaFX Application Thread] DEBUG IOTask               - Executing task: writeDataTask(./profiles/Saran/user.profile)
08:28:11.845 [JavaFX Application Thread] DEBUG IOTask               - Executing task: writeDataTask(./profiles/Saran/user.profile)
08:28:11.848 [JavaFX Application Thread] DEBUG FS                   - Writing to: ./profiles/Saran/user.profile
08:28:11.853 [JavaFX Application Thread] DEBUG IOTask               - Executing task: checkSavesDir(./profiles/Saran/saves/)
08:28:11.853 [JavaFX Application Thread] DEBUG IOTask               - Task succeeded: writeDataTask(./profiles/Saran/user.profile)
08:28:11.853 [JavaFX Application Thread] DEBUG GameApplication      - Shutting down background threads
08:28:11.854 [JavaFX Application Thread] DEBUG GameApplication      - Exiting FXGL
08:28:11.854 [JavaFX Application Thread] DEBUG FXGL                 - Saving FXGL system data
08:28:11.855 [JavaFX Application Thread] DEBUG IOTask               - Executing task: writeDataTask(system/fxgl.bundle)
08:28:11.855 [JavaFX Application Thread] DEBUG FS                   - Writing to: system/fxgl.bundle
08:28:11.859 [JavaFX Application Thread] DEBUG IOTask               - Task succeeded: writeDataTask(system/fxgl.bundle)
08:28:11.859 [JavaFX Application Thread] DEBUG GameApplication      - Closing logger and exiting JavaFX
