23:14:22.075 [JavaFX Application Thread] DEBUG GameApplication      - Logger initialized
23:14:22.087 [JavaFX Application Thread] DEBUG MainWindow           - Creating a JavaFX scene
23:14:22.432 [JavaFX Application Thread] DEBUG MainWindow           - Target settings size: 1216.0 x 704.0
23:14:22.432 [JavaFX Application Thread] DEBUG MainWindow           - Scaled scene size:    1216.0 x 704.0
23:14:22.433 [JavaFX Application Thread] DEBUG MainWindow           - Scaled ratio: (1.0, 1.0)
23:14:23.104 [JavaFX Application Thread] DEBUG GameApplication      - Starting FXGL
23:14:23.205 [FXGL Launcher Thread     ] INFO  Version              - FXGL-0.4.3
23:14:23.206 [FXGL Launcher Thread     ] INFO  Version              - Source code and latest versions at: https://github.com/AlmasB/FXGL
23:14:23.207 [FXGL Launcher Thread     ] INFO  Version              -              Join the FXGL chat at: https://gitter.im/AlmasB/FXGL
23:14:23.209 [FXGL Launcher Thread     ] DEBUG FXGL                 - Loading FXGL system data
23:14:23.226 [FXGL Launcher Thread     ] DEBUG IOTask               - Executing task: readDataTask(system/fxgl.bundle)
23:14:23.254 [FXGL Launcher Thread     ] DEBUG FS                   - Reading from: system/fxgl.bundle
23:14:23.279 [FXGL Launcher Thread     ] DEBUG IOTask               - Task succeeded: readDataTask(system/fxgl.bundle)
23:14:23.280 [FXGL Launcher Thread     ] DEBUG Bundle               - Logging bundle: FXGL
23:14:23.280 [FXGL Launcher Thread     ] DEBUG Bundle               - FXGL.offline.timer.version.check=2018-04-03T17:47:05.133
23:14:23.365 [FXGL Launcher Thread     ] DEBUG GameApplication      - FXGL started
23:14:23.366 [FXGL Launcher Thread     ] DEBUG GameApplication      - Logging game settings
Title: Flash-Run
Version: 3.0
Width: 1216
Height: 704
Fullscreen: false
Intro: false
Menus: true
Profiling: false
Single step:false
App Mode: DEVELOPER
Menu Key: ESCAPE
Stage Style: DECORATED
Scene Factory: class sample.MainMenu
Dialog Factory: class com.almasb.fxgl.ui.FXGLDialogFactory
UI Factory: class com.almasb.fxgl.ui.FXGLUIFactory
Notification Service: class com.almasb.fxgl.gameplay.notification.XboxNotificationView
Exception Handler: class com.almasb.fxgl.app.FXGLExceptionHandler
23:14:23.375 [FXGL Launcher Thread     ] DEBUG GameApplication      - Configuring GameApplication
23:14:23.376 [FXGL Launcher Thread     ] DEBUG GameApplication      - Initializing state machine and application states
23:14:23.387 [FXGL Launcher Thread     ] DEBUG AssetLoader          - Loading from disk: /assets/ui/cursors/fxgl_default.png
23:14:23.478 [FXGL Launcher Thread     ] DEBUG AssetLoader          - Loading from disk: /assets/ui/cursors/fxgl_default.png
23:14:23.482 [FXGL Launcher Thread     ] DEBUG AssetLoader          - Loading from disk: /assets/ui/cursors/fxgl_default.png
23:14:23.521 [FXGL Launcher Thread     ] DEBUG AssetLoader          - Loading from disk: /assets/sounds/core/notification.wav
23:14:23.638 [FXGL Launcher Thread     ] DEBUG AssetLoader          - Loading from disk: /assets/sounds/menu/select.wav
23:14:23.639 [FXGL Launcher Thread     ] DEBUG AssetLoader          - Loading from disk: /assets/sounds/menu/back.wav
23:14:23.644 [FXGL Launcher Thread     ] DEBUG AssetLoader          - Loading from disk: /assets/sounds/menu/press.wav
23:14:23.647 [FXGL Launcher Thread     ] DEBUG AssetLoader          - Loading from disk: /assets/ui/fonts/VarelaRound-Regular.ttf
23:14:23.678 [FXGL Launcher Thread     ] DEBUG AssetLoader          - Loading from disk: /assets/ui/fonts/lucida_console.ttf
23:14:23.686 [FXGL Launcher Thread     ] DEBUG AssetLoader          - Loading from disk: /assets/ui/css/fxgl_dark.css
23:14:23.686 [FXGL Launcher Thread     ] DEBUG AssetLoader          - Loading from disk: /assets/ui/icons/fxgl_icon.png
23:14:23.716 [FXGL Launcher Thread     ] DEBUG AssetLoader          - Loading from disk: /assets/ui/cursors/fxgl_default.png
23:14:23.826 [FXGL Launcher Thread     ] DEBUG FXGL.GameScene       - Game scene initialized: 1216x704
23:14:23.833 [FXGL Launcher Thread     ] DEBUG FXGL.GameWorld       - Game world initialized
23:14:23.923 [FXGL Launcher Thread     ] DEBUG PhysicsWorld         - Physics world initialized: appHeight=704, physics.ppm=50.0
23:14:23.971 [FXGL Launcher Thread     ] DEBUG AssetLoader          - Loading from disk: /assets/ui/cursors/fxgl_default.png
23:14:23.974 [FXGL Launcher Thread     ] DEBUG AssetLoader          - Loading from disk: /assets/textures/Flash-Run_BG_2.png
23:14:24.065 [FXGL Launcher Thread     ] DEBUG FXGL.Menu            - createMenuBodyMainMenu()
23:14:24.100 [FXGL Launcher Thread     ] DEBUG AssetLoader          - Loading from disk: /assets/properties/languages/english.properties
23:14:24.103 [FXGL Launcher Thread     ] DEBUG AssetLoader          - Loading from cache: /assets/properties/languages/english.properties
23:14:24.103 [FXGL Launcher Thread     ] DEBUG FXGL.Menu            - createOptionsMenu()
23:14:24.104 [FXGL Launcher Thread     ] DEBUG AssetLoader          - Loading from cache: /assets/properties/languages/english.properties
23:14:24.107 [FXGL Launcher Thread     ] DEBUG AssetLoader          - Loading from cache: /assets/properties/languages/english.properties
23:14:24.108 [FXGL Launcher Thread     ] DEBUG AssetLoader          - Loading from cache: /assets/properties/languages/english.properties
23:14:24.110 [FXGL Launcher Thread     ] DEBUG AssetLoader          - Loading from cache: /assets/properties/languages/english.properties
23:14:24.112 [FXGL Launcher Thread     ] DEBUG AssetLoader          - Loading from cache: /assets/properties/languages/english.properties
23:14:24.114 [FXGL Launcher Thread     ] DEBUG AssetLoader          - Loading from cache: /assets/properties/languages/english.properties
23:14:24.116 [FXGL Launcher Thread     ] DEBUG AssetLoader          - Loading from cache: /assets/properties/languages/english.properties
23:14:24.118 [FXGL Launcher Thread     ] DEBUG AssetLoader          - Loading from cache: /assets/properties/languages/english.properties
23:14:24.122 [FXGL Launcher Thread     ] DEBUG AssetLoader          - Loading from disk: /assets/ui/cursors/fxgl_default.png
23:14:24.123 [FXGL Launcher Thread     ] DEBUG AssetLoader          - Loading from cache: /assets/textures/Flash-Run_BG_2.png
23:14:24.126 [FXGL Launcher Thread     ] DEBUG FXGL.Menu            - createMenuBodyGameMenu()
23:14:24.126 [FXGL Launcher Thread     ] DEBUG AssetLoader          - Loading from cache: /assets/properties/languages/english.properties
23:14:24.128 [FXGL Launcher Thread     ] DEBUG AssetLoader          - Loading from cache: /assets/properties/languages/english.properties
23:14:24.128 [FXGL Launcher Thread     ] DEBUG FXGL.Menu            - createOptionsMenu()
23:14:24.129 [FXGL Launcher Thread     ] DEBUG AssetLoader          - Loading from cache: /assets/properties/languages/english.properties
23:14:24.129 [FXGL Launcher Thread     ] DEBUG AssetLoader          - Loading from cache: /assets/properties/languages/english.properties
23:14:24.129 [FXGL Launcher Thread     ] DEBUG AssetLoader          - Loading from cache: /assets/properties/languages/english.properties
23:14:24.129 [FXGL Launcher Thread     ] DEBUG AssetLoader          - Loading from cache: /assets/properties/languages/english.properties
23:14:24.130 [FXGL Launcher Thread     ] DEBUG AssetLoader          - Loading from cache: /assets/properties/languages/english.properties
23:14:24.131 [FXGL Launcher Thread     ] DEBUG AssetLoader          - Loading from cache: /assets/properties/languages/english.properties
23:14:24.131 [FXGL Launcher Thread     ] DEBUG AssetLoader          - Loading from cache: /assets/properties/languages/english.properties
23:14:24.146 [FXGL Launcher Thread     ] INFO  GameApplication      - Game configuration took:  0.770 sec
23:14:24.148 [JavaFX Application Thread] DEBUG MainWindow           - Opening main window
23:14:24.236 [JavaFX Application Thread] DEBUG MainWindow           - Window border size: (0.0, 22.0)
23:14:24.236 [JavaFX Application Thread] DEBUG MainWindow           - Scaled size: 1216.0 x 704.0
23:14:24.236 [JavaFX Application Thread] DEBUG MainWindow           - Scaled ratio: (1.0, 1.0)
23:14:24.236 [JavaFX Application Thread] DEBUG MainWindow           - Scene size: 1216.0 x 704.0
23:14:24.237 [JavaFX Application Thread] DEBUG MainWindow           - Stage size: 1216.0 x 726.0
23:14:24.237 [JavaFX Application Thread] DEBUG GameApplication      - Running preInit()
23:14:24.240 [JavaFX Application Thread] DEBUG AnnotationParser     - Main app package name: sample
23:14:24.421 [JavaFX Application Thread] DEBUG AnnotationParser     - @SetAchievementStore: []
23:14:24.480 [JavaFX Application Thread] DEBUG Input                - Registered new binding: Screenshot - P
23:14:24.481 [JavaFX Application Thread] DEBUG Input                - Registered new binding: Dev Options - CTRL+0
23:14:24.482 [JavaFX Application Thread] DEBUG Input                - Registered new binding: Restart - CTRL+R
23:14:24.482 [JavaFX Application Thread] DEBUG Input                - Registered new binding: Left - A
23:14:24.483 [JavaFX Application Thread] DEBUG Input                - Registered new binding: Right - D
23:14:24.483 [JavaFX Application Thread] DEBUG Input                - Registered new binding: Up - W
23:14:24.483 [JavaFX Application Thread] DEBUG Input                - Registered new binding: Down - S
23:14:24.485 [JavaFX Application Thread] DEBUG MenuEventHandler     - generateDefaultProfile()
23:14:24.485 [JavaFX Application Thread] DEBUG MenuEventHandler     - Creating default profile
23:14:24.486 [JavaFX Application Thread] DEBUG EventBus             - Firing event: SaveEvent
23:14:24.488 [JavaFX Application Thread] DEBUG AudioPlayer          - Saving data to profile
23:14:24.488 [JavaFX Application Thread] DEBUG Bundle               - Logging bundle: audio
23:14:24.489 [JavaFX Application Thread] DEBUG Bundle               - audio.musicVolume=0.5
23:14:24.490 [JavaFX Application Thread] DEBUG Bundle               - audio.soundVolume=0.5
23:14:24.491 [JavaFX Application Thread] DEBUG Input                - Saving data to profile
23:14:24.491 [JavaFX Application Thread] DEBUG Bundle               - Logging bundle: input
23:14:24.491 [JavaFX Application Thread] DEBUG Bundle               - input.Up=W
23:14:24.491 [JavaFX Application Thread] DEBUG Bundle               - input.Right=D
23:14:24.492 [JavaFX Application Thread] DEBUG Bundle               - input.Screenshot=P
23:14:24.492 [JavaFX Application Thread] DEBUG Bundle               - input.Restart=CTRL+R
23:14:24.492 [JavaFX Application Thread] DEBUG Bundle               - input.Dev Options=CTRL+0
23:14:24.493 [JavaFX Application Thread] DEBUG Bundle               - input.Down=S
23:14:24.493 [JavaFX Application Thread] DEBUG Bundle               - input.Left=A
23:14:24.498 [JavaFX Application Thread] DEBUG Bundle               - Logging bundle: gameplayStats
23:14:24.498 [JavaFX Application Thread] DEBUG Bundle               - gameplayStats.playtime=0
23:14:24.500 [JavaFX Application Thread] DEBUG AchievementManager   - Saving data to profile
23:14:24.500 [JavaFX Application Thread] DEBUG Bundle               - Logging bundle: achievement
23:14:24.567 [JavaFX Application Thread] DEBUG GameApplication      - Starting main loop
23:14:24.590 [JavaFX Application Thread] DEBUG StartupState         - STARTUP
23:14:24.590 [JavaFX Application Thread] DEBUG Input                - Clearing active input actions
23:14:24.654 [JavaFX Application Thread] DEBUG AppStateMachine      - StartupState -> MainMenuState
23:14:24.668 [JavaFX Application Thread] DEBUG FXGL.SaveLoadManager - Checking profiles dir: profiles/
23:14:24.668 [JavaFX Application Thread] DEBUG FXGL.SaveLoadManager - Loading profile names
23:14:24.672 [JavaFX Application Thread] DEBUG IOTask               - Showing dialog
23:14:24.678 [JavaFX Application Thread] DEBUG AppStateMachine      - Push state: DialogSubState
23:14:24.679 [JavaFX Application Thread] DEBUG Input                - Clearing active input actions
23:14:24.679 [JavaFX Application Thread] DEBUG AppStateMachine      - MainMenuState -> DialogSubState
23:14:24.686 [FXGL Background Thread 1 ] DEBUG IOTask               - Executing task: loadDirectoryNamesTask(./profiles/, false)
23:14:25.052 [JavaFX Application Thread] DEBUG IOTask               - succeed(): Dismissing dialog
23:14:25.052 [JavaFX Application Thread] DEBUG AppStateMachine      - Pop state: DialogSubState
23:14:25.052 [JavaFX Application Thread] DEBUG Input                - Clearing active input actions
23:14:25.053 [JavaFX Application Thread] DEBUG AppStateMachine      - MainMenuState <- DialogSubState
23:14:25.054 [JavaFX Application Thread] DEBUG IOTask               - Task succeeded: loadDirectoryNamesTask(./profiles/, false)
23:14:25.059 [JavaFX Application Thread] DEBUG AppStateMachine      - Push state: DialogSubState
23:14:25.059 [JavaFX Application Thread] DEBUG Input                - Clearing active input actions
23:14:25.059 [JavaFX Application Thread] DEBUG AppStateMachine      - MainMenuState -> DialogSubState
23:14:25.766 [JavaFX Application Thread] DEBUG GameApplication      - Exiting game application
23:14:25.767 [JavaFX Application Thread] DEBUG GameApplication      - Shutting down background threads
23:14:25.767 [JavaFX Application Thread] DEBUG GameApplication      - Exiting FXGL
23:14:25.768 [JavaFX Application Thread] DEBUG FXGL                 - Saving FXGL system data
23:14:25.769 [JavaFX Application Thread] DEBUG IOTask               - Executing task: writeDataTask(system/fxgl.bundle)
23:14:25.771 [JavaFX Application Thread] DEBUG FS                   - Writing to: system/fxgl.bundle
23:14:25.777 [JavaFX Application Thread] DEBUG IOTask               - Task succeeded: writeDataTask(system/fxgl.bundle)
23:14:25.777 [JavaFX Application Thread] DEBUG GameApplication      - Closing logger and exiting JavaFX
