20:28:38.390 [JavaFX Application Thread] DEBUG GameApplication      - Logger initialized
20:28:38.402 [JavaFX Application Thread] DEBUG MainWindow           - Creating a JavaFX scene
20:28:38.573 [JavaFX Application Thread] DEBUG MainWindow           - Target settings size: 1200.0 x 700.0
20:28:38.574 [JavaFX Application Thread] DEBUG MainWindow           - Scaled scene size:    1200.0 x 700.0
20:28:38.574 [JavaFX Application Thread] DEBUG MainWindow           - Scaled ratio: (1.0, 1.0)
20:28:39.159 [JavaFX Application Thread] DEBUG GameApplication      - Starting FXGL
20:28:39.251 [FXGL Launcher Thread     ] INFO  Version              - FXGL-0.4.3
20:28:39.252 [FXGL Launcher Thread     ] INFO  Version              - Source code and latest versions at: https://github.com/AlmasB/FXGL
20:28:39.252 [FXGL Launcher Thread     ] INFO  Version              -              Join the FXGL chat at: https://gitter.im/AlmasB/FXGL
20:28:39.257 [FXGL Launcher Thread     ] DEBUG FXGL                 - Loading FXGL system data
20:28:39.269 [FXGL Launcher Thread     ] DEBUG IOTask               - Executing task: readDataTask(system/fxgl.bundle)
20:28:39.312 [FXGL Launcher Thread     ] DEBUG FS                   - Reading from: system/fxgl.bundle
20:28:39.343 [FXGL Launcher Thread     ] DEBUG IOTask               - Task succeeded: readDataTask(system/fxgl.bundle)
20:28:39.346 [FXGL Launcher Thread     ] DEBUG Bundle               - Logging bundle: FXGL
20:28:39.348 [FXGL Launcher Thread     ] DEBUG Bundle               - FXGL.offline.timer.version.check=2018-04-03T17:47:05.133
20:28:39.400 [FXGL Launcher Thread     ] DEBUG GameApplication      - FXGL started
20:28:39.410 [FXGL Launcher Thread     ] DEBUG GameApplication      - Logging game settings
Title: Flash-Run
Version: 3.0
Width: 1200
Height: 700
Fullscreen: false
Intro: false
Menus: true
Profiling: false
Single step:false
App Mode: DEVELOPER
Menu Key: ESCAPE
Stage Style: DECORATED
Scene Factory: class sample.MainMenu
Dialog Factory: class com.almasb.fxgl.ui.FXGLDialogFactory
UI Factory: class com.almasb.fxgl.ui.FXGLUIFactory
Notification Service: class com.almasb.fxgl.gameplay.notification.XboxNotificationView
Exception Handler: class com.almasb.fxgl.app.FXGLExceptionHandler
20:28:39.413 [FXGL Launcher Thread     ] DEBUG GameApplication      - Configuring GameApplication
20:28:39.414 [FXGL Launcher Thread     ] DEBUG GameApplication      - Initializing state machine and application states
20:28:39.434 [FXGL Launcher Thread     ] DEBUG AssetLoader          - Loading from disk: /assets/ui/cursors/fxgl_default.png
20:28:39.503 [FXGL Launcher Thread     ] DEBUG AssetLoader          - Loading from disk: /assets/ui/cursors/fxgl_default.png
20:28:39.510 [FXGL Launcher Thread     ] DEBUG AssetLoader          - Loading from disk: /assets/ui/cursors/fxgl_default.png
20:28:39.549 [FXGL Launcher Thread     ] DEBUG AssetLoader          - Loading from disk: /assets/sounds/core/notification.wav
20:28:39.657 [FXGL Launcher Thread     ] DEBUG AssetLoader          - Loading from disk: /assets/sounds/menu/select.wav
20:28:39.659 [FXGL Launcher Thread     ] DEBUG AssetLoader          - Loading from disk: /assets/sounds/menu/back.wav
20:28:39.662 [FXGL Launcher Thread     ] DEBUG AssetLoader          - Loading from disk: /assets/sounds/menu/press.wav
20:28:39.668 [FXGL Launcher Thread     ] DEBUG AssetLoader          - Loading from disk: /assets/ui/fonts/VarelaRound-Regular.ttf
20:28:39.695 [FXGL Launcher Thread     ] DEBUG AssetLoader          - Loading from disk: /assets/ui/fonts/lucida_console.ttf
20:28:39.705 [FXGL Launcher Thread     ] DEBUG AssetLoader          - Loading from disk: /assets/ui/css/fxgl_dark.css
20:28:39.706 [FXGL Launcher Thread     ] DEBUG AssetLoader          - Loading from disk: /assets/ui/icons/fxgl_icon.png
20:28:39.757 [FXGL Launcher Thread     ] DEBUG AssetLoader          - Loading from disk: /assets/ui/cursors/fxgl_default.png
20:28:39.804 [FXGL Launcher Thread     ] DEBUG FXGL.GameScene       - Game scene initialized: 1200x700
20:28:39.814 [FXGL Launcher Thread     ] DEBUG FXGL.GameWorld       - Game world initialized
20:28:39.912 [FXGL Launcher Thread     ] DEBUG PhysicsWorld         - Physics world initialized: appHeight=700, physics.ppm=50.0
20:28:39.940 [FXGL Launcher Thread     ] DEBUG AssetLoader          - Loading from disk: /assets/ui/cursors/fxgl_default.png
20:28:39.942 [FXGL Launcher Thread     ] DEBUG AssetLoader          - Loading from disk: /assets/textures/Flash-Run_BG_3.jpg
20:28:40.261 [FXGL Launcher Thread     ] DEBUG FXGL.Menu            - createMenuBodyMainMenu()
20:28:40.272 [FXGL Launcher Thread     ] DEBUG AssetLoader          - Loading from disk: /assets/properties/languages/english.properties
20:28:40.275 [FXGL Launcher Thread     ] DEBUG AssetLoader          - Loading from cache: /assets/properties/languages/english.properties
20:28:40.275 [FXGL Launcher Thread     ] DEBUG FXGL.Menu            - createOptionsMenu()
20:28:40.275 [FXGL Launcher Thread     ] DEBUG AssetLoader          - Loading from cache: /assets/properties/languages/english.properties
20:28:40.277 [FXGL Launcher Thread     ] DEBUG AssetLoader          - Loading from cache: /assets/properties/languages/english.properties
20:28:40.278 [FXGL Launcher Thread     ] DEBUG AssetLoader          - Loading from cache: /assets/properties/languages/english.properties
20:28:40.279 [FXGL Launcher Thread     ] DEBUG AssetLoader          - Loading from cache: /assets/properties/languages/english.properties
20:28:40.283 [FXGL Launcher Thread     ] DEBUG AssetLoader          - Loading from cache: /assets/properties/languages/english.properties
20:28:40.285 [FXGL Launcher Thread     ] DEBUG AssetLoader          - Loading from cache: /assets/properties/languages/english.properties
20:28:40.287 [FXGL Launcher Thread     ] DEBUG AssetLoader          - Loading from cache: /assets/properties/languages/english.properties
20:28:40.288 [FXGL Launcher Thread     ] DEBUG AssetLoader          - Loading from cache: /assets/properties/languages/english.properties
20:28:40.291 [FXGL Launcher Thread     ] DEBUG AssetLoader          - Loading from disk: /assets/ui/cursors/fxgl_default.png
20:28:40.292 [FXGL Launcher Thread     ] DEBUG AssetLoader          - Loading from cache: /assets/textures/Flash-Run_BG_3.jpg
20:28:40.293 [FXGL Launcher Thread     ] DEBUG FXGL.Menu            - createMenuBodyGameMenu()
20:28:40.293 [FXGL Launcher Thread     ] DEBUG AssetLoader          - Loading from cache: /assets/properties/languages/english.properties
20:28:40.294 [FXGL Launcher Thread     ] DEBUG AssetLoader          - Loading from cache: /assets/properties/languages/english.properties
20:28:40.294 [FXGL Launcher Thread     ] DEBUG FXGL.Menu            - createOptionsMenu()
20:28:40.294 [FXGL Launcher Thread     ] DEBUG AssetLoader          - Loading from cache: /assets/properties/languages/english.properties
20:28:40.295 [FXGL Launcher Thread     ] DEBUG AssetLoader          - Loading from cache: /assets/properties/languages/english.properties
20:28:40.295 [FXGL Launcher Thread     ] DEBUG AssetLoader          - Loading from cache: /assets/properties/languages/english.properties
20:28:40.295 [FXGL Launcher Thread     ] DEBUG AssetLoader          - Loading from cache: /assets/properties/languages/english.properties
20:28:40.295 [FXGL Launcher Thread     ] DEBUG AssetLoader          - Loading from cache: /assets/properties/languages/english.properties
20:28:40.296 [FXGL Launcher Thread     ] DEBUG AssetLoader          - Loading from cache: /assets/properties/languages/english.properties
20:28:40.296 [FXGL Launcher Thread     ] DEBUG AssetLoader          - Loading from cache: /assets/properties/languages/english.properties
20:28:40.305 [FXGL Launcher Thread     ] INFO  GameApplication      - Game configuration took:  0.891 sec
20:28:40.308 [JavaFX Application Thread] DEBUG MainWindow           - Opening main window
20:28:40.376 [JavaFX Application Thread] DEBUG MainWindow           - Window border size: (0.0, 22.0)
20:28:40.376 [JavaFX Application Thread] DEBUG MainWindow           - Scaled size: 1200.0 x 700.0
20:28:40.377 [JavaFX Application Thread] DEBUG MainWindow           - Scaled ratio: (1.0, 1.0)
20:28:40.377 [JavaFX Application Thread] DEBUG MainWindow           - Scene size: 1200.0 x 700.0
20:28:40.377 [JavaFX Application Thread] DEBUG MainWindow           - Stage size: 1200.0 x 722.0
20:28:40.377 [JavaFX Application Thread] DEBUG GameApplication      - Running preInit()
20:28:40.379 [JavaFX Application Thread] DEBUG AnnotationParser     - Main app package name: sample
20:28:40.512 [JavaFX Application Thread] DEBUG AnnotationParser     - @SetAchievementStore: []
20:28:40.536 [JavaFX Application Thread] DEBUG Input                - Registered new binding: Screenshot - P
20:28:40.536 [JavaFX Application Thread] DEBUG Input                - Registered new binding: Dev Options - CTRL+0
20:28:40.537 [JavaFX Application Thread] DEBUG Input                - Registered new binding: Restart - CTRL+R
20:28:40.537 [JavaFX Application Thread] DEBUG MenuEventHandler     - generateDefaultProfile()
20:28:40.538 [JavaFX Application Thread] DEBUG MenuEventHandler     - Creating default profile
20:28:40.538 [JavaFX Application Thread] DEBUG EventBus             - Firing event: SaveEvent
20:28:40.540 [JavaFX Application Thread] DEBUG AudioPlayer          - Saving data to profile
20:28:40.541 [JavaFX Application Thread] DEBUG Bundle               - Logging bundle: audio
20:28:40.541 [JavaFX Application Thread] DEBUG Bundle               - audio.musicVolume=0.5
20:28:40.541 [JavaFX Application Thread] DEBUG Bundle               - audio.soundVolume=0.5
20:28:40.541 [JavaFX Application Thread] DEBUG Input                - Saving data to profile
20:28:40.541 [JavaFX Application Thread] DEBUG Bundle               - Logging bundle: input
20:28:40.542 [JavaFX Application Thread] DEBUG Bundle               - input.Screenshot=P
20:28:40.542 [JavaFX Application Thread] DEBUG Bundle               - input.Restart=CTRL+R
20:28:40.542 [JavaFX Application Thread] DEBUG Bundle               - input.Dev Options=CTRL+0
20:28:40.545 [JavaFX Application Thread] DEBUG Bundle               - Logging bundle: gameplayStats
20:28:40.545 [JavaFX Application Thread] DEBUG Bundle               - gameplayStats.playtime=0
20:28:40.547 [JavaFX Application Thread] DEBUG AchievementManager   - Saving data to profile
20:28:40.547 [JavaFX Application Thread] DEBUG Bundle               - Logging bundle: achievement
20:28:40.602 [JavaFX Application Thread] DEBUG GameApplication      - Starting main loop
20:28:40.621 [JavaFX Application Thread] DEBUG StartupState         - STARTUP
20:28:40.621 [JavaFX Application Thread] DEBUG Input                - Clearing active input actions
20:28:40.665 [JavaFX Application Thread] DEBUG AppStateMachine      - StartupState -> MainMenuState
20:28:40.673 [JavaFX Application Thread] DEBUG FXGL.SaveLoadManager - Checking profiles dir: profiles/
20:28:40.674 [JavaFX Application Thread] DEBUG FXGL.SaveLoadManager - Loading profile names
20:28:40.677 [JavaFX Application Thread] DEBUG IOTask               - Showing dialog
20:28:40.682 [JavaFX Application Thread] DEBUG AppStateMachine      - Push state: DialogSubState
20:28:40.682 [JavaFX Application Thread] DEBUG Input                - Clearing active input actions
20:28:40.682 [JavaFX Application Thread] DEBUG AppStateMachine      - MainMenuState -> DialogSubState
20:28:40.688 [FXGL Background Thread 1 ] DEBUG IOTask               - Executing task: loadDirectoryNamesTask(./profiles/, false)
20:28:40.939 [JavaFX Application Thread] DEBUG IOTask               - succeed(): Dismissing dialog
20:28:40.940 [JavaFX Application Thread] DEBUG AppStateMachine      - Pop state: DialogSubState
20:28:40.940 [JavaFX Application Thread] DEBUG Input                - Clearing active input actions
20:28:40.941 [JavaFX Application Thread] DEBUG AppStateMachine      - MainMenuState <- DialogSubState
20:28:40.941 [JavaFX Application Thread] DEBUG IOTask               - Task succeeded: loadDirectoryNamesTask(./profiles/, false)
20:28:40.944 [JavaFX Application Thread] DEBUG AppStateMachine      - Push state: DialogSubState
20:28:40.944 [JavaFX Application Thread] DEBUG Input                - Clearing active input actions
20:28:40.944 [JavaFX Application Thread] DEBUG AppStateMachine      - MainMenuState -> DialogSubState
20:28:42.530 [JavaFX Application Thread] DEBUG AppStateMachine      - Pop state: DialogSubState
20:28:42.530 [JavaFX Application Thread] DEBUG Input                - Clearing active input actions
20:28:42.532 [JavaFX Application Thread] DEBUG AppStateMachine      - MainMenuState <- DialogSubState
20:28:42.533 [JavaFX Application Thread] DEBUG FXGL.SaveLoadManager - Loading profile: Saran
20:28:42.534 [JavaFX Application Thread] DEBUG IOTask               - Showing dialog
20:28:42.537 [JavaFX Application Thread] DEBUG AppStateMachine      - Push state: DialogSubState
20:28:42.537 [JavaFX Application Thread] DEBUG Input                - Clearing active input actions
20:28:42.538 [JavaFX Application Thread] DEBUG AppStateMachine      - MainMenuState -> DialogSubState
20:28:42.539 [FXGL Background Thread 1 ] DEBUG IOTask               - Executing task: readDataTask(./profiles/Saran/user.profile)
20:28:42.540 [FXGL Background Thread 1 ] DEBUG FS                   - Reading from: ./profiles/Saran/user.profile
20:28:42.559 [JavaFX Application Thread] DEBUG IOTask               - succeed(): Dismissing dialog
20:28:42.560 [JavaFX Application Thread] DEBUG AppStateMachine      - Pop state: DialogSubState
20:28:42.560 [JavaFX Application Thread] DEBUG Input                - Clearing active input actions
20:28:42.560 [JavaFX Application Thread] DEBUG AppStateMachine      - MainMenuState <- DialogSubState
20:28:42.561 [JavaFX Application Thread] DEBUG IOTask               - Task succeeded: readDataTask(./profiles/Saran/user.profile)
20:28:42.561 [JavaFX Application Thread] DEBUG EventBus             - Firing event: LoadEvent[type=LOAD_PROFILE]
20:28:42.561 [JavaFX Application Thread] DEBUG AudioPlayer          - Loading data from profile
20:28:42.561 [JavaFX Application Thread] DEBUG Bundle               - Logging bundle: audio
20:28:42.561 [JavaFX Application Thread] DEBUG Bundle               - audio.musicVolume=0.5
20:28:42.562 [JavaFX Application Thread] DEBUG Bundle               - audio.soundVolume=0.5
20:28:42.562 [JavaFX Application Thread] DEBUG Input                - Loading data from profile
20:28:42.562 [JavaFX Application Thread] DEBUG Bundle               - Logging bundle: input
20:28:42.562 [JavaFX Application Thread] DEBUG Bundle               - input.Screenshot=P
20:28:42.562 [JavaFX Application Thread] DEBUG Bundle               - input.Restart=CTRL+R
20:28:42.562 [JavaFX Application Thread] DEBUG Bundle               - input.Dev Options=CTRL+0
20:28:42.563 [JavaFX Application Thread] DEBUG Bundle               - Logging bundle: gameplayStats
20:28:42.563 [JavaFX Application Thread] DEBUG Bundle               - gameplayStats.playtime=16281817584
20:28:42.563 [JavaFX Application Thread] DEBUG AchievementManager   - Loading data from profile
20:28:42.563 [JavaFX Application Thread] DEBUG Bundle               - Logging bundle: achievement
20:28:42.565 [JavaFX Application Thread] DEBUG FXGL.SaveLoadManager - Loading last modified save file
20:28:42.565 [JavaFX Application Thread] DEBUG FXGL.SaveLoadManager - Loading save files
20:28:42.568 [JavaFX Application Thread] DEBUG IOTask               - Showing dialog
20:28:42.569 [JavaFX Application Thread] DEBUG AppStateMachine      - Push state: DialogSubState
20:28:42.570 [JavaFX Application Thread] DEBUG Input                - Clearing active input actions
20:28:42.570 [JavaFX Application Thread] DEBUG AppStateMachine      - MainMenuState -> DialogSubState
20:28:42.572 [FXGL Background Thread 1 ] DEBUG IOTask               - Executing task: loadFileNamesTask(./profiles/Saran/saves/, true, [FileExtension(extension=.sav)])
20:28:42.572 [FXGL Background Thread 1 ] DEBUG IOTask               - Executing task: loadFileNamesTask(./profiles/Saran/saves/, true, [FileExtension(extension=.sav)])
20:28:42.573 [FXGL Background Thread 1 ] DEBUG IOTask               - Executing task: loadFileNamesTask(./profiles/Saran/saves/, true, [FileExtension(extension=.sav)])
20:28:42.578 [FXGL Background Thread 1 ] DEBUG IOTask               - Executing task: readSaveFiles
20:28:42.580 [FXGL Background Thread 1 ] DEBUG IOTask               - Executing task: findLastSave
20:28:42.596 [JavaFX Application Thread] DEBUG IOTask               - fail(): Dismissing dialog
20:28:42.596 [JavaFX Application Thread] DEBUG AppStateMachine      - Pop state: DialogSubState
20:28:42.597 [JavaFX Application Thread] DEBUG Input                - Clearing active input actions
20:28:42.597 [JavaFX Application Thread] DEBUG AppStateMachine      - MainMenuState <- DialogSubState
20:28:42.598 [JavaFX Application Thread] WARN  IOTask               - Task failed: loadFileNamesTask(./profiles/Saran/saves/, true, [FileExtension(extension=.sav)]) Error: java.io.FileNotFoundException: No save files found
20:28:45.239 [JavaFX Application Thread] DEBUG GameApplication      - Exiting game application
20:28:45.241 [JavaFX Application Thread] DEBUG MenuEventHandler     - Creating default profile
20:28:45.241 [JavaFX Application Thread] DEBUG EventBus             - Firing event: SaveEvent
20:28:45.241 [JavaFX Application Thread] DEBUG AudioPlayer          - Saving data to profile
20:28:45.242 [JavaFX Application Thread] DEBUG Bundle               - Logging bundle: audio
20:28:45.242 [JavaFX Application Thread] DEBUG Bundle               - audio.musicVolume=0.5
20:28:45.242 [JavaFX Application Thread] DEBUG Bundle               - audio.soundVolume=0.5
20:28:45.242 [JavaFX Application Thread] DEBUG Input                - Saving data to profile
20:28:45.243 [JavaFX Application Thread] DEBUG Bundle               - Logging bundle: input
20:28:45.243 [JavaFX Application Thread] DEBUG Bundle               - input.Screenshot=P
20:28:45.243 [JavaFX Application Thread] DEBUG Bundle               - input.Restart=CTRL+R
20:28:45.243 [JavaFX Application Thread] DEBUG Bundle               - input.Dev Options=CTRL+0
20:28:45.243 [JavaFX Application Thread] DEBUG Bundle               - Logging bundle: gameplayStats
20:28:45.244 [JavaFX Application Thread] DEBUG Bundle               - gameplayStats.playtime=16281817584
20:28:45.244 [JavaFX Application Thread] DEBUG AchievementManager   - Saving data to profile
20:28:45.244 [JavaFX Application Thread] DEBUG Bundle               - Logging bundle: achievement
20:28:45.244 [JavaFX Application Thread] DEBUG FXGL.SaveLoadManager - Saving profile: Saran
20:28:45.247 [JavaFX Application Thread] DEBUG IOTask               - Executing task: writeDataTask(./profiles/Saran/user.profile)
20:28:45.248 [JavaFX Application Thread] DEBUG IOTask               - Executing task: writeDataTask(./profiles/Saran/user.profile)
20:28:45.257 [JavaFX Application Thread] DEBUG FS                   - Writing to: ./profiles/Saran/user.profile
20:28:45.260 [JavaFX Application Thread] DEBUG IOTask               - Executing task: checkSavesDir(./profiles/Saran/saves/)
20:28:45.260 [JavaFX Application Thread] DEBUG IOTask               - Task succeeded: writeDataTask(./profiles/Saran/user.profile)
20:28:45.261 [JavaFX Application Thread] DEBUG GameApplication      - Shutting down background threads
20:28:45.261 [JavaFX Application Thread] DEBUG GameApplication      - Exiting FXGL
20:28:45.261 [JavaFX Application Thread] DEBUG FXGL                 - Saving FXGL system data
20:28:45.261 [JavaFX Application Thread] DEBUG IOTask               - Executing task: writeDataTask(system/fxgl.bundle)
20:28:45.262 [JavaFX Application Thread] DEBUG FS                   - Writing to: system/fxgl.bundle
20:28:45.264 [JavaFX Application Thread] DEBUG IOTask               - Task succeeded: writeDataTask(system/fxgl.bundle)
20:28:45.264 [JavaFX Application Thread] DEBUG GameApplication      - Closing logger and exiting JavaFX
