19:29:24.468 [JavaFX Application Thread] DEBUG GameApplication      - Logger initialized
19:29:24.480 [JavaFX Application Thread] DEBUG MainWindow           - Creating a JavaFX scene
19:29:24.656 [JavaFX Application Thread] DEBUG MainWindow           - Target settings size: 600.0 x 600.0
19:29:24.656 [JavaFX Application Thread] DEBUG MainWindow           - Scaled scene size:    600.0 x 600.0
19:29:24.656 [JavaFX Application Thread] DEBUG MainWindow           - Scaled ratio: (1.0, 1.0)
19:29:25.240 [JavaFX Application Thread] DEBUG GameApplication      - Starting FXGL
19:29:25.323 [FXGL Launcher Thread     ] INFO  Version              - FXGL-0.4.3
19:29:25.324 [FXGL Launcher Thread     ] INFO  Version              - Source code and latest versions at: https://github.com/AlmasB/FXGL
19:29:25.325 [FXGL Launcher Thread     ] INFO  Version              -              Join the FXGL chat at: https://gitter.im/AlmasB/FXGL
19:29:25.328 [FXGL Launcher Thread     ] DEBUG FXGL                 - Loading FXGL system data
19:29:25.339 [FXGL Launcher Thread     ] DEBUG IOTask               - Executing task: readDataTask(system/fxgl.bundle)
19:29:25.371 [FXGL Launcher Thread     ] DEBUG FS                   - Reading from: system/fxgl.bundle
19:29:25.410 [FXGL Launcher Thread     ] DEBUG IOTask               - Task succeeded: readDataTask(system/fxgl.bundle)
19:29:25.411 [FXGL Launcher Thread     ] DEBUG Bundle               - Logging bundle: FXGL
19:29:25.412 [FXGL Launcher Thread     ] DEBUG Bundle               - FXGL.offline.timer.version.check=2018-04-03T17:47:05.133
19:29:25.539 [FXGL Launcher Thread     ] DEBUG GameApplication      - FXGL started
19:29:25.539 [FXGL Launcher Thread     ] DEBUG GameApplication      - Logging game settings
Title: Basic Game App
Version: 0.1
Width: 600
Height: 600
Fullscreen: false
Intro: false
Menus: true
Profiling: false
Single step:false
App Mode: DEVELOPER
Menu Key: ESCAPE
Stage Style: DECORATED
Scene Factory: class sample.MainMenu
Dialog Factory: class com.almasb.fxgl.ui.FXGLDialogFactory
UI Factory: class com.almasb.fxgl.ui.FXGLUIFactory
Notification Service: class com.almasb.fxgl.gameplay.notification.XboxNotificationView
Exception Handler: class com.almasb.fxgl.app.FXGLExceptionHandler
19:29:25.541 [FXGL Launcher Thread     ] DEBUG GameApplication      - Configuring GameApplication
19:29:25.541 [FXGL Launcher Thread     ] DEBUG GameApplication      - Initializing state machine and application states
19:29:25.567 [FXGL Launcher Thread     ] DEBUG AssetLoader          - Loading from disk: /assets/ui/cursors/fxgl_default.png
19:29:25.612 [FXGL Launcher Thread     ] DEBUG AssetLoader          - Loading from disk: /assets/ui/cursors/fxgl_default.png
19:29:25.616 [FXGL Launcher Thread     ] DEBUG AssetLoader          - Loading from disk: /assets/ui/cursors/fxgl_default.png
19:29:25.735 [FXGL Launcher Thread     ] DEBUG AssetLoader          - Loading from disk: /assets/sounds/core/notification.wav
19:29:25.829 [FXGL Launcher Thread     ] DEBUG AssetLoader          - Loading from disk: /assets/sounds/menu/select.wav
19:29:25.832 [FXGL Launcher Thread     ] DEBUG AssetLoader          - Loading from disk: /assets/sounds/menu/back.wav
19:29:25.836 [FXGL Launcher Thread     ] DEBUG AssetLoader          - Loading from disk: /assets/sounds/menu/press.wav
19:29:25.840 [FXGL Launcher Thread     ] DEBUG AssetLoader          - Loading from disk: /assets/ui/fonts/VarelaRound-Regular.ttf
19:29:25.874 [FXGL Launcher Thread     ] DEBUG AssetLoader          - Loading from disk: /assets/ui/fonts/lucida_console.ttf
19:29:25.883 [FXGL Launcher Thread     ] DEBUG AssetLoader          - Loading from disk: /assets/ui/css/fxgl_dark.css
19:29:25.885 [FXGL Launcher Thread     ] DEBUG AssetLoader          - Loading from disk: /assets/ui/icons/fxgl_icon.png
19:29:25.931 [FXGL Launcher Thread     ] DEBUG AssetLoader          - Loading from disk: /assets/ui/cursors/fxgl_default.png
19:29:25.990 [FXGL Launcher Thread     ] DEBUG FXGL.GameScene       - Game scene initialized: 600x600
19:29:26.000 [FXGL Launcher Thread     ] DEBUG FXGL.GameWorld       - Game world initialized
19:29:26.086 [FXGL Launcher Thread     ] DEBUG PhysicsWorld         - Physics world initialized: appHeight=600, physics.ppm=50.0
19:29:26.112 [FXGL Launcher Thread     ] DEBUG AssetLoader          - Loading from disk: /assets/ui/cursors/fxgl_default.png
19:29:26.115 [FXGL Launcher Thread     ] DEBUG AssetLoader          - Loading from disk: /assets/textures/Flash-Run_BG.jpg
19:29:26.148 [FXGL Launcher Thread     ] DEBUG FXGL.Menu            - createMenuBodyMainMenu()
19:29:26.160 [FXGL Launcher Thread     ] DEBUG AssetLoader          - Loading from disk: /assets/properties/languages/english.properties
19:29:26.162 [FXGL Launcher Thread     ] DEBUG AssetLoader          - Loading from cache: /assets/properties/languages/english.properties
19:29:26.162 [FXGL Launcher Thread     ] DEBUG FXGL.Menu            - createOptionsMenu()
19:29:26.163 [FXGL Launcher Thread     ] DEBUG AssetLoader          - Loading from cache: /assets/properties/languages/english.properties
19:29:26.165 [FXGL Launcher Thread     ] DEBUG AssetLoader          - Loading from cache: /assets/properties/languages/english.properties
19:29:26.167 [FXGL Launcher Thread     ] DEBUG AssetLoader          - Loading from cache: /assets/properties/languages/english.properties
19:29:26.169 [FXGL Launcher Thread     ] DEBUG AssetLoader          - Loading from cache: /assets/properties/languages/english.properties
19:29:26.170 [FXGL Launcher Thread     ] DEBUG AssetLoader          - Loading from cache: /assets/properties/languages/english.properties
19:29:26.172 [FXGL Launcher Thread     ] DEBUG AssetLoader          - Loading from cache: /assets/properties/languages/english.properties
19:29:26.175 [FXGL Launcher Thread     ] DEBUG AssetLoader          - Loading from cache: /assets/properties/languages/english.properties
19:29:26.178 [FXGL Launcher Thread     ] DEBUG AssetLoader          - Loading from cache: /assets/properties/languages/english.properties
19:29:26.182 [FXGL Launcher Thread     ] DEBUG AssetLoader          - Loading from disk: /assets/ui/cursors/fxgl_default.png
19:29:26.185 [FXGL Launcher Thread     ] DEBUG AssetLoader          - Loading from cache: /assets/textures/Flash-Run_BG.jpg
19:29:26.187 [FXGL Launcher Thread     ] DEBUG FXGL.Menu            - createMenuBodyGameMenu()
19:29:26.189 [FXGL Launcher Thread     ] DEBUG AssetLoader          - Loading from cache: /assets/properties/languages/english.properties
19:29:26.190 [FXGL Launcher Thread     ] DEBUG AssetLoader          - Loading from cache: /assets/properties/languages/english.properties
19:29:26.190 [FXGL Launcher Thread     ] DEBUG FXGL.Menu            - createOptionsMenu()
19:29:26.191 [FXGL Launcher Thread     ] DEBUG AssetLoader          - Loading from cache: /assets/properties/languages/english.properties
19:29:26.191 [FXGL Launcher Thread     ] DEBUG AssetLoader          - Loading from cache: /assets/properties/languages/english.properties
19:29:26.191 [FXGL Launcher Thread     ] DEBUG AssetLoader          - Loading from cache: /assets/properties/languages/english.properties
19:29:26.192 [FXGL Launcher Thread     ] DEBUG AssetLoader          - Loading from cache: /assets/properties/languages/english.properties
19:29:26.194 [FXGL Launcher Thread     ] DEBUG AssetLoader          - Loading from cache: /assets/properties/languages/english.properties
19:29:26.196 [FXGL Launcher Thread     ] DEBUG AssetLoader          - Loading from cache: /assets/properties/languages/english.properties
19:29:26.197 [FXGL Launcher Thread     ] DEBUG AssetLoader          - Loading from cache: /assets/properties/languages/english.properties
19:29:26.208 [FXGL Launcher Thread     ] INFO  GameApplication      - Game configuration took:  0.667 sec
19:29:26.211 [JavaFX Application Thread] DEBUG MainWindow           - Opening main window
19:29:26.294 [JavaFX Application Thread] DEBUG MainWindow           - Window border size: (0.0, 22.0)
19:29:26.295 [JavaFX Application Thread] DEBUG MainWindow           - Scaled size: 600.0 x 600.0
19:29:26.295 [JavaFX Application Thread] DEBUG MainWindow           - Scaled ratio: (1.0, 1.0)
19:29:26.295 [JavaFX Application Thread] DEBUG MainWindow           - Scene size: 600.0 x 600.0
19:29:26.295 [JavaFX Application Thread] DEBUG MainWindow           - Stage size: 600.0 x 622.0
19:29:26.296 [JavaFX Application Thread] DEBUG GameApplication      - Running preInit()
19:29:26.298 [JavaFX Application Thread] DEBUG AnnotationParser     - Main app package name: sample
19:29:26.432 [JavaFX Application Thread] DEBUG AnnotationParser     - @SetAchievementStore: []
19:29:26.463 [JavaFX Application Thread] DEBUG Input                - Registered new binding: Screenshot - P
19:29:26.464 [JavaFX Application Thread] DEBUG Input                - Registered new binding: Dev Options - CTRL+0
19:29:26.464 [JavaFX Application Thread] DEBUG Input                - Registered new binding: Restart - CTRL+R
19:29:26.465 [JavaFX Application Thread] DEBUG MenuEventHandler     - generateDefaultProfile()
19:29:26.466 [JavaFX Application Thread] DEBUG MenuEventHandler     - Creating default profile
19:29:26.466 [JavaFX Application Thread] DEBUG EventBus             - Firing event: SaveEvent
19:29:26.468 [JavaFX Application Thread] DEBUG AudioPlayer          - Saving data to profile
19:29:26.468 [JavaFX Application Thread] DEBUG Bundle               - Logging bundle: audio
19:29:26.468 [JavaFX Application Thread] DEBUG Bundle               - audio.musicVolume=0.5
19:29:26.469 [JavaFX Application Thread] DEBUG Bundle               - audio.soundVolume=0.5
19:29:26.469 [JavaFX Application Thread] DEBUG Input                - Saving data to profile
19:29:26.469 [JavaFX Application Thread] DEBUG Bundle               - Logging bundle: input
19:29:26.469 [JavaFX Application Thread] DEBUG Bundle               - input.Screenshot=P
19:29:26.469 [JavaFX Application Thread] DEBUG Bundle               - input.Restart=CTRL+R
19:29:26.469 [JavaFX Application Thread] DEBUG Bundle               - input.Dev Options=CTRL+0
19:29:26.486 [JavaFX Application Thread] DEBUG Bundle               - Logging bundle: gameplayStats
19:29:26.486 [JavaFX Application Thread] DEBUG Bundle               - gameplayStats.playtime=0
19:29:26.488 [JavaFX Application Thread] DEBUG AchievementManager   - Saving data to profile
19:29:26.488 [JavaFX Application Thread] DEBUG Bundle               - Logging bundle: achievement
19:29:26.538 [JavaFX Application Thread] DEBUG GameApplication      - Starting main loop
19:29:26.555 [JavaFX Application Thread] DEBUG StartupState         - STARTUP
19:29:26.555 [JavaFX Application Thread] DEBUG Input                - Clearing active input actions
19:29:26.599 [JavaFX Application Thread] DEBUG AppStateMachine      - StartupState -> MainMenuState
19:29:26.608 [JavaFX Application Thread] DEBUG FXGL.SaveLoadManager - Checking profiles dir: profiles/
19:29:26.608 [JavaFX Application Thread] DEBUG FXGL.SaveLoadManager - Loading profile names
19:29:26.612 [JavaFX Application Thread] DEBUG IOTask               - Showing dialog
19:29:26.617 [JavaFX Application Thread] DEBUG AppStateMachine      - Push state: DialogSubState
19:29:26.618 [JavaFX Application Thread] DEBUG Input                - Clearing active input actions
19:29:26.618 [JavaFX Application Thread] DEBUG AppStateMachine      - MainMenuState -> DialogSubState
19:29:26.625 [FXGL Background Thread 1 ] DEBUG IOTask               - Executing task: loadDirectoryNamesTask(./profiles/, false)
19:29:26.871 [JavaFX Application Thread] DEBUG IOTask               - succeed(): Dismissing dialog
19:29:26.872 [JavaFX Application Thread] DEBUG AppStateMachine      - Pop state: DialogSubState
19:29:26.872 [JavaFX Application Thread] DEBUG Input                - Clearing active input actions
19:29:26.873 [JavaFX Application Thread] DEBUG AppStateMachine      - MainMenuState <- DialogSubState
19:29:26.873 [JavaFX Application Thread] DEBUG IOTask               - Task succeeded: loadDirectoryNamesTask(./profiles/, false)
19:29:26.877 [JavaFX Application Thread] DEBUG AppStateMachine      - Push state: DialogSubState
19:29:26.877 [JavaFX Application Thread] DEBUG Input                - Clearing active input actions
19:29:26.877 [JavaFX Application Thread] DEBUG AppStateMachine      - MainMenuState -> DialogSubState
19:29:29.663 [JavaFX Application Thread] DEBUG AppStateMachine      - Pop state: DialogSubState
19:29:29.663 [JavaFX Application Thread] DEBUG Input                - Clearing active input actions
19:29:29.665 [JavaFX Application Thread] DEBUG AppStateMachine      - MainMenuState <- DialogSubState
19:29:29.665 [JavaFX Application Thread] DEBUG FXGL.SaveLoadManager - Loading profile: Saran
19:29:29.667 [JavaFX Application Thread] DEBUG IOTask               - Showing dialog
19:29:29.671 [JavaFX Application Thread] DEBUG AppStateMachine      - Push state: DialogSubState
19:29:29.671 [JavaFX Application Thread] DEBUG Input                - Clearing active input actions
19:29:29.671 [JavaFX Application Thread] DEBUG AppStateMachine      - MainMenuState -> DialogSubState
19:29:29.674 [FXGL Background Thread 1 ] DEBUG IOTask               - Executing task: readDataTask(./profiles/Saran/user.profile)
19:29:29.675 [FXGL Background Thread 1 ] DEBUG FS                   - Reading from: ./profiles/Saran/user.profile
19:29:29.699 [JavaFX Application Thread] DEBUG IOTask               - succeed(): Dismissing dialog
19:29:29.700 [JavaFX Application Thread] DEBUG AppStateMachine      - Pop state: DialogSubState
19:29:29.700 [JavaFX Application Thread] DEBUG Input                - Clearing active input actions
19:29:29.700 [JavaFX Application Thread] DEBUG AppStateMachine      - MainMenuState <- DialogSubState
19:29:29.701 [JavaFX Application Thread] DEBUG IOTask               - Task succeeded: readDataTask(./profiles/Saran/user.profile)
19:29:29.701 [JavaFX Application Thread] DEBUG EventBus             - Firing event: LoadEvent[type=LOAD_PROFILE]
19:29:29.701 [JavaFX Application Thread] DEBUG AudioPlayer          - Loading data from profile
19:29:29.701 [JavaFX Application Thread] DEBUG Bundle               - Logging bundle: audio
19:29:29.702 [JavaFX Application Thread] DEBUG Bundle               - audio.musicVolume=0.5
19:29:29.702 [JavaFX Application Thread] DEBUG Bundle               - audio.soundVolume=0.5
19:29:29.702 [JavaFX Application Thread] DEBUG Input                - Loading data from profile
19:29:29.702 [JavaFX Application Thread] DEBUG Bundle               - Logging bundle: input
19:29:29.702 [JavaFX Application Thread] DEBUG Bundle               - input.Screenshot=P
19:29:29.702 [JavaFX Application Thread] DEBUG Bundle               - input.Restart=CTRL+R
19:29:29.702 [JavaFX Application Thread] DEBUG Bundle               - input.Dev Options=CTRL+0
19:29:29.703 [JavaFX Application Thread] DEBUG Bundle               - Logging bundle: gameplayStats
19:29:29.703 [JavaFX Application Thread] DEBUG Bundle               - gameplayStats.playtime=0
19:29:29.703 [JavaFX Application Thread] DEBUG AchievementManager   - Loading data from profile
19:29:29.703 [JavaFX Application Thread] DEBUG Bundle               - Logging bundle: achievement
19:29:29.704 [JavaFX Application Thread] DEBUG FXGL.SaveLoadManager - Loading last modified save file
19:29:29.705 [JavaFX Application Thread] DEBUG FXGL.SaveLoadManager - Loading save files
19:29:29.709 [JavaFX Application Thread] DEBUG IOTask               - Showing dialog
19:29:29.710 [JavaFX Application Thread] DEBUG AppStateMachine      - Push state: DialogSubState
19:29:29.710 [JavaFX Application Thread] DEBUG Input                - Clearing active input actions
19:29:29.711 [JavaFX Application Thread] DEBUG AppStateMachine      - MainMenuState -> DialogSubState
19:29:29.712 [FXGL Background Thread 1 ] DEBUG IOTask               - Executing task: loadFileNamesTask(./profiles/Saran/saves/, true, [FileExtension(extension=.sav)])
19:29:29.713 [FXGL Background Thread 1 ] DEBUG IOTask               - Executing task: loadFileNamesTask(./profiles/Saran/saves/, true, [FileExtension(extension=.sav)])
19:29:29.713 [FXGL Background Thread 1 ] DEBUG IOTask               - Executing task: loadFileNamesTask(./profiles/Saran/saves/, true, [FileExtension(extension=.sav)])
19:29:29.715 [FXGL Background Thread 1 ] DEBUG IOTask               - Executing task: readSaveFiles
19:29:29.720 [FXGL Background Thread 1 ] DEBUG IOTask               - Executing task: findLastSave
19:29:29.741 [JavaFX Application Thread] DEBUG IOTask               - fail(): Dismissing dialog
19:29:29.741 [JavaFX Application Thread] DEBUG AppStateMachine      - Pop state: DialogSubState
19:29:29.741 [JavaFX Application Thread] DEBUG Input                - Clearing active input actions
19:29:29.742 [JavaFX Application Thread] DEBUG AppStateMachine      - MainMenuState <- DialogSubState
19:29:29.742 [JavaFX Application Thread] WARN  IOTask               - Task failed: loadFileNamesTask(./profiles/Saran/saves/, true, [FileExtension(extension=.sav)]) Error: java.io.FileNotFoundException: No save files found
19:29:58.187 [JavaFX Application Thread] DEBUG FXGL.Menu            - fireNewGame()
19:29:58.188 [JavaFX Application Thread] DEBUG GameApplication      - Starting new game
19:29:58.188 [JavaFX Application Thread] DEBUG Input                - Clearing active input actions
19:29:58.200 [JavaFX Application Thread] DEBUG AppStateMachine      - MainMenuState -> LoadingState
19:29:58.202 [JavaFX Application Thread] DEBUG AnnotationParser     - Main app package name: sample
19:29:58.202 [JavaFX Application Thread] DEBUG InitAppTask          - Parsing annotations
19:29:58.278 [JavaFX Application Thread] DEBUG AnnotationParser     - @SetEventHandler: []
19:29:58.278 [JavaFX Application Thread] DEBUG AnnotationParser     - @AddCollisionHandler: []
19:29:58.278 [JavaFX Application Thread] DEBUG AnnotationParser     - @SetEntityFactory: []
19:29:58.280 [FXGL Background Thread 1 ] DEBUG InitAppTask          - Clearing previous game
19:29:58.280 [FXGL Background Thread 1 ] DEBUG FXGL.GameWorld       - Clearing game world
19:29:58.280 [FXGL Background Thread 1 ] DEBUG PhysicsWorld         - Clearing physics world
19:29:58.280 [FXGL Background Thread 1 ] DEBUG FXGL.GameScene       - Clearing game scene
19:29:58.281 [FXGL Background Thread 1 ] DEBUG InitAppTask          - Initializing Assets
19:29:58.282 [FXGL Background Thread 1 ] DEBUG InitAppTask          - Initializing Game
19:29:58.283 [FXGL Background Thread 1 ] DEBUG InitAppTask          - Initializing Physics
19:29:58.283 [FXGL Background Thread 1 ] DEBUG InitAppTask          - Initializing UI
19:29:58.284 [FXGL Background Thread 1 ] DEBUG InitAppTask          - Initialization Complete
19:29:58.284 [FXGL Background Thread 1 ] INFO  InitAppTask          - Game initialization took: 0.004 sec
19:29:58.302 [JavaFX Application Thread] DEBUG Input                - Clearing active input actions
19:29:58.307 [JavaFX Application Thread] DEBUG AppStateMachine      - LoadingState -> PlayState
19:30:01.666 [JavaFX Application Thread] DEBUG GameApplication      - Exiting game application
19:30:01.668 [JavaFX Application Thread] DEBUG MenuEventHandler     - Creating default profile
19:30:01.668 [JavaFX Application Thread] DEBUG EventBus             - Firing event: SaveEvent
19:30:01.668 [JavaFX Application Thread] DEBUG AudioPlayer          - Saving data to profile
19:30:01.668 [JavaFX Application Thread] DEBUG Bundle               - Logging bundle: audio
19:30:01.669 [JavaFX Application Thread] DEBUG Bundle               - audio.musicVolume=0.5
19:30:01.669 [JavaFX Application Thread] DEBUG Bundle               - audio.soundVolume=0.5
19:30:01.669 [JavaFX Application Thread] DEBUG Input                - Saving data to profile
19:30:01.669 [JavaFX Application Thread] DEBUG Bundle               - Logging bundle: input
19:30:01.669 [JavaFX Application Thread] DEBUG Bundle               - input.Screenshot=P
19:30:01.669 [JavaFX Application Thread] DEBUG Bundle               - input.Restart=CTRL+R
19:30:01.669 [JavaFX Application Thread] DEBUG Bundle               - input.Dev Options=CTRL+0
19:30:01.669 [JavaFX Application Thread] DEBUG Bundle               - Logging bundle: gameplayStats
19:30:01.669 [JavaFX Application Thread] DEBUG Bundle               - gameplayStats.playtime=3333333200
19:30:01.669 [JavaFX Application Thread] DEBUG AchievementManager   - Saving data to profile
19:30:01.669 [JavaFX Application Thread] DEBUG Bundle               - Logging bundle: achievement
19:30:01.670 [JavaFX Application Thread] DEBUG FXGL.SaveLoadManager - Saving profile: Saran
19:30:01.672 [JavaFX Application Thread] DEBUG IOTask               - Executing task: writeDataTask(./profiles/Saran/user.profile)
19:30:01.672 [JavaFX Application Thread] DEBUG IOTask               - Executing task: writeDataTask(./profiles/Saran/user.profile)
19:30:01.676 [JavaFX Application Thread] DEBUG FS                   - Writing to: ./profiles/Saran/user.profile
19:30:01.681 [JavaFX Application Thread] DEBUG IOTask               - Executing task: checkSavesDir(./profiles/Saran/saves/)
19:30:01.682 [JavaFX Application Thread] DEBUG IOTask               - Task succeeded: writeDataTask(./profiles/Saran/user.profile)
19:30:01.682 [JavaFX Application Thread] DEBUG GameApplication      - Shutting down background threads
19:30:01.682 [JavaFX Application Thread] DEBUG GameApplication      - Exiting FXGL
19:30:01.682 [JavaFX Application Thread] DEBUG FXGL                 - Saving FXGL system data
19:30:01.682 [JavaFX Application Thread] DEBUG IOTask               - Executing task: writeDataTask(system/fxgl.bundle)
19:30:01.683 [JavaFX Application Thread] DEBUG FS                   - Writing to: system/fxgl.bundle
19:30:01.686 [JavaFX Application Thread] DEBUG IOTask               - Task succeeded: writeDataTask(system/fxgl.bundle)
19:30:01.686 [JavaFX Application Thread] DEBUG GameApplication      - Closing logger and exiting JavaFX
