10:12:55.186 [JavaFX Application Thread] DEBUG GameApplication      - Logger initialized
10:12:55.201 [JavaFX Application Thread] DEBUG MainWindow           - Creating a JavaFX scene
10:12:55.591 [JavaFX Application Thread] DEBUG MainWindow           - Target settings size: 1184.0 x 672.0
10:12:55.591 [JavaFX Application Thread] DEBUG MainWindow           - Scaled scene size:    1184.0 x 672.0
10:12:55.592 [JavaFX Application Thread] DEBUG MainWindow           - Scaled ratio: (1.0, 1.0)
10:12:56.306 [JavaFX Application Thread] DEBUG GameApplication      - Starting FXGL
10:12:56.403 [FXGL Launcher Thread     ] INFO  Version              - FXGL-0.4.3
10:12:56.404 [FXGL Launcher Thread     ] INFO  Version              - Source code and latest versions at: https://github.com/AlmasB/FXGL
10:12:56.404 [FXGL Launcher Thread     ] INFO  Version              -              Join the FXGL chat at: https://gitter.im/AlmasB/FXGL
10:12:56.406 [FXGL Launcher Thread     ] DEBUG FXGL                 - Loading FXGL system data
10:12:56.414 [FXGL Launcher Thread     ] DEBUG IOTask               - Executing task: readDataTask(system/fxgl.bundle)
10:12:56.471 [FXGL Launcher Thread     ] DEBUG FS                   - Reading from: system/fxgl.bundle
10:12:56.490 [FXGL Launcher Thread     ] DEBUG IOTask               - Task succeeded: readDataTask(system/fxgl.bundle)
10:12:56.490 [FXGL Launcher Thread     ] DEBUG Bundle               - Logging bundle: FXGL
10:12:56.491 [FXGL Launcher Thread     ] DEBUG Bundle               - FXGL.offline.timer.version.check=2018-05-23T19:10:35.175
10:12:56.545 [FXGL Launcher Thread     ] DEBUG GameApplication      - FXGL started
10:12:56.545 [FXGL Launcher Thread     ] DEBUG GameApplication      - Logging game settings
Title: Flash-Run
Version: 1.0
Width: 1184
Height: 672
Fullscreen: false
Intro: false
Menus: true
Profiling: false
Single step:false
App Mode: DEVELOPER
Menu Key: ESCAPE
Stage Style: DECORATED
Scene Factory: class sample.MainMenu
Dialog Factory: class com.almasb.fxgl.ui.FXGLDialogFactory
UI Factory: class com.almasb.fxgl.ui.FXGLUIFactory
Notification Service: class com.almasb.fxgl.gameplay.notification.XboxNotificationView
Exception Handler: class com.almasb.fxgl.app.FXGLExceptionHandler
10:12:56.547 [FXGL Launcher Thread     ] DEBUG GameApplication      - Configuring GameApplication
10:12:56.547 [FXGL Launcher Thread     ] DEBUG GameApplication      - Initializing state machine and application states
10:12:56.567 [FXGL Launcher Thread     ] DEBUG AssetLoader          - Loading from disk: /assets/ui/cursors/fxgl_default.png
10:12:56.659 [FXGL Launcher Thread     ] DEBUG AssetLoader          - Loading from disk: /assets/ui/cursors/fxgl_default.png
10:12:56.663 [FXGL Launcher Thread     ] DEBUG AssetLoader          - Loading from disk: /assets/ui/cursors/fxgl_default.png
10:12:56.694 [FXGL Launcher Thread     ] DEBUG AssetLoader          - Loading from disk: /assets/sounds/core/notification.wav
10:12:56.796 [FXGL Launcher Thread     ] DEBUG AssetLoader          - Loading from disk: /assets/sounds/menu/select.wav
10:12:56.797 [FXGL Launcher Thread     ] DEBUG AssetLoader          - Loading from disk: /assets/sounds/menu/back.wav
10:12:56.799 [FXGL Launcher Thread     ] DEBUG AssetLoader          - Loading from disk: /assets/sounds/menu/press.wav
10:12:56.802 [FXGL Launcher Thread     ] DEBUG AssetLoader          - Loading from disk: /assets/ui/fonts/VarelaRound-Regular.ttf
10:12:56.821 [FXGL Launcher Thread     ] DEBUG AssetLoader          - Loading from disk: /assets/ui/fonts/lucida_console.ttf
10:12:56.829 [FXGL Launcher Thread     ] DEBUG AssetLoader          - Loading from disk: /assets/ui/css/fxgl_dark.css
10:12:56.830 [FXGL Launcher Thread     ] DEBUG AssetLoader          - Loading from disk: /assets/ui/icons/fxgl_icon.png
10:12:56.859 [FXGL Launcher Thread     ] DEBUG AssetLoader          - Loading from disk: /assets/ui/cursors/fxgl_default.png
10:12:56.974 [FXGL Launcher Thread     ] DEBUG FXGL.GameScene       - Game scene initialized: 1184x672
10:12:56.983 [FXGL Launcher Thread     ] DEBUG FXGL.GameWorld       - Game world initialized
10:12:57.069 [FXGL Launcher Thread     ] DEBUG PhysicsWorld         - Physics world initialized: appHeight=672, physics.ppm=50.0
10:12:57.115 [FXGL Launcher Thread     ] DEBUG AssetLoader          - Loading from disk: /assets/ui/cursors/fxgl_default.png
10:12:57.119 [FXGL Launcher Thread     ] DEBUG AssetLoader          - Loading from disk: /assets/textures/Flash-Run_BG_2.png
10:12:57.192 [FXGL Launcher Thread     ] DEBUG FXGL.Menu            - createMenuBodyMainMenu()
10:12:57.210 [FXGL Launcher Thread     ] DEBUG AssetLoader          - Loading from disk: /assets/properties/languages/english.properties
10:12:57.212 [FXGL Launcher Thread     ] DEBUG AssetLoader          - Loading from cache: /assets/properties/languages/english.properties
10:12:57.213 [FXGL Launcher Thread     ] DEBUG FXGL.Menu            - createOptionsMenu()
10:12:57.213 [FXGL Launcher Thread     ] DEBUG AssetLoader          - Loading from cache: /assets/properties/languages/english.properties
10:12:57.215 [FXGL Launcher Thread     ] DEBUG AssetLoader          - Loading from cache: /assets/properties/languages/english.properties
10:12:57.216 [FXGL Launcher Thread     ] DEBUG AssetLoader          - Loading from cache: /assets/properties/languages/english.properties
10:12:57.218 [FXGL Launcher Thread     ] DEBUG AssetLoader          - Loading from cache: /assets/properties/languages/english.properties
10:12:57.219 [FXGL Launcher Thread     ] DEBUG AssetLoader          - Loading from cache: /assets/properties/languages/english.properties
10:12:57.221 [FXGL Launcher Thread     ] DEBUG AssetLoader          - Loading from cache: /assets/properties/languages/english.properties
10:12:57.222 [FXGL Launcher Thread     ] DEBUG AssetLoader          - Loading from cache: /assets/properties/languages/english.properties
10:12:57.224 [FXGL Launcher Thread     ] DEBUG AssetLoader          - Loading from cache: /assets/properties/languages/english.properties
10:12:57.229 [FXGL Launcher Thread     ] DEBUG AssetLoader          - Loading from disk: /assets/ui/cursors/fxgl_default.png
10:12:57.230 [FXGL Launcher Thread     ] DEBUG AssetLoader          - Loading from cache: /assets/textures/Flash-Run_BG_2.png
10:12:57.230 [FXGL Launcher Thread     ] DEBUG FXGL.Menu            - createMenuBodyGameMenu()
10:12:57.231 [FXGL Launcher Thread     ] DEBUG AssetLoader          - Loading from cache: /assets/properties/languages/english.properties
10:12:57.232 [FXGL Launcher Thread     ] DEBUG AssetLoader          - Loading from cache: /assets/properties/languages/english.properties
10:12:57.232 [FXGL Launcher Thread     ] DEBUG FXGL.Menu            - createOptionsMenu()
10:12:57.232 [FXGL Launcher Thread     ] DEBUG AssetLoader          - Loading from cache: /assets/properties/languages/english.properties
10:12:57.233 [FXGL Launcher Thread     ] DEBUG AssetLoader          - Loading from cache: /assets/properties/languages/english.properties
10:12:57.233 [FXGL Launcher Thread     ] DEBUG AssetLoader          - Loading from cache: /assets/properties/languages/english.properties
10:12:57.234 [FXGL Launcher Thread     ] DEBUG AssetLoader          - Loading from cache: /assets/properties/languages/english.properties
10:12:57.234 [FXGL Launcher Thread     ] DEBUG AssetLoader          - Loading from cache: /assets/properties/languages/english.properties
10:12:57.235 [FXGL Launcher Thread     ] DEBUG AssetLoader          - Loading from cache: /assets/properties/languages/english.properties
10:12:57.236 [FXGL Launcher Thread     ] DEBUG AssetLoader          - Loading from cache: /assets/properties/languages/english.properties
10:12:57.246 [FXGL Launcher Thread     ] INFO  GameApplication      - Game configuration took:  0.699 sec
10:12:57.249 [JavaFX Application Thread] DEBUG MainWindow           - Opening main window
10:12:57.335 [JavaFX Application Thread] DEBUG MainWindow           - Window border size: (0.0, 22.0)
10:12:57.335 [JavaFX Application Thread] DEBUG MainWindow           - Scaled size: 1184.0 x 672.0
10:12:57.336 [JavaFX Application Thread] DEBUG MainWindow           - Scaled ratio: (1.0, 1.0)
10:12:57.336 [JavaFX Application Thread] DEBUG MainWindow           - Scene size: 1184.0 x 672.0
10:12:57.336 [JavaFX Application Thread] DEBUG MainWindow           - Stage size: 1184.0 x 694.0
10:12:57.336 [JavaFX Application Thread] DEBUG GameApplication      - Running preInit()
10:12:57.338 [JavaFX Application Thread] DEBUG AnnotationParser     - Main app package name: sample
10:12:57.473 [JavaFX Application Thread] DEBUG AnnotationParser     - @SetAchievementStore: []
10:12:57.518 [JavaFX Application Thread] DEBUG Input                - Registered new binding: Screenshot - P
10:12:57.519 [JavaFX Application Thread] DEBUG Input                - Registered new binding: Dev Options - CTRL+0
10:12:57.519 [JavaFX Application Thread] DEBUG Input                - Registered new binding: Restart - CTRL+R
10:12:57.521 [JavaFX Application Thread] DEBUG AssetLoader          - Loading from disk: /assets/sounds/flash-theme.wav
10:12:57.904 [JavaFX Application Thread] DEBUG Input                - Registered new binding: Flash-Left - A
10:12:57.904 [JavaFX Application Thread] DEBUG Input                - Registered new binding: Flash-Right - D
10:12:57.905 [JavaFX Application Thread] DEBUG Input                - Registered new binding: Flash-Up - W
10:12:57.905 [JavaFX Application Thread] DEBUG Input                - Registered new binding: Flash-Down - S
10:12:57.905 [JavaFX Application Thread] DEBUG Input                - Registered new binding: Flash-Flight - R
10:12:57.905 [JavaFX Application Thread] DEBUG Input                - Registered new binding: Flash-SR - Y
10:12:57.906 [JavaFX Application Thread] DEBUG Input                - Registered new binding: Flash-SL - T
10:12:57.906 [JavaFX Application Thread] DEBUG Input                - Registered new binding: RevFlash-Left - Left
10:12:57.906 [JavaFX Application Thread] DEBUG Input                - Registered new binding: RevFlash-Right - Right
10:12:57.906 [JavaFX Application Thread] DEBUG Input                - Registered new binding: RevFlash-Up - Up
10:12:57.906 [JavaFX Application Thread] DEBUG Input                - Registered new binding: RevFlash-Down - Down
10:12:57.907 [JavaFX Application Thread] DEBUG Input                - Registered new binding: RevFlash-Flight - L
10:12:57.907 [JavaFX Application Thread] DEBUG Input                - Registered new binding: RevFlash-SR - K
10:12:57.907 [JavaFX Application Thread] DEBUG Input                - Registered new binding: RevFlash-SL - J
10:12:57.908 [JavaFX Application Thread] DEBUG MenuEventHandler     - generateDefaultProfile()
10:12:57.909 [JavaFX Application Thread] DEBUG MenuEventHandler     - Creating default profile
10:12:57.909 [JavaFX Application Thread] DEBUG EventBus             - Firing event: SaveEvent
10:12:57.912 [JavaFX Application Thread] DEBUG AudioPlayer          - Saving data to profile
10:12:57.912 [JavaFX Application Thread] DEBUG Bundle               - Logging bundle: audio
10:12:57.912 [JavaFX Application Thread] DEBUG Bundle               - audio.musicVolume=0.5
10:12:57.912 [JavaFX Application Thread] DEBUG Bundle               - audio.soundVolume=0.5
10:12:57.913 [JavaFX Application Thread] DEBUG Input                - Saving data to profile
10:12:57.913 [JavaFX Application Thread] DEBUG Bundle               - Logging bundle: input
10:12:57.913 [JavaFX Application Thread] DEBUG Bundle               - input.Flash-Down=S
10:12:57.913 [JavaFX Application Thread] DEBUG Bundle               - input.Restart=CTRL+R
10:12:57.914 [JavaFX Application Thread] DEBUG Bundle               - input.Dev Options=CTRL+0
10:12:57.914 [JavaFX Application Thread] DEBUG Bundle               - input.Flash-SL=T
10:12:57.914 [JavaFX Application Thread] DEBUG Bundle               - input.Flash-Left=A
10:12:57.914 [JavaFX Application Thread] DEBUG Bundle               - input.Flash-Flight=R
10:12:57.914 [JavaFX Application Thread] DEBUG Bundle               - input.RevFlash-Down=Down
10:12:57.914 [JavaFX Application Thread] DEBUG Bundle               - input.Flash-Up=W
10:12:57.915 [JavaFX Application Thread] DEBUG Bundle               - input.RevFlash-Flight=L
10:12:57.915 [JavaFX Application Thread] DEBUG Bundle               - input.RevFlash-Right=Right
10:12:57.915 [JavaFX Application Thread] DEBUG Bundle               - input.Flash-SR=Y
10:12:57.915 [JavaFX Application Thread] DEBUG Bundle               - input.RevFlash-Up=Up
10:12:57.915 [JavaFX Application Thread] DEBUG Bundle               - input.Screenshot=P
10:12:57.915 [JavaFX Application Thread] DEBUG Bundle               - input.RevFlash-SL=J
10:12:57.915 [JavaFX Application Thread] DEBUG Bundle               - input.RevFlash-Left=Left
10:12:57.916 [JavaFX Application Thread] DEBUG Bundle               - input.RevFlash-SR=K
10:12:57.916 [JavaFX Application Thread] DEBUG Bundle               - input.Flash-Right=D
10:12:57.921 [JavaFX Application Thread] DEBUG Bundle               - Logging bundle: gameplayStats
10:12:57.922 [JavaFX Application Thread] DEBUG Bundle               - gameplayStats.playtime=0
10:12:57.923 [JavaFX Application Thread] DEBUG AchievementManager   - Saving data to profile
10:12:57.923 [JavaFX Application Thread] DEBUG Bundle               - Logging bundle: achievement
10:12:57.995 [JavaFX Application Thread] DEBUG GameApplication      - Starting main loop
10:12:58.026 [JavaFX Application Thread] DEBUG StartupState         - STARTUP
10:12:58.027 [JavaFX Application Thread] DEBUG Input                - Clearing active input actions
10:12:58.096 [JavaFX Application Thread] DEBUG AppStateMachine      - StartupState -> MainMenuState
10:12:58.114 [JavaFX Application Thread] DEBUG FXGL.SaveLoadManager - Checking profiles dir: profiles/
10:12:58.115 [JavaFX Application Thread] DEBUG FXGL.SaveLoadManager - Loading profile names
10:12:58.120 [JavaFX Application Thread] DEBUG IOTask               - Showing dialog
10:12:58.126 [JavaFX Application Thread] DEBUG AppStateMachine      - Push state: DialogSubState
10:12:58.126 [JavaFX Application Thread] DEBUG Input                - Clearing active input actions
10:12:58.127 [JavaFX Application Thread] DEBUG AppStateMachine      - MainMenuState -> DialogSubState
10:12:58.136 [FXGL Background Thread 1 ] DEBUG IOTask               - Executing task: loadDirectoryNamesTask(./profiles/, false)
10:12:58.471 [JavaFX Application Thread] DEBUG IOTask               - succeed(): Dismissing dialog
10:12:58.471 [JavaFX Application Thread] DEBUG AppStateMachine      - Pop state: DialogSubState
10:12:58.471 [JavaFX Application Thread] DEBUG Input                - Clearing active input actions
10:12:58.472 [JavaFX Application Thread] DEBUG AppStateMachine      - MainMenuState <- DialogSubState
10:12:58.472 [JavaFX Application Thread] DEBUG IOTask               - Task succeeded: loadDirectoryNamesTask(./profiles/, false)
10:12:58.477 [JavaFX Application Thread] DEBUG AppStateMachine      - Push state: DialogSubState
10:12:58.477 [JavaFX Application Thread] DEBUG Input                - Clearing active input actions
10:12:58.477 [JavaFX Application Thread] DEBUG AppStateMachine      - MainMenuState -> DialogSubState
10:13:02.929 [JavaFX Application Thread] DEBUG AppStateMachine      - Pop state: DialogSubState
10:13:02.929 [JavaFX Application Thread] DEBUG Input                - Clearing active input actions
10:13:02.930 [JavaFX Application Thread] DEBUG AppStateMachine      - MainMenuState <- DialogSubState
10:13:02.930 [JavaFX Application Thread] DEBUG FXGL.SaveLoadManager - Deleting profile: Jakob
10:13:02.933 [JavaFX Application Thread] DEBUG IOTask               - Showing dialog
10:13:02.938 [JavaFX Application Thread] DEBUG AppStateMachine      - Push state: DialogSubState
10:13:02.938 [JavaFX Application Thread] DEBUG Input                - Clearing active input actions
10:13:02.938 [JavaFX Application Thread] DEBUG AppStateMachine      - MainMenuState -> DialogSubState
10:13:02.941 [FXGL Background Thread 1 ] DEBUG IOTask               - Executing task: deleteDirectoryTask(./profiles/Jakob)
10:13:02.943 [FXGL Background Thread 1 ] DEBUG FS                   - Deleting file: ./profiles/Jakob/user.profile
10:13:02.946 [FXGL Background Thread 1 ] DEBUG FS                   - Deleting file: ./profiles/Jakob/saves/Readme.txt
10:13:02.947 [FXGL Background Thread 1 ] DEBUG FS                   - Deleting directory: ./profiles/Jakob/saves
10:13:02.949 [FXGL Background Thread 1 ] DEBUG FS                   - Deleting directory: ./profiles/Jakob
10:13:02.964 [JavaFX Application Thread] DEBUG IOTask               - succeed(): Dismissing dialog
10:13:02.965 [JavaFX Application Thread] DEBUG AppStateMachine      - Pop state: DialogSubState
10:13:02.965 [JavaFX Application Thread] DEBUG Input                - Clearing active input actions
10:13:02.966 [JavaFX Application Thread] DEBUG AppStateMachine      - MainMenuState <- DialogSubState
10:13:02.966 [JavaFX Application Thread] DEBUG IOTask               - Task succeeded: deleteDirectoryTask(./profiles/Jakob)
10:13:02.967 [JavaFX Application Thread] DEBUG FXGL.SaveLoadManager - Loading profile names
10:13:02.967 [JavaFX Application Thread] DEBUG IOTask               - Showing dialog
10:13:02.969 [JavaFX Application Thread] DEBUG AppStateMachine      - Push state: DialogSubState
10:13:02.969 [JavaFX Application Thread] DEBUG Input                - Clearing active input actions
10:13:02.969 [JavaFX Application Thread] DEBUG AppStateMachine      - MainMenuState -> DialogSubState
10:13:02.978 [FXGL Background Thread 1 ] DEBUG IOTask               - Executing task: loadDirectoryNamesTask(./profiles/, false)
10:13:03.005 [JavaFX Application Thread] DEBUG IOTask               - succeed(): Dismissing dialog
10:13:03.005 [JavaFX Application Thread] DEBUG AppStateMachine      - Pop state: DialogSubState
10:13:03.005 [JavaFX Application Thread] DEBUG Input                - Clearing active input actions
10:13:03.006 [JavaFX Application Thread] DEBUG AppStateMachine      - MainMenuState <- DialogSubState
10:13:03.006 [JavaFX Application Thread] DEBUG IOTask               - Task succeeded: loadDirectoryNamesTask(./profiles/, false)
10:13:03.009 [JavaFX Application Thread] DEBUG AppStateMachine      - Push state: DialogSubState
10:13:03.009 [JavaFX Application Thread] DEBUG Input                - Clearing active input actions
10:13:03.009 [JavaFX Application Thread] DEBUG AppStateMachine      - MainMenuState -> DialogSubState
10:33:08.009 [JavaFX Application Thread] DEBUG GameApplication      - Exiting game application
10:33:08.010 [JavaFX Application Thread] DEBUG GameApplication      - Shutting down background threads
10:33:08.011 [JavaFX Application Thread] DEBUG GameApplication      - Exiting FXGL
10:33:08.011 [JavaFX Application Thread] DEBUG FXGL                 - Saving FXGL system data
10:33:08.014 [JavaFX Application Thread] DEBUG IOTask               - Executing task: writeDataTask(system/fxgl.bundle)
10:33:08.021 [JavaFX Application Thread] DEBUG FS                   - Writing to: system/fxgl.bundle
10:33:08.027 [JavaFX Application Thread] DEBUG IOTask               - Task succeeded: writeDataTask(system/fxgl.bundle)
10:33:08.028 [JavaFX Application Thread] DEBUG GameApplication      - Closing logger and exiting JavaFX
