17:41:42.850 [JavaFX Application Thread] DEBUG GameApplication      - Logger initialized
17:41:42.863 [JavaFX Application Thread] DEBUG MainWindow           - Creating a JavaFX scene
17:41:43.046 [JavaFX Application Thread] DEBUG MainWindow           - Target settings size: 1200.0 x 700.0
17:41:43.047 [JavaFX Application Thread] DEBUG MainWindow           - Scaled scene size:    1200.0 x 700.0
17:41:43.047 [JavaFX Application Thread] DEBUG MainWindow           - Scaled ratio: (1.0, 1.0)
17:41:43.585 [JavaFX Application Thread] DEBUG GameApplication      - Starting FXGL
17:41:43.663 [FXGL Launcher Thread     ] INFO  Version              - FXGL-0.4.3
17:41:43.665 [FXGL Launcher Thread     ] INFO  Version              - Source code and latest versions at: https://github.com/AlmasB/FXGL
17:41:43.665 [FXGL Launcher Thread     ] INFO  Version              -              Join the FXGL chat at: https://gitter.im/AlmasB/FXGL
17:41:43.667 [FXGL Launcher Thread     ] DEBUG FXGL                 - Loading FXGL system data
17:41:43.675 [FXGL Launcher Thread     ] DEBUG IOTask               - Executing task: readDataTask(system/fxgl.bundle)
17:41:43.706 [FXGL Launcher Thread     ] DEBUG FS                   - Reading from: system/fxgl.bundle
17:41:43.733 [FXGL Launcher Thread     ] DEBUG IOTask               - Task succeeded: readDataTask(system/fxgl.bundle)
17:41:43.734 [FXGL Launcher Thread     ] DEBUG Bundle               - Logging bundle: FXGL
17:41:43.737 [FXGL Launcher Thread     ] DEBUG Bundle               - FXGL.offline.timer.version.check=2018-04-03T17:47:05.133
17:41:43.838 [FXGL Launcher Thread     ] DEBUG GameApplication      - FXGL started
17:41:43.839 [FXGL Launcher Thread     ] DEBUG GameApplication      - Logging game settings
Title: Flash-Run
Version: 3.0
Width: 1200
Height: 700
Fullscreen: false
Intro: false
Menus: true
Profiling: false
Single step:false
App Mode: DEVELOPER
Menu Key: ESCAPE
Stage Style: DECORATED
Scene Factory: class com.almasb.fxgl.scene.SceneFactory
Dialog Factory: class com.almasb.fxgl.ui.FXGLDialogFactory
UI Factory: class com.almasb.fxgl.ui.FXGLUIFactory
Notification Service: class com.almasb.fxgl.gameplay.notification.XboxNotificationView
Exception Handler: class com.almasb.fxgl.app.FXGLExceptionHandler
17:41:43.850 [FXGL Launcher Thread     ] DEBUG GameApplication      - Configuring GameApplication
17:41:43.850 [FXGL Launcher Thread     ] DEBUG GameApplication      - Initializing state machine and application states
17:41:43.876 [FXGL Launcher Thread     ] DEBUG AssetLoader          - Loading from disk: /assets/ui/cursors/fxgl_default.png
17:41:43.919 [FXGL Launcher Thread     ] DEBUG AssetLoader          - Loading from disk: /assets/ui/cursors/fxgl_default.png
17:41:43.924 [FXGL Launcher Thread     ] DEBUG AssetLoader          - Loading from disk: /assets/ui/cursors/fxgl_default.png
17:41:43.949 [FXGL Launcher Thread     ] DEBUG AssetLoader          - Loading from disk: /assets/sounds/core/notification.wav
17:41:44.083 [FXGL Launcher Thread     ] DEBUG AssetLoader          - Loading from disk: /assets/sounds/menu/select.wav
17:41:44.087 [FXGL Launcher Thread     ] DEBUG AssetLoader          - Loading from disk: /assets/sounds/menu/back.wav
17:41:44.092 [FXGL Launcher Thread     ] DEBUG AssetLoader          - Loading from disk: /assets/sounds/menu/press.wav
17:41:44.098 [FXGL Launcher Thread     ] DEBUG AssetLoader          - Loading from disk: /assets/ui/fonts/VarelaRound-Regular.ttf
17:41:44.130 [FXGL Launcher Thread     ] DEBUG AssetLoader          - Loading from disk: /assets/ui/fonts/lucida_console.ttf
17:41:44.140 [FXGL Launcher Thread     ] DEBUG AssetLoader          - Loading from disk: /assets/ui/css/fxgl_dark.css
17:41:44.141 [FXGL Launcher Thread     ] DEBUG AssetLoader          - Loading from disk: /assets/ui/icons/fxgl_icon.png
17:41:44.192 [FXGL Launcher Thread     ] DEBUG AssetLoader          - Loading from disk: /assets/ui/cursors/fxgl_default.png
17:41:44.239 [FXGL Launcher Thread     ] DEBUG FXGL.GameScene       - Game scene initialized: 1200x700
17:41:44.244 [FXGL Launcher Thread     ] DEBUG FXGL.GameWorld       - Game world initialized
17:41:44.352 [FXGL Launcher Thread     ] DEBUG PhysicsWorld         - Physics world initialized: appHeight=700, physics.ppm=50.0
17:41:44.379 [FXGL Launcher Thread     ] DEBUG AssetLoader          - Loading from disk: /assets/ui/cursors/fxgl_default.png
17:41:44.390 [FXGL Launcher Thread     ] DEBUG FXGL.Menu            - createMenuBodyMainMenu()
17:41:44.401 [FXGL Launcher Thread     ] DEBUG AssetLoader          - Loading from disk: /assets/properties/languages/english.properties
17:41:44.406 [FXGL Launcher Thread     ] DEBUG AssetLoader          - Loading from cache: /assets/properties/languages/english.properties
17:41:44.407 [FXGL Launcher Thread     ] DEBUG FXGL.Menu            - createOptionsMenu()
17:41:44.407 [FXGL Launcher Thread     ] DEBUG AssetLoader          - Loading from cache: /assets/properties/languages/english.properties
17:41:44.408 [FXGL Launcher Thread     ] DEBUG AssetLoader          - Loading from cache: /assets/properties/languages/english.properties
17:41:44.409 [FXGL Launcher Thread     ] DEBUG AssetLoader          - Loading from cache: /assets/properties/languages/english.properties
17:41:44.410 [FXGL Launcher Thread     ] DEBUG AssetLoader          - Loading from cache: /assets/properties/languages/english.properties
17:41:44.411 [FXGL Launcher Thread     ] DEBUG AssetLoader          - Loading from cache: /assets/properties/languages/english.properties
17:41:44.413 [FXGL Launcher Thread     ] DEBUG AssetLoader          - Loading from cache: /assets/properties/languages/english.properties
17:41:44.414 [FXGL Launcher Thread     ] DEBUG AssetLoader          - Loading from cache: /assets/properties/languages/english.properties
17:41:44.415 [FXGL Launcher Thread     ] DEBUG AssetLoader          - Loading from cache: /assets/properties/languages/english.properties
17:41:44.417 [FXGL Launcher Thread     ] DEBUG AssetLoader          - Loading from disk: /assets/ui/cursors/fxgl_default.png
17:41:44.422 [FXGL Launcher Thread     ] DEBUG FXGL.Menu            - createMenuBodyGameMenu()
17:41:44.422 [FXGL Launcher Thread     ] DEBUG AssetLoader          - Loading from cache: /assets/properties/languages/english.properties
17:41:44.424 [FXGL Launcher Thread     ] DEBUG AssetLoader          - Loading from cache: /assets/properties/languages/english.properties
17:41:44.424 [FXGL Launcher Thread     ] DEBUG FXGL.Menu            - createOptionsMenu()
17:41:44.424 [FXGL Launcher Thread     ] DEBUG AssetLoader          - Loading from cache: /assets/properties/languages/english.properties
17:41:44.425 [FXGL Launcher Thread     ] DEBUG AssetLoader          - Loading from cache: /assets/properties/languages/english.properties
17:41:44.425 [FXGL Launcher Thread     ] DEBUG AssetLoader          - Loading from cache: /assets/properties/languages/english.properties
17:41:44.425 [FXGL Launcher Thread     ] DEBUG AssetLoader          - Loading from cache: /assets/properties/languages/english.properties
17:41:44.426 [FXGL Launcher Thread     ] DEBUG AssetLoader          - Loading from cache: /assets/properties/languages/english.properties
17:41:44.429 [FXGL Launcher Thread     ] DEBUG AssetLoader          - Loading from cache: /assets/properties/languages/english.properties
17:41:44.430 [FXGL Launcher Thread     ] DEBUG AssetLoader          - Loading from cache: /assets/properties/languages/english.properties
17:41:44.439 [FXGL Launcher Thread     ] INFO  GameApplication      - Game configuration took:  0.589 sec
17:41:44.441 [JavaFX Application Thread] DEBUG MainWindow           - Opening main window
17:41:44.512 [JavaFX Application Thread] DEBUG MainWindow           - Window border size: (0.0, 22.0)
17:41:44.512 [JavaFX Application Thread] DEBUG MainWindow           - Scaled size: 1200.0 x 700.0
17:41:44.512 [JavaFX Application Thread] DEBUG MainWindow           - Scaled ratio: (1.0, 1.0)
17:41:44.512 [JavaFX Application Thread] DEBUG MainWindow           - Scene size: 1200.0 x 700.0
17:41:44.512 [JavaFX Application Thread] DEBUG MainWindow           - Stage size: 1200.0 x 722.0
17:41:44.513 [JavaFX Application Thread] DEBUG GameApplication      - Running preInit()
17:41:44.515 [JavaFX Application Thread] DEBUG AnnotationParser     - Main app package name: sample
17:41:44.684 [JavaFX Application Thread] DEBUG AnnotationParser     - @SetAchievementStore: []
17:41:44.709 [JavaFX Application Thread] DEBUG Input                - Registered new binding: Screenshot - P
17:41:44.710 [JavaFX Application Thread] DEBUG Input                - Registered new binding: Dev Options - CTRL+0
17:41:44.710 [JavaFX Application Thread] DEBUG Input                - Registered new binding: Restart - CTRL+R
17:41:44.712 [JavaFX Application Thread] DEBUG AssetLoader          - Loading from disk: /assets/sounds/flash-theme.wav
17:41:44.863 [JavaFX Application Thread] DEBUG MenuEventHandler     - generateDefaultProfile()
17:41:44.864 [JavaFX Application Thread] DEBUG MenuEventHandler     - Creating default profile
17:41:44.865 [JavaFX Application Thread] DEBUG EventBus             - Firing event: SaveEvent
17:41:44.867 [JavaFX Application Thread] DEBUG AudioPlayer          - Saving data to profile
17:41:44.867 [JavaFX Application Thread] DEBUG Bundle               - Logging bundle: audio
17:41:44.867 [JavaFX Application Thread] DEBUG Bundle               - audio.musicVolume=0.5
17:41:44.867 [JavaFX Application Thread] DEBUG Bundle               - audio.soundVolume=0.5
17:41:44.868 [JavaFX Application Thread] DEBUG Input                - Saving data to profile
17:41:44.868 [JavaFX Application Thread] DEBUG Bundle               - Logging bundle: input
17:41:44.868 [JavaFX Application Thread] DEBUG Bundle               - input.Screenshot=P
17:41:44.868 [JavaFX Application Thread] DEBUG Bundle               - input.Restart=CTRL+R
17:41:44.868 [JavaFX Application Thread] DEBUG Bundle               - input.Dev Options=CTRL+0
17:41:44.872 [JavaFX Application Thread] DEBUG Bundle               - Logging bundle: gameplayStats
17:41:44.872 [JavaFX Application Thread] DEBUG Bundle               - gameplayStats.playtime=0
17:41:44.873 [JavaFX Application Thread] DEBUG AchievementManager   - Saving data to profile
17:41:44.874 [JavaFX Application Thread] DEBUG Bundle               - Logging bundle: achievement
17:41:44.926 [JavaFX Application Thread] DEBUG GameApplication      - Starting main loop
17:41:44.950 [JavaFX Application Thread] DEBUG StartupState         - STARTUP
17:41:44.950 [JavaFX Application Thread] DEBUG Input                - Clearing active input actions
17:41:45.006 [JavaFX Application Thread] DEBUG AppStateMachine      - StartupState -> MainMenuState
17:41:45.016 [JavaFX Application Thread] DEBUG FXGL.SaveLoadManager - Checking profiles dir: profiles/
17:41:45.017 [JavaFX Application Thread] DEBUG FXGL.SaveLoadManager - Loading profile names
17:41:45.021 [JavaFX Application Thread] DEBUG IOTask               - Showing dialog
17:41:45.028 [JavaFX Application Thread] DEBUG AppStateMachine      - Push state: DialogSubState
17:41:45.028 [JavaFX Application Thread] DEBUG Input                - Clearing active input actions
17:41:45.028 [JavaFX Application Thread] DEBUG AppStateMachine      - MainMenuState -> DialogSubState
17:41:45.036 [FXGL Background Thread 1 ] DEBUG IOTask               - Executing task: loadDirectoryNamesTask(./profiles/, false)
17:41:45.236 [JavaFX Application Thread] DEBUG IOTask               - succeed(): Dismissing dialog
17:41:45.236 [JavaFX Application Thread] DEBUG AppStateMachine      - Pop state: DialogSubState
17:41:45.236 [JavaFX Application Thread] DEBUG Input                - Clearing active input actions
17:41:45.237 [JavaFX Application Thread] DEBUG AppStateMachine      - MainMenuState <- DialogSubState
17:41:45.237 [JavaFX Application Thread] DEBUG IOTask               - Task succeeded: loadDirectoryNamesTask(./profiles/, false)
17:41:45.241 [JavaFX Application Thread] DEBUG AppStateMachine      - Push state: DialogSubState
17:41:45.241 [JavaFX Application Thread] DEBUG Input                - Clearing active input actions
17:41:45.241 [JavaFX Application Thread] DEBUG AppStateMachine      - MainMenuState -> DialogSubState
17:41:47.879 [JavaFX Application Thread] DEBUG AppStateMachine      - Pop state: DialogSubState
17:41:47.880 [JavaFX Application Thread] DEBUG Input                - Clearing active input actions
17:41:47.881 [JavaFX Application Thread] DEBUG AppStateMachine      - MainMenuState <- DialogSubState
17:41:47.882 [JavaFX Application Thread] DEBUG FXGL.SaveLoadManager - Loading profile: Saran
17:41:47.884 [JavaFX Application Thread] DEBUG IOTask               - Showing dialog
17:41:47.889 [JavaFX Application Thread] DEBUG AppStateMachine      - Push state: DialogSubState
17:41:47.889 [JavaFX Application Thread] DEBUG Input                - Clearing active input actions
17:41:47.889 [JavaFX Application Thread] DEBUG AppStateMachine      - MainMenuState -> DialogSubState
17:41:47.892 [FXGL Background Thread 1 ] DEBUG IOTask               - Executing task: readDataTask(./profiles/Saran/user.profile)
17:41:47.892 [FXGL Background Thread 1 ] DEBUG FS                   - Reading from: ./profiles/Saran/user.profile
17:41:47.915 [JavaFX Application Thread] DEBUG IOTask               - succeed(): Dismissing dialog
17:41:47.915 [JavaFX Application Thread] DEBUG AppStateMachine      - Pop state: DialogSubState
17:41:47.915 [JavaFX Application Thread] DEBUG Input                - Clearing active input actions
17:41:47.916 [JavaFX Application Thread] DEBUG AppStateMachine      - MainMenuState <- DialogSubState
17:41:47.916 [JavaFX Application Thread] DEBUG IOTask               - Task succeeded: readDataTask(./profiles/Saran/user.profile)
17:41:47.916 [JavaFX Application Thread] DEBUG EventBus             - Firing event: LoadEvent[type=LOAD_PROFILE]
17:41:47.917 [JavaFX Application Thread] DEBUG AudioPlayer          - Loading data from profile
17:41:47.917 [JavaFX Application Thread] DEBUG Bundle               - Logging bundle: audio
17:41:47.917 [JavaFX Application Thread] DEBUG Bundle               - audio.musicVolume=0.5
17:41:47.917 [JavaFX Application Thread] DEBUG Bundle               - audio.soundVolume=0.5
17:41:47.917 [JavaFX Application Thread] DEBUG Input                - Loading data from profile
17:41:47.917 [JavaFX Application Thread] DEBUG Bundle               - Logging bundle: input
17:41:47.917 [JavaFX Application Thread] DEBUG Bundle               - input.Screenshot=P
17:41:47.918 [JavaFX Application Thread] DEBUG Bundle               - input.Restart=CTRL+R
17:41:47.918 [JavaFX Application Thread] DEBUG Bundle               - input.Dev Options=CTRL+0
17:41:47.918 [JavaFX Application Thread] DEBUG Bundle               - Logging bundle: gameplayStats
17:41:47.918 [JavaFX Application Thread] DEBUG Bundle               - gameplayStats.playtime=168356990864
17:41:47.918 [JavaFX Application Thread] DEBUG AchievementManager   - Loading data from profile
17:41:47.918 [JavaFX Application Thread] DEBUG Bundle               - Logging bundle: achievement
17:41:47.920 [JavaFX Application Thread] DEBUG FXGL.SaveLoadManager - Loading last modified save file
17:41:47.920 [JavaFX Application Thread] DEBUG FXGL.SaveLoadManager - Loading save files
17:41:47.925 [JavaFX Application Thread] DEBUG IOTask               - Showing dialog
17:41:47.926 [JavaFX Application Thread] DEBUG AppStateMachine      - Push state: DialogSubState
17:41:47.926 [JavaFX Application Thread] DEBUG Input                - Clearing active input actions
17:41:47.926 [JavaFX Application Thread] DEBUG AppStateMachine      - MainMenuState -> DialogSubState
17:41:47.929 [FXGL Background Thread 1 ] DEBUG IOTask               - Executing task: loadFileNamesTask(./profiles/Saran/saves/, true, [FileExtension(extension=.sav)])
17:41:47.929 [FXGL Background Thread 1 ] DEBUG IOTask               - Executing task: loadFileNamesTask(./profiles/Saran/saves/, true, [FileExtension(extension=.sav)])
17:41:47.929 [FXGL Background Thread 1 ] DEBUG IOTask               - Executing task: loadFileNamesTask(./profiles/Saran/saves/, true, [FileExtension(extension=.sav)])
17:41:47.933 [FXGL Background Thread 1 ] DEBUG IOTask               - Executing task: readSaveFiles
17:41:47.936 [FXGL Background Thread 1 ] DEBUG IOTask               - Executing task: findLastSave
17:41:47.947 [JavaFX Application Thread] DEBUG IOTask               - fail(): Dismissing dialog
17:41:47.947 [JavaFX Application Thread] DEBUG AppStateMachine      - Pop state: DialogSubState
17:41:47.947 [JavaFX Application Thread] DEBUG Input                - Clearing active input actions
17:41:47.948 [JavaFX Application Thread] DEBUG AppStateMachine      - MainMenuState <- DialogSubState
17:41:47.948 [JavaFX Application Thread] WARN  IOTask               - Task failed: loadFileNamesTask(./profiles/Saran/saves/, true, [FileExtension(extension=.sav)]) Error: java.io.FileNotFoundException: No save files found
17:41:54.233 [JavaFX Application Thread] DEBUG GameApplication      - Exiting game application
17:41:54.234 [JavaFX Application Thread] DEBUG MenuEventHandler     - Creating default profile
17:41:54.235 [JavaFX Application Thread] DEBUG EventBus             - Firing event: SaveEvent
17:41:54.235 [JavaFX Application Thread] DEBUG AudioPlayer          - Saving data to profile
17:41:54.235 [JavaFX Application Thread] DEBUG Bundle               - Logging bundle: audio
17:41:54.235 [JavaFX Application Thread] DEBUG Bundle               - audio.musicVolume=0.5
17:41:54.235 [JavaFX Application Thread] DEBUG Bundle               - audio.soundVolume=0.5
17:41:54.235 [JavaFX Application Thread] DEBUG Input                - Saving data to profile
17:41:54.236 [JavaFX Application Thread] DEBUG Bundle               - Logging bundle: input
17:41:54.236 [JavaFX Application Thread] DEBUG Bundle               - input.Screenshot=P
17:41:54.236 [JavaFX Application Thread] DEBUG Bundle               - input.Restart=CTRL+R
17:41:54.236 [JavaFX Application Thread] DEBUG Bundle               - input.Dev Options=CTRL+0
17:41:54.236 [JavaFX Application Thread] DEBUG Bundle               - Logging bundle: gameplayStats
17:41:54.236 [JavaFX Application Thread] DEBUG Bundle               - gameplayStats.playtime=168356990864
17:41:54.237 [JavaFX Application Thread] DEBUG AchievementManager   - Saving data to profile
17:41:54.237 [JavaFX Application Thread] DEBUG Bundle               - Logging bundle: achievement
17:41:54.237 [JavaFX Application Thread] DEBUG FXGL.SaveLoadManager - Saving profile: Saran
17:41:54.241 [JavaFX Application Thread] DEBUG IOTask               - Executing task: writeDataTask(./profiles/Saran/user.profile)
17:41:54.242 [JavaFX Application Thread] DEBUG IOTask               - Executing task: writeDataTask(./profiles/Saran/user.profile)
17:41:54.245 [JavaFX Application Thread] DEBUG FS                   - Writing to: ./profiles/Saran/user.profile
17:41:54.249 [JavaFX Application Thread] DEBUG IOTask               - Executing task: checkSavesDir(./profiles/Saran/saves/)
17:41:54.249 [JavaFX Application Thread] DEBUG IOTask               - Task succeeded: writeDataTask(./profiles/Saran/user.profile)
17:41:54.249 [JavaFX Application Thread] DEBUG GameApplication      - Shutting down background threads
17:41:54.249 [JavaFX Application Thread] DEBUG GameApplication      - Exiting FXGL
17:41:54.249 [JavaFX Application Thread] DEBUG FXGL                 - Saving FXGL system data
17:41:54.250 [JavaFX Application Thread] DEBUG IOTask               - Executing task: writeDataTask(system/fxgl.bundle)
17:41:54.251 [JavaFX Application Thread] DEBUG FS                   - Writing to: system/fxgl.bundle
17:41:54.254 [JavaFX Application Thread] DEBUG IOTask               - Task succeeded: writeDataTask(system/fxgl.bundle)
17:41:54.254 [JavaFX Application Thread] DEBUG GameApplication      - Closing logger and exiting JavaFX
