20:18:18.095 [JavaFX Application Thread] DEBUG GameApplication      - Logger initialized
20:18:18.109 [JavaFX Application Thread] DEBUG MainWindow           - Creating a JavaFX scene
20:18:18.280 [JavaFX Application Thread] DEBUG MainWindow           - Target settings size: 1440.0 x 700.0
20:18:18.281 [JavaFX Application Thread] DEBUG MainWindow           - Scaled scene size:    1440.0 x 700.0
20:18:18.281 [JavaFX Application Thread] DEBUG MainWindow           - Scaled ratio: (1.0, 1.0)
20:18:18.828 [JavaFX Application Thread] DEBUG GameApplication      - Starting FXGL
20:18:18.929 [FXGL Launcher Thread     ] INFO  Version              - FXGL-0.4.3
20:18:18.931 [FXGL Launcher Thread     ] INFO  Version              - Source code and latest versions at: https://github.com/AlmasB/FXGL
20:18:18.932 [FXGL Launcher Thread     ] INFO  Version              -              Join the FXGL chat at: https://gitter.im/AlmasB/FXGL
20:18:18.933 [FXGL Launcher Thread     ] DEBUG FXGL                 - Loading FXGL system data
20:18:18.944 [FXGL Launcher Thread     ] DEBUG IOTask               - Executing task: readDataTask(system/fxgl.bundle)
20:18:18.991 [FXGL Launcher Thread     ] DEBUG FS                   - Reading from: system/fxgl.bundle
20:18:19.012 [FXGL Launcher Thread     ] DEBUG IOTask               - Task succeeded: readDataTask(system/fxgl.bundle)
20:18:19.013 [FXGL Launcher Thread     ] DEBUG Bundle               - Logging bundle: FXGL
20:18:19.017 [FXGL Launcher Thread     ] DEBUG Bundle               - FXGL.offline.timer.version.check=2018-04-03T17:47:05.133
20:18:19.066 [FXGL Launcher Thread     ] DEBUG GameApplication      - FXGL started
20:18:19.067 [FXGL Launcher Thread     ] DEBUG GameApplication      - Logging game settings
Title: Flash-Run
Version: 3.0
Width: 1440
Height: 700
Fullscreen: false
Intro: false
Menus: true
Profiling: false
Single step:false
App Mode: DEVELOPER
Menu Key: ESCAPE
Stage Style: DECORATED
Scene Factory: class sample.MainMenu
Dialog Factory: class com.almasb.fxgl.ui.FXGLDialogFactory
UI Factory: class com.almasb.fxgl.ui.FXGLUIFactory
Notification Service: class com.almasb.fxgl.gameplay.notification.XboxNotificationView
Exception Handler: class com.almasb.fxgl.app.FXGLExceptionHandler
20:18:19.068 [FXGL Launcher Thread     ] DEBUG GameApplication      - Configuring GameApplication
20:18:19.069 [FXGL Launcher Thread     ] DEBUG GameApplication      - Initializing state machine and application states
20:18:19.091 [FXGL Launcher Thread     ] DEBUG AssetLoader          - Loading from disk: /assets/ui/cursors/fxgl_default.png
20:18:19.134 [FXGL Launcher Thread     ] DEBUG AssetLoader          - Loading from disk: /assets/ui/cursors/fxgl_default.png
20:18:19.143 [FXGL Launcher Thread     ] DEBUG AssetLoader          - Loading from disk: /assets/ui/cursors/fxgl_default.png
20:18:19.177 [FXGL Launcher Thread     ] DEBUG AssetLoader          - Loading from disk: /assets/sounds/core/notification.wav
20:18:19.328 [FXGL Launcher Thread     ] DEBUG AssetLoader          - Loading from disk: /assets/sounds/menu/select.wav
20:18:19.332 [FXGL Launcher Thread     ] DEBUG AssetLoader          - Loading from disk: /assets/sounds/menu/back.wav
20:18:19.335 [FXGL Launcher Thread     ] DEBUG AssetLoader          - Loading from disk: /assets/sounds/menu/press.wav
20:18:19.341 [FXGL Launcher Thread     ] DEBUG AssetLoader          - Loading from disk: /assets/ui/fonts/VarelaRound-Regular.ttf
20:18:19.371 [FXGL Launcher Thread     ] DEBUG AssetLoader          - Loading from disk: /assets/ui/fonts/lucida_console.ttf
20:18:19.379 [FXGL Launcher Thread     ] DEBUG AssetLoader          - Loading from disk: /assets/ui/css/fxgl_dark.css
20:18:19.380 [FXGL Launcher Thread     ] DEBUG AssetLoader          - Loading from disk: /assets/ui/icons/fxgl_icon.png
20:18:19.431 [FXGL Launcher Thread     ] DEBUG AssetLoader          - Loading from disk: /assets/ui/cursors/fxgl_default.png
20:18:19.469 [FXGL Launcher Thread     ] DEBUG FXGL.GameScene       - Game scene initialized: 1440x700
20:18:19.475 [FXGL Launcher Thread     ] DEBUG FXGL.GameWorld       - Game world initialized
20:18:19.548 [FXGL Launcher Thread     ] DEBUG PhysicsWorld         - Physics world initialized: appHeight=700, physics.ppm=50.0
20:18:19.577 [FXGL Launcher Thread     ] DEBUG AssetLoader          - Loading from disk: /assets/ui/cursors/fxgl_default.png
20:18:19.581 [FXGL Launcher Thread     ] DEBUG AssetLoader          - Loading from disk: /assets/textures/Flash-Run_BG_2.png
20:18:19.653 [FXGL Launcher Thread     ] DEBUG FXGL.Menu            - createMenuBodyMainMenu()
20:18:19.665 [FXGL Launcher Thread     ] DEBUG AssetLoader          - Loading from disk: /assets/properties/languages/english.properties
20:18:19.667 [FXGL Launcher Thread     ] DEBUG AssetLoader          - Loading from cache: /assets/properties/languages/english.properties
20:18:19.667 [FXGL Launcher Thread     ] DEBUG FXGL.Menu            - createOptionsMenu()
20:18:19.668 [FXGL Launcher Thread     ] DEBUG AssetLoader          - Loading from cache: /assets/properties/languages/english.properties
20:18:19.669 [FXGL Launcher Thread     ] DEBUG AssetLoader          - Loading from cache: /assets/properties/languages/english.properties
20:18:19.670 [FXGL Launcher Thread     ] DEBUG AssetLoader          - Loading from cache: /assets/properties/languages/english.properties
20:18:19.671 [FXGL Launcher Thread     ] DEBUG AssetLoader          - Loading from cache: /assets/properties/languages/english.properties
20:18:19.672 [FXGL Launcher Thread     ] DEBUG AssetLoader          - Loading from cache: /assets/properties/languages/english.properties
20:18:19.674 [FXGL Launcher Thread     ] DEBUG AssetLoader          - Loading from cache: /assets/properties/languages/english.properties
20:18:19.676 [FXGL Launcher Thread     ] DEBUG AssetLoader          - Loading from cache: /assets/properties/languages/english.properties
20:18:19.677 [FXGL Launcher Thread     ] DEBUG AssetLoader          - Loading from cache: /assets/properties/languages/english.properties
20:18:19.679 [FXGL Launcher Thread     ] DEBUG AssetLoader          - Loading from disk: /assets/ui/cursors/fxgl_default.png
20:18:19.680 [FXGL Launcher Thread     ] DEBUG AssetLoader          - Loading from cache: /assets/textures/Flash-Run_BG_2.png
20:18:19.682 [FXGL Launcher Thread     ] DEBUG FXGL.Menu            - createMenuBodyGameMenu()
20:18:19.683 [FXGL Launcher Thread     ] DEBUG AssetLoader          - Loading from cache: /assets/properties/languages/english.properties
20:18:19.684 [FXGL Launcher Thread     ] DEBUG AssetLoader          - Loading from cache: /assets/properties/languages/english.properties
20:18:19.685 [FXGL Launcher Thread     ] DEBUG FXGL.Menu            - createOptionsMenu()
20:18:19.685 [FXGL Launcher Thread     ] DEBUG AssetLoader          - Loading from cache: /assets/properties/languages/english.properties
20:18:19.685 [FXGL Launcher Thread     ] DEBUG AssetLoader          - Loading from cache: /assets/properties/languages/english.properties
20:18:19.686 [FXGL Launcher Thread     ] DEBUG AssetLoader          - Loading from cache: /assets/properties/languages/english.properties
20:18:19.686 [FXGL Launcher Thread     ] DEBUG AssetLoader          - Loading from cache: /assets/properties/languages/english.properties
20:18:19.687 [FXGL Launcher Thread     ] DEBUG AssetLoader          - Loading from cache: /assets/properties/languages/english.properties
20:18:19.689 [FXGL Launcher Thread     ] DEBUG AssetLoader          - Loading from cache: /assets/properties/languages/english.properties
20:18:19.690 [FXGL Launcher Thread     ] DEBUG AssetLoader          - Loading from cache: /assets/properties/languages/english.properties
20:18:19.698 [FXGL Launcher Thread     ] INFO  GameApplication      - Game configuration took:  0.629 sec
20:18:19.700 [JavaFX Application Thread] DEBUG MainWindow           - Opening main window
20:18:19.767 [JavaFX Application Thread] DEBUG MainWindow           - Window border size: (0.0, 22.0)
20:18:19.767 [JavaFX Application Thread] DEBUG MainWindow           - Scaled size: 1440.0 x 700.0
20:18:19.768 [JavaFX Application Thread] DEBUG MainWindow           - Scaled ratio: (1.0, 1.0)
20:18:19.768 [JavaFX Application Thread] DEBUG MainWindow           - Scene size: 1440.0 x 700.0
20:18:19.768 [JavaFX Application Thread] DEBUG MainWindow           - Stage size: 1440.0 x 722.0
20:18:19.768 [JavaFX Application Thread] DEBUG GameApplication      - Running preInit()
20:18:19.770 [JavaFX Application Thread] DEBUG AnnotationParser     - Main app package name: sample
20:18:19.928 [JavaFX Application Thread] DEBUG AnnotationParser     - @SetAchievementStore: []
20:18:19.964 [JavaFX Application Thread] DEBUG Input                - Registered new binding: Screenshot - P
20:18:19.964 [JavaFX Application Thread] DEBUG Input                - Registered new binding: Dev Options - CTRL+0
20:18:19.965 [JavaFX Application Thread] DEBUG Input                - Registered new binding: Restart - CTRL+R
20:18:19.966 [JavaFX Application Thread] DEBUG MenuEventHandler     - generateDefaultProfile()
20:18:19.966 [JavaFX Application Thread] DEBUG MenuEventHandler     - Creating default profile
20:18:19.967 [JavaFX Application Thread] DEBUG EventBus             - Firing event: SaveEvent
20:18:19.969 [JavaFX Application Thread] DEBUG AudioPlayer          - Saving data to profile
20:18:19.969 [JavaFX Application Thread] DEBUG Bundle               - Logging bundle: audio
20:18:19.969 [JavaFX Application Thread] DEBUG Bundle               - audio.musicVolume=0.5
20:18:19.969 [JavaFX Application Thread] DEBUG Bundle               - audio.soundVolume=0.5
20:18:19.969 [JavaFX Application Thread] DEBUG Input                - Saving data to profile
20:18:19.970 [JavaFX Application Thread] DEBUG Bundle               - Logging bundle: input
20:18:19.970 [JavaFX Application Thread] DEBUG Bundle               - input.Screenshot=P
20:18:19.970 [JavaFX Application Thread] DEBUG Bundle               - input.Restart=CTRL+R
20:18:19.970 [JavaFX Application Thread] DEBUG Bundle               - input.Dev Options=CTRL+0
20:18:19.973 [JavaFX Application Thread] DEBUG Bundle               - Logging bundle: gameplayStats
20:18:19.973 [JavaFX Application Thread] DEBUG Bundle               - gameplayStats.playtime=0
20:18:19.974 [JavaFX Application Thread] DEBUG AchievementManager   - Saving data to profile
20:18:19.974 [JavaFX Application Thread] DEBUG Bundle               - Logging bundle: achievement
20:18:20.028 [JavaFX Application Thread] DEBUG GameApplication      - Starting main loop
20:18:20.052 [JavaFX Application Thread] DEBUG StartupState         - STARTUP
20:18:20.053 [JavaFX Application Thread] DEBUG Input                - Clearing active input actions
20:18:20.105 [JavaFX Application Thread] DEBUG AppStateMachine      - StartupState -> MainMenuState
20:18:20.113 [JavaFX Application Thread] DEBUG FXGL.SaveLoadManager - Checking profiles dir: profiles/
20:18:20.113 [JavaFX Application Thread] DEBUG FXGL.SaveLoadManager - Loading profile names
20:18:20.116 [JavaFX Application Thread] DEBUG IOTask               - Showing dialog
20:18:20.120 [JavaFX Application Thread] DEBUG AppStateMachine      - Push state: DialogSubState
20:18:20.121 [JavaFX Application Thread] DEBUG Input                - Clearing active input actions
20:18:20.121 [JavaFX Application Thread] DEBUG AppStateMachine      - MainMenuState -> DialogSubState
20:18:20.126 [FXGL Background Thread 1 ] DEBUG IOTask               - Executing task: loadDirectoryNamesTask(./profiles/, false)
20:18:20.366 [JavaFX Application Thread] DEBUG IOTask               - succeed(): Dismissing dialog
20:18:20.366 [JavaFX Application Thread] DEBUG AppStateMachine      - Pop state: DialogSubState
20:18:20.366 [JavaFX Application Thread] DEBUG Input                - Clearing active input actions
20:18:20.367 [JavaFX Application Thread] DEBUG AppStateMachine      - MainMenuState <- DialogSubState
20:18:20.367 [JavaFX Application Thread] DEBUG IOTask               - Task succeeded: loadDirectoryNamesTask(./profiles/, false)
20:18:20.370 [JavaFX Application Thread] DEBUG AppStateMachine      - Push state: DialogSubState
20:18:20.370 [JavaFX Application Thread] DEBUG Input                - Clearing active input actions
20:18:20.370 [JavaFX Application Thread] DEBUG AppStateMachine      - MainMenuState -> DialogSubState
20:18:24.180 [JavaFX Application Thread] DEBUG AppStateMachine      - Pop state: DialogSubState
20:18:24.180 [JavaFX Application Thread] DEBUG Input                - Clearing active input actions
20:18:24.181 [JavaFX Application Thread] DEBUG AppStateMachine      - MainMenuState <- DialogSubState
20:18:24.182 [JavaFX Application Thread] DEBUG FXGL.SaveLoadManager - Loading profile: Saran
20:18:24.183 [JavaFX Application Thread] DEBUG IOTask               - Showing dialog
20:18:24.188 [JavaFX Application Thread] DEBUG AppStateMachine      - Push state: DialogSubState
20:18:24.188 [JavaFX Application Thread] DEBUG Input                - Clearing active input actions
20:18:24.188 [JavaFX Application Thread] DEBUG AppStateMachine      - MainMenuState -> DialogSubState
20:18:24.190 [FXGL Background Thread 1 ] DEBUG IOTask               - Executing task: readDataTask(./profiles/Saran/user.profile)
20:18:24.192 [FXGL Background Thread 1 ] DEBUG FS                   - Reading from: ./profiles/Saran/user.profile
20:18:24.213 [JavaFX Application Thread] DEBUG IOTask               - succeed(): Dismissing dialog
20:18:24.213 [JavaFX Application Thread] DEBUG AppStateMachine      - Pop state: DialogSubState
20:18:24.213 [JavaFX Application Thread] DEBUG Input                - Clearing active input actions
20:18:24.214 [JavaFX Application Thread] DEBUG AppStateMachine      - MainMenuState <- DialogSubState
20:18:24.214 [JavaFX Application Thread] DEBUG IOTask               - Task succeeded: readDataTask(./profiles/Saran/user.profile)
20:18:24.214 [JavaFX Application Thread] DEBUG EventBus             - Firing event: LoadEvent[type=LOAD_PROFILE]
20:18:24.214 [JavaFX Application Thread] DEBUG AudioPlayer          - Loading data from profile
20:18:24.214 [JavaFX Application Thread] DEBUG Bundle               - Logging bundle: audio
20:18:24.215 [JavaFX Application Thread] DEBUG Bundle               - audio.musicVolume=0.5
20:18:24.215 [JavaFX Application Thread] DEBUG Bundle               - audio.soundVolume=0.5
20:18:24.215 [JavaFX Application Thread] DEBUG Input                - Loading data from profile
20:18:24.215 [JavaFX Application Thread] DEBUG Bundle               - Logging bundle: input
20:18:24.215 [JavaFX Application Thread] DEBUG Bundle               - input.Screenshot=P
20:18:24.215 [JavaFX Application Thread] DEBUG Bundle               - input.Restart=CTRL+R
20:18:24.215 [JavaFX Application Thread] DEBUG Bundle               - input.Dev Options=CTRL+0
20:18:24.216 [JavaFX Application Thread] DEBUG Bundle               - Logging bundle: gameplayStats
20:18:24.216 [JavaFX Application Thread] DEBUG Bundle               - gameplayStats.playtime=16281817584
20:18:24.216 [JavaFX Application Thread] DEBUG AchievementManager   - Loading data from profile
20:18:24.216 [JavaFX Application Thread] DEBUG Bundle               - Logging bundle: achievement
20:18:24.217 [JavaFX Application Thread] DEBUG FXGL.SaveLoadManager - Loading last modified save file
20:18:24.218 [JavaFX Application Thread] DEBUG FXGL.SaveLoadManager - Loading save files
20:18:24.223 [JavaFX Application Thread] DEBUG IOTask               - Showing dialog
20:18:24.226 [JavaFX Application Thread] DEBUG AppStateMachine      - Push state: DialogSubState
20:18:24.226 [JavaFX Application Thread] DEBUG Input                - Clearing active input actions
20:18:24.226 [JavaFX Application Thread] DEBUG AppStateMachine      - MainMenuState -> DialogSubState
20:18:24.228 [FXGL Background Thread 1 ] DEBUG IOTask               - Executing task: loadFileNamesTask(./profiles/Saran/saves/, true, [FileExtension(extension=.sav)])
20:18:24.229 [FXGL Background Thread 1 ] DEBUG IOTask               - Executing task: loadFileNamesTask(./profiles/Saran/saves/, true, [FileExtension(extension=.sav)])
20:18:24.230 [FXGL Background Thread 1 ] DEBUG IOTask               - Executing task: loadFileNamesTask(./profiles/Saran/saves/, true, [FileExtension(extension=.sav)])
20:18:24.235 [FXGL Background Thread 1 ] DEBUG IOTask               - Executing task: readSaveFiles
20:18:24.238 [FXGL Background Thread 1 ] DEBUG IOTask               - Executing task: findLastSave
20:18:24.253 [JavaFX Application Thread] DEBUG IOTask               - fail(): Dismissing dialog
20:18:24.253 [JavaFX Application Thread] DEBUG AppStateMachine      - Pop state: DialogSubState
20:18:24.253 [JavaFX Application Thread] DEBUG Input                - Clearing active input actions
20:18:24.254 [JavaFX Application Thread] DEBUG AppStateMachine      - MainMenuState <- DialogSubState
20:18:24.254 [JavaFX Application Thread] WARN  IOTask               - Task failed: loadFileNamesTask(./profiles/Saran/saves/, true, [FileExtension(extension=.sav)]) Error: java.io.FileNotFoundException: No save files found
20:18:37.514 [JavaFX Application Thread] DEBUG GameApplication      - Exiting game application
20:18:37.516 [JavaFX Application Thread] DEBUG MenuEventHandler     - Creating default profile
20:18:37.516 [JavaFX Application Thread] DEBUG EventBus             - Firing event: SaveEvent
20:18:37.517 [JavaFX Application Thread] DEBUG AudioPlayer          - Saving data to profile
20:18:37.517 [JavaFX Application Thread] DEBUG Bundle               - Logging bundle: audio
20:18:37.517 [JavaFX Application Thread] DEBUG Bundle               - audio.musicVolume=0.5
20:18:37.517 [JavaFX Application Thread] DEBUG Bundle               - audio.soundVolume=0.5
20:18:37.517 [JavaFX Application Thread] DEBUG Input                - Saving data to profile
20:18:37.517 [JavaFX Application Thread] DEBUG Bundle               - Logging bundle: input
20:18:37.518 [JavaFX Application Thread] DEBUG Bundle               - input.Screenshot=P
20:18:37.518 [JavaFX Application Thread] DEBUG Bundle               - input.Restart=CTRL+R
20:18:37.518 [JavaFX Application Thread] DEBUG Bundle               - input.Dev Options=CTRL+0
20:18:37.518 [JavaFX Application Thread] DEBUG Bundle               - Logging bundle: gameplayStats
20:18:37.518 [JavaFX Application Thread] DEBUG Bundle               - gameplayStats.playtime=16281817584
20:18:37.518 [JavaFX Application Thread] DEBUG AchievementManager   - Saving data to profile
20:18:37.518 [JavaFX Application Thread] DEBUG Bundle               - Logging bundle: achievement
20:18:37.518 [JavaFX Application Thread] DEBUG FXGL.SaveLoadManager - Saving profile: Saran
20:18:37.521 [JavaFX Application Thread] DEBUG IOTask               - Executing task: writeDataTask(./profiles/Saran/user.profile)
20:18:37.521 [JavaFX Application Thread] DEBUG IOTask               - Executing task: writeDataTask(./profiles/Saran/user.profile)
20:18:37.524 [JavaFX Application Thread] DEBUG FS                   - Writing to: ./profiles/Saran/user.profile
20:18:37.528 [JavaFX Application Thread] DEBUG IOTask               - Executing task: checkSavesDir(./profiles/Saran/saves/)
20:18:37.528 [JavaFX Application Thread] DEBUG IOTask               - Task succeeded: writeDataTask(./profiles/Saran/user.profile)
20:18:37.528 [JavaFX Application Thread] DEBUG GameApplication      - Shutting down background threads
20:18:37.528 [JavaFX Application Thread] DEBUG GameApplication      - Exiting FXGL
20:18:37.528 [JavaFX Application Thread] DEBUG FXGL                 - Saving FXGL system data
20:18:37.529 [JavaFX Application Thread] DEBUG IOTask               - Executing task: writeDataTask(system/fxgl.bundle)
20:18:37.530 [JavaFX Application Thread] DEBUG FS                   - Writing to: system/fxgl.bundle
20:18:37.533 [JavaFX Application Thread] DEBUG IOTask               - Task succeeded: writeDataTask(system/fxgl.bundle)
20:18:37.533 [JavaFX Application Thread] DEBUG GameApplication      - Closing logger and exiting JavaFX
