21:34:30.045 [JavaFX Application Thread] DEBUG GameApplication      - Logger initialized
21:34:30.061 [JavaFX Application Thread] DEBUG MainWindow           - Creating a JavaFX scene
21:34:30.294 [JavaFX Application Thread] DEBUG MainWindow           - Target settings size: 1200.0 x 700.0
21:34:30.294 [JavaFX Application Thread] DEBUG MainWindow           - Scaled scene size:    1200.0 x 700.0
21:34:30.296 [JavaFX Application Thread] DEBUG MainWindow           - Scaled ratio: (1.0, 1.0)
21:34:30.889 [JavaFX Application Thread] DEBUG GameApplication      - Starting FXGL
21:34:31.039 [FXGL Launcher Thread     ] INFO  Version              - FXGL-0.4.3
21:34:31.040 [FXGL Launcher Thread     ] INFO  Version              - Source code and latest versions at: https://github.com/AlmasB/FXGL
21:34:31.041 [FXGL Launcher Thread     ] INFO  Version              -              Join the FXGL chat at: https://gitter.im/AlmasB/FXGL
21:34:31.042 [FXGL Launcher Thread     ] DEBUG FXGL                 - Loading FXGL system data
21:34:31.053 [FXGL Launcher Thread     ] DEBUG IOTask               - Executing task: readDataTask(system/fxgl.bundle)
21:34:31.089 [FXGL Launcher Thread     ] DEBUG FS                   - Reading from: system/fxgl.bundle
21:34:31.121 [FXGL Launcher Thread     ] DEBUG IOTask               - Task succeeded: readDataTask(system/fxgl.bundle)
21:34:31.121 [FXGL Launcher Thread     ] DEBUG Bundle               - Logging bundle: FXGL
21:34:31.123 [FXGL Launcher Thread     ] DEBUG Bundle               - FXGL.offline.timer.version.check=2018-04-03T17:47:05.133
21:34:31.168 [FXGL Launcher Thread     ] DEBUG GameApplication      - FXGL started
21:34:31.169 [FXGL Launcher Thread     ] DEBUG GameApplication      - Logging game settings
Title: Flash-Run
Version: 3.0
Width: 1200
Height: 700
Fullscreen: false
Intro: false
Menus: true
Profiling: false
Single step:false
App Mode: DEVELOPER
Menu Key: ESCAPE
Stage Style: DECORATED
Scene Factory: class sample.MainMenu
Dialog Factory: class com.almasb.fxgl.ui.FXGLDialogFactory
UI Factory: class com.almasb.fxgl.ui.FXGLUIFactory
Notification Service: class com.almasb.fxgl.gameplay.notification.XboxNotificationView
Exception Handler: class com.almasb.fxgl.app.FXGLExceptionHandler
21:34:31.170 [FXGL Launcher Thread     ] DEBUG GameApplication      - Configuring GameApplication
21:34:31.171 [FXGL Launcher Thread     ] DEBUG GameApplication      - Initializing state machine and application states
21:34:31.199 [FXGL Launcher Thread     ] DEBUG AssetLoader          - Loading from disk: /assets/ui/cursors/fxgl_default.png
21:34:31.283 [FXGL Launcher Thread     ] DEBUG AssetLoader          - Loading from disk: /assets/ui/cursors/fxgl_default.png
21:34:31.295 [FXGL Launcher Thread     ] DEBUG AssetLoader          - Loading from disk: /assets/ui/cursors/fxgl_default.png
21:34:31.326 [FXGL Launcher Thread     ] DEBUG AssetLoader          - Loading from disk: /assets/sounds/core/notification.wav
21:34:31.485 [FXGL Launcher Thread     ] DEBUG AssetLoader          - Loading from disk: /assets/sounds/menu/select.wav
21:34:31.491 [FXGL Launcher Thread     ] DEBUG AssetLoader          - Loading from disk: /assets/sounds/menu/back.wav
21:34:31.506 [FXGL Launcher Thread     ] DEBUG AssetLoader          - Loading from disk: /assets/sounds/menu/press.wav
21:34:31.516 [FXGL Launcher Thread     ] DEBUG AssetLoader          - Loading from disk: /assets/ui/fonts/VarelaRound-Regular.ttf
21:34:31.551 [FXGL Launcher Thread     ] DEBUG AssetLoader          - Loading from disk: /assets/ui/fonts/lucida_console.ttf
21:34:31.559 [FXGL Launcher Thread     ] DEBUG AssetLoader          - Loading from disk: /assets/ui/css/fxgl_dark.css
21:34:31.560 [FXGL Launcher Thread     ] DEBUG AssetLoader          - Loading from disk: /assets/ui/icons/fxgl_icon.png
21:34:31.592 [FXGL Launcher Thread     ] DEBUG AssetLoader          - Loading from disk: /assets/ui/cursors/fxgl_default.png
21:34:31.634 [FXGL Launcher Thread     ] DEBUG FXGL.GameScene       - Game scene initialized: 1200x700
21:34:31.640 [FXGL Launcher Thread     ] DEBUG FXGL.GameWorld       - Game world initialized
21:34:31.765 [FXGL Launcher Thread     ] DEBUG PhysicsWorld         - Physics world initialized: appHeight=700, physics.ppm=50.0
21:34:31.807 [FXGL Launcher Thread     ] DEBUG AssetLoader          - Loading from disk: /assets/ui/cursors/fxgl_default.png
21:34:31.810 [FXGL Launcher Thread     ] DEBUG AssetLoader          - Loading from disk: /assets/textures/Flash-Run_BG_2.png
21:34:32.129 [FXGL Launcher Thread     ] DEBUG FXGL.Menu            - createMenuBodyMainMenu()
21:34:32.148 [FXGL Launcher Thread     ] DEBUG AssetLoader          - Loading from disk: /assets/properties/languages/english.properties
21:34:32.155 [FXGL Launcher Thread     ] DEBUG AssetLoader          - Loading from cache: /assets/properties/languages/english.properties
21:34:32.155 [FXGL Launcher Thread     ] DEBUG FXGL.Menu            - createOptionsMenu()
21:34:32.155 [FXGL Launcher Thread     ] DEBUG AssetLoader          - Loading from cache: /assets/properties/languages/english.properties
21:34:32.159 [FXGL Launcher Thread     ] DEBUG AssetLoader          - Loading from cache: /assets/properties/languages/english.properties
21:34:32.161 [FXGL Launcher Thread     ] DEBUG AssetLoader          - Loading from cache: /assets/properties/languages/english.properties
21:34:32.162 [FXGL Launcher Thread     ] DEBUG AssetLoader          - Loading from cache: /assets/properties/languages/english.properties
21:34:32.164 [FXGL Launcher Thread     ] DEBUG AssetLoader          - Loading from cache: /assets/properties/languages/english.properties
21:34:32.177 [FXGL Launcher Thread     ] DEBUG AssetLoader          - Loading from cache: /assets/properties/languages/english.properties
21:34:32.179 [FXGL Launcher Thread     ] DEBUG AssetLoader          - Loading from cache: /assets/properties/languages/english.properties
21:34:32.182 [FXGL Launcher Thread     ] DEBUG AssetLoader          - Loading from cache: /assets/properties/languages/english.properties
21:34:32.184 [FXGL Launcher Thread     ] DEBUG AssetLoader          - Loading from disk: /assets/ui/cursors/fxgl_default.png
21:34:32.186 [FXGL Launcher Thread     ] DEBUG AssetLoader          - Loading from cache: /assets/textures/Flash-Run_BG_2.png
21:34:32.186 [FXGL Launcher Thread     ] DEBUG FXGL.Menu            - createMenuBodyGameMenu()
21:34:32.187 [FXGL Launcher Thread     ] DEBUG AssetLoader          - Loading from cache: /assets/properties/languages/english.properties
21:34:32.189 [FXGL Launcher Thread     ] DEBUG AssetLoader          - Loading from cache: /assets/properties/languages/english.properties
21:34:32.189 [FXGL Launcher Thread     ] DEBUG FXGL.Menu            - createOptionsMenu()
21:34:32.189 [FXGL Launcher Thread     ] DEBUG AssetLoader          - Loading from cache: /assets/properties/languages/english.properties
21:34:32.190 [FXGL Launcher Thread     ] DEBUG AssetLoader          - Loading from cache: /assets/properties/languages/english.properties
21:34:32.190 [FXGL Launcher Thread     ] DEBUG AssetLoader          - Loading from cache: /assets/properties/languages/english.properties
21:34:32.191 [FXGL Launcher Thread     ] DEBUG AssetLoader          - Loading from cache: /assets/properties/languages/english.properties
21:34:32.191 [FXGL Launcher Thread     ] DEBUG AssetLoader          - Loading from cache: /assets/properties/languages/english.properties
21:34:32.192 [FXGL Launcher Thread     ] DEBUG AssetLoader          - Loading from cache: /assets/properties/languages/english.properties
21:34:32.193 [FXGL Launcher Thread     ] DEBUG AssetLoader          - Loading from cache: /assets/properties/languages/english.properties
21:34:32.203 [FXGL Launcher Thread     ] INFO  GameApplication      - Game configuration took:  1.032 sec
21:34:32.207 [JavaFX Application Thread] DEBUG MainWindow           - Opening main window
21:34:32.275 [JavaFX Application Thread] DEBUG MainWindow           - Window border size: (0.0, 22.0)
21:34:32.275 [JavaFX Application Thread] DEBUG MainWindow           - Scaled size: 1200.0 x 700.0
21:34:32.276 [JavaFX Application Thread] DEBUG MainWindow           - Scaled ratio: (1.0, 1.0)
21:34:32.276 [JavaFX Application Thread] DEBUG MainWindow           - Scene size: 1200.0 x 700.0
21:34:32.276 [JavaFX Application Thread] DEBUG MainWindow           - Stage size: 1200.0 x 722.0
21:34:32.276 [JavaFX Application Thread] DEBUG GameApplication      - Running preInit()
21:34:32.279 [JavaFX Application Thread] DEBUG AnnotationParser     - Main app package name: sample
21:34:32.411 [JavaFX Application Thread] DEBUG AnnotationParser     - @SetAchievementStore: []
21:34:32.457 [JavaFX Application Thread] DEBUG Input                - Registered new binding: Screenshot - P
21:34:32.458 [JavaFX Application Thread] DEBUG Input                - Registered new binding: Dev Options - CTRL+0
21:34:32.459 [JavaFX Application Thread] DEBUG Input                - Registered new binding: Restart - CTRL+R
21:34:32.460 [JavaFX Application Thread] DEBUG AssetLoader          - Loading from disk: /assets/sounds/flash-theme.wav
21:34:32.788 [JavaFX Application Thread] DEBUG MenuEventHandler     - generateDefaultProfile()
21:34:32.789 [JavaFX Application Thread] DEBUG MenuEventHandler     - Creating default profile
21:34:32.789 [JavaFX Application Thread] DEBUG EventBus             - Firing event: SaveEvent
21:34:32.791 [JavaFX Application Thread] DEBUG AudioPlayer          - Saving data to profile
21:34:32.792 [JavaFX Application Thread] DEBUG Bundle               - Logging bundle: audio
21:34:32.792 [JavaFX Application Thread] DEBUG Bundle               - audio.musicVolume=0.5
21:34:32.792 [JavaFX Application Thread] DEBUG Bundle               - audio.soundVolume=0.5
21:34:32.792 [JavaFX Application Thread] DEBUG Input                - Saving data to profile
21:34:32.793 [JavaFX Application Thread] DEBUG Bundle               - Logging bundle: input
21:34:32.793 [JavaFX Application Thread] DEBUG Bundle               - input.Screenshot=P
21:34:32.793 [JavaFX Application Thread] DEBUG Bundle               - input.Restart=CTRL+R
21:34:32.793 [JavaFX Application Thread] DEBUG Bundle               - input.Dev Options=CTRL+0
21:34:32.798 [JavaFX Application Thread] DEBUG Bundle               - Logging bundle: gameplayStats
21:34:32.799 [JavaFX Application Thread] DEBUG Bundle               - gameplayStats.playtime=0
21:34:32.800 [JavaFX Application Thread] DEBUG AchievementManager   - Saving data to profile
21:34:32.801 [JavaFX Application Thread] DEBUG Bundle               - Logging bundle: achievement
21:34:32.883 [JavaFX Application Thread] DEBUG GameApplication      - Starting main loop
21:34:32.907 [JavaFX Application Thread] DEBUG StartupState         - STARTUP
21:34:32.908 [JavaFX Application Thread] DEBUG Input                - Clearing active input actions
21:34:32.967 [JavaFX Application Thread] DEBUG AppStateMachine      - StartupState -> MainMenuState
21:34:32.978 [JavaFX Application Thread] DEBUG FXGL.SaveLoadManager - Checking profiles dir: profiles/
21:34:32.978 [JavaFX Application Thread] DEBUG FXGL.SaveLoadManager - Loading profile names
21:34:32.983 [JavaFX Application Thread] DEBUG IOTask               - Showing dialog
21:34:32.989 [JavaFX Application Thread] DEBUG AppStateMachine      - Push state: DialogSubState
21:34:32.990 [JavaFX Application Thread] DEBUG Input                - Clearing active input actions
21:34:32.990 [JavaFX Application Thread] DEBUG AppStateMachine      - MainMenuState -> DialogSubState
21:34:33.001 [FXGL Background Thread 1 ] DEBUG IOTask               - Executing task: loadDirectoryNamesTask(./profiles/, false)
21:34:33.318 [JavaFX Application Thread] DEBUG IOTask               - succeed(): Dismissing dialog
21:34:33.318 [JavaFX Application Thread] DEBUG AppStateMachine      - Pop state: DialogSubState
21:34:33.318 [JavaFX Application Thread] DEBUG Input                - Clearing active input actions
21:34:33.319 [JavaFX Application Thread] DEBUG AppStateMachine      - MainMenuState <- DialogSubState
21:34:33.319 [JavaFX Application Thread] DEBUG IOTask               - Task succeeded: loadDirectoryNamesTask(./profiles/, false)
21:34:33.323 [JavaFX Application Thread] DEBUG AppStateMachine      - Push state: DialogSubState
21:34:33.323 [JavaFX Application Thread] DEBUG Input                - Clearing active input actions
21:34:33.324 [JavaFX Application Thread] DEBUG AppStateMachine      - MainMenuState -> DialogSubState
21:34:34.475 [JavaFX Application Thread] DEBUG AppStateMachine      - Pop state: DialogSubState
21:34:34.475 [JavaFX Application Thread] DEBUG Input                - Clearing active input actions
21:34:34.477 [JavaFX Application Thread] DEBUG AppStateMachine      - MainMenuState <- DialogSubState
21:34:34.478 [JavaFX Application Thread] DEBUG FXGL.SaveLoadManager - Loading profile: Saran
21:34:34.480 [JavaFX Application Thread] DEBUG IOTask               - Showing dialog
21:34:34.484 [JavaFX Application Thread] DEBUG AppStateMachine      - Push state: DialogSubState
21:34:34.485 [JavaFX Application Thread] DEBUG Input                - Clearing active input actions
21:34:34.485 [JavaFX Application Thread] DEBUG AppStateMachine      - MainMenuState -> DialogSubState
21:34:34.488 [FXGL Background Thread 1 ] DEBUG IOTask               - Executing task: readDataTask(./profiles/Saran/user.profile)
21:34:34.489 [FXGL Background Thread 1 ] DEBUG FS                   - Reading from: ./profiles/Saran/user.profile
21:34:34.508 [JavaFX Application Thread] DEBUG IOTask               - succeed(): Dismissing dialog
21:34:34.508 [JavaFX Application Thread] DEBUG AppStateMachine      - Pop state: DialogSubState
21:34:34.509 [JavaFX Application Thread] DEBUG Input                - Clearing active input actions
21:34:34.509 [JavaFX Application Thread] DEBUG AppStateMachine      - MainMenuState <- DialogSubState
21:34:34.509 [JavaFX Application Thread] DEBUG IOTask               - Task succeeded: readDataTask(./profiles/Saran/user.profile)
21:34:34.510 [JavaFX Application Thread] DEBUG EventBus             - Firing event: LoadEvent[type=LOAD_PROFILE]
21:34:34.515 [JavaFX Application Thread] DEBUG AudioPlayer          - Loading data from profile
21:34:34.515 [JavaFX Application Thread] DEBUG Bundle               - Logging bundle: audio
21:34:34.516 [JavaFX Application Thread] DEBUG Bundle               - audio.musicVolume=0.5
21:34:34.516 [JavaFX Application Thread] DEBUG Bundle               - audio.soundVolume=0.5
21:34:34.516 [JavaFX Application Thread] DEBUG Input                - Loading data from profile
21:34:34.516 [JavaFX Application Thread] DEBUG Bundle               - Logging bundle: input
21:34:34.516 [JavaFX Application Thread] DEBUG Bundle               - input.Screenshot=P
21:34:34.516 [JavaFX Application Thread] DEBUG Bundle               - input.Restart=CTRL+R
21:34:34.517 [JavaFX Application Thread] DEBUG Bundle               - input.Dev Options=CTRL+0
21:34:34.517 [JavaFX Application Thread] DEBUG Bundle               - Logging bundle: gameplayStats
21:34:34.517 [JavaFX Application Thread] DEBUG Bundle               - gameplayStats.playtime=164323657692
21:34:34.517 [JavaFX Application Thread] DEBUG AchievementManager   - Loading data from profile
21:34:34.517 [JavaFX Application Thread] DEBUG Bundle               - Logging bundle: achievement
21:34:34.520 [JavaFX Application Thread] DEBUG FXGL.SaveLoadManager - Loading last modified save file
21:34:34.520 [JavaFX Application Thread] DEBUG FXGL.SaveLoadManager - Loading save files
21:34:34.523 [JavaFX Application Thread] DEBUG IOTask               - Showing dialog
21:34:34.524 [JavaFX Application Thread] DEBUG AppStateMachine      - Push state: DialogSubState
21:34:34.524 [JavaFX Application Thread] DEBUG Input                - Clearing active input actions
21:34:34.525 [JavaFX Application Thread] DEBUG AppStateMachine      - MainMenuState -> DialogSubState
21:34:34.527 [FXGL Background Thread 1 ] DEBUG IOTask               - Executing task: loadFileNamesTask(./profiles/Saran/saves/, true, [FileExtension(extension=.sav)])
21:34:34.527 [FXGL Background Thread 1 ] DEBUG IOTask               - Executing task: loadFileNamesTask(./profiles/Saran/saves/, true, [FileExtension(extension=.sav)])
21:34:34.527 [FXGL Background Thread 1 ] DEBUG IOTask               - Executing task: loadFileNamesTask(./profiles/Saran/saves/, true, [FileExtension(extension=.sav)])
21:34:34.531 [FXGL Background Thread 1 ] DEBUG IOTask               - Executing task: readSaveFiles
21:34:34.534 [FXGL Background Thread 1 ] DEBUG IOTask               - Executing task: findLastSave
21:34:34.548 [JavaFX Application Thread] DEBUG IOTask               - fail(): Dismissing dialog
21:34:34.548 [JavaFX Application Thread] DEBUG AppStateMachine      - Pop state: DialogSubState
21:34:34.548 [JavaFX Application Thread] DEBUG Input                - Clearing active input actions
21:34:34.549 [JavaFX Application Thread] DEBUG AppStateMachine      - MainMenuState <- DialogSubState
21:34:34.549 [JavaFX Application Thread] WARN  IOTask               - Task failed: loadFileNamesTask(./profiles/Saran/saves/, true, [FileExtension(extension=.sav)]) Error: java.io.FileNotFoundException: No save files found
21:34:36.793 [JavaFX Application Thread] DEBUG FXGL.Menu            - fireNewGame()
21:34:36.793 [JavaFX Application Thread] DEBUG GameApplication      - Starting new game
21:34:36.793 [JavaFX Application Thread] DEBUG Input                - Clearing active input actions
21:34:36.806 [JavaFX Application Thread] DEBUG AppStateMachine      - MainMenuState -> LoadingState
21:34:36.808 [JavaFX Application Thread] DEBUG AnnotationParser     - Main app package name: sample
21:34:36.808 [JavaFX Application Thread] DEBUG InitAppTask          - Parsing annotations
21:34:36.861 [JavaFX Application Thread] DEBUG AnnotationParser     - @AddCollisionHandler: []
21:34:36.861 [JavaFX Application Thread] DEBUG AnnotationParser     - @SetEventHandler: []
21:34:36.862 [JavaFX Application Thread] DEBUG AnnotationParser     - @SetEntityFactory: []
21:34:36.863 [FXGL Background Thread 1 ] DEBUG InitAppTask          - Clearing previous game
21:34:36.863 [FXGL Background Thread 1 ] DEBUG FXGL.GameWorld       - Clearing game world
21:34:36.863 [FXGL Background Thread 1 ] DEBUG PhysicsWorld         - Clearing physics world
21:34:36.863 [FXGL Background Thread 1 ] DEBUG FXGL.GameScene       - Clearing game scene
21:34:36.864 [FXGL Background Thread 1 ] DEBUG InitAppTask          - Initializing Assets
21:34:36.866 [FXGL Background Thread 1 ] DEBUG InitAppTask          - Initializing Game
21:34:36.867 [FXGL Background Thread 1 ] DEBUG AudioPlayer          - Stopping all sounds
21:34:37.020 [FXGL Background Thread 1 ] DEBUG AssetLoader          - Loading from disk: /assets/textures/dark-flash_barry.png
21:34:37.029 [FXGL Background Thread 1 ] DEBUG FXGL.GameScene       - Creating render group for layer: DEFAULT(100000)
21:34:37.035 [FXGL Background Thread 1 ] DEBUG InitAppTask          - Initializing Physics
21:34:37.035 [FXGL Background Thread 1 ] DEBUG InitAppTask          - Initializing UI
21:34:37.035 [FXGL Background Thread 1 ] DEBUG InitAppTask          - Initialization Complete
21:34:37.036 [FXGL Background Thread 1 ] INFO  InitAppTask          - Game initialization took: 0.172 sec
21:34:37.051 [JavaFX Application Thread] DEBUG Input                - Clearing active input actions
21:34:37.057 [JavaFX Application Thread] DEBUG AppStateMachine      - LoadingState -> PlayState
21:34:39.019 [JavaFX Application Thread] DEBUG GameApplication      - Exiting game application
21:34:39.021 [JavaFX Application Thread] DEBUG MenuEventHandler     - Creating default profile
21:34:39.021 [JavaFX Application Thread] DEBUG EventBus             - Firing event: SaveEvent
21:34:39.021 [JavaFX Application Thread] DEBUG AudioPlayer          - Saving data to profile
21:34:39.021 [JavaFX Application Thread] DEBUG Bundle               - Logging bundle: audio
21:34:39.022 [JavaFX Application Thread] DEBUG Bundle               - audio.musicVolume=0.5
21:34:39.022 [JavaFX Application Thread] DEBUG Bundle               - audio.soundVolume=0.5
21:34:39.022 [JavaFX Application Thread] DEBUG Input                - Saving data to profile
21:34:39.022 [JavaFX Application Thread] DEBUG Bundle               - Logging bundle: input
21:34:39.022 [JavaFX Application Thread] DEBUG Bundle               - input.Screenshot=P
21:34:39.022 [JavaFX Application Thread] DEBUG Bundle               - input.Restart=CTRL+R
21:34:39.023 [JavaFX Application Thread] DEBUG Bundle               - input.Dev Options=CTRL+0
21:34:39.023 [JavaFX Application Thread] DEBUG Bundle               - Logging bundle: gameplayStats
21:34:39.023 [JavaFX Application Thread] DEBUG Bundle               - gameplayStats.playtime=166273657614
21:34:39.023 [JavaFX Application Thread] DEBUG AchievementManager   - Saving data to profile
21:34:39.023 [JavaFX Application Thread] DEBUG Bundle               - Logging bundle: achievement
21:34:39.024 [JavaFX Application Thread] DEBUG FXGL.SaveLoadManager - Saving profile: Saran
21:34:39.027 [JavaFX Application Thread] DEBUG IOTask               - Executing task: writeDataTask(./profiles/Saran/user.profile)
21:34:39.028 [JavaFX Application Thread] DEBUG IOTask               - Executing task: writeDataTask(./profiles/Saran/user.profile)
21:34:39.033 [JavaFX Application Thread] DEBUG FS                   - Writing to: ./profiles/Saran/user.profile
21:34:39.038 [JavaFX Application Thread] DEBUG IOTask               - Executing task: checkSavesDir(./profiles/Saran/saves/)
21:34:39.038 [JavaFX Application Thread] DEBUG IOTask               - Task succeeded: writeDataTask(./profiles/Saran/user.profile)
21:34:39.038 [JavaFX Application Thread] DEBUG GameApplication      - Shutting down background threads
21:34:39.039 [JavaFX Application Thread] DEBUG GameApplication      - Exiting FXGL
21:34:39.039 [JavaFX Application Thread] DEBUG FXGL                 - Saving FXGL system data
21:34:39.040 [JavaFX Application Thread] DEBUG IOTask               - Executing task: writeDataTask(system/fxgl.bundle)
21:34:39.040 [JavaFX Application Thread] DEBUG FS                   - Writing to: system/fxgl.bundle
21:34:39.044 [JavaFX Application Thread] DEBUG IOTask               - Task succeeded: writeDataTask(system/fxgl.bundle)
21:34:39.044 [JavaFX Application Thread] DEBUG GameApplication      - Closing logger and exiting JavaFX
