20:27:13.736 [JavaFX Application Thread] DEBUG GameApplication      - Logger initialized
20:27:13.749 [JavaFX Application Thread] DEBUG MainWindow           - Creating a JavaFX scene
20:27:13.931 [JavaFX Application Thread] DEBUG MainWindow           - Target settings size: 1200.0 x 700.0
20:27:13.932 [JavaFX Application Thread] DEBUG MainWindow           - Scaled scene size:    1200.0 x 700.0
20:27:13.932 [JavaFX Application Thread] DEBUG MainWindow           - Scaled ratio: (1.0, 1.0)
20:27:14.449 [JavaFX Application Thread] DEBUG GameApplication      - Starting FXGL
20:27:14.578 [FXGL Launcher Thread     ] INFO  Version              - FXGL-0.4.3
20:27:14.581 [FXGL Launcher Thread     ] INFO  Version              - Source code and latest versions at: https://github.com/AlmasB/FXGL
20:27:14.581 [FXGL Launcher Thread     ] INFO  Version              -              Join the FXGL chat at: https://gitter.im/AlmasB/FXGL
20:27:14.583 [FXGL Launcher Thread     ] DEBUG FXGL                 - Loading FXGL system data
20:27:14.595 [FXGL Launcher Thread     ] DEBUG IOTask               - Executing task: readDataTask(system/fxgl.bundle)
20:27:14.631 [FXGL Launcher Thread     ] DEBUG FS                   - Reading from: system/fxgl.bundle
20:27:14.651 [FXGL Launcher Thread     ] DEBUG IOTask               - Task succeeded: readDataTask(system/fxgl.bundle)
20:27:14.652 [FXGL Launcher Thread     ] DEBUG Bundle               - Logging bundle: FXGL
20:27:14.653 [FXGL Launcher Thread     ] DEBUG Bundle               - FXGL.offline.timer.version.check=2018-04-03T17:47:05.133
20:27:14.747 [FXGL Launcher Thread     ] DEBUG GameApplication      - FXGL started
20:27:14.747 [FXGL Launcher Thread     ] DEBUG GameApplication      - Logging game settings
Title: Flash-Run
Version: 3.0
Width: 1200
Height: 700
Fullscreen: false
Intro: false
Menus: true
Profiling: false
Single step:false
App Mode: DEVELOPER
Menu Key: ESCAPE
Stage Style: DECORATED
Scene Factory: class sample.MainMenu
Dialog Factory: class com.almasb.fxgl.ui.FXGLDialogFactory
UI Factory: class com.almasb.fxgl.ui.FXGLUIFactory
Notification Service: class com.almasb.fxgl.gameplay.notification.XboxNotificationView
Exception Handler: class com.almasb.fxgl.app.FXGLExceptionHandler
20:27:14.753 [FXGL Launcher Thread     ] DEBUG GameApplication      - Configuring GameApplication
20:27:14.754 [FXGL Launcher Thread     ] DEBUG GameApplication      - Initializing state machine and application states
20:27:14.777 [FXGL Launcher Thread     ] DEBUG AssetLoader          - Loading from disk: /assets/ui/cursors/fxgl_default.png
20:27:14.836 [FXGL Launcher Thread     ] DEBUG AssetLoader          - Loading from disk: /assets/ui/cursors/fxgl_default.png
20:27:14.845 [FXGL Launcher Thread     ] DEBUG AssetLoader          - Loading from disk: /assets/ui/cursors/fxgl_default.png
20:27:14.875 [FXGL Launcher Thread     ] DEBUG AssetLoader          - Loading from disk: /assets/sounds/core/notification.wav
20:27:14.978 [FXGL Launcher Thread     ] DEBUG AssetLoader          - Loading from disk: /assets/sounds/menu/select.wav
20:27:14.986 [FXGL Launcher Thread     ] DEBUG AssetLoader          - Loading from disk: /assets/sounds/menu/back.wav
20:27:14.994 [FXGL Launcher Thread     ] DEBUG AssetLoader          - Loading from disk: /assets/sounds/menu/press.wav
20:27:14.998 [FXGL Launcher Thread     ] DEBUG AssetLoader          - Loading from disk: /assets/ui/fonts/VarelaRound-Regular.ttf
20:27:15.028 [FXGL Launcher Thread     ] DEBUG AssetLoader          - Loading from disk: /assets/ui/fonts/lucida_console.ttf
20:27:15.037 [FXGL Launcher Thread     ] DEBUG AssetLoader          - Loading from disk: /assets/ui/css/fxgl_dark.css
20:27:15.038 [FXGL Launcher Thread     ] DEBUG AssetLoader          - Loading from disk: /assets/ui/icons/fxgl_icon.png
20:27:15.094 [FXGL Launcher Thread     ] DEBUG AssetLoader          - Loading from disk: /assets/ui/cursors/fxgl_default.png
20:27:15.141 [FXGL Launcher Thread     ] DEBUG FXGL.GameScene       - Game scene initialized: 1200x700
20:27:15.154 [FXGL Launcher Thread     ] DEBUG FXGL.GameWorld       - Game world initialized
20:27:15.278 [FXGL Launcher Thread     ] DEBUG PhysicsWorld         - Physics world initialized: appHeight=700, physics.ppm=50.0
20:27:15.312 [FXGL Launcher Thread     ] DEBUG AssetLoader          - Loading from disk: /assets/ui/cursors/fxgl_default.png
20:27:15.315 [FXGL Launcher Thread     ] DEBUG AssetLoader          - Loading from disk: /assets/textures/Flash-Run_BG_2.png
20:27:15.390 [FXGL Launcher Thread     ] DEBUG FXGL.Menu            - createMenuBodyMainMenu()
20:27:15.404 [FXGL Launcher Thread     ] DEBUG AssetLoader          - Loading from disk: /assets/properties/languages/english.properties
20:27:15.406 [FXGL Launcher Thread     ] DEBUG AssetLoader          - Loading from cache: /assets/properties/languages/english.properties
20:27:15.406 [FXGL Launcher Thread     ] DEBUG FXGL.Menu            - createOptionsMenu()
20:27:15.406 [FXGL Launcher Thread     ] DEBUG AssetLoader          - Loading from cache: /assets/properties/languages/english.properties
20:27:15.408 [FXGL Launcher Thread     ] DEBUG AssetLoader          - Loading from cache: /assets/properties/languages/english.properties
20:27:15.409 [FXGL Launcher Thread     ] DEBUG AssetLoader          - Loading from cache: /assets/properties/languages/english.properties
20:27:15.410 [FXGL Launcher Thread     ] DEBUG AssetLoader          - Loading from cache: /assets/properties/languages/english.properties
20:27:15.411 [FXGL Launcher Thread     ] DEBUG AssetLoader          - Loading from cache: /assets/properties/languages/english.properties
20:27:15.412 [FXGL Launcher Thread     ] DEBUG AssetLoader          - Loading from cache: /assets/properties/languages/english.properties
20:27:15.414 [FXGL Launcher Thread     ] DEBUG AssetLoader          - Loading from cache: /assets/properties/languages/english.properties
20:27:15.415 [FXGL Launcher Thread     ] DEBUG AssetLoader          - Loading from cache: /assets/properties/languages/english.properties
20:27:15.416 [FXGL Launcher Thread     ] DEBUG AssetLoader          - Loading from disk: /assets/ui/cursors/fxgl_default.png
20:27:15.418 [FXGL Launcher Thread     ] DEBUG AssetLoader          - Loading from cache: /assets/textures/Flash-Run_BG_2.png
20:27:15.419 [FXGL Launcher Thread     ] DEBUG FXGL.Menu            - createMenuBodyGameMenu()
20:27:15.420 [FXGL Launcher Thread     ] DEBUG AssetLoader          - Loading from cache: /assets/properties/languages/english.properties
20:27:15.421 [FXGL Launcher Thread     ] DEBUG AssetLoader          - Loading from cache: /assets/properties/languages/english.properties
20:27:15.421 [FXGL Launcher Thread     ] DEBUG FXGL.Menu            - createOptionsMenu()
20:27:15.421 [FXGL Launcher Thread     ] DEBUG AssetLoader          - Loading from cache: /assets/properties/languages/english.properties
20:27:15.421 [FXGL Launcher Thread     ] DEBUG AssetLoader          - Loading from cache: /assets/properties/languages/english.properties
20:27:15.422 [FXGL Launcher Thread     ] DEBUG AssetLoader          - Loading from cache: /assets/properties/languages/english.properties
20:27:15.422 [FXGL Launcher Thread     ] DEBUG AssetLoader          - Loading from cache: /assets/properties/languages/english.properties
20:27:15.422 [FXGL Launcher Thread     ] DEBUG AssetLoader          - Loading from cache: /assets/properties/languages/english.properties
20:27:15.423 [FXGL Launcher Thread     ] DEBUG AssetLoader          - Loading from cache: /assets/properties/languages/english.properties
20:27:15.424 [FXGL Launcher Thread     ] DEBUG AssetLoader          - Loading from cache: /assets/properties/languages/english.properties
20:27:15.432 [FXGL Launcher Thread     ] INFO  GameApplication      - Game configuration took:  0.678 sec
20:27:15.435 [JavaFX Application Thread] DEBUG MainWindow           - Opening main window
20:27:15.503 [JavaFX Application Thread] DEBUG MainWindow           - Window border size: (0.0, 22.0)
20:27:15.503 [JavaFX Application Thread] DEBUG MainWindow           - Scaled size: 1200.0 x 700.0
20:27:15.503 [JavaFX Application Thread] DEBUG MainWindow           - Scaled ratio: (1.0, 1.0)
20:27:15.504 [JavaFX Application Thread] DEBUG MainWindow           - Scene size: 1200.0 x 700.0
20:27:15.504 [JavaFX Application Thread] DEBUG MainWindow           - Stage size: 1200.0 x 722.0
20:27:15.504 [JavaFX Application Thread] DEBUG GameApplication      - Running preInit()
20:27:15.506 [JavaFX Application Thread] DEBUG AnnotationParser     - Main app package name: sample
20:27:15.683 [JavaFX Application Thread] DEBUG AnnotationParser     - @SetAchievementStore: []
20:27:15.718 [JavaFX Application Thread] DEBUG Input                - Registered new binding: Screenshot - P
20:27:15.719 [JavaFX Application Thread] DEBUG Input                - Registered new binding: Dev Options - CTRL+0
20:27:15.719 [JavaFX Application Thread] DEBUG Input                - Registered new binding: Restart - CTRL+R
20:27:15.720 [JavaFX Application Thread] DEBUG MenuEventHandler     - generateDefaultProfile()
20:27:15.720 [JavaFX Application Thread] DEBUG MenuEventHandler     - Creating default profile
20:27:15.721 [JavaFX Application Thread] DEBUG EventBus             - Firing event: SaveEvent
20:27:15.723 [JavaFX Application Thread] DEBUG AudioPlayer          - Saving data to profile
20:27:15.723 [JavaFX Application Thread] DEBUG Bundle               - Logging bundle: audio
20:27:15.723 [JavaFX Application Thread] DEBUG Bundle               - audio.musicVolume=0.5
20:27:15.724 [JavaFX Application Thread] DEBUG Bundle               - audio.soundVolume=0.5
20:27:15.724 [JavaFX Application Thread] DEBUG Input                - Saving data to profile
20:27:15.724 [JavaFX Application Thread] DEBUG Bundle               - Logging bundle: input
20:27:15.724 [JavaFX Application Thread] DEBUG Bundle               - input.Screenshot=P
20:27:15.724 [JavaFX Application Thread] DEBUG Bundle               - input.Restart=CTRL+R
20:27:15.724 [JavaFX Application Thread] DEBUG Bundle               - input.Dev Options=CTRL+0
20:27:15.727 [JavaFX Application Thread] DEBUG Bundle               - Logging bundle: gameplayStats
20:27:15.727 [JavaFX Application Thread] DEBUG Bundle               - gameplayStats.playtime=0
20:27:15.728 [JavaFX Application Thread] DEBUG AchievementManager   - Saving data to profile
20:27:15.729 [JavaFX Application Thread] DEBUG Bundle               - Logging bundle: achievement
20:27:15.792 [JavaFX Application Thread] DEBUG GameApplication      - Starting main loop
20:27:15.831 [JavaFX Application Thread] DEBUG StartupState         - STARTUP
20:27:15.831 [JavaFX Application Thread] DEBUG Input                - Clearing active input actions
20:27:15.872 [JavaFX Application Thread] DEBUG AppStateMachine      - StartupState -> MainMenuState
20:27:15.880 [JavaFX Application Thread] DEBUG FXGL.SaveLoadManager - Checking profiles dir: profiles/
20:27:15.881 [JavaFX Application Thread] DEBUG FXGL.SaveLoadManager - Loading profile names
20:27:15.884 [JavaFX Application Thread] DEBUG IOTask               - Showing dialog
20:27:15.890 [JavaFX Application Thread] DEBUG AppStateMachine      - Push state: DialogSubState
20:27:15.890 [JavaFX Application Thread] DEBUG Input                - Clearing active input actions
20:27:15.890 [JavaFX Application Thread] DEBUG AppStateMachine      - MainMenuState -> DialogSubState
20:27:15.896 [FXGL Background Thread 1 ] DEBUG IOTask               - Executing task: loadDirectoryNamesTask(./profiles/, false)
20:27:16.124 [JavaFX Application Thread] DEBUG IOTask               - succeed(): Dismissing dialog
20:27:16.124 [JavaFX Application Thread] DEBUG AppStateMachine      - Pop state: DialogSubState
20:27:16.124 [JavaFX Application Thread] DEBUG Input                - Clearing active input actions
20:27:16.125 [JavaFX Application Thread] DEBUG AppStateMachine      - MainMenuState <- DialogSubState
20:27:16.125 [JavaFX Application Thread] DEBUG IOTask               - Task succeeded: loadDirectoryNamesTask(./profiles/, false)
20:27:16.129 [JavaFX Application Thread] DEBUG AppStateMachine      - Push state: DialogSubState
20:27:16.129 [JavaFX Application Thread] DEBUG Input                - Clearing active input actions
20:27:16.129 [JavaFX Application Thread] DEBUG AppStateMachine      - MainMenuState -> DialogSubState
20:27:17.186 [JavaFX Application Thread] DEBUG AppStateMachine      - Pop state: DialogSubState
20:27:17.186 [JavaFX Application Thread] DEBUG Input                - Clearing active input actions
20:27:17.188 [JavaFX Application Thread] DEBUG AppStateMachine      - MainMenuState <- DialogSubState
20:27:17.188 [JavaFX Application Thread] DEBUG FXGL.SaveLoadManager - Loading profile: Saran
20:27:17.190 [JavaFX Application Thread] DEBUG IOTask               - Showing dialog
20:27:17.194 [JavaFX Application Thread] DEBUG AppStateMachine      - Push state: DialogSubState
20:27:17.194 [JavaFX Application Thread] DEBUG Input                - Clearing active input actions
20:27:17.194 [JavaFX Application Thread] DEBUG AppStateMachine      - MainMenuState -> DialogSubState
20:27:17.196 [FXGL Background Thread 1 ] DEBUG IOTask               - Executing task: readDataTask(./profiles/Saran/user.profile)
20:27:17.198 [FXGL Background Thread 1 ] DEBUG FS                   - Reading from: ./profiles/Saran/user.profile
20:27:17.216 [JavaFX Application Thread] DEBUG IOTask               - succeed(): Dismissing dialog
20:27:17.216 [JavaFX Application Thread] DEBUG AppStateMachine      - Pop state: DialogSubState
20:27:17.216 [JavaFX Application Thread] DEBUG Input                - Clearing active input actions
20:27:17.217 [JavaFX Application Thread] DEBUG AppStateMachine      - MainMenuState <- DialogSubState
20:27:17.217 [JavaFX Application Thread] DEBUG IOTask               - Task succeeded: readDataTask(./profiles/Saran/user.profile)
20:27:17.218 [JavaFX Application Thread] DEBUG EventBus             - Firing event: LoadEvent[type=LOAD_PROFILE]
20:27:17.218 [JavaFX Application Thread] DEBUG AudioPlayer          - Loading data from profile
20:27:17.218 [JavaFX Application Thread] DEBUG Bundle               - Logging bundle: audio
20:27:17.218 [JavaFX Application Thread] DEBUG Bundle               - audio.musicVolume=0.5
20:27:17.219 [JavaFX Application Thread] DEBUG Bundle               - audio.soundVolume=0.5
20:27:17.219 [JavaFX Application Thread] DEBUG Input                - Loading data from profile
20:27:17.219 [JavaFX Application Thread] DEBUG Bundle               - Logging bundle: input
20:27:17.219 [JavaFX Application Thread] DEBUG Bundle               - input.Screenshot=P
20:27:17.219 [JavaFX Application Thread] DEBUG Bundle               - input.Restart=CTRL+R
20:27:17.219 [JavaFX Application Thread] DEBUG Bundle               - input.Dev Options=CTRL+0
20:27:17.219 [JavaFX Application Thread] DEBUG Bundle               - Logging bundle: gameplayStats
20:27:17.220 [JavaFX Application Thread] DEBUG Bundle               - gameplayStats.playtime=16281817584
20:27:17.220 [JavaFX Application Thread] DEBUG AchievementManager   - Loading data from profile
20:27:17.220 [JavaFX Application Thread] DEBUG Bundle               - Logging bundle: achievement
20:27:17.221 [JavaFX Application Thread] DEBUG FXGL.SaveLoadManager - Loading last modified save file
20:27:17.221 [JavaFX Application Thread] DEBUG FXGL.SaveLoadManager - Loading save files
20:27:17.225 [JavaFX Application Thread] DEBUG IOTask               - Showing dialog
20:27:17.226 [JavaFX Application Thread] DEBUG AppStateMachine      - Push state: DialogSubState
20:27:17.226 [JavaFX Application Thread] DEBUG Input                - Clearing active input actions
20:27:17.226 [JavaFX Application Thread] DEBUG AppStateMachine      - MainMenuState -> DialogSubState
20:27:17.229 [FXGL Background Thread 1 ] DEBUG IOTask               - Executing task: loadFileNamesTask(./profiles/Saran/saves/, true, [FileExtension(extension=.sav)])
20:27:17.229 [FXGL Background Thread 1 ] DEBUG IOTask               - Executing task: loadFileNamesTask(./profiles/Saran/saves/, true, [FileExtension(extension=.sav)])
20:27:17.229 [FXGL Background Thread 1 ] DEBUG IOTask               - Executing task: loadFileNamesTask(./profiles/Saran/saves/, true, [FileExtension(extension=.sav)])
20:27:17.233 [FXGL Background Thread 1 ] DEBUG IOTask               - Executing task: readSaveFiles
20:27:17.236 [FXGL Background Thread 1 ] DEBUG IOTask               - Executing task: findLastSave
20:27:17.253 [JavaFX Application Thread] DEBUG IOTask               - fail(): Dismissing dialog
20:27:17.253 [JavaFX Application Thread] DEBUG AppStateMachine      - Pop state: DialogSubState
20:27:17.253 [JavaFX Application Thread] DEBUG Input                - Clearing active input actions
20:27:17.254 [JavaFX Application Thread] DEBUG AppStateMachine      - MainMenuState <- DialogSubState
20:27:17.254 [JavaFX Application Thread] WARN  IOTask               - Task failed: loadFileNamesTask(./profiles/Saran/saves/, true, [FileExtension(extension=.sav)]) Error: java.io.FileNotFoundException: No save files found
20:28:12.651 [JavaFX Application Thread] DEBUG GameApplication      - Exiting game application
20:28:12.652 [JavaFX Application Thread] DEBUG MenuEventHandler     - Creating default profile
20:28:12.652 [JavaFX Application Thread] DEBUG EventBus             - Firing event: SaveEvent
20:28:12.652 [JavaFX Application Thread] DEBUG AudioPlayer          - Saving data to profile
20:28:12.652 [JavaFX Application Thread] DEBUG Bundle               - Logging bundle: audio
20:28:12.652 [JavaFX Application Thread] DEBUG Bundle               - audio.musicVolume=0.5
20:28:12.653 [JavaFX Application Thread] DEBUG Bundle               - audio.soundVolume=0.5
20:28:12.653 [JavaFX Application Thread] DEBUG Input                - Saving data to profile
20:28:12.653 [JavaFX Application Thread] DEBUG Bundle               - Logging bundle: input
20:28:12.653 [JavaFX Application Thread] DEBUG Bundle               - input.Screenshot=P
20:28:12.653 [JavaFX Application Thread] DEBUG Bundle               - input.Restart=CTRL+R
20:28:12.653 [JavaFX Application Thread] DEBUG Bundle               - input.Dev Options=CTRL+0
20:28:12.653 [JavaFX Application Thread] DEBUG Bundle               - Logging bundle: gameplayStats
20:28:12.653 [JavaFX Application Thread] DEBUG Bundle               - gameplayStats.playtime=16281817584
20:28:12.653 [JavaFX Application Thread] DEBUG AchievementManager   - Saving data to profile
20:28:12.653 [JavaFX Application Thread] DEBUG Bundle               - Logging bundle: achievement
20:28:12.653 [JavaFX Application Thread] DEBUG FXGL.SaveLoadManager - Saving profile: Saran
20:28:12.655 [JavaFX Application Thread] DEBUG IOTask               - Executing task: writeDataTask(./profiles/Saran/user.profile)
20:28:12.655 [JavaFX Application Thread] DEBUG IOTask               - Executing task: writeDataTask(./profiles/Saran/user.profile)
20:28:12.658 [JavaFX Application Thread] DEBUG FS                   - Writing to: ./profiles/Saran/user.profile
20:28:12.661 [JavaFX Application Thread] DEBUG IOTask               - Executing task: checkSavesDir(./profiles/Saran/saves/)
20:28:12.662 [JavaFX Application Thread] DEBUG IOTask               - Task succeeded: writeDataTask(./profiles/Saran/user.profile)
20:28:12.662 [JavaFX Application Thread] DEBUG GameApplication      - Shutting down background threads
20:28:12.662 [JavaFX Application Thread] DEBUG GameApplication      - Exiting FXGL
20:28:12.662 [JavaFX Application Thread] DEBUG FXGL                 - Saving FXGL system data
20:28:12.663 [JavaFX Application Thread] DEBUG IOTask               - Executing task: writeDataTask(system/fxgl.bundle)
20:28:12.663 [JavaFX Application Thread] DEBUG FS                   - Writing to: system/fxgl.bundle
20:28:12.667 [JavaFX Application Thread] DEBUG IOTask               - Task succeeded: writeDataTask(system/fxgl.bundle)
20:28:12.667 [JavaFX Application Thread] DEBUG GameApplication      - Closing logger and exiting JavaFX
