20:19:36.022 [JavaFX Application Thread] DEBUG GameApplication      - Logger initialized
20:19:36.033 [JavaFX Application Thread] DEBUG MainWindow           - Creating a JavaFX scene
20:19:36.213 [JavaFX Application Thread] DEBUG MainWindow           - Target settings size: 1200.0 x 700.0
20:19:36.213 [JavaFX Application Thread] DEBUG MainWindow           - Scaled scene size:    1200.0 x 700.0
20:19:36.213 [JavaFX Application Thread] DEBUG MainWindow           - Scaled ratio: (1.0, 1.0)
20:19:36.778 [JavaFX Application Thread] DEBUG GameApplication      - Starting FXGL
20:19:36.885 [FXGL Launcher Thread     ] INFO  Version              - FXGL-0.4.3
20:19:36.886 [FXGL Launcher Thread     ] INFO  Version              - Source code and latest versions at: https://github.com/AlmasB/FXGL
20:19:36.886 [FXGL Launcher Thread     ] INFO  Version              -              Join the FXGL chat at: https://gitter.im/AlmasB/FXGL
20:19:36.890 [FXGL Launcher Thread     ] DEBUG FXGL                 - Loading FXGL system data
20:19:36.928 [FXGL Launcher Thread     ] DEBUG IOTask               - Executing task: readDataTask(system/fxgl.bundle)
20:19:36.960 [FXGL Launcher Thread     ] DEBUG FS                   - Reading from: system/fxgl.bundle
20:19:36.983 [FXGL Launcher Thread     ] DEBUG IOTask               - Task succeeded: readDataTask(system/fxgl.bundle)
20:19:36.983 [FXGL Launcher Thread     ] DEBUG Bundle               - Logging bundle: FXGL
20:19:36.985 [FXGL Launcher Thread     ] DEBUG Bundle               - FXGL.offline.timer.version.check=2018-04-03T17:47:05.133
20:19:37.023 [FXGL Launcher Thread     ] DEBUG GameApplication      - FXGL started
20:19:37.024 [FXGL Launcher Thread     ] DEBUG GameApplication      - Logging game settings
Title: Flash-Run
Version: 3.0
Width: 1200
Height: 700
Fullscreen: false
Intro: false
Menus: true
Profiling: false
Single step:false
App Mode: DEVELOPER
Menu Key: ESCAPE
Stage Style: DECORATED
Scene Factory: class sample.MainMenu
Dialog Factory: class com.almasb.fxgl.ui.FXGLDialogFactory
UI Factory: class com.almasb.fxgl.ui.FXGLUIFactory
Notification Service: class com.almasb.fxgl.gameplay.notification.XboxNotificationView
Exception Handler: class com.almasb.fxgl.app.FXGLExceptionHandler
20:19:37.035 [FXGL Launcher Thread     ] DEBUG GameApplication      - Configuring GameApplication
20:19:37.035 [FXGL Launcher Thread     ] DEBUG GameApplication      - Initializing state machine and application states
20:19:37.053 [FXGL Launcher Thread     ] DEBUG AssetLoader          - Loading from disk: /assets/ui/cursors/fxgl_default.png
20:19:37.089 [FXGL Launcher Thread     ] DEBUG AssetLoader          - Loading from disk: /assets/ui/cursors/fxgl_default.png
20:19:37.100 [FXGL Launcher Thread     ] DEBUG AssetLoader          - Loading from disk: /assets/ui/cursors/fxgl_default.png
20:19:37.208 [FXGL Launcher Thread     ] DEBUG AssetLoader          - Loading from disk: /assets/sounds/core/notification.wav
20:19:37.304 [FXGL Launcher Thread     ] DEBUG AssetLoader          - Loading from disk: /assets/sounds/menu/select.wav
20:19:37.307 [FXGL Launcher Thread     ] DEBUG AssetLoader          - Loading from disk: /assets/sounds/menu/back.wav
20:19:37.313 [FXGL Launcher Thread     ] DEBUG AssetLoader          - Loading from disk: /assets/sounds/menu/press.wav
20:19:37.317 [FXGL Launcher Thread     ] DEBUG AssetLoader          - Loading from disk: /assets/ui/fonts/VarelaRound-Regular.ttf
20:19:37.345 [FXGL Launcher Thread     ] DEBUG AssetLoader          - Loading from disk: /assets/ui/fonts/lucida_console.ttf
20:19:37.354 [FXGL Launcher Thread     ] DEBUG AssetLoader          - Loading from disk: /assets/ui/css/fxgl_dark.css
20:19:37.355 [FXGL Launcher Thread     ] DEBUG AssetLoader          - Loading from disk: /assets/ui/icons/fxgl_icon.png
20:19:37.408 [FXGL Launcher Thread     ] DEBUG AssetLoader          - Loading from disk: /assets/ui/cursors/fxgl_default.png
20:19:37.451 [FXGL Launcher Thread     ] DEBUG FXGL.GameScene       - Game scene initialized: 1200x700
20:19:37.457 [FXGL Launcher Thread     ] DEBUG FXGL.GameWorld       - Game world initialized
20:19:37.518 [FXGL Launcher Thread     ] DEBUG PhysicsWorld         - Physics world initialized: appHeight=700, physics.ppm=50.0
20:19:37.543 [FXGL Launcher Thread     ] DEBUG AssetLoader          - Loading from disk: /assets/ui/cursors/fxgl_default.png
20:19:37.545 [FXGL Launcher Thread     ] DEBUG AssetLoader          - Loading from disk: /assets/textures/Flash-Run_BG_2.png
20:19:37.636 [FXGL Launcher Thread     ] DEBUG FXGL.Menu            - createMenuBodyMainMenu()
20:19:37.646 [FXGL Launcher Thread     ] DEBUG AssetLoader          - Loading from disk: /assets/properties/languages/english.properties
20:19:37.649 [FXGL Launcher Thread     ] DEBUG AssetLoader          - Loading from cache: /assets/properties/languages/english.properties
20:19:37.649 [FXGL Launcher Thread     ] DEBUG FXGL.Menu            - createOptionsMenu()
20:19:37.649 [FXGL Launcher Thread     ] DEBUG AssetLoader          - Loading from cache: /assets/properties/languages/english.properties
20:19:37.652 [FXGL Launcher Thread     ] DEBUG AssetLoader          - Loading from cache: /assets/properties/languages/english.properties
20:19:37.653 [FXGL Launcher Thread     ] DEBUG AssetLoader          - Loading from cache: /assets/properties/languages/english.properties
20:19:37.653 [FXGL Launcher Thread     ] DEBUG AssetLoader          - Loading from cache: /assets/properties/languages/english.properties
20:19:37.654 [FXGL Launcher Thread     ] DEBUG AssetLoader          - Loading from cache: /assets/properties/languages/english.properties
20:19:37.655 [FXGL Launcher Thread     ] DEBUG AssetLoader          - Loading from cache: /assets/properties/languages/english.properties
20:19:37.657 [FXGL Launcher Thread     ] DEBUG AssetLoader          - Loading from cache: /assets/properties/languages/english.properties
20:19:37.658 [FXGL Launcher Thread     ] DEBUG AssetLoader          - Loading from cache: /assets/properties/languages/english.properties
20:19:37.661 [FXGL Launcher Thread     ] DEBUG AssetLoader          - Loading from disk: /assets/ui/cursors/fxgl_default.png
20:19:37.662 [FXGL Launcher Thread     ] DEBUG AssetLoader          - Loading from cache: /assets/textures/Flash-Run_BG_2.png
20:19:37.663 [FXGL Launcher Thread     ] DEBUG FXGL.Menu            - createMenuBodyGameMenu()
20:19:37.664 [FXGL Launcher Thread     ] DEBUG AssetLoader          - Loading from cache: /assets/properties/languages/english.properties
20:19:37.665 [FXGL Launcher Thread     ] DEBUG AssetLoader          - Loading from cache: /assets/properties/languages/english.properties
20:19:37.665 [FXGL Launcher Thread     ] DEBUG FXGL.Menu            - createOptionsMenu()
20:19:37.666 [FXGL Launcher Thread     ] DEBUG AssetLoader          - Loading from cache: /assets/properties/languages/english.properties
20:19:37.666 [FXGL Launcher Thread     ] DEBUG AssetLoader          - Loading from cache: /assets/properties/languages/english.properties
20:19:37.667 [FXGL Launcher Thread     ] DEBUG AssetLoader          - Loading from cache: /assets/properties/languages/english.properties
20:19:37.667 [FXGL Launcher Thread     ] DEBUG AssetLoader          - Loading from cache: /assets/properties/languages/english.properties
20:19:37.668 [FXGL Launcher Thread     ] DEBUG AssetLoader          - Loading from cache: /assets/properties/languages/english.properties
20:19:37.669 [FXGL Launcher Thread     ] DEBUG AssetLoader          - Loading from cache: /assets/properties/languages/english.properties
20:19:37.669 [FXGL Launcher Thread     ] DEBUG AssetLoader          - Loading from cache: /assets/properties/languages/english.properties
20:19:37.677 [FXGL Launcher Thread     ] INFO  GameApplication      - Game configuration took:  0.642 sec
20:19:37.679 [JavaFX Application Thread] DEBUG MainWindow           - Opening main window
20:19:37.745 [JavaFX Application Thread] DEBUG MainWindow           - Window border size: (0.0, 22.0)
20:19:37.746 [JavaFX Application Thread] DEBUG MainWindow           - Scaled size: 1200.0 x 700.0
20:19:37.746 [JavaFX Application Thread] DEBUG MainWindow           - Scaled ratio: (1.0, 1.0)
20:19:37.746 [JavaFX Application Thread] DEBUG MainWindow           - Scene size: 1200.0 x 700.0
20:19:37.746 [JavaFX Application Thread] DEBUG MainWindow           - Stage size: 1200.0 x 722.0
20:19:37.746 [JavaFX Application Thread] DEBUG GameApplication      - Running preInit()
20:19:37.749 [JavaFX Application Thread] DEBUG AnnotationParser     - Main app package name: sample
20:19:37.866 [JavaFX Application Thread] DEBUG AnnotationParser     - @SetAchievementStore: []
20:19:37.905 [JavaFX Application Thread] DEBUG Input                - Registered new binding: Screenshot - P
20:19:37.905 [JavaFX Application Thread] DEBUG Input                - Registered new binding: Dev Options - CTRL+0
20:19:37.906 [JavaFX Application Thread] DEBUG Input                - Registered new binding: Restart - CTRL+R
20:19:37.907 [JavaFX Application Thread] DEBUG MenuEventHandler     - generateDefaultProfile()
20:19:37.907 [JavaFX Application Thread] DEBUG MenuEventHandler     - Creating default profile
20:19:37.907 [JavaFX Application Thread] DEBUG EventBus             - Firing event: SaveEvent
20:19:37.909 [JavaFX Application Thread] DEBUG AudioPlayer          - Saving data to profile
20:19:37.910 [JavaFX Application Thread] DEBUG Bundle               - Logging bundle: audio
20:19:37.910 [JavaFX Application Thread] DEBUG Bundle               - audio.musicVolume=0.5
20:19:37.910 [JavaFX Application Thread] DEBUG Bundle               - audio.soundVolume=0.5
20:19:37.910 [JavaFX Application Thread] DEBUG Input                - Saving data to profile
20:19:37.910 [JavaFX Application Thread] DEBUG Bundle               - Logging bundle: input
20:19:37.910 [JavaFX Application Thread] DEBUG Bundle               - input.Screenshot=P
20:19:37.910 [JavaFX Application Thread] DEBUG Bundle               - input.Restart=CTRL+R
20:19:37.911 [JavaFX Application Thread] DEBUG Bundle               - input.Dev Options=CTRL+0
20:19:37.914 [JavaFX Application Thread] DEBUG Bundle               - Logging bundle: gameplayStats
20:19:37.914 [JavaFX Application Thread] DEBUG Bundle               - gameplayStats.playtime=0
20:19:37.915 [JavaFX Application Thread] DEBUG AchievementManager   - Saving data to profile
20:19:37.915 [JavaFX Application Thread] DEBUG Bundle               - Logging bundle: achievement
20:19:37.973 [JavaFX Application Thread] DEBUG GameApplication      - Starting main loop
20:19:37.993 [JavaFX Application Thread] DEBUG StartupState         - STARTUP
20:19:37.993 [JavaFX Application Thread] DEBUG Input                - Clearing active input actions
20:19:38.043 [JavaFX Application Thread] DEBUG AppStateMachine      - StartupState -> MainMenuState
20:19:38.052 [JavaFX Application Thread] DEBUG FXGL.SaveLoadManager - Checking profiles dir: profiles/
20:19:38.052 [JavaFX Application Thread] DEBUG FXGL.SaveLoadManager - Loading profile names
20:19:38.056 [JavaFX Application Thread] DEBUG IOTask               - Showing dialog
20:19:38.061 [JavaFX Application Thread] DEBUG AppStateMachine      - Push state: DialogSubState
20:19:38.061 [JavaFX Application Thread] DEBUG Input                - Clearing active input actions
20:19:38.061 [JavaFX Application Thread] DEBUG AppStateMachine      - MainMenuState -> DialogSubState
20:19:38.067 [FXGL Background Thread 1 ] DEBUG IOTask               - Executing task: loadDirectoryNamesTask(./profiles/, false)
20:19:38.297 [JavaFX Application Thread] DEBUG IOTask               - succeed(): Dismissing dialog
20:19:38.298 [JavaFX Application Thread] DEBUG AppStateMachine      - Pop state: DialogSubState
20:19:38.298 [JavaFX Application Thread] DEBUG Input                - Clearing active input actions
20:19:38.299 [JavaFX Application Thread] DEBUG AppStateMachine      - MainMenuState <- DialogSubState
20:19:38.299 [JavaFX Application Thread] DEBUG IOTask               - Task succeeded: loadDirectoryNamesTask(./profiles/, false)
20:19:38.303 [JavaFX Application Thread] DEBUG AppStateMachine      - Push state: DialogSubState
20:19:38.303 [JavaFX Application Thread] DEBUG Input                - Clearing active input actions
20:19:38.303 [JavaFX Application Thread] DEBUG AppStateMachine      - MainMenuState -> DialogSubState
20:19:40.214 [JavaFX Application Thread] DEBUG AppStateMachine      - Pop state: DialogSubState
20:19:40.215 [JavaFX Application Thread] DEBUG Input                - Clearing active input actions
20:19:40.216 [JavaFX Application Thread] DEBUG AppStateMachine      - MainMenuState <- DialogSubState
20:19:40.217 [JavaFX Application Thread] DEBUG FXGL.SaveLoadManager - Loading profile: Saran
20:19:40.219 [JavaFX Application Thread] DEBUG IOTask               - Showing dialog
20:19:40.222 [JavaFX Application Thread] DEBUG AppStateMachine      - Push state: DialogSubState
20:19:40.222 [JavaFX Application Thread] DEBUG Input                - Clearing active input actions
20:19:40.223 [JavaFX Application Thread] DEBUG AppStateMachine      - MainMenuState -> DialogSubState
20:19:40.225 [FXGL Background Thread 1 ] DEBUG IOTask               - Executing task: readDataTask(./profiles/Saran/user.profile)
20:19:40.226 [FXGL Background Thread 1 ] DEBUG FS                   - Reading from: ./profiles/Saran/user.profile
20:19:40.244 [JavaFX Application Thread] DEBUG IOTask               - succeed(): Dismissing dialog
20:19:40.244 [JavaFX Application Thread] DEBUG AppStateMachine      - Pop state: DialogSubState
20:19:40.244 [JavaFX Application Thread] DEBUG Input                - Clearing active input actions
20:19:40.245 [JavaFX Application Thread] DEBUG AppStateMachine      - MainMenuState <- DialogSubState
20:19:40.245 [JavaFX Application Thread] DEBUG IOTask               - Task succeeded: readDataTask(./profiles/Saran/user.profile)
20:19:40.245 [JavaFX Application Thread] DEBUG EventBus             - Firing event: LoadEvent[type=LOAD_PROFILE]
20:19:40.245 [JavaFX Application Thread] DEBUG AudioPlayer          - Loading data from profile
20:19:40.245 [JavaFX Application Thread] DEBUG Bundle               - Logging bundle: audio
20:19:40.246 [JavaFX Application Thread] DEBUG Bundle               - audio.musicVolume=0.5
20:19:40.246 [JavaFX Application Thread] DEBUG Bundle               - audio.soundVolume=0.5
20:19:40.246 [JavaFX Application Thread] DEBUG Input                - Loading data from profile
20:19:40.246 [JavaFX Application Thread] DEBUG Bundle               - Logging bundle: input
20:19:40.246 [JavaFX Application Thread] DEBUG Bundle               - input.Screenshot=P
20:19:40.246 [JavaFX Application Thread] DEBUG Bundle               - input.Restart=CTRL+R
20:19:40.246 [JavaFX Application Thread] DEBUG Bundle               - input.Dev Options=CTRL+0
20:19:40.247 [JavaFX Application Thread] DEBUG Bundle               - Logging bundle: gameplayStats
20:19:40.247 [JavaFX Application Thread] DEBUG Bundle               - gameplayStats.playtime=16281817584
20:19:40.247 [JavaFX Application Thread] DEBUG AchievementManager   - Loading data from profile
20:19:40.247 [JavaFX Application Thread] DEBUG Bundle               - Logging bundle: achievement
20:19:40.248 [JavaFX Application Thread] DEBUG FXGL.SaveLoadManager - Loading last modified save file
20:19:40.248 [JavaFX Application Thread] DEBUG FXGL.SaveLoadManager - Loading save files
20:19:40.252 [JavaFX Application Thread] DEBUG IOTask               - Showing dialog
20:19:40.254 [JavaFX Application Thread] DEBUG AppStateMachine      - Push state: DialogSubState
20:19:40.254 [JavaFX Application Thread] DEBUG Input                - Clearing active input actions
20:19:40.254 [JavaFX Application Thread] DEBUG AppStateMachine      - MainMenuState -> DialogSubState
20:19:40.257 [FXGL Background Thread 1 ] DEBUG IOTask               - Executing task: loadFileNamesTask(./profiles/Saran/saves/, true, [FileExtension(extension=.sav)])
20:19:40.257 [FXGL Background Thread 1 ] DEBUG IOTask               - Executing task: loadFileNamesTask(./profiles/Saran/saves/, true, [FileExtension(extension=.sav)])
20:19:40.257 [FXGL Background Thread 1 ] DEBUG IOTask               - Executing task: loadFileNamesTask(./profiles/Saran/saves/, true, [FileExtension(extension=.sav)])
20:19:40.263 [FXGL Background Thread 1 ] DEBUG IOTask               - Executing task: readSaveFiles
20:19:40.265 [FXGL Background Thread 1 ] DEBUG IOTask               - Executing task: findLastSave
20:19:40.276 [JavaFX Application Thread] DEBUG IOTask               - fail(): Dismissing dialog
20:19:40.276 [JavaFX Application Thread] DEBUG AppStateMachine      - Pop state: DialogSubState
20:19:40.276 [JavaFX Application Thread] DEBUG Input                - Clearing active input actions
20:19:40.277 [JavaFX Application Thread] DEBUG AppStateMachine      - MainMenuState <- DialogSubState
20:19:40.277 [JavaFX Application Thread] WARN  IOTask               - Task failed: loadFileNamesTask(./profiles/Saran/saves/, true, [FileExtension(extension=.sav)]) Error: java.io.FileNotFoundException: No save files found
20:22:33.192 [JavaFX Application Thread] DEBUG GameApplication      - Exiting game application
20:22:33.193 [JavaFX Application Thread] DEBUG MenuEventHandler     - Creating default profile
20:22:33.193 [JavaFX Application Thread] DEBUG EventBus             - Firing event: SaveEvent
20:22:33.193 [JavaFX Application Thread] DEBUG AudioPlayer          - Saving data to profile
20:22:33.194 [JavaFX Application Thread] DEBUG Bundle               - Logging bundle: audio
20:22:33.194 [JavaFX Application Thread] DEBUG Bundle               - audio.musicVolume=0.5
20:22:33.194 [JavaFX Application Thread] DEBUG Bundle               - audio.soundVolume=0.5
20:22:33.194 [JavaFX Application Thread] DEBUG Input                - Saving data to profile
20:22:33.194 [JavaFX Application Thread] DEBUG Bundle               - Logging bundle: input
20:22:33.194 [JavaFX Application Thread] DEBUG Bundle               - input.Screenshot=P
20:22:33.194 [JavaFX Application Thread] DEBUG Bundle               - input.Restart=CTRL+R
20:22:33.194 [JavaFX Application Thread] DEBUG Bundle               - input.Dev Options=CTRL+0
20:22:33.194 [JavaFX Application Thread] DEBUG Bundle               - Logging bundle: gameplayStats
20:22:33.194 [JavaFX Application Thread] DEBUG Bundle               - gameplayStats.playtime=16281817584
20:22:33.194 [JavaFX Application Thread] DEBUG AchievementManager   - Saving data to profile
20:22:33.194 [JavaFX Application Thread] DEBUG Bundle               - Logging bundle: achievement
20:22:33.194 [JavaFX Application Thread] DEBUG FXGL.SaveLoadManager - Saving profile: Saran
20:22:33.196 [JavaFX Application Thread] DEBUG IOTask               - Executing task: writeDataTask(./profiles/Saran/user.profile)
20:22:33.196 [JavaFX Application Thread] DEBUG IOTask               - Executing task: writeDataTask(./profiles/Saran/user.profile)
20:22:33.200 [JavaFX Application Thread] DEBUG FS                   - Writing to: ./profiles/Saran/user.profile
20:22:33.204 [JavaFX Application Thread] DEBUG IOTask               - Executing task: checkSavesDir(./profiles/Saran/saves/)
20:22:33.204 [JavaFX Application Thread] DEBUG IOTask               - Task succeeded: writeDataTask(./profiles/Saran/user.profile)
20:22:33.204 [JavaFX Application Thread] DEBUG GameApplication      - Shutting down background threads
20:22:33.204 [JavaFX Application Thread] DEBUG GameApplication      - Exiting FXGL
20:22:33.204 [JavaFX Application Thread] DEBUG FXGL                 - Saving FXGL system data
20:22:33.205 [JavaFX Application Thread] DEBUG IOTask               - Executing task: writeDataTask(system/fxgl.bundle)
20:22:33.205 [JavaFX Application Thread] DEBUG FS                   - Writing to: system/fxgl.bundle
20:22:33.208 [JavaFX Application Thread] DEBUG IOTask               - Task succeeded: writeDataTask(system/fxgl.bundle)
20:22:33.208 [JavaFX Application Thread] DEBUG GameApplication      - Closing logger and exiting JavaFX
