19:27:20.414 [JavaFX Application Thread] DEBUG GameApplication      - Logger initialized
19:27:20.426 [JavaFX Application Thread] DEBUG MainWindow           - Creating a JavaFX scene
19:27:20.601 [JavaFX Application Thread] DEBUG MainWindow           - Target settings size: 600.0 x 600.0
19:27:20.601 [JavaFX Application Thread] DEBUG MainWindow           - Scaled scene size:    600.0 x 600.0
19:27:20.602 [JavaFX Application Thread] DEBUG MainWindow           - Scaled ratio: (1.0, 1.0)
19:27:21.174 [JavaFX Application Thread] DEBUG GameApplication      - Starting FXGL
19:27:21.272 [FXGL Launcher Thread     ] INFO  Version              - FXGL-0.4.3
19:27:21.273 [FXGL Launcher Thread     ] INFO  Version              - Source code and latest versions at: https://github.com/AlmasB/FXGL
19:27:21.273 [FXGL Launcher Thread     ] INFO  Version              -              Join the FXGL chat at: https://gitter.im/AlmasB/FXGL
19:27:21.275 [FXGL Launcher Thread     ] DEBUG FXGL                 - Loading FXGL system data
19:27:21.284 [FXGL Launcher Thread     ] DEBUG IOTask               - Executing task: readDataTask(system/fxgl.bundle)
19:27:21.346 [FXGL Launcher Thread     ] DEBUG FS                   - Reading from: system/fxgl.bundle
19:27:21.369 [FXGL Launcher Thread     ] DEBUG IOTask               - Task succeeded: readDataTask(system/fxgl.bundle)
19:27:21.370 [FXGL Launcher Thread     ] DEBUG Bundle               - Logging bundle: FXGL
19:27:21.371 [FXGL Launcher Thread     ] DEBUG Bundle               - FXGL.offline.timer.version.check=2018-04-03T17:47:05.133
19:27:21.420 [FXGL Launcher Thread     ] DEBUG GameApplication      - FXGL started
19:27:21.421 [FXGL Launcher Thread     ] DEBUG GameApplication      - Logging game settings
Title: Basic Game App
Version: 0.1
Width: 600
Height: 600
Fullscreen: false
Intro: false
Menus: true
Profiling: false
Single step:false
App Mode: DEVELOPER
Menu Key: ESCAPE
Stage Style: DECORATED
Scene Factory: class sample.MainMenu
Dialog Factory: class com.almasb.fxgl.ui.FXGLDialogFactory
UI Factory: class com.almasb.fxgl.ui.FXGLUIFactory
Notification Service: class com.almasb.fxgl.gameplay.notification.XboxNotificationView
Exception Handler: class com.almasb.fxgl.app.FXGLExceptionHandler
19:27:21.422 [FXGL Launcher Thread     ] DEBUG GameApplication      - Configuring GameApplication
19:27:21.423 [FXGL Launcher Thread     ] DEBUG GameApplication      - Initializing state machine and application states
19:27:21.444 [FXGL Launcher Thread     ] DEBUG AssetLoader          - Loading from disk: /assets/ui/cursors/fxgl_default.png
19:27:21.487 [FXGL Launcher Thread     ] DEBUG AssetLoader          - Loading from disk: /assets/ui/cursors/fxgl_default.png
19:27:21.491 [FXGL Launcher Thread     ] DEBUG AssetLoader          - Loading from disk: /assets/ui/cursors/fxgl_default.png
19:27:21.543 [FXGL Launcher Thread     ] DEBUG AssetLoader          - Loading from disk: /assets/sounds/core/notification.wav
19:27:21.723 [FXGL Launcher Thread     ] DEBUG AssetLoader          - Loading from disk: /assets/sounds/menu/select.wav
19:27:21.726 [FXGL Launcher Thread     ] DEBUG AssetLoader          - Loading from disk: /assets/sounds/menu/back.wav
19:27:21.730 [FXGL Launcher Thread     ] DEBUG AssetLoader          - Loading from disk: /assets/sounds/menu/press.wav
19:27:21.734 [FXGL Launcher Thread     ] DEBUG AssetLoader          - Loading from disk: /assets/ui/fonts/VarelaRound-Regular.ttf
19:27:21.765 [FXGL Launcher Thread     ] DEBUG AssetLoader          - Loading from disk: /assets/ui/fonts/lucida_console.ttf
19:27:21.773 [FXGL Launcher Thread     ] DEBUG AssetLoader          - Loading from disk: /assets/ui/css/fxgl_dark.css
19:27:21.774 [FXGL Launcher Thread     ] DEBUG AssetLoader          - Loading from disk: /assets/ui/icons/fxgl_icon.png
19:27:21.839 [FXGL Launcher Thread     ] DEBUG AssetLoader          - Loading from disk: /assets/ui/cursors/fxgl_default.png
19:27:21.898 [FXGL Launcher Thread     ] DEBUG FXGL.GameScene       - Game scene initialized: 600x600
19:27:21.906 [FXGL Launcher Thread     ] DEBUG FXGL.GameWorld       - Game world initialized
19:27:21.976 [FXGL Launcher Thread     ] DEBUG PhysicsWorld         - Physics world initialized: appHeight=600, physics.ppm=50.0
19:27:22.006 [FXGL Launcher Thread     ] DEBUG AssetLoader          - Loading from disk: /assets/ui/cursors/fxgl_default.png
19:27:22.009 [FXGL Launcher Thread     ] DEBUG AssetLoader          - Loading from disk: /assets/textures/Flash-Run_BG.jpg
19:27:22.089 [FXGL Launcher Thread     ] DEBUG FXGL.Menu            - createMenuBodyMainMenu()
19:27:22.100 [FXGL Launcher Thread     ] DEBUG AssetLoader          - Loading from disk: /assets/properties/languages/english.properties
19:27:22.103 [FXGL Launcher Thread     ] DEBUG AssetLoader          - Loading from cache: /assets/properties/languages/english.properties
19:27:22.103 [FXGL Launcher Thread     ] DEBUG FXGL.Menu            - createOptionsMenu()
19:27:22.104 [FXGL Launcher Thread     ] DEBUG AssetLoader          - Loading from cache: /assets/properties/languages/english.properties
19:27:22.105 [FXGL Launcher Thread     ] DEBUG AssetLoader          - Loading from cache: /assets/properties/languages/english.properties
19:27:22.108 [FXGL Launcher Thread     ] DEBUG AssetLoader          - Loading from cache: /assets/properties/languages/english.properties
19:27:22.109 [FXGL Launcher Thread     ] DEBUG AssetLoader          - Loading from cache: /assets/properties/languages/english.properties
19:27:22.110 [FXGL Launcher Thread     ] DEBUG AssetLoader          - Loading from cache: /assets/properties/languages/english.properties
19:27:22.113 [FXGL Launcher Thread     ] DEBUG AssetLoader          - Loading from cache: /assets/properties/languages/english.properties
19:27:22.115 [FXGL Launcher Thread     ] DEBUG AssetLoader          - Loading from cache: /assets/properties/languages/english.properties
19:27:22.117 [FXGL Launcher Thread     ] DEBUG AssetLoader          - Loading from cache: /assets/properties/languages/english.properties
19:27:22.120 [FXGL Launcher Thread     ] DEBUG AssetLoader          - Loading from disk: /assets/ui/cursors/fxgl_default.png
19:27:22.122 [FXGL Launcher Thread     ] DEBUG AssetLoader          - Loading from cache: /assets/textures/Flash-Run_BG.jpg
19:27:22.123 [FXGL Launcher Thread     ] DEBUG FXGL.Menu            - createMenuBodyGameMenu()
19:27:22.124 [FXGL Launcher Thread     ] DEBUG AssetLoader          - Loading from cache: /assets/properties/languages/english.properties
19:27:22.125 [FXGL Launcher Thread     ] DEBUG AssetLoader          - Loading from cache: /assets/properties/languages/english.properties
19:27:22.125 [FXGL Launcher Thread     ] DEBUG FXGL.Menu            - createOptionsMenu()
19:27:22.126 [FXGL Launcher Thread     ] DEBUG AssetLoader          - Loading from cache: /assets/properties/languages/english.properties
19:27:22.126 [FXGL Launcher Thread     ] DEBUG AssetLoader          - Loading from cache: /assets/properties/languages/english.properties
19:27:22.126 [FXGL Launcher Thread     ] DEBUG AssetLoader          - Loading from cache: /assets/properties/languages/english.properties
19:27:22.126 [FXGL Launcher Thread     ] DEBUG AssetLoader          - Loading from cache: /assets/properties/languages/english.properties
19:27:22.127 [FXGL Launcher Thread     ] DEBUG AssetLoader          - Loading from cache: /assets/properties/languages/english.properties
19:27:22.129 [FXGL Launcher Thread     ] DEBUG AssetLoader          - Loading from cache: /assets/properties/languages/english.properties
19:27:22.130 [FXGL Launcher Thread     ] DEBUG AssetLoader          - Loading from cache: /assets/properties/languages/english.properties
19:27:22.141 [FXGL Launcher Thread     ] INFO  GameApplication      - Game configuration took:  0.718 sec
19:27:22.143 [JavaFX Application Thread] DEBUG MainWindow           - Opening main window
19:27:22.214 [JavaFX Application Thread] DEBUG MainWindow           - Window border size: (0.0, 22.0)
19:27:22.214 [JavaFX Application Thread] DEBUG MainWindow           - Scaled size: 600.0 x 600.0
19:27:22.214 [JavaFX Application Thread] DEBUG MainWindow           - Scaled ratio: (1.0, 1.0)
19:27:22.214 [JavaFX Application Thread] DEBUG MainWindow           - Scene size: 600.0 x 600.0
19:27:22.214 [JavaFX Application Thread] DEBUG MainWindow           - Stage size: 600.0 x 622.0
19:27:22.215 [JavaFX Application Thread] DEBUG GameApplication      - Running preInit()
19:27:22.217 [JavaFX Application Thread] DEBUG AnnotationParser     - Main app package name: sample
19:27:22.361 [JavaFX Application Thread] DEBUG AnnotationParser     - @SetAchievementStore: []
19:27:22.386 [JavaFX Application Thread] DEBUG Input                - Registered new binding: Screenshot - P
19:27:22.387 [JavaFX Application Thread] DEBUG Input                - Registered new binding: Dev Options - CTRL+0
19:27:22.387 [JavaFX Application Thread] DEBUG Input                - Registered new binding: Restart - CTRL+R
19:27:22.389 [JavaFX Application Thread] DEBUG MenuEventHandler     - generateDefaultProfile()
19:27:22.389 [JavaFX Application Thread] DEBUG MenuEventHandler     - Creating default profile
19:27:22.390 [JavaFX Application Thread] DEBUG EventBus             - Firing event: SaveEvent
19:27:22.392 [JavaFX Application Thread] DEBUG AudioPlayer          - Saving data to profile
19:27:22.392 [JavaFX Application Thread] DEBUG Bundle               - Logging bundle: audio
19:27:22.393 [JavaFX Application Thread] DEBUG Bundle               - audio.musicVolume=0.5
19:27:22.393 [JavaFX Application Thread] DEBUG Bundle               - audio.soundVolume=0.5
19:27:22.393 [JavaFX Application Thread] DEBUG Input                - Saving data to profile
19:27:22.393 [JavaFX Application Thread] DEBUG Bundle               - Logging bundle: input
19:27:22.393 [JavaFX Application Thread] DEBUG Bundle               - input.Screenshot=P
19:27:22.393 [JavaFX Application Thread] DEBUG Bundle               - input.Restart=CTRL+R
19:27:22.393 [JavaFX Application Thread] DEBUG Bundle               - input.Dev Options=CTRL+0
19:27:22.397 [JavaFX Application Thread] DEBUG Bundle               - Logging bundle: gameplayStats
19:27:22.397 [JavaFX Application Thread] DEBUG Bundle               - gameplayStats.playtime=0
19:27:22.398 [JavaFX Application Thread] DEBUG AchievementManager   - Saving data to profile
19:27:22.398 [JavaFX Application Thread] DEBUG Bundle               - Logging bundle: achievement
19:27:22.445 [JavaFX Application Thread] DEBUG GameApplication      - Starting main loop
19:27:22.461 [JavaFX Application Thread] DEBUG StartupState         - STARTUP
19:27:22.461 [JavaFX Application Thread] DEBUG Input                - Clearing active input actions
19:27:22.507 [JavaFX Application Thread] DEBUG AppStateMachine      - StartupState -> MainMenuState
19:27:22.516 [JavaFX Application Thread] DEBUG FXGL.SaveLoadManager - Checking profiles dir: profiles/
19:27:22.517 [JavaFX Application Thread] DEBUG FXGL.SaveLoadManager - Creating non-existent profiles dir
19:27:22.521 [JavaFX Application Thread] DEBUG FXGL.SaveLoadManager - Loading profile names
19:27:22.525 [JavaFX Application Thread] DEBUG IOTask               - Showing dialog
19:27:22.530 [JavaFX Application Thread] DEBUG AppStateMachine      - Push state: DialogSubState
19:27:22.530 [JavaFX Application Thread] DEBUG Input                - Clearing active input actions
19:27:22.531 [JavaFX Application Thread] DEBUG AppStateMachine      - MainMenuState -> DialogSubState
19:27:22.537 [FXGL Background Thread 1 ] DEBUG IOTask               - Executing task: loadDirectoryNamesTask(./profiles/, false)
19:27:22.820 [JavaFX Application Thread] DEBUG IOTask               - succeed(): Dismissing dialog
19:27:22.821 [JavaFX Application Thread] DEBUG AppStateMachine      - Pop state: DialogSubState
19:27:22.821 [JavaFX Application Thread] DEBUG Input                - Clearing active input actions
19:27:22.822 [JavaFX Application Thread] DEBUG AppStateMachine      - MainMenuState <- DialogSubState
19:27:22.822 [JavaFX Application Thread] DEBUG IOTask               - Task succeeded: loadDirectoryNamesTask(./profiles/, false)
19:27:22.824 [JavaFX Application Thread] DEBUG AppStateMachine      - Push state: DialogSubState
19:27:22.824 [JavaFX Application Thread] DEBUG Input                - Clearing active input actions
19:27:22.825 [JavaFX Application Thread] DEBUG AppStateMachine      - MainMenuState -> DialogSubState
19:27:27.355 [JavaFX Application Thread] DEBUG AppStateMachine      - Pop state: DialogSubState
19:27:27.355 [JavaFX Application Thread] DEBUG Input                - Clearing active input actions
19:27:27.356 [JavaFX Application Thread] DEBUG AppStateMachine      - MainMenuState <- DialogSubState
19:27:27.370 [JavaFX Application Thread] DEBUG AssetLoader          - Loading from cache: /assets/properties/languages/english.properties
19:27:27.372 [JavaFX Application Thread] DEBUG AppStateMachine      - Push state: DialogSubState
19:27:27.372 [JavaFX Application Thread] DEBUG Input                - Clearing active input actions
19:27:27.373 [JavaFX Application Thread] DEBUG AppStateMachine      - MainMenuState -> DialogSubState
19:27:31.125 [JavaFX Application Thread] DEBUG AppStateMachine      - Pop state: DialogSubState
19:27:31.126 [JavaFX Application Thread] DEBUG Input                - Clearing active input actions
19:27:31.126 [JavaFX Application Thread] DEBUG AppStateMachine      - MainMenuState <- DialogSubState
19:27:31.128 [JavaFX Application Thread] DEBUG MenuEventHandler     - Creating default profile
19:27:31.128 [JavaFX Application Thread] DEBUG EventBus             - Firing event: SaveEvent
19:27:31.128 [JavaFX Application Thread] DEBUG AudioPlayer          - Saving data to profile
19:27:31.129 [JavaFX Application Thread] DEBUG Bundle               - Logging bundle: audio
19:27:31.129 [JavaFX Application Thread] DEBUG Bundle               - audio.musicVolume=0.5
19:27:31.129 [JavaFX Application Thread] DEBUG Bundle               - audio.soundVolume=0.5
19:27:31.129 [JavaFX Application Thread] DEBUG Input                - Saving data to profile
19:27:31.130 [JavaFX Application Thread] DEBUG Bundle               - Logging bundle: input
19:27:31.130 [JavaFX Application Thread] DEBUG Bundle               - input.Screenshot=P
19:27:31.130 [JavaFX Application Thread] DEBUG Bundle               - input.Restart=CTRL+R
19:27:31.130 [JavaFX Application Thread] DEBUG Bundle               - input.Dev Options=CTRL+0
19:27:31.130 [JavaFX Application Thread] DEBUG Bundle               - Logging bundle: gameplayStats
19:27:31.130 [JavaFX Application Thread] DEBUG Bundle               - gameplayStats.playtime=0
19:27:31.131 [JavaFX Application Thread] DEBUG AchievementManager   - Saving data to profile
19:27:31.131 [JavaFX Application Thread] DEBUG Bundle               - Logging bundle: achievement
19:27:31.131 [JavaFX Application Thread] DEBUG FXGL.SaveLoadManager - Saving profile: Saran
19:27:31.136 [JavaFX Application Thread] DEBUG IOTask               - Executing task: writeDataTask(./profiles/Saran/user.profile)
19:27:31.136 [JavaFX Application Thread] DEBUG IOTask               - Executing task: writeDataTask(./profiles/Saran/user.profile)
19:27:31.136 [JavaFX Application Thread] DEBUG FS                   - Creating directories to: ./profiles/Saran
19:27:31.139 [JavaFX Application Thread] DEBUG FS                   - Writing to: ./profiles/Saran/user.profile
19:27:31.147 [JavaFX Application Thread] DEBUG IOTask               - Executing task: checkSavesDir(./profiles/Saran/saves/)
19:27:31.148 [JavaFX Application Thread] DEBUG FXGL.SaveLoadManager - Creating non-existent saves dir
19:27:31.149 [JavaFX Application Thread] DEBUG IOTask               - Task succeeded: writeDataTask(./profiles/Saran/user.profile)
19:29:19.914 [JavaFX Application Thread] DEBUG GameApplication      - Exiting game application
19:29:19.915 [JavaFX Application Thread] DEBUG MenuEventHandler     - Creating default profile
19:29:19.915 [JavaFX Application Thread] DEBUG EventBus             - Firing event: SaveEvent
19:29:19.916 [JavaFX Application Thread] DEBUG AudioPlayer          - Saving data to profile
19:29:19.916 [JavaFX Application Thread] DEBUG Bundle               - Logging bundle: audio
19:29:19.916 [JavaFX Application Thread] DEBUG Bundle               - audio.musicVolume=0.5
19:29:19.916 [JavaFX Application Thread] DEBUG Bundle               - audio.soundVolume=0.5
19:29:19.916 [JavaFX Application Thread] DEBUG Input                - Saving data to profile
19:29:19.916 [JavaFX Application Thread] DEBUG Bundle               - Logging bundle: input
19:29:19.917 [JavaFX Application Thread] DEBUG Bundle               - input.Screenshot=P
19:29:19.917 [JavaFX Application Thread] DEBUG Bundle               - input.Restart=CTRL+R
19:29:19.917 [JavaFX Application Thread] DEBUG Bundle               - input.Dev Options=CTRL+0
19:29:19.917 [JavaFX Application Thread] DEBUG Bundle               - Logging bundle: gameplayStats
19:29:19.917 [JavaFX Application Thread] DEBUG Bundle               - gameplayStats.playtime=0
19:29:19.917 [JavaFX Application Thread] DEBUG AchievementManager   - Saving data to profile
19:29:19.918 [JavaFX Application Thread] DEBUG Bundle               - Logging bundle: achievement
19:29:19.918 [JavaFX Application Thread] DEBUG FXGL.SaveLoadManager - Saving profile: Saran
19:29:19.919 [JavaFX Application Thread] DEBUG IOTask               - Executing task: writeDataTask(./profiles/Saran/user.profile)
19:29:19.919 [JavaFX Application Thread] DEBUG IOTask               - Executing task: writeDataTask(./profiles/Saran/user.profile)
19:29:19.920 [JavaFX Application Thread] DEBUG FS                   - Writing to: ./profiles/Saran/user.profile
19:29:19.924 [JavaFX Application Thread] DEBUG IOTask               - Executing task: checkSavesDir(./profiles/Saran/saves/)
19:29:19.924 [JavaFX Application Thread] DEBUG IOTask               - Task succeeded: writeDataTask(./profiles/Saran/user.profile)
19:29:19.925 [JavaFX Application Thread] DEBUG GameApplication      - Shutting down background threads
19:29:19.925 [JavaFX Application Thread] DEBUG GameApplication      - Exiting FXGL
19:29:19.925 [JavaFX Application Thread] DEBUG FXGL                 - Saving FXGL system data
19:29:19.926 [JavaFX Application Thread] DEBUG IOTask               - Executing task: writeDataTask(system/fxgl.bundle)
19:29:19.926 [JavaFX Application Thread] DEBUG FS                   - Writing to: system/fxgl.bundle
19:29:19.929 [JavaFX Application Thread] DEBUG IOTask               - Task succeeded: writeDataTask(system/fxgl.bundle)
19:29:19.929 [JavaFX Application Thread] DEBUG GameApplication      - Closing logger and exiting JavaFX
