23:10:03.456 [JavaFX Application Thread] DEBUG GameApplication      - Logger initialized
23:10:03.468 [JavaFX Application Thread] DEBUG MainWindow           - Creating a JavaFX scene
23:10:03.830 [JavaFX Application Thread] DEBUG MainWindow           - Target settings size: 1216.0 x 704.0
23:10:03.830 [JavaFX Application Thread] DEBUG MainWindow           - Scaled scene size:    1216.0 x 704.0
23:10:03.830 [JavaFX Application Thread] DEBUG MainWindow           - Scaled ratio: (1.0, 1.0)
23:10:04.510 [JavaFX Application Thread] DEBUG GameApplication      - Starting FXGL
23:10:04.597 [FXGL Launcher Thread     ] INFO  Version              - FXGL-0.4.3
23:10:04.598 [FXGL Launcher Thread     ] INFO  Version              - Source code and latest versions at: https://github.com/AlmasB/FXGL
23:10:04.599 [FXGL Launcher Thread     ] INFO  Version              -              Join the FXGL chat at: https://gitter.im/AlmasB/FXGL
23:10:04.600 [FXGL Launcher Thread     ] DEBUG FXGL                 - Loading FXGL system data
23:10:04.610 [FXGL Launcher Thread     ] DEBUG IOTask               - Executing task: readDataTask(system/fxgl.bundle)
23:10:04.654 [FXGL Launcher Thread     ] DEBUG FS                   - Reading from: system/fxgl.bundle
23:10:04.677 [FXGL Launcher Thread     ] DEBUG IOTask               - Task succeeded: readDataTask(system/fxgl.bundle)
23:10:04.677 [FXGL Launcher Thread     ] DEBUG Bundle               - Logging bundle: FXGL
23:10:04.678 [FXGL Launcher Thread     ] DEBUG Bundle               - FXGL.offline.timer.version.check=2018-04-03T17:47:05.133
23:10:04.766 [FXGL Launcher Thread     ] DEBUG GameApplication      - FXGL started
23:10:04.770 [FXGL Launcher Thread     ] DEBUG GameApplication      - Logging game settings
Title: Flash-Run
Version: 3.0
Width: 1216
Height: 704
Fullscreen: false
Intro: false
Menus: true
Profiling: false
Single step:false
App Mode: DEVELOPER
Menu Key: ESCAPE
Stage Style: DECORATED
Scene Factory: class sample.MainMenu
Dialog Factory: class com.almasb.fxgl.ui.FXGLDialogFactory
UI Factory: class com.almasb.fxgl.ui.FXGLUIFactory
Notification Service: class com.almasb.fxgl.gameplay.notification.XboxNotificationView
Exception Handler: class com.almasb.fxgl.app.FXGLExceptionHandler
23:10:04.772 [FXGL Launcher Thread     ] DEBUG GameApplication      - Configuring GameApplication
23:10:04.773 [FXGL Launcher Thread     ] DEBUG GameApplication      - Initializing state machine and application states
23:10:04.800 [FXGL Launcher Thread     ] DEBUG AssetLoader          - Loading from disk: /assets/ui/cursors/fxgl_default.png
23:10:04.893 [FXGL Launcher Thread     ] DEBUG AssetLoader          - Loading from disk: /assets/ui/cursors/fxgl_default.png
23:10:04.898 [FXGL Launcher Thread     ] DEBUG AssetLoader          - Loading from disk: /assets/ui/cursors/fxgl_default.png
23:10:04.944 [FXGL Launcher Thread     ] DEBUG AssetLoader          - Loading from disk: /assets/sounds/core/notification.wav
23:10:05.091 [FXGL Launcher Thread     ] DEBUG AssetLoader          - Loading from disk: /assets/sounds/menu/select.wav
23:10:05.099 [FXGL Launcher Thread     ] DEBUG AssetLoader          - Loading from disk: /assets/sounds/menu/back.wav
23:10:05.104 [FXGL Launcher Thread     ] DEBUG AssetLoader          - Loading from disk: /assets/sounds/menu/press.wav
23:10:05.114 [FXGL Launcher Thread     ] DEBUG AssetLoader          - Loading from disk: /assets/ui/fonts/VarelaRound-Regular.ttf
23:10:05.156 [FXGL Launcher Thread     ] DEBUG AssetLoader          - Loading from disk: /assets/ui/fonts/lucida_console.ttf
23:10:05.163 [FXGL Launcher Thread     ] DEBUG AssetLoader          - Loading from disk: /assets/ui/css/fxgl_dark.css
23:10:05.164 [FXGL Launcher Thread     ] DEBUG AssetLoader          - Loading from disk: /assets/ui/icons/fxgl_icon.png
23:10:05.214 [FXGL Launcher Thread     ] DEBUG AssetLoader          - Loading from disk: /assets/ui/cursors/fxgl_default.png
23:10:05.342 [FXGL Launcher Thread     ] DEBUG FXGL.GameScene       - Game scene initialized: 1216x704
23:10:05.353 [FXGL Launcher Thread     ] DEBUG FXGL.GameWorld       - Game world initialized
23:10:05.508 [FXGL Launcher Thread     ] DEBUG PhysicsWorld         - Physics world initialized: appHeight=704, physics.ppm=50.0
23:10:05.559 [FXGL Launcher Thread     ] DEBUG AssetLoader          - Loading from disk: /assets/ui/cursors/fxgl_default.png
23:10:05.562 [FXGL Launcher Thread     ] DEBUG AssetLoader          - Loading from disk: /assets/textures/Flash-Run_BG_2.png
23:10:05.681 [FXGL Launcher Thread     ] DEBUG FXGL.Menu            - createMenuBodyMainMenu()
23:10:05.712 [FXGL Launcher Thread     ] DEBUG AssetLoader          - Loading from disk: /assets/properties/languages/english.properties
23:10:05.714 [FXGL Launcher Thread     ] DEBUG AssetLoader          - Loading from cache: /assets/properties/languages/english.properties
23:10:05.715 [FXGL Launcher Thread     ] DEBUG FXGL.Menu            - createOptionsMenu()
23:10:05.717 [FXGL Launcher Thread     ] DEBUG AssetLoader          - Loading from cache: /assets/properties/languages/english.properties
23:10:05.729 [FXGL Launcher Thread     ] DEBUG AssetLoader          - Loading from cache: /assets/properties/languages/english.properties
23:10:05.731 [FXGL Launcher Thread     ] DEBUG AssetLoader          - Loading from cache: /assets/properties/languages/english.properties
23:10:05.740 [FXGL Launcher Thread     ] DEBUG AssetLoader          - Loading from cache: /assets/properties/languages/english.properties
23:10:05.741 [FXGL Launcher Thread     ] DEBUG AssetLoader          - Loading from cache: /assets/properties/languages/english.properties
23:10:05.747 [FXGL Launcher Thread     ] DEBUG AssetLoader          - Loading from cache: /assets/properties/languages/english.properties
23:10:05.749 [FXGL Launcher Thread     ] DEBUG AssetLoader          - Loading from cache: /assets/properties/languages/english.properties
23:10:05.750 [FXGL Launcher Thread     ] DEBUG AssetLoader          - Loading from cache: /assets/properties/languages/english.properties
23:10:05.756 [FXGL Launcher Thread     ] DEBUG AssetLoader          - Loading from disk: /assets/ui/cursors/fxgl_default.png
23:10:05.758 [FXGL Launcher Thread     ] DEBUG AssetLoader          - Loading from cache: /assets/textures/Flash-Run_BG_2.png
23:10:05.759 [FXGL Launcher Thread     ] DEBUG FXGL.Menu            - createMenuBodyGameMenu()
23:10:05.760 [FXGL Launcher Thread     ] DEBUG AssetLoader          - Loading from cache: /assets/properties/languages/english.properties
23:10:05.761 [FXGL Launcher Thread     ] DEBUG AssetLoader          - Loading from cache: /assets/properties/languages/english.properties
23:10:05.761 [FXGL Launcher Thread     ] DEBUG FXGL.Menu            - createOptionsMenu()
23:10:05.763 [FXGL Launcher Thread     ] DEBUG AssetLoader          - Loading from cache: /assets/properties/languages/english.properties
23:10:05.763 [FXGL Launcher Thread     ] DEBUG AssetLoader          - Loading from cache: /assets/properties/languages/english.properties
23:10:05.764 [FXGL Launcher Thread     ] DEBUG AssetLoader          - Loading from cache: /assets/properties/languages/english.properties
23:10:05.765 [FXGL Launcher Thread     ] DEBUG AssetLoader          - Loading from cache: /assets/properties/languages/english.properties
23:10:05.766 [FXGL Launcher Thread     ] DEBUG AssetLoader          - Loading from cache: /assets/properties/languages/english.properties
23:10:05.770 [FXGL Launcher Thread     ] DEBUG AssetLoader          - Loading from cache: /assets/properties/languages/english.properties
23:10:05.771 [FXGL Launcher Thread     ] DEBUG AssetLoader          - Loading from cache: /assets/properties/languages/english.properties
23:10:05.784 [FXGL Launcher Thread     ] INFO  GameApplication      - Game configuration took:  1.011 sec
23:10:05.788 [JavaFX Application Thread] DEBUG MainWindow           - Opening main window
23:10:05.886 [JavaFX Application Thread] DEBUG MainWindow           - Window border size: (0.0, 22.0)
23:10:05.887 [JavaFX Application Thread] DEBUG MainWindow           - Scaled size: 1216.0 x 704.0
23:10:05.887 [JavaFX Application Thread] DEBUG MainWindow           - Scaled ratio: (1.0, 1.0)
23:10:05.887 [JavaFX Application Thread] DEBUG MainWindow           - Scene size: 1216.0 x 704.0
23:10:05.888 [JavaFX Application Thread] DEBUG MainWindow           - Stage size: 1216.0 x 726.0
23:10:05.888 [JavaFX Application Thread] DEBUG GameApplication      - Running preInit()
23:10:05.891 [JavaFX Application Thread] DEBUG AnnotationParser     - Main app package name: sample
23:10:06.069 [JavaFX Application Thread] DEBUG AnnotationParser     - @SetAchievementStore: []
23:10:06.093 [JavaFX Application Thread] DEBUG Input                - Registered new binding: Screenshot - P
23:10:06.094 [JavaFX Application Thread] DEBUG Input                - Registered new binding: Dev Options - CTRL+0
23:10:06.094 [JavaFX Application Thread] DEBUG Input                - Registered new binding: Restart - CTRL+R
23:10:06.095 [JavaFX Application Thread] DEBUG Input                - Registered new binding: Left - A
23:10:06.095 [JavaFX Application Thread] DEBUG Input                - Registered new binding: Right - D
23:10:06.095 [JavaFX Application Thread] DEBUG Input                - Registered new binding: Up - W
23:10:06.095 [JavaFX Application Thread] DEBUG Input                - Registered new binding: Down - S
23:10:06.096 [JavaFX Application Thread] DEBUG MenuEventHandler     - generateDefaultProfile()
23:10:06.096 [JavaFX Application Thread] DEBUG MenuEventHandler     - Creating default profile
23:10:06.097 [JavaFX Application Thread] DEBUG EventBus             - Firing event: SaveEvent
23:10:06.099 [JavaFX Application Thread] DEBUG AudioPlayer          - Saving data to profile
23:10:06.099 [JavaFX Application Thread] DEBUG Bundle               - Logging bundle: audio
23:10:06.099 [JavaFX Application Thread] DEBUG Bundle               - audio.musicVolume=0.5
23:10:06.099 [JavaFX Application Thread] DEBUG Bundle               - audio.soundVolume=0.5
23:10:06.100 [JavaFX Application Thread] DEBUG Input                - Saving data to profile
23:10:06.100 [JavaFX Application Thread] DEBUG Bundle               - Logging bundle: input
23:10:06.100 [JavaFX Application Thread] DEBUG Bundle               - input.Up=W
23:10:06.100 [JavaFX Application Thread] DEBUG Bundle               - input.Right=D
23:10:06.100 [JavaFX Application Thread] DEBUG Bundle               - input.Screenshot=P
23:10:06.100 [JavaFX Application Thread] DEBUG Bundle               - input.Restart=CTRL+R
23:10:06.100 [JavaFX Application Thread] DEBUG Bundle               - input.Dev Options=CTRL+0
23:10:06.100 [JavaFX Application Thread] DEBUG Bundle               - input.Down=S
23:10:06.101 [JavaFX Application Thread] DEBUG Bundle               - input.Left=A
23:10:06.106 [JavaFX Application Thread] DEBUG Bundle               - Logging bundle: gameplayStats
23:10:06.106 [JavaFX Application Thread] DEBUG Bundle               - gameplayStats.playtime=0
23:10:06.108 [JavaFX Application Thread] DEBUG AchievementManager   - Saving data to profile
23:10:06.108 [JavaFX Application Thread] DEBUG Bundle               - Logging bundle: achievement
23:10:06.151 [JavaFX Application Thread] DEBUG GameApplication      - Starting main loop
23:10:06.172 [JavaFX Application Thread] DEBUG StartupState         - STARTUP
23:10:06.172 [JavaFX Application Thread] DEBUG Input                - Clearing active input actions
23:10:06.230 [JavaFX Application Thread] DEBUG AppStateMachine      - StartupState -> MainMenuState
23:10:06.244 [JavaFX Application Thread] DEBUG FXGL.SaveLoadManager - Checking profiles dir: profiles/
23:10:06.245 [JavaFX Application Thread] DEBUG FXGL.SaveLoadManager - Loading profile names
23:10:06.248 [JavaFX Application Thread] DEBUG IOTask               - Showing dialog
23:10:06.253 [JavaFX Application Thread] DEBUG AppStateMachine      - Push state: DialogSubState
23:10:06.254 [JavaFX Application Thread] DEBUG Input                - Clearing active input actions
23:10:06.254 [JavaFX Application Thread] DEBUG AppStateMachine      - MainMenuState -> DialogSubState
23:10:06.260 [FXGL Background Thread 1 ] DEBUG IOTask               - Executing task: loadDirectoryNamesTask(./profiles/, false)
23:10:06.614 [JavaFX Application Thread] DEBUG GameApplication      - Exiting game application
23:10:06.615 [JavaFX Application Thread] DEBUG GameApplication      - Shutting down background threads
23:10:06.615 [JavaFX Application Thread] DEBUG GameApplication      - Exiting FXGL
23:10:06.615 [JavaFX Application Thread] DEBUG FXGL                 - Saving FXGL system data
23:10:06.616 [JavaFX Application Thread] DEBUG IOTask               - Executing task: writeDataTask(system/fxgl.bundle)
23:10:06.619 [JavaFX Application Thread] DEBUG FS                   - Writing to: system/fxgl.bundle
23:10:06.623 [JavaFX Application Thread] DEBUG IOTask               - Task succeeded: writeDataTask(system/fxgl.bundle)
23:10:06.623 [JavaFX Application Thread] DEBUG GameApplication      - Closing logger and exiting JavaFX
