17:47:02.845 [JavaFX Application Thread] DEBUG GameApplication      - Logger initialized
17:47:02.867 [JavaFX Application Thread] DEBUG MainWindow           - Creating a JavaFX scene
17:47:03.182 [JavaFX Application Thread] DEBUG MainWindow           - Target settings size: 600.0 x 600.0
17:47:03.182 [JavaFX Application Thread] DEBUG MainWindow           - Scaled scene size:    600.0 x 600.0
17:47:03.183 [JavaFX Application Thread] DEBUG MainWindow           - Scaled ratio: (1.0, 1.0)
17:47:03.811 [JavaFX Application Thread] DEBUG GameApplication      - Starting FXGL
17:47:03.905 [FXGL Launcher Thread     ] INFO  Version              - FXGL-0.4.3
17:47:03.906 [FXGL Launcher Thread     ] INFO  Version              - Source code and latest versions at: https://github.com/AlmasB/FXGL
17:47:03.906 [FXGL Launcher Thread     ] INFO  Version              -              Join the FXGL chat at: https://gitter.im/AlmasB/FXGL
17:47:03.910 [FXGL Launcher Thread     ] DEBUG FXGL                 - Loading default FXGL system data
17:47:03.992 [JavaFX Application Thread] DEBUG UpdaterTask          - Checking for updates
17:47:04.138 [JavaFX Application Thread] DEBUG IOTask               - Showing dialog
17:47:04.139 [FXGL Background Thread 1 ] DEBUG IOTask               - Executing task: openStream(https://raw.githubusercontent.com/AlmasB/FXGL/master/pom.xml)
17:47:04.139 [FXGL Background Thread 1 ] DEBUG IOTask               - Executing task: openStream(https://raw.githubusercontent.com/AlmasB/FXGL/master/pom.xml)
17:47:05.120 [FXGL Background Thread 1 ] DEBUG IOTask               - Executing task: latestVersion
17:47:05.132 [JavaFX Application Thread] DEBUG IOTask               - succeed(): Dismissing dialog
17:47:05.132 [JavaFX Application Thread] DEBUG IOTask               - Task succeeded: openStream(https://raw.githubusercontent.com/AlmasB/FXGL/master/pom.xml)
17:47:05.168 [FXGL Launcher Thread     ] DEBUG GameApplication      - FXGL started
17:47:05.169 [FXGL Launcher Thread     ] DEBUG GameApplication      - Logging game settings
Title: Basic Game App
Version: 0.1
Width: 600
Height: 600
Fullscreen: false
Intro: false
Menus: false
Profiling: false
Single step:false
App Mode: DEVELOPER
Menu Key: ESCAPE
Stage Style: DECORATED
Scene Factory: class com.almasb.fxgl.scene.SceneFactory
Dialog Factory: class com.almasb.fxgl.ui.FXGLDialogFactory
UI Factory: class com.almasb.fxgl.ui.FXGLUIFactory
Notification Service: class com.almasb.fxgl.gameplay.notification.XboxNotificationView
Exception Handler: class com.almasb.fxgl.app.FXGLExceptionHandler
17:47:05.171 [FXGL Launcher Thread     ] DEBUG GameApplication      - Configuring GameApplication
17:47:05.172 [FXGL Launcher Thread     ] DEBUG GameApplication      - Initializing state machine and application states
17:47:05.195 [FXGL Launcher Thread     ] DEBUG AssetLoader          - Loading from disk: /assets/ui/cursors/fxgl_default.png
17:47:05.292 [FXGL Launcher Thread     ] DEBUG AssetLoader          - Loading from disk: /assets/ui/cursors/fxgl_default.png
17:47:05.296 [FXGL Launcher Thread     ] DEBUG AssetLoader          - Loading from disk: /assets/ui/cursors/fxgl_default.png
17:47:05.309 [FXGL Launcher Thread     ] DEBUG AssetLoader          - Loading from disk: /assets/sounds/core/notification.wav
17:47:05.420 [FXGL Launcher Thread     ] DEBUG AssetLoader          - Loading from disk: /assets/sounds/menu/select.wav
17:47:05.421 [FXGL Launcher Thread     ] DEBUG AssetLoader          - Loading from disk: /assets/sounds/menu/back.wav
17:47:05.423 [FXGL Launcher Thread     ] DEBUG AssetLoader          - Loading from disk: /assets/sounds/menu/press.wav
17:47:05.426 [FXGL Launcher Thread     ] DEBUG AssetLoader          - Loading from disk: /assets/ui/fonts/VarelaRound-Regular.ttf
17:47:05.440 [FXGL Launcher Thread     ] DEBUG AssetLoader          - Loading from disk: /assets/ui/fonts/lucida_console.ttf
17:47:05.447 [FXGL Launcher Thread     ] DEBUG AssetLoader          - Loading from disk: /assets/ui/css/fxgl_dark.css
17:47:05.448 [FXGL Launcher Thread     ] DEBUG AssetLoader          - Loading from disk: /assets/ui/icons/fxgl_icon.png
17:47:05.481 [FXGL Launcher Thread     ] DEBUG AssetLoader          - Loading from disk: /assets/ui/cursors/fxgl_default.png
17:47:05.570 [FXGL Launcher Thread     ] DEBUG FXGL.GameScene       - Game scene initialized: 600x600
17:47:05.580 [FXGL Launcher Thread     ] DEBUG FXGL.GameWorld       - Game world initialized
17:47:05.708 [FXGL Launcher Thread     ] DEBUG PhysicsWorld         - Physics world initialized: appHeight=600, physics.ppm=50.0
17:47:05.718 [FXGL Launcher Thread     ] DEBUG Input                - Registered new binding: Pause - Esc
17:47:05.764 [FXGL Launcher Thread     ] INFO  GameApplication      - Game configuration took:  0.592 sec
17:47:05.767 [JavaFX Application Thread] DEBUG MainWindow           - Opening main window
17:47:05.826 [JavaFX Application Thread] DEBUG MainWindow           - Window border size: (0.0, 22.0)
17:47:05.827 [JavaFX Application Thread] DEBUG MainWindow           - Scaled size: 600.0 x 600.0
17:47:05.827 [JavaFX Application Thread] DEBUG MainWindow           - Scaled ratio: (1.0, 1.0)
17:47:05.827 [JavaFX Application Thread] DEBUG MainWindow           - Scene size: 600.0 x 600.0
17:47:05.828 [JavaFX Application Thread] DEBUG MainWindow           - Stage size: 600.0 x 622.0
17:47:05.828 [JavaFX Application Thread] DEBUG GameApplication      - Running preInit()
17:47:05.833 [JavaFX Application Thread] DEBUG AnnotationParser     - Main app package name: sample
17:47:05.989 [JavaFX Application Thread] DEBUG AnnotationParser     - @SetAchievementStore: []
17:47:05.992 [JavaFX Application Thread] DEBUG Input                - Registered new binding: Screenshot - P
17:47:05.992 [JavaFX Application Thread] DEBUG Input                - Registered new binding: Dev Options - CTRL+0
17:47:05.993 [JavaFX Application Thread] DEBUG Input                - Registered new binding: Restart - CTRL+R
17:47:06.076 [JavaFX Application Thread] DEBUG GameApplication      - Starting main loop
17:47:06.094 [JavaFX Application Thread] DEBUG StartupState         - STARTUP
17:47:06.094 [JavaFX Application Thread] DEBUG GameApplication      - Starting new game
17:47:06.095 [JavaFX Application Thread] DEBUG Input                - Clearing active input actions
17:47:06.137 [JavaFX Application Thread] DEBUG AppStateMachine      - StartupState -> LoadingState
17:47:06.139 [JavaFX Application Thread] DEBUG AnnotationParser     - Main app package name: sample
17:47:06.139 [JavaFX Application Thread] DEBUG InitAppTask          - Parsing annotations
17:47:06.256 [JavaFX Application Thread] DEBUG AnnotationParser     - @SetEntityFactory: []
17:47:06.257 [JavaFX Application Thread] DEBUG AnnotationParser     - @AddCollisionHandler: []
17:47:06.257 [JavaFX Application Thread] DEBUG AnnotationParser     - @SetEventHandler: []
17:47:06.261 [FXGL Background Thread 1 ] DEBUG InitAppTask          - Clearing previous game
17:47:06.262 [FXGL Background Thread 1 ] DEBUG FXGL.GameWorld       - Clearing game world
17:47:06.262 [FXGL Background Thread 1 ] DEBUG PhysicsWorld         - Clearing physics world
17:47:06.262 [FXGL Background Thread 1 ] DEBUG FXGL.GameScene       - Clearing game scene
17:47:06.264 [FXGL Background Thread 1 ] DEBUG InitAppTask          - Initializing Assets
17:47:06.267 [FXGL Background Thread 1 ] DEBUG InitAppTask          - Initializing Game
17:47:06.277 [FXGL Background Thread 1 ] DEBUG InitAppTask          - Initializing Physics
17:47:06.277 [FXGL Background Thread 1 ] DEBUG InitAppTask          - Initializing UI
17:47:06.277 [FXGL Background Thread 1 ] DEBUG InitAppTask          - Initialization Complete
17:47:06.278 [FXGL Background Thread 1 ] INFO  InitAppTask          - Game initialization took: 0.016 sec
17:47:06.340 [JavaFX Application Thread] DEBUG Input                - Clearing active input actions
17:47:06.347 [JavaFX Application Thread] DEBUG AppStateMachine      - LoadingState -> PlayState
17:47:08.181 [JavaFX Application Thread] DEBUG GameApplication      - Exiting game application
17:47:08.183 [JavaFX Application Thread] DEBUG GameApplication      - Shutting down background threads
17:47:08.183 [JavaFX Application Thread] DEBUG GameApplication      - Exiting FXGL
17:47:08.184 [JavaFX Application Thread] DEBUG FXGL                 - Saving FXGL system data
17:47:08.191 [JavaFX Application Thread] DEBUG IOTask               - Executing task: writeDataTask(system/fxgl.bundle)
17:47:08.199 [JavaFX Application Thread] DEBUG FS                   - Writing to: system/fxgl.bundle
17:47:08.222 [JavaFX Application Thread] DEBUG IOTask               - Task succeeded: writeDataTask(system/fxgl.bundle)
17:47:08.222 [JavaFX Application Thread] DEBUG GameApplication      - Closing logger and exiting JavaFX
