18:39:26.153 [JavaFX Application Thread] DEBUG GameApplication      - Logger initialized
18:39:26.167 [JavaFX Application Thread] DEBUG MainWindow           - Creating a JavaFX scene
18:39:26.351 [JavaFX Application Thread] DEBUG MainWindow           - Target settings size: 600.0 x 600.0
18:39:26.351 [JavaFX Application Thread] DEBUG MainWindow           - Scaled scene size:    600.0 x 600.0
18:39:26.352 [JavaFX Application Thread] DEBUG MainWindow           - Scaled ratio: (1.0, 1.0)
18:39:26.909 [JavaFX Application Thread] DEBUG GameApplication      - Starting FXGL
18:39:27.008 [FXGL Launcher Thread     ] INFO  Version              - FXGL-0.4.3
18:39:27.009 [FXGL Launcher Thread     ] INFO  Version              - Source code and latest versions at: https://github.com/AlmasB/FXGL
18:39:27.009 [FXGL Launcher Thread     ] INFO  Version              -              Join the FXGL chat at: https://gitter.im/AlmasB/FXGL
18:39:27.010 [FXGL Launcher Thread     ] DEBUG FXGL                 - Loading FXGL system data
18:39:27.029 [FXGL Launcher Thread     ] DEBUG IOTask               - Executing task: readDataTask(system/fxgl.bundle)
18:39:27.078 [FXGL Launcher Thread     ] DEBUG FS                   - Reading from: system/fxgl.bundle
18:39:27.108 [FXGL Launcher Thread     ] DEBUG IOTask               - Task succeeded: readDataTask(system/fxgl.bundle)
18:39:27.111 [FXGL Launcher Thread     ] DEBUG Bundle               - Logging bundle: FXGL
18:39:27.113 [FXGL Launcher Thread     ] DEBUG Bundle               - FXGL.offline.timer.version.check=2018-04-03T17:47:05.133
18:39:27.135 [FXGL Launcher Thread     ] DEBUG GameApplication      - FXGL started
18:39:27.135 [FXGL Launcher Thread     ] DEBUG GameApplication      - Logging game settings
Title: Basic Game App
Version: 0.1
Width: 600
Height: 600
Fullscreen: false
Intro: false
Menus: false
Profiling: false
Single step:false
App Mode: DEVELOPER
Menu Key: ESCAPE
Stage Style: DECORATED
Scene Factory: class com.almasb.fxgl.scene.SceneFactory
Dialog Factory: class com.almasb.fxgl.ui.FXGLDialogFactory
UI Factory: class com.almasb.fxgl.ui.FXGLUIFactory
Notification Service: class com.almasb.fxgl.gameplay.notification.XboxNotificationView
Exception Handler: class com.almasb.fxgl.app.FXGLExceptionHandler
18:39:27.137 [FXGL Launcher Thread     ] DEBUG GameApplication      - Configuring GameApplication
18:39:27.137 [FXGL Launcher Thread     ] DEBUG GameApplication      - Initializing state machine and application states
18:39:27.204 [FXGL Launcher Thread     ] DEBUG AssetLoader          - Loading from disk: /assets/ui/cursors/fxgl_default.png
18:39:27.274 [FXGL Launcher Thread     ] DEBUG AssetLoader          - Loading from disk: /assets/ui/cursors/fxgl_default.png
18:39:27.280 [FXGL Launcher Thread     ] DEBUG AssetLoader          - Loading from disk: /assets/ui/cursors/fxgl_default.png
18:39:27.323 [FXGL Launcher Thread     ] DEBUG AssetLoader          - Loading from disk: /assets/sounds/core/notification.wav
18:39:27.454 [FXGL Launcher Thread     ] DEBUG AssetLoader          - Loading from disk: /assets/sounds/menu/select.wav
18:39:27.456 [FXGL Launcher Thread     ] DEBUG AssetLoader          - Loading from disk: /assets/sounds/menu/back.wav
18:39:27.461 [FXGL Launcher Thread     ] DEBUG AssetLoader          - Loading from disk: /assets/sounds/menu/press.wav
18:39:27.465 [FXGL Launcher Thread     ] DEBUG AssetLoader          - Loading from disk: /assets/ui/fonts/VarelaRound-Regular.ttf
18:39:27.503 [FXGL Launcher Thread     ] DEBUG AssetLoader          - Loading from disk: /assets/ui/fonts/lucida_console.ttf
18:39:27.512 [FXGL Launcher Thread     ] DEBUG AssetLoader          - Loading from disk: /assets/ui/css/fxgl_dark.css
18:39:27.512 [FXGL Launcher Thread     ] DEBUG AssetLoader          - Loading from disk: /assets/ui/icons/fxgl_icon.png
18:39:27.555 [FXGL Launcher Thread     ] DEBUG AssetLoader          - Loading from disk: /assets/ui/cursors/fxgl_default.png
18:39:27.598 [FXGL Launcher Thread     ] DEBUG FXGL.GameScene       - Game scene initialized: 600x600
18:39:27.605 [FXGL Launcher Thread     ] DEBUG FXGL.GameWorld       - Game world initialized
18:39:27.709 [FXGL Launcher Thread     ] DEBUG PhysicsWorld         - Physics world initialized: appHeight=600, physics.ppm=50.0
18:39:27.742 [FXGL Launcher Thread     ] DEBUG Input                - Registered new binding: Pause - Esc
18:39:27.763 [FXGL Launcher Thread     ] INFO  GameApplication      - Game configuration took:  0.626 sec
18:39:27.766 [JavaFX Application Thread] DEBUG MainWindow           - Opening main window
18:39:27.834 [JavaFX Application Thread] DEBUG MainWindow           - Window border size: (0.0, 22.0)
18:39:27.834 [JavaFX Application Thread] DEBUG MainWindow           - Scaled size: 600.0 x 600.0
18:39:27.834 [JavaFX Application Thread] DEBUG MainWindow           - Scaled ratio: (1.0, 1.0)
18:39:27.834 [JavaFX Application Thread] DEBUG MainWindow           - Scene size: 600.0 x 600.0
18:39:27.834 [JavaFX Application Thread] DEBUG MainWindow           - Stage size: 600.0 x 622.0
18:39:27.834 [JavaFX Application Thread] DEBUG GameApplication      - Running preInit()
18:39:27.837 [JavaFX Application Thread] DEBUG AnnotationParser     - Main app package name: sample
18:39:27.954 [JavaFX Application Thread] DEBUG AnnotationParser     - @SetAchievementStore: []
18:39:27.955 [JavaFX Application Thread] DEBUG Input                - Registered new binding: Screenshot - P
18:39:27.956 [JavaFX Application Thread] DEBUG Input                - Registered new binding: Dev Options - CTRL+0
18:39:27.956 [JavaFX Application Thread] DEBUG Input                - Registered new binding: Restart - CTRL+R
18:39:28.005 [JavaFX Application Thread] DEBUG GameApplication      - Starting main loop
18:39:28.022 [JavaFX Application Thread] DEBUG StartupState         - STARTUP
18:39:28.022 [JavaFX Application Thread] DEBUG GameApplication      - Starting new game
18:39:28.022 [JavaFX Application Thread] DEBUG Input                - Clearing active input actions
18:39:28.064 [JavaFX Application Thread] DEBUG AppStateMachine      - StartupState -> LoadingState
18:39:28.065 [JavaFX Application Thread] DEBUG AnnotationParser     - Main app package name: sample
18:39:28.065 [JavaFX Application Thread] DEBUG InitAppTask          - Parsing annotations
18:39:28.094 [JavaFX Application Thread] DEBUG AnnotationParser     - @AddCollisionHandler: []
18:39:28.094 [JavaFX Application Thread] DEBUG AnnotationParser     - @SetEntityFactory: []
18:39:28.095 [JavaFX Application Thread] DEBUG AnnotationParser     - @SetEventHandler: []
18:39:28.103 [FXGL Background Thread 1 ] DEBUG InitAppTask          - Clearing previous game
18:39:28.104 [FXGL Background Thread 1 ] DEBUG FXGL.GameWorld       - Clearing game world
18:39:28.104 [FXGL Background Thread 1 ] DEBUG PhysicsWorld         - Clearing physics world
18:39:28.104 [FXGL Background Thread 1 ] DEBUG FXGL.GameScene       - Clearing game scene
18:39:28.106 [FXGL Background Thread 1 ] DEBUG InitAppTask          - Initializing Assets
18:39:28.108 [FXGL Background Thread 1 ] DEBUG InitAppTask          - Initializing Game
18:39:28.114 [FXGL Background Thread 1 ] DEBUG InitAppTask          - Initializing Physics
18:39:28.114 [FXGL Background Thread 1 ] DEBUG InitAppTask          - Initializing UI
18:39:28.115 [FXGL Background Thread 1 ] DEBUG InitAppTask          - Initialization Complete
18:39:28.115 [FXGL Background Thread 1 ] INFO  InitAppTask          - Game initialization took: 0.012 sec
18:39:28.198 [JavaFX Application Thread] DEBUG Input                - Clearing active input actions
18:39:28.207 [JavaFX Application Thread] DEBUG AppStateMachine      - LoadingState -> PlayState
18:39:47.003 [JavaFX Application Thread] DEBUG GameApplication      - Exiting game application
18:39:47.005 [JavaFX Application Thread] DEBUG GameApplication      - Shutting down background threads
18:39:47.005 [JavaFX Application Thread] DEBUG GameApplication      - Exiting FXGL
18:39:47.006 [JavaFX Application Thread] DEBUG FXGL                 - Saving FXGL system data
18:39:47.008 [JavaFX Application Thread] DEBUG IOTask               - Executing task: writeDataTask(system/fxgl.bundle)
18:39:47.012 [JavaFX Application Thread] DEBUG FS                   - Writing to: system/fxgl.bundle
18:39:47.018 [JavaFX Application Thread] DEBUG IOTask               - Task succeeded: writeDataTask(system/fxgl.bundle)
18:39:47.018 [JavaFX Application Thread] DEBUG GameApplication      - Closing logger and exiting JavaFX
