20:49:59.432 [JavaFX Application Thread] DEBUG GameApplication      - Logger initialized
20:49:59.444 [JavaFX Application Thread] DEBUG MainWindow           - Creating a JavaFX scene
20:49:59.624 [JavaFX Application Thread] DEBUG MainWindow           - Target settings size: 1216.0 x 704.0
20:49:59.624 [JavaFX Application Thread] DEBUG MainWindow           - Scaled scene size:    1216.0 x 704.0
20:49:59.625 [JavaFX Application Thread] DEBUG MainWindow           - Scaled ratio: (1.0, 1.0)
20:50:00.199 [JavaFX Application Thread] DEBUG GameApplication      - Starting FXGL
20:50:00.302 [FXGL Launcher Thread     ] INFO  Version              - FXGL-0.4.3
20:50:00.302 [FXGL Launcher Thread     ] INFO  Version              - Source code and latest versions at: https://github.com/AlmasB/FXGL
20:50:00.303 [FXGL Launcher Thread     ] INFO  Version              -              Join the FXGL chat at: https://gitter.im/AlmasB/FXGL
20:50:00.304 [FXGL Launcher Thread     ] DEBUG FXGL                 - Loading FXGL system data
20:50:00.311 [FXGL Launcher Thread     ] DEBUG IOTask               - Executing task: readDataTask(system/fxgl.bundle)
20:50:00.351 [FXGL Launcher Thread     ] DEBUG FS                   - Reading from: system/fxgl.bundle
20:50:00.377 [FXGL Launcher Thread     ] DEBUG IOTask               - Task succeeded: readDataTask(system/fxgl.bundle)
20:50:00.379 [FXGL Launcher Thread     ] DEBUG Bundle               - Logging bundle: FXGL
20:50:00.380 [FXGL Launcher Thread     ] DEBUG Bundle               - FXGL.offline.timer.version.check=2018-04-03T17:47:05.133
20:50:00.499 [FXGL Launcher Thread     ] DEBUG GameApplication      - FXGL started
20:50:00.500 [FXGL Launcher Thread     ] DEBUG GameApplication      - Logging game settings
Title: Flash-Run
Version: 3.0
Width: 1216
Height: 704
Fullscreen: false
Intro: false
Menus: true
Profiling: false
Single step:false
App Mode: DEVELOPER
Menu Key: ESCAPE
Stage Style: DECORATED
Scene Factory: class sample.MainMenu
Dialog Factory: class com.almasb.fxgl.ui.FXGLDialogFactory
UI Factory: class com.almasb.fxgl.ui.FXGLUIFactory
Notification Service: class com.almasb.fxgl.gameplay.notification.XboxNotificationView
Exception Handler: class com.almasb.fxgl.app.FXGLExceptionHandler
20:50:00.502 [FXGL Launcher Thread     ] DEBUG GameApplication      - Configuring GameApplication
20:50:00.502 [FXGL Launcher Thread     ] DEBUG GameApplication      - Initializing state machine and application states
20:50:00.533 [FXGL Launcher Thread     ] DEBUG AssetLoader          - Loading from disk: /assets/ui/cursors/fxgl_default.png
20:50:00.582 [FXGL Launcher Thread     ] DEBUG AssetLoader          - Loading from disk: /assets/ui/cursors/fxgl_default.png
20:50:00.586 [FXGL Launcher Thread     ] DEBUG AssetLoader          - Loading from disk: /assets/ui/cursors/fxgl_default.png
20:50:00.649 [FXGL Launcher Thread     ] DEBUG AssetLoader          - Loading from disk: /assets/sounds/core/notification.wav
20:50:00.735 [FXGL Launcher Thread     ] DEBUG AssetLoader          - Loading from disk: /assets/sounds/menu/select.wav
20:50:00.739 [FXGL Launcher Thread     ] DEBUG AssetLoader          - Loading from disk: /assets/sounds/menu/back.wav
20:50:00.741 [FXGL Launcher Thread     ] DEBUG AssetLoader          - Loading from disk: /assets/sounds/menu/press.wav
20:50:00.745 [FXGL Launcher Thread     ] DEBUG AssetLoader          - Loading from disk: /assets/ui/fonts/VarelaRound-Regular.ttf
20:50:00.769 [FXGL Launcher Thread     ] DEBUG AssetLoader          - Loading from disk: /assets/ui/fonts/lucida_console.ttf
20:50:00.775 [FXGL Launcher Thread     ] DEBUG AssetLoader          - Loading from disk: /assets/ui/css/fxgl_dark.css
20:50:00.775 [FXGL Launcher Thread     ] DEBUG AssetLoader          - Loading from disk: /assets/ui/icons/fxgl_icon.png
20:50:00.815 [FXGL Launcher Thread     ] DEBUG AssetLoader          - Loading from disk: /assets/ui/cursors/fxgl_default.png
20:50:00.877 [FXGL Launcher Thread     ] DEBUG FXGL.GameScene       - Game scene initialized: 1216x704
20:50:00.891 [FXGL Launcher Thread     ] DEBUG FXGL.GameWorld       - Game world initialized
20:50:01.021 [FXGL Launcher Thread     ] DEBUG PhysicsWorld         - Physics world initialized: appHeight=704, physics.ppm=50.0
20:50:01.052 [FXGL Launcher Thread     ] DEBUG AssetLoader          - Loading from disk: /assets/ui/cursors/fxgl_default.png
20:50:01.054 [FXGL Launcher Thread     ] DEBUG AssetLoader          - Loading from disk: /assets/textures/Flash-Run_BG_2.png
20:50:01.132 [FXGL Launcher Thread     ] DEBUG FXGL.Menu            - createMenuBodyMainMenu()
20:50:01.142 [FXGL Launcher Thread     ] DEBUG AssetLoader          - Loading from disk: /assets/properties/languages/english.properties
20:50:01.144 [FXGL Launcher Thread     ] DEBUG AssetLoader          - Loading from cache: /assets/properties/languages/english.properties
20:50:01.144 [FXGL Launcher Thread     ] DEBUG FXGL.Menu            - createOptionsMenu()
20:50:01.145 [FXGL Launcher Thread     ] DEBUG AssetLoader          - Loading from cache: /assets/properties/languages/english.properties
20:50:01.146 [FXGL Launcher Thread     ] DEBUG AssetLoader          - Loading from cache: /assets/properties/languages/english.properties
20:50:01.147 [FXGL Launcher Thread     ] DEBUG AssetLoader          - Loading from cache: /assets/properties/languages/english.properties
20:50:01.149 [FXGL Launcher Thread     ] DEBUG AssetLoader          - Loading from cache: /assets/properties/languages/english.properties
20:50:01.150 [FXGL Launcher Thread     ] DEBUG AssetLoader          - Loading from cache: /assets/properties/languages/english.properties
20:50:01.152 [FXGL Launcher Thread     ] DEBUG AssetLoader          - Loading from cache: /assets/properties/languages/english.properties
20:50:01.154 [FXGL Launcher Thread     ] DEBUG AssetLoader          - Loading from cache: /assets/properties/languages/english.properties
20:50:01.156 [FXGL Launcher Thread     ] DEBUG AssetLoader          - Loading from cache: /assets/properties/languages/english.properties
20:50:01.160 [FXGL Launcher Thread     ] DEBUG AssetLoader          - Loading from disk: /assets/ui/cursors/fxgl_default.png
20:50:01.161 [FXGL Launcher Thread     ] DEBUG AssetLoader          - Loading from cache: /assets/textures/Flash-Run_BG_2.png
20:50:01.162 [FXGL Launcher Thread     ] DEBUG FXGL.Menu            - createMenuBodyGameMenu()
20:50:01.163 [FXGL Launcher Thread     ] DEBUG AssetLoader          - Loading from cache: /assets/properties/languages/english.properties
20:50:01.164 [FXGL Launcher Thread     ] DEBUG AssetLoader          - Loading from cache: /assets/properties/languages/english.properties
20:50:01.165 [FXGL Launcher Thread     ] DEBUG FXGL.Menu            - createOptionsMenu()
20:50:01.166 [FXGL Launcher Thread     ] DEBUG AssetLoader          - Loading from cache: /assets/properties/languages/english.properties
20:50:01.167 [FXGL Launcher Thread     ] DEBUG AssetLoader          - Loading from cache: /assets/properties/languages/english.properties
20:50:01.167 [FXGL Launcher Thread     ] DEBUG AssetLoader          - Loading from cache: /assets/properties/languages/english.properties
20:50:01.167 [FXGL Launcher Thread     ] DEBUG AssetLoader          - Loading from cache: /assets/properties/languages/english.properties
20:50:01.167 [FXGL Launcher Thread     ] DEBUG AssetLoader          - Loading from cache: /assets/properties/languages/english.properties
20:50:01.168 [FXGL Launcher Thread     ] DEBUG AssetLoader          - Loading from cache: /assets/properties/languages/english.properties
20:50:01.169 [FXGL Launcher Thread     ] DEBUG AssetLoader          - Loading from cache: /assets/properties/languages/english.properties
20:50:01.178 [FXGL Launcher Thread     ] INFO  GameApplication      - Game configuration took:  0.675 sec
20:50:01.180 [JavaFX Application Thread] DEBUG MainWindow           - Opening main window
20:50:01.253 [JavaFX Application Thread] DEBUG MainWindow           - Window border size: (0.0, 22.0)
20:50:01.253 [JavaFX Application Thread] DEBUG MainWindow           - Scaled size: 1216.0 x 704.0
20:50:01.253 [JavaFX Application Thread] DEBUG MainWindow           - Scaled ratio: (1.0, 1.0)
20:50:01.254 [JavaFX Application Thread] DEBUG MainWindow           - Scene size: 1216.0 x 704.0
20:50:01.254 [JavaFX Application Thread] DEBUG MainWindow           - Stage size: 1216.0 x 726.0
20:50:01.254 [JavaFX Application Thread] DEBUG GameApplication      - Running preInit()
20:50:01.256 [JavaFX Application Thread] DEBUG AnnotationParser     - Main app package name: sample
20:50:01.425 [JavaFX Application Thread] DEBUG AnnotationParser     - @SetAchievementStore: []
20:50:01.455 [JavaFX Application Thread] DEBUG Input                - Registered new binding: Screenshot - P
20:50:01.456 [JavaFX Application Thread] DEBUG Input                - Registered new binding: Dev Options - CTRL+0
20:50:01.456 [JavaFX Application Thread] DEBUG Input                - Registered new binding: Restart - CTRL+R
20:50:01.458 [JavaFX Application Thread] DEBUG AssetLoader          - Loading from disk: /assets/sounds/flash-theme.wav
20:50:01.880 [JavaFX Application Thread] DEBUG MenuEventHandler     - generateDefaultProfile()
20:50:01.880 [JavaFX Application Thread] DEBUG MenuEventHandler     - Creating default profile
20:50:01.881 [JavaFX Application Thread] DEBUG EventBus             - Firing event: SaveEvent
20:50:01.882 [JavaFX Application Thread] DEBUG AudioPlayer          - Saving data to profile
20:50:01.882 [JavaFX Application Thread] DEBUG Bundle               - Logging bundle: audio
20:50:01.882 [JavaFX Application Thread] DEBUG Bundle               - audio.musicVolume=0.5
20:50:01.882 [JavaFX Application Thread] DEBUG Bundle               - audio.soundVolume=0.5
20:50:01.882 [JavaFX Application Thread] DEBUG Input                - Saving data to profile
20:50:01.883 [JavaFX Application Thread] DEBUG Bundle               - Logging bundle: input
20:50:01.883 [JavaFX Application Thread] DEBUG Bundle               - input.Screenshot=P
20:50:01.883 [JavaFX Application Thread] DEBUG Bundle               - input.Restart=CTRL+R
20:50:01.883 [JavaFX Application Thread] DEBUG Bundle               - input.Dev Options=CTRL+0
20:50:01.888 [JavaFX Application Thread] DEBUG Bundle               - Logging bundle: gameplayStats
20:50:01.888 [JavaFX Application Thread] DEBUG Bundle               - gameplayStats.playtime=0
20:50:01.889 [JavaFX Application Thread] DEBUG AchievementManager   - Saving data to profile
20:50:01.890 [JavaFX Application Thread] DEBUG Bundle               - Logging bundle: achievement
20:50:01.955 [JavaFX Application Thread] DEBUG GameApplication      - Starting main loop
20:50:01.979 [JavaFX Application Thread] DEBUG StartupState         - STARTUP
20:50:01.979 [JavaFX Application Thread] DEBUG Input                - Clearing active input actions
20:50:02.043 [JavaFX Application Thread] DEBUG AppStateMachine      - StartupState -> MainMenuState
20:50:02.055 [JavaFX Application Thread] DEBUG FXGL.SaveLoadManager - Checking profiles dir: profiles/
20:50:02.055 [JavaFX Application Thread] DEBUG FXGL.SaveLoadManager - Loading profile names
20:50:02.060 [JavaFX Application Thread] DEBUG IOTask               - Showing dialog
20:50:02.067 [JavaFX Application Thread] DEBUG AppStateMachine      - Push state: DialogSubState
20:50:02.067 [JavaFX Application Thread] DEBUG Input                - Clearing active input actions
20:50:02.068 [JavaFX Application Thread] DEBUG AppStateMachine      - MainMenuState -> DialogSubState
20:50:02.077 [FXGL Background Thread 1 ] DEBUG IOTask               - Executing task: loadDirectoryNamesTask(./profiles/, false)
20:50:02.331 [JavaFX Application Thread] DEBUG IOTask               - succeed(): Dismissing dialog
20:50:02.332 [JavaFX Application Thread] DEBUG AppStateMachine      - Pop state: DialogSubState
20:50:02.332 [JavaFX Application Thread] DEBUG Input                - Clearing active input actions
20:50:02.332 [JavaFX Application Thread] DEBUG AppStateMachine      - MainMenuState <- DialogSubState
20:50:02.333 [JavaFX Application Thread] DEBUG IOTask               - Task succeeded: loadDirectoryNamesTask(./profiles/, false)
20:50:02.337 [JavaFX Application Thread] DEBUG AppStateMachine      - Push state: DialogSubState
20:50:02.338 [JavaFX Application Thread] DEBUG Input                - Clearing active input actions
20:50:02.338 [JavaFX Application Thread] DEBUG AppStateMachine      - MainMenuState -> DialogSubState
20:50:05.892 [JavaFX Application Thread] DEBUG AppStateMachine      - Pop state: DialogSubState
20:50:05.892 [JavaFX Application Thread] DEBUG Input                - Clearing active input actions
20:50:05.894 [JavaFX Application Thread] DEBUG AppStateMachine      - MainMenuState <- DialogSubState
20:50:05.894 [JavaFX Application Thread] DEBUG FXGL.SaveLoadManager - Loading profile: Saran
20:50:05.896 [JavaFX Application Thread] DEBUG IOTask               - Showing dialog
20:50:05.900 [JavaFX Application Thread] DEBUG AppStateMachine      - Push state: DialogSubState
20:50:05.900 [JavaFX Application Thread] DEBUG Input                - Clearing active input actions
20:50:05.900 [JavaFX Application Thread] DEBUG AppStateMachine      - MainMenuState -> DialogSubState
20:50:05.903 [FXGL Background Thread 1 ] DEBUG IOTask               - Executing task: readDataTask(./profiles/Saran/user.profile)
20:50:05.905 [FXGL Background Thread 1 ] DEBUG FS                   - Reading from: ./profiles/Saran/user.profile
20:50:05.923 [JavaFX Application Thread] DEBUG IOTask               - succeed(): Dismissing dialog
20:50:05.924 [JavaFX Application Thread] DEBUG AppStateMachine      - Pop state: DialogSubState
20:50:05.924 [JavaFX Application Thread] DEBUG Input                - Clearing active input actions
20:50:05.925 [JavaFX Application Thread] DEBUG AppStateMachine      - MainMenuState <- DialogSubState
20:50:05.925 [JavaFX Application Thread] DEBUG IOTask               - Task succeeded: readDataTask(./profiles/Saran/user.profile)
20:50:05.925 [JavaFX Application Thread] DEBUG EventBus             - Firing event: LoadEvent[type=LOAD_PROFILE]
20:50:05.925 [JavaFX Application Thread] DEBUG AudioPlayer          - Loading data from profile
20:50:05.926 [JavaFX Application Thread] DEBUG Bundle               - Logging bundle: audio
20:50:05.926 [JavaFX Application Thread] DEBUG Bundle               - audio.musicVolume=0.5
20:50:05.926 [JavaFX Application Thread] DEBUG Bundle               - audio.soundVolume=0.5
20:50:05.926 [JavaFX Application Thread] DEBUG Input                - Loading data from profile
20:50:05.926 [JavaFX Application Thread] DEBUG Bundle               - Logging bundle: input
20:50:05.927 [JavaFX Application Thread] DEBUG Bundle               - input.Screenshot=P
20:50:05.927 [JavaFX Application Thread] DEBUG Bundle               - input.Restart=CTRL+R
20:50:05.927 [JavaFX Application Thread] DEBUG Bundle               - input.Dev Options=CTRL+0
20:50:05.927 [JavaFX Application Thread] DEBUG Bundle               - Logging bundle: gameplayStats
20:50:05.927 [JavaFX Application Thread] DEBUG Bundle               - gameplayStats.playtime=171723657396
20:50:05.928 [JavaFX Application Thread] DEBUG AchievementManager   - Loading data from profile
20:50:05.928 [JavaFX Application Thread] DEBUG Bundle               - Logging bundle: achievement
20:50:05.929 [JavaFX Application Thread] DEBUG FXGL.SaveLoadManager - Loading last modified save file
20:50:05.930 [JavaFX Application Thread] DEBUG FXGL.SaveLoadManager - Loading save files
20:50:05.933 [JavaFX Application Thread] DEBUG IOTask               - Showing dialog
20:50:05.935 [JavaFX Application Thread] DEBUG AppStateMachine      - Push state: DialogSubState
20:50:05.935 [JavaFX Application Thread] DEBUG Input                - Clearing active input actions
20:50:05.935 [JavaFX Application Thread] DEBUG AppStateMachine      - MainMenuState -> DialogSubState
20:50:05.938 [FXGL Background Thread 1 ] DEBUG IOTask               - Executing task: loadFileNamesTask(./profiles/Saran/saves/, true, [FileExtension(extension=.sav)])
20:50:05.938 [FXGL Background Thread 1 ] DEBUG IOTask               - Executing task: loadFileNamesTask(./profiles/Saran/saves/, true, [FileExtension(extension=.sav)])
20:50:05.938 [FXGL Background Thread 1 ] DEBUG IOTask               - Executing task: loadFileNamesTask(./profiles/Saran/saves/, true, [FileExtension(extension=.sav)])
20:50:05.942 [FXGL Background Thread 1 ] DEBUG IOTask               - Executing task: readSaveFiles
20:50:05.945 [FXGL Background Thread 1 ] DEBUG IOTask               - Executing task: findLastSave
20:50:05.960 [JavaFX Application Thread] DEBUG IOTask               - fail(): Dismissing dialog
20:50:05.960 [JavaFX Application Thread] DEBUG AppStateMachine      - Pop state: DialogSubState
20:50:05.960 [JavaFX Application Thread] DEBUG Input                - Clearing active input actions
20:50:05.961 [JavaFX Application Thread] DEBUG AppStateMachine      - MainMenuState <- DialogSubState
20:50:05.961 [JavaFX Application Thread] WARN  IOTask               - Task failed: loadFileNamesTask(./profiles/Saran/saves/, true, [FileExtension(extension=.sav)]) Error: java.io.FileNotFoundException: No save files found
20:50:13.941 [JavaFX Application Thread] DEBUG FXGL.Menu            - fireNewGame()
20:50:13.941 [JavaFX Application Thread] DEBUG GameApplication      - Starting new game
20:50:13.941 [JavaFX Application Thread] DEBUG Input                - Clearing active input actions
20:50:13.953 [JavaFX Application Thread] DEBUG AppStateMachine      - MainMenuState -> LoadingState
20:50:13.955 [JavaFX Application Thread] DEBUG AnnotationParser     - Main app package name: sample
20:50:13.955 [JavaFX Application Thread] DEBUG InitAppTask          - Parsing annotations
20:50:14.003 [JavaFX Application Thread] DEBUG AnnotationParser     - @SetEntityFactory: []
20:50:14.003 [JavaFX Application Thread] DEBUG AnnotationParser     - @AddCollisionHandler: []
20:50:14.003 [JavaFX Application Thread] DEBUG AnnotationParser     - @SetEventHandler: []
20:50:14.005 [FXGL Background Thread 1 ] DEBUG InitAppTask          - Clearing previous game
20:50:14.005 [FXGL Background Thread 1 ] DEBUG FXGL.GameWorld       - Clearing game world
20:50:14.005 [FXGL Background Thread 1 ] DEBUG PhysicsWorld         - Clearing physics world
20:50:14.005 [FXGL Background Thread 1 ] DEBUG FXGL.GameScene       - Clearing game scene
20:50:14.006 [FXGL Background Thread 1 ] DEBUG InitAppTask          - Initializing Assets
20:50:14.009 [FXGL Background Thread 1 ] DEBUG InitAppTask          - Initializing Game
20:50:14.014 [FXGL Background Thread 1 ] DEBUG AudioPlayer          - Stopping all sounds
20:50:14.105 [FXGL Background Thread 1 ] DEBUG AssetLoader          - Loading from disk: /assets/textures/dark-flash_barry.png
20:50:14.113 [FXGL Background Thread 1 ] DEBUG FXGL.GameScene       - Creating render group for layer: DEFAULT(100000)
20:50:14.117 [FXGL Background Thread 1 ] DEBUG InitAppTask          - Initializing Physics
20:50:14.117 [FXGL Background Thread 1 ] DEBUG InitAppTask          - Initializing UI
20:50:14.117 [FXGL Background Thread 1 ] DEBUG InitAppTask          - Initialization Complete
20:50:14.118 [FXGL Background Thread 1 ] INFO  InitAppTask          - Game initialization took: 0.113 sec
20:50:14.133 [JavaFX Application Thread] DEBUG Input                - Clearing active input actions
20:50:14.141 [JavaFX Application Thread] DEBUG AppStateMachine      - LoadingState -> PlayState
20:50:16.529 [JavaFX Application Thread] DEBUG GameApplication      - Exiting game application
20:50:16.530 [JavaFX Application Thread] DEBUG MenuEventHandler     - Creating default profile
20:50:16.530 [JavaFX Application Thread] DEBUG EventBus             - Firing event: SaveEvent
20:50:16.530 [JavaFX Application Thread] DEBUG AudioPlayer          - Saving data to profile
20:50:16.530 [JavaFX Application Thread] DEBUG Bundle               - Logging bundle: audio
20:50:16.531 [JavaFX Application Thread] DEBUG Bundle               - audio.musicVolume=0.5
20:50:16.531 [JavaFX Application Thread] DEBUG Bundle               - audio.soundVolume=0.5
20:50:16.531 [JavaFX Application Thread] DEBUG Input                - Saving data to profile
20:50:16.531 [JavaFX Application Thread] DEBUG Bundle               - Logging bundle: input
20:50:16.531 [JavaFX Application Thread] DEBUG Bundle               - input.Screenshot=P
20:50:16.532 [JavaFX Application Thread] DEBUG Bundle               - input.Restart=CTRL+R
20:50:16.532 [JavaFX Application Thread] DEBUG Bundle               - input.Dev Options=CTRL+0
20:50:16.532 [JavaFX Application Thread] DEBUG Bundle               - Logging bundle: gameplayStats
20:50:16.532 [JavaFX Application Thread] DEBUG Bundle               - gameplayStats.playtime=174090323968
20:50:16.532 [JavaFX Application Thread] DEBUG AchievementManager   - Saving data to profile
20:50:16.532 [JavaFX Application Thread] DEBUG Bundle               - Logging bundle: achievement
20:50:16.533 [JavaFX Application Thread] DEBUG FXGL.SaveLoadManager - Saving profile: Saran
20:50:16.536 [JavaFX Application Thread] DEBUG IOTask               - Executing task: writeDataTask(./profiles/Saran/user.profile)
20:50:16.536 [JavaFX Application Thread] DEBUG IOTask               - Executing task: writeDataTask(./profiles/Saran/user.profile)
20:50:16.539 [JavaFX Application Thread] DEBUG FS                   - Writing to: ./profiles/Saran/user.profile
20:50:16.542 [JavaFX Application Thread] DEBUG IOTask               - Executing task: checkSavesDir(./profiles/Saran/saves/)
20:50:16.543 [JavaFX Application Thread] DEBUG IOTask               - Task succeeded: writeDataTask(./profiles/Saran/user.profile)
20:50:16.543 [JavaFX Application Thread] DEBUG GameApplication      - Shutting down background threads
20:50:16.543 [JavaFX Application Thread] DEBUG GameApplication      - Exiting FXGL
20:50:16.543 [JavaFX Application Thread] DEBUG FXGL                 - Saving FXGL system data
20:50:16.544 [JavaFX Application Thread] DEBUG IOTask               - Executing task: writeDataTask(system/fxgl.bundle)
20:50:16.544 [JavaFX Application Thread] DEBUG FS                   - Writing to: system/fxgl.bundle
20:50:16.547 [JavaFX Application Thread] DEBUG IOTask               - Task succeeded: writeDataTask(system/fxgl.bundle)
20:50:16.547 [JavaFX Application Thread] DEBUG GameApplication      - Closing logger and exiting JavaFX
