20:07:31.566 [JavaFX Application Thread] DEBUG GameApplication      - Logger initialized
20:07:31.577 [JavaFX Application Thread] DEBUG MainWindow           - Creating a JavaFX scene
20:07:31.767 [JavaFX Application Thread] DEBUG MainWindow           - Target settings size: 1200.0 x 700.0
20:07:31.767 [JavaFX Application Thread] DEBUG MainWindow           - Scaled scene size:    1200.0 x 700.0
20:07:31.767 [JavaFX Application Thread] DEBUG MainWindow           - Scaled ratio: (1.0, 1.0)
20:07:32.371 [JavaFX Application Thread] DEBUG GameApplication      - Starting FXGL
20:07:32.459 [FXGL Launcher Thread     ] INFO  Version              - FXGL-0.4.3
20:07:32.460 [FXGL Launcher Thread     ] INFO  Version              - Source code and latest versions at: https://github.com/AlmasB/FXGL
20:07:32.463 [FXGL Launcher Thread     ] INFO  Version              -              Join the FXGL chat at: https://gitter.im/AlmasB/FXGL
20:07:32.464 [FXGL Launcher Thread     ] DEBUG FXGL                 - Loading FXGL system data
20:07:32.472 [FXGL Launcher Thread     ] DEBUG IOTask               - Executing task: readDataTask(system/fxgl.bundle)
20:07:32.508 [FXGL Launcher Thread     ] DEBUG FS                   - Reading from: system/fxgl.bundle
20:07:32.537 [FXGL Launcher Thread     ] DEBUG IOTask               - Task succeeded: readDataTask(system/fxgl.bundle)
20:07:32.538 [FXGL Launcher Thread     ] DEBUG Bundle               - Logging bundle: FXGL
20:07:32.539 [FXGL Launcher Thread     ] DEBUG Bundle               - FXGL.offline.timer.version.check=2018-04-03T17:47:05.133
20:07:32.641 [FXGL Launcher Thread     ] DEBUG GameApplication      - FXGL started
20:07:32.641 [FXGL Launcher Thread     ] DEBUG GameApplication      - Logging game settings
Title: Flash-Run
Version: 3.0
Width: 1200
Height: 700
Fullscreen: false
Intro: false
Menus: true
Profiling: false
Single step:false
App Mode: DEVELOPER
Menu Key: ESCAPE
Stage Style: DECORATED
Scene Factory: class sample.MainMenu
Dialog Factory: class com.almasb.fxgl.ui.FXGLDialogFactory
UI Factory: class com.almasb.fxgl.ui.FXGLUIFactory
Notification Service: class com.almasb.fxgl.gameplay.notification.XboxNotificationView
Exception Handler: class com.almasb.fxgl.app.FXGLExceptionHandler
20:07:32.645 [FXGL Launcher Thread     ] DEBUG GameApplication      - Configuring GameApplication
20:07:32.649 [FXGL Launcher Thread     ] DEBUG GameApplication      - Initializing state machine and application states
20:07:32.695 [FXGL Launcher Thread     ] DEBUG AssetLoader          - Loading from disk: /assets/ui/cursors/fxgl_default.png
20:07:32.751 [FXGL Launcher Thread     ] DEBUG AssetLoader          - Loading from disk: /assets/ui/cursors/fxgl_default.png
20:07:32.758 [FXGL Launcher Thread     ] DEBUG AssetLoader          - Loading from disk: /assets/ui/cursors/fxgl_default.png
20:07:32.792 [FXGL Launcher Thread     ] DEBUG AssetLoader          - Loading from disk: /assets/sounds/core/notification.wav
20:07:32.947 [FXGL Launcher Thread     ] DEBUG AssetLoader          - Loading from disk: /assets/sounds/menu/select.wav
20:07:32.951 [FXGL Launcher Thread     ] DEBUG AssetLoader          - Loading from disk: /assets/sounds/menu/back.wav
20:07:32.955 [FXGL Launcher Thread     ] DEBUG AssetLoader          - Loading from disk: /assets/sounds/menu/press.wav
20:07:32.959 [FXGL Launcher Thread     ] DEBUG AssetLoader          - Loading from disk: /assets/ui/fonts/VarelaRound-Regular.ttf
20:07:32.984 [FXGL Launcher Thread     ] DEBUG AssetLoader          - Loading from disk: /assets/ui/fonts/lucida_console.ttf
20:07:32.994 [FXGL Launcher Thread     ] DEBUG AssetLoader          - Loading from disk: /assets/ui/css/fxgl_dark.css
20:07:32.994 [FXGL Launcher Thread     ] DEBUG AssetLoader          - Loading from disk: /assets/ui/icons/fxgl_icon.png
20:07:33.049 [FXGL Launcher Thread     ] DEBUG AssetLoader          - Loading from disk: /assets/ui/cursors/fxgl_default.png
20:07:33.099 [FXGL Launcher Thread     ] DEBUG FXGL.GameScene       - Game scene initialized: 1200x700
20:07:33.106 [FXGL Launcher Thread     ] DEBUG FXGL.GameWorld       - Game world initialized
20:07:33.177 [FXGL Launcher Thread     ] DEBUG PhysicsWorld         - Physics world initialized: appHeight=700, physics.ppm=50.0
20:07:33.209 [FXGL Launcher Thread     ] DEBUG AssetLoader          - Loading from disk: /assets/ui/cursors/fxgl_default.png
20:07:33.211 [FXGL Launcher Thread     ] DEBUG AssetLoader          - Loading from disk: /assets/textures/Flash-Run_BG_2.png
20:07:33.298 [FXGL Launcher Thread     ] DEBUG FXGL.Menu            - createMenuBodyMainMenu()
20:07:33.311 [FXGL Launcher Thread     ] DEBUG AssetLoader          - Loading from disk: /assets/properties/languages/english.properties
20:07:33.314 [FXGL Launcher Thread     ] DEBUG AssetLoader          - Loading from cache: /assets/properties/languages/english.properties
20:07:33.314 [FXGL Launcher Thread     ] DEBUG FXGL.Menu            - createOptionsMenu()
20:07:33.314 [FXGL Launcher Thread     ] DEBUG AssetLoader          - Loading from cache: /assets/properties/languages/english.properties
20:07:33.316 [FXGL Launcher Thread     ] DEBUG AssetLoader          - Loading from cache: /assets/properties/languages/english.properties
20:07:33.316 [FXGL Launcher Thread     ] DEBUG AssetLoader          - Loading from cache: /assets/properties/languages/english.properties
20:07:33.317 [FXGL Launcher Thread     ] DEBUG AssetLoader          - Loading from cache: /assets/properties/languages/english.properties
20:07:33.317 [FXGL Launcher Thread     ] DEBUG AssetLoader          - Loading from cache: /assets/properties/languages/english.properties
20:07:33.319 [FXGL Launcher Thread     ] DEBUG AssetLoader          - Loading from cache: /assets/properties/languages/english.properties
20:07:33.322 [FXGL Launcher Thread     ] DEBUG AssetLoader          - Loading from cache: /assets/properties/languages/english.properties
20:07:33.324 [FXGL Launcher Thread     ] DEBUG AssetLoader          - Loading from cache: /assets/properties/languages/english.properties
20:07:33.326 [FXGL Launcher Thread     ] DEBUG AssetLoader          - Loading from disk: /assets/ui/cursors/fxgl_default.png
20:07:33.327 [FXGL Launcher Thread     ] DEBUG AssetLoader          - Loading from cache: /assets/textures/Flash-Run_BG_2.png
20:07:33.327 [FXGL Launcher Thread     ] DEBUG FXGL.Menu            - createMenuBodyGameMenu()
20:07:33.328 [FXGL Launcher Thread     ] DEBUG AssetLoader          - Loading from cache: /assets/properties/languages/english.properties
20:07:33.329 [FXGL Launcher Thread     ] DEBUG AssetLoader          - Loading from cache: /assets/properties/languages/english.properties
20:07:33.329 [FXGL Launcher Thread     ] DEBUG FXGL.Menu            - createOptionsMenu()
20:07:33.330 [FXGL Launcher Thread     ] DEBUG AssetLoader          - Loading from cache: /assets/properties/languages/english.properties
20:07:33.330 [FXGL Launcher Thread     ] DEBUG AssetLoader          - Loading from cache: /assets/properties/languages/english.properties
20:07:33.330 [FXGL Launcher Thread     ] DEBUG AssetLoader          - Loading from cache: /assets/properties/languages/english.properties
20:07:33.330 [FXGL Launcher Thread     ] DEBUG AssetLoader          - Loading from cache: /assets/properties/languages/english.properties
20:07:33.331 [FXGL Launcher Thread     ] DEBUG AssetLoader          - Loading from cache: /assets/properties/languages/english.properties
20:07:33.332 [FXGL Launcher Thread     ] DEBUG AssetLoader          - Loading from cache: /assets/properties/languages/english.properties
20:07:33.332 [FXGL Launcher Thread     ] DEBUG AssetLoader          - Loading from cache: /assets/properties/languages/english.properties
20:07:33.341 [FXGL Launcher Thread     ] INFO  GameApplication      - Game configuration took:  0.693 sec
20:07:33.344 [JavaFX Application Thread] DEBUG MainWindow           - Opening main window
20:07:33.414 [JavaFX Application Thread] DEBUG MainWindow           - Window border size: (0.0, 22.0)
20:07:33.414 [JavaFX Application Thread] DEBUG MainWindow           - Scaled size: 1200.0 x 700.0
20:07:33.414 [JavaFX Application Thread] DEBUG MainWindow           - Scaled ratio: (1.0, 1.0)
20:07:33.415 [JavaFX Application Thread] DEBUG MainWindow           - Scene size: 1200.0 x 700.0
20:07:33.415 [JavaFX Application Thread] DEBUG MainWindow           - Stage size: 1200.0 x 722.0
20:07:33.415 [JavaFX Application Thread] DEBUG GameApplication      - Running preInit()
20:07:33.417 [JavaFX Application Thread] DEBUG AnnotationParser     - Main app package name: sample
20:07:33.554 [JavaFX Application Thread] DEBUG AnnotationParser     - @SetAchievementStore: []
20:07:33.580 [JavaFX Application Thread] DEBUG Input                - Registered new binding: Screenshot - P
20:07:33.581 [JavaFX Application Thread] DEBUG Input                - Registered new binding: Dev Options - CTRL+0
20:07:33.581 [JavaFX Application Thread] DEBUG Input                - Registered new binding: Restart - CTRL+R
20:07:33.583 [JavaFX Application Thread] DEBUG AssetLoader          - Loading from disk: /assets/sounds/flash-theme.wav
20:07:33.842 [JavaFX Application Thread] DEBUG MenuEventHandler     - generateDefaultProfile()
20:07:33.842 [JavaFX Application Thread] DEBUG MenuEventHandler     - Creating default profile
20:07:33.843 [JavaFX Application Thread] DEBUG EventBus             - Firing event: SaveEvent
20:07:33.844 [JavaFX Application Thread] DEBUG AudioPlayer          - Saving data to profile
20:07:33.844 [JavaFX Application Thread] DEBUG Bundle               - Logging bundle: audio
20:07:33.844 [JavaFX Application Thread] DEBUG Bundle               - audio.musicVolume=0.5
20:07:33.844 [JavaFX Application Thread] DEBUG Bundle               - audio.soundVolume=0.5
20:07:33.845 [JavaFX Application Thread] DEBUG Input                - Saving data to profile
20:07:33.845 [JavaFX Application Thread] DEBUG Bundle               - Logging bundle: input
20:07:33.845 [JavaFX Application Thread] DEBUG Bundle               - input.Screenshot=P
20:07:33.845 [JavaFX Application Thread] DEBUG Bundle               - input.Restart=CTRL+R
20:07:33.845 [JavaFX Application Thread] DEBUG Bundle               - input.Dev Options=CTRL+0
20:07:33.850 [JavaFX Application Thread] DEBUG Bundle               - Logging bundle: gameplayStats
20:07:33.850 [JavaFX Application Thread] DEBUG Bundle               - gameplayStats.playtime=0
20:07:33.851 [JavaFX Application Thread] DEBUG AchievementManager   - Saving data to profile
20:07:33.852 [JavaFX Application Thread] DEBUG Bundle               - Logging bundle: achievement
20:07:33.894 [JavaFX Application Thread] DEBUG GameApplication      - Starting main loop
20:07:33.913 [JavaFX Application Thread] DEBUG StartupState         - STARTUP
20:07:33.913 [JavaFX Application Thread] DEBUG Input                - Clearing active input actions
20:07:33.965 [JavaFX Application Thread] DEBUG AppStateMachine      - StartupState -> MainMenuState
20:07:33.977 [JavaFX Application Thread] DEBUG FXGL.SaveLoadManager - Checking profiles dir: profiles/
20:07:33.977 [JavaFX Application Thread] DEBUG FXGL.SaveLoadManager - Loading profile names
20:07:33.982 [JavaFX Application Thread] DEBUG IOTask               - Showing dialog
20:07:33.989 [JavaFX Application Thread] DEBUG AppStateMachine      - Push state: DialogSubState
20:07:33.989 [JavaFX Application Thread] DEBUG Input                - Clearing active input actions
20:07:33.989 [JavaFX Application Thread] DEBUG AppStateMachine      - MainMenuState -> DialogSubState
20:07:33.998 [FXGL Background Thread 1 ] DEBUG IOTask               - Executing task: loadDirectoryNamesTask(./profiles/, false)
20:07:34.253 [JavaFX Application Thread] DEBUG IOTask               - succeed(): Dismissing dialog
20:07:34.254 [JavaFX Application Thread] DEBUG AppStateMachine      - Pop state: DialogSubState
20:07:34.254 [JavaFX Application Thread] DEBUG Input                - Clearing active input actions
20:07:34.255 [JavaFX Application Thread] DEBUG AppStateMachine      - MainMenuState <- DialogSubState
20:07:34.255 [JavaFX Application Thread] DEBUG IOTask               - Task succeeded: loadDirectoryNamesTask(./profiles/, false)
20:07:34.258 [JavaFX Application Thread] DEBUG AppStateMachine      - Push state: DialogSubState
20:07:34.258 [JavaFX Application Thread] DEBUG Input                - Clearing active input actions
20:07:34.258 [JavaFX Application Thread] DEBUG AppStateMachine      - MainMenuState -> DialogSubState
20:07:37.343 [JavaFX Application Thread] DEBUG AppStateMachine      - Pop state: DialogSubState
20:07:37.344 [JavaFX Application Thread] DEBUG Input                - Clearing active input actions
20:07:37.345 [JavaFX Application Thread] DEBUG AppStateMachine      - MainMenuState <- DialogSubState
20:07:37.345 [JavaFX Application Thread] DEBUG FXGL.SaveLoadManager - Loading profile: Saran
20:07:37.347 [JavaFX Application Thread] DEBUG IOTask               - Showing dialog
20:07:37.351 [JavaFX Application Thread] DEBUG AppStateMachine      - Push state: DialogSubState
20:07:37.352 [JavaFX Application Thread] DEBUG Input                - Clearing active input actions
20:07:37.352 [JavaFX Application Thread] DEBUG AppStateMachine      - MainMenuState -> DialogSubState
20:07:37.355 [FXGL Background Thread 1 ] DEBUG IOTask               - Executing task: readDataTask(./profiles/Saran/user.profile)
20:07:37.356 [FXGL Background Thread 1 ] DEBUG FS                   - Reading from: ./profiles/Saran/user.profile
20:07:37.374 [JavaFX Application Thread] DEBUG IOTask               - succeed(): Dismissing dialog
20:07:37.374 [JavaFX Application Thread] DEBUG AppStateMachine      - Pop state: DialogSubState
20:07:37.374 [JavaFX Application Thread] DEBUG Input                - Clearing active input actions
20:07:37.375 [JavaFX Application Thread] DEBUG AppStateMachine      - MainMenuState <- DialogSubState
20:07:37.375 [JavaFX Application Thread] DEBUG IOTask               - Task succeeded: readDataTask(./profiles/Saran/user.profile)
20:07:37.375 [JavaFX Application Thread] DEBUG EventBus             - Firing event: LoadEvent[type=LOAD_PROFILE]
20:07:37.376 [JavaFX Application Thread] DEBUG AudioPlayer          - Loading data from profile
20:07:37.376 [JavaFX Application Thread] DEBUG Bundle               - Logging bundle: audio
20:07:37.376 [JavaFX Application Thread] DEBUG Bundle               - audio.musicVolume=0.5
20:07:37.376 [JavaFX Application Thread] DEBUG Bundle               - audio.soundVolume=0.5
20:07:37.376 [JavaFX Application Thread] DEBUG Input                - Loading data from profile
20:07:37.377 [JavaFX Application Thread] DEBUG Bundle               - Logging bundle: input
20:07:37.377 [JavaFX Application Thread] DEBUG Bundle               - input.Screenshot=P
20:07:37.377 [JavaFX Application Thread] DEBUG Bundle               - input.Restart=CTRL+R
20:07:37.377 [JavaFX Application Thread] DEBUG Bundle               - input.Dev Options=CTRL+0
20:07:37.377 [JavaFX Application Thread] DEBUG Bundle               - Logging bundle: gameplayStats
20:07:37.377 [JavaFX Application Thread] DEBUG Bundle               - gameplayStats.playtime=171723657396
20:07:37.378 [JavaFX Application Thread] DEBUG AchievementManager   - Loading data from profile
20:07:37.378 [JavaFX Application Thread] DEBUG Bundle               - Logging bundle: achievement
20:07:37.379 [JavaFX Application Thread] DEBUG FXGL.SaveLoadManager - Loading last modified save file
20:07:37.379 [JavaFX Application Thread] DEBUG FXGL.SaveLoadManager - Loading save files
20:07:37.383 [JavaFX Application Thread] DEBUG IOTask               - Showing dialog
20:07:37.384 [JavaFX Application Thread] DEBUG AppStateMachine      - Push state: DialogSubState
20:07:37.384 [JavaFX Application Thread] DEBUG Input                - Clearing active input actions
20:07:37.384 [JavaFX Application Thread] DEBUG AppStateMachine      - MainMenuState -> DialogSubState
20:07:37.386 [FXGL Background Thread 1 ] DEBUG IOTask               - Executing task: loadFileNamesTask(./profiles/Saran/saves/, true, [FileExtension(extension=.sav)])
20:07:37.386 [FXGL Background Thread 1 ] DEBUG IOTask               - Executing task: loadFileNamesTask(./profiles/Saran/saves/, true, [FileExtension(extension=.sav)])
20:07:37.387 [FXGL Background Thread 1 ] DEBUG IOTask               - Executing task: loadFileNamesTask(./profiles/Saran/saves/, true, [FileExtension(extension=.sav)])
20:07:37.393 [FXGL Background Thread 1 ] DEBUG IOTask               - Executing task: readSaveFiles
20:07:37.396 [FXGL Background Thread 1 ] DEBUG IOTask               - Executing task: findLastSave
20:07:37.412 [JavaFX Application Thread] DEBUG IOTask               - fail(): Dismissing dialog
20:07:37.412 [JavaFX Application Thread] DEBUG AppStateMachine      - Pop state: DialogSubState
20:07:37.412 [JavaFX Application Thread] DEBUG Input                - Clearing active input actions
20:07:37.412 [JavaFX Application Thread] DEBUG AppStateMachine      - MainMenuState <- DialogSubState
20:07:37.413 [JavaFX Application Thread] WARN  IOTask               - Task failed: loadFileNamesTask(./profiles/Saran/saves/, true, [FileExtension(extension=.sav)]) Error: java.io.FileNotFoundException: No save files found
20:08:58.536 [JavaFX Application Thread] DEBUG GameApplication      - Exiting game application
20:08:58.537 [JavaFX Application Thread] DEBUG MenuEventHandler     - Creating default profile
20:08:58.537 [JavaFX Application Thread] DEBUG EventBus             - Firing event: SaveEvent
20:08:58.537 [JavaFX Application Thread] DEBUG AudioPlayer          - Saving data to profile
20:08:58.537 [JavaFX Application Thread] DEBUG Bundle               - Logging bundle: audio
20:08:58.537 [JavaFX Application Thread] DEBUG Bundle               - audio.musicVolume=0.5
20:08:58.538 [JavaFX Application Thread] DEBUG Bundle               - audio.soundVolume=0.5
20:08:58.538 [JavaFX Application Thread] DEBUG Input                - Saving data to profile
20:08:58.538 [JavaFX Application Thread] DEBUG Bundle               - Logging bundle: input
20:08:58.538 [JavaFX Application Thread] DEBUG Bundle               - input.Screenshot=P
20:08:58.538 [JavaFX Application Thread] DEBUG Bundle               - input.Restart=CTRL+R
20:08:58.538 [JavaFX Application Thread] DEBUG Bundle               - input.Dev Options=CTRL+0
20:08:58.538 [JavaFX Application Thread] DEBUG Bundle               - Logging bundle: gameplayStats
20:08:58.538 [JavaFX Application Thread] DEBUG Bundle               - gameplayStats.playtime=171723657396
20:08:58.538 [JavaFX Application Thread] DEBUG AchievementManager   - Saving data to profile
20:08:58.538 [JavaFX Application Thread] DEBUG Bundle               - Logging bundle: achievement
20:08:58.538 [JavaFX Application Thread] DEBUG FXGL.SaveLoadManager - Saving profile: Saran
20:08:58.540 [JavaFX Application Thread] DEBUG IOTask               - Executing task: writeDataTask(./profiles/Saran/user.profile)
20:08:58.540 [JavaFX Application Thread] DEBUG IOTask               - Executing task: writeDataTask(./profiles/Saran/user.profile)
20:08:58.545 [JavaFX Application Thread] DEBUG FS                   - Writing to: ./profiles/Saran/user.profile
20:08:58.549 [JavaFX Application Thread] DEBUG IOTask               - Executing task: checkSavesDir(./profiles/Saran/saves/)
20:08:58.549 [JavaFX Application Thread] DEBUG IOTask               - Task succeeded: writeDataTask(./profiles/Saran/user.profile)
20:08:58.549 [JavaFX Application Thread] DEBUG GameApplication      - Shutting down background threads
20:08:58.549 [JavaFX Application Thread] DEBUG GameApplication      - Exiting FXGL
20:08:58.549 [JavaFX Application Thread] DEBUG FXGL                 - Saving FXGL system data
20:08:58.550 [JavaFX Application Thread] DEBUG IOTask               - Executing task: writeDataTask(system/fxgl.bundle)
20:08:58.550 [JavaFX Application Thread] DEBUG FS                   - Writing to: system/fxgl.bundle
20:08:58.553 [JavaFX Application Thread] DEBUG IOTask               - Task succeeded: writeDataTask(system/fxgl.bundle)
20:08:58.553 [JavaFX Application Thread] DEBUG GameApplication      - Closing logger and exiting JavaFX
