21:51:29.850 [JavaFX Application Thread] DEBUG GameApplication      - Logger initialized
21:51:29.882 [JavaFX Application Thread] DEBUG MainWindow           - Creating a JavaFX scene
21:51:30.373 [JavaFX Application Thread] DEBUG MainWindow           - Target settings size: 1216.0 x 704.0
21:51:30.373 [JavaFX Application Thread] DEBUG MainWindow           - Scaled scene size:    1216.0 x 704.0
21:51:30.373 [JavaFX Application Thread] DEBUG MainWindow           - Scaled ratio: (1.0, 1.0)
21:51:31.280 [JavaFX Application Thread] DEBUG GameApplication      - Starting FXGL
21:51:31.442 [FXGL Launcher Thread     ] INFO  Version              - FXGL-0.4.3
21:51:31.442 [FXGL Launcher Thread     ] INFO  Version              - Source code and latest versions at: https://github.com/AlmasB/FXGL
21:51:31.443 [FXGL Launcher Thread     ] INFO  Version              -              Join the FXGL chat at: https://gitter.im/AlmasB/FXGL
21:51:31.444 [FXGL Launcher Thread     ] DEBUG FXGL                 - Loading FXGL system data
21:51:31.463 [FXGL Launcher Thread     ] DEBUG IOTask               - Executing task: readDataTask(system/fxgl.bundle)
21:51:31.490 [FXGL Launcher Thread     ] DEBUG FS                   - Reading from: system/fxgl.bundle
21:51:31.531 [FXGL Launcher Thread     ] DEBUG IOTask               - Task succeeded: readDataTask(system/fxgl.bundle)
21:51:31.532 [FXGL Launcher Thread     ] DEBUG Bundle               - Logging bundle: FXGL
21:51:31.533 [FXGL Launcher Thread     ] DEBUG Bundle               - FXGL.offline.timer.version.check=2018-04-03T17:47:05.133
21:51:31.550 [FXGL Launcher Thread     ] DEBUG GameApplication      - FXGL started
21:51:31.551 [FXGL Launcher Thread     ] DEBUG GameApplication      - Logging game settings
Title: Flash-Run
Version: 3.0
Width: 1216
Height: 704
Fullscreen: false
Intro: false
Menus: true
Profiling: false
Single step:false
App Mode: DEVELOPER
Menu Key: ESCAPE
Stage Style: DECORATED
Scene Factory: class sample.MainMenu
Dialog Factory: class com.almasb.fxgl.ui.FXGLDialogFactory
UI Factory: class com.almasb.fxgl.ui.FXGLUIFactory
Notification Service: class com.almasb.fxgl.gameplay.notification.XboxNotificationView
Exception Handler: class com.almasb.fxgl.app.FXGLExceptionHandler
21:51:31.553 [FXGL Launcher Thread     ] DEBUG GameApplication      - Configuring GameApplication
21:51:31.553 [FXGL Launcher Thread     ] DEBUG GameApplication      - Initializing state machine and application states
21:51:31.589 [FXGL Launcher Thread     ] DEBUG AssetLoader          - Loading from disk: /assets/ui/cursors/fxgl_default.png
21:51:31.691 [FXGL Launcher Thread     ] DEBUG AssetLoader          - Loading from disk: /assets/ui/cursors/fxgl_default.png
21:51:31.699 [FXGL Launcher Thread     ] DEBUG AssetLoader          - Loading from disk: /assets/ui/cursors/fxgl_default.png
21:51:31.747 [FXGL Launcher Thread     ] DEBUG AssetLoader          - Loading from disk: /assets/sounds/core/notification.wav
21:51:31.872 [FXGL Launcher Thread     ] DEBUG AssetLoader          - Loading from disk: /assets/sounds/menu/select.wav
21:51:31.874 [FXGL Launcher Thread     ] DEBUG AssetLoader          - Loading from disk: /assets/sounds/menu/back.wav
21:51:31.875 [FXGL Launcher Thread     ] DEBUG AssetLoader          - Loading from disk: /assets/sounds/menu/press.wav
21:51:31.879 [FXGL Launcher Thread     ] DEBUG AssetLoader          - Loading from disk: /assets/ui/fonts/VarelaRound-Regular.ttf
21:51:31.909 [FXGL Launcher Thread     ] DEBUG AssetLoader          - Loading from disk: /assets/ui/fonts/lucida_console.ttf
21:51:31.917 [FXGL Launcher Thread     ] DEBUG AssetLoader          - Loading from disk: /assets/ui/css/fxgl_dark.css
21:51:31.917 [FXGL Launcher Thread     ] DEBUG AssetLoader          - Loading from disk: /assets/ui/icons/fxgl_icon.png
21:51:31.954 [FXGL Launcher Thread     ] DEBUG AssetLoader          - Loading from disk: /assets/ui/cursors/fxgl_default.png
21:51:32.067 [FXGL Launcher Thread     ] DEBUG FXGL.GameScene       - Game scene initialized: 1216x704
21:51:32.082 [FXGL Launcher Thread     ] DEBUG FXGL.GameWorld       - Game world initialized
21:51:32.297 [FXGL Launcher Thread     ] DEBUG PhysicsWorld         - Physics world initialized: appHeight=704, physics.ppm=50.0
21:51:32.357 [FXGL Launcher Thread     ] DEBUG AssetLoader          - Loading from disk: /assets/ui/cursors/fxgl_default.png
21:51:32.359 [FXGL Launcher Thread     ] DEBUG AssetLoader          - Loading from disk: /assets/textures/Flash-Run_BG_2.png
21:51:32.458 [FXGL Launcher Thread     ] DEBUG FXGL.Menu            - createMenuBodyMainMenu()
21:51:32.478 [FXGL Launcher Thread     ] DEBUG AssetLoader          - Loading from disk: /assets/properties/languages/english.properties
21:51:32.481 [FXGL Launcher Thread     ] DEBUG AssetLoader          - Loading from cache: /assets/properties/languages/english.properties
21:51:32.481 [FXGL Launcher Thread     ] DEBUG FXGL.Menu            - createOptionsMenu()
21:51:32.482 [FXGL Launcher Thread     ] DEBUG AssetLoader          - Loading from cache: /assets/properties/languages/english.properties
21:51:32.484 [FXGL Launcher Thread     ] DEBUG AssetLoader          - Loading from cache: /assets/properties/languages/english.properties
21:51:32.485 [FXGL Launcher Thread     ] DEBUG AssetLoader          - Loading from cache: /assets/properties/languages/english.properties
21:51:32.486 [FXGL Launcher Thread     ] DEBUG AssetLoader          - Loading from cache: /assets/properties/languages/english.properties
21:51:32.487 [FXGL Launcher Thread     ] DEBUG AssetLoader          - Loading from cache: /assets/properties/languages/english.properties
21:51:32.491 [FXGL Launcher Thread     ] DEBUG AssetLoader          - Loading from cache: /assets/properties/languages/english.properties
21:51:32.493 [FXGL Launcher Thread     ] DEBUG AssetLoader          - Loading from cache: /assets/properties/languages/english.properties
21:51:32.494 [FXGL Launcher Thread     ] DEBUG AssetLoader          - Loading from cache: /assets/properties/languages/english.properties
21:51:32.497 [FXGL Launcher Thread     ] DEBUG AssetLoader          - Loading from disk: /assets/ui/cursors/fxgl_default.png
21:51:32.499 [FXGL Launcher Thread     ] DEBUG AssetLoader          - Loading from cache: /assets/textures/Flash-Run_BG_2.png
21:51:32.500 [FXGL Launcher Thread     ] DEBUG FXGL.Menu            - createMenuBodyGameMenu()
21:51:32.501 [FXGL Launcher Thread     ] DEBUG AssetLoader          - Loading from cache: /assets/properties/languages/english.properties
21:51:32.502 [FXGL Launcher Thread     ] DEBUG AssetLoader          - Loading from cache: /assets/properties/languages/english.properties
21:51:32.502 [FXGL Launcher Thread     ] DEBUG FXGL.Menu            - createOptionsMenu()
21:51:32.503 [FXGL Launcher Thread     ] DEBUG AssetLoader          - Loading from cache: /assets/properties/languages/english.properties
21:51:32.503 [FXGL Launcher Thread     ] DEBUG AssetLoader          - Loading from cache: /assets/properties/languages/english.properties
21:51:32.504 [FXGL Launcher Thread     ] DEBUG AssetLoader          - Loading from cache: /assets/properties/languages/english.properties
21:51:32.505 [FXGL Launcher Thread     ] DEBUG AssetLoader          - Loading from cache: /assets/properties/languages/english.properties
21:51:32.505 [FXGL Launcher Thread     ] DEBUG AssetLoader          - Loading from cache: /assets/properties/languages/english.properties
21:51:32.507 [FXGL Launcher Thread     ] DEBUG AssetLoader          - Loading from cache: /assets/properties/languages/english.properties
21:51:32.508 [FXGL Launcher Thread     ] DEBUG AssetLoader          - Loading from cache: /assets/properties/languages/english.properties
21:51:32.525 [FXGL Launcher Thread     ] INFO  GameApplication      - Game configuration took:  0.972 sec
21:51:32.527 [JavaFX Application Thread] DEBUG MainWindow           - Opening main window
21:51:32.627 [JavaFX Application Thread] DEBUG MainWindow           - Window border size: (0.0, 22.0)
21:51:32.628 [JavaFX Application Thread] DEBUG MainWindow           - Scaled size: 1216.0 x 704.0
21:51:32.628 [JavaFX Application Thread] DEBUG MainWindow           - Scaled ratio: (1.0, 1.0)
21:51:32.628 [JavaFX Application Thread] DEBUG MainWindow           - Scene size: 1216.0 x 704.0
21:51:32.628 [JavaFX Application Thread] DEBUG MainWindow           - Stage size: 1216.0 x 726.0
21:51:32.628 [JavaFX Application Thread] DEBUG GameApplication      - Running preInit()
21:51:32.634 [JavaFX Application Thread] DEBUG AnnotationParser     - Main app package name: sample
21:51:32.962 [JavaFX Application Thread] DEBUG AnnotationParser     - @SetAchievementStore: []
21:51:32.995 [JavaFX Application Thread] DEBUG Input                - Registered new binding: Screenshot - P
21:51:32.995 [JavaFX Application Thread] DEBUG Input                - Registered new binding: Dev Options - CTRL+0
21:51:32.996 [JavaFX Application Thread] DEBUG Input                - Registered new binding: Restart - CTRL+R
21:51:32.997 [JavaFX Application Thread] DEBUG AssetLoader          - Loading from disk: /assets/sounds/flash-theme.wav
21:51:33.440 [JavaFX Application Thread] DEBUG Input                - Registered new binding: Left - A
21:51:33.441 [JavaFX Application Thread] DEBUG Input                - Registered new binding: Right - D
21:51:33.441 [JavaFX Application Thread] DEBUG Input                - Registered new binding: Up - W
21:51:33.442 [JavaFX Application Thread] DEBUG Input                - Registered new binding: Down - S
21:51:33.444 [JavaFX Application Thread] DEBUG MenuEventHandler     - generateDefaultProfile()
21:51:33.445 [JavaFX Application Thread] DEBUG MenuEventHandler     - Creating default profile
21:51:33.446 [JavaFX Application Thread] DEBUG EventBus             - Firing event: SaveEvent
21:51:33.447 [JavaFX Application Thread] DEBUG AudioPlayer          - Saving data to profile
21:51:33.447 [JavaFX Application Thread] DEBUG Bundle               - Logging bundle: audio
21:51:33.448 [JavaFX Application Thread] DEBUG Bundle               - audio.musicVolume=0.5
21:51:33.448 [JavaFX Application Thread] DEBUG Bundle               - audio.soundVolume=0.5
21:51:33.448 [JavaFX Application Thread] DEBUG Input                - Saving data to profile
21:51:33.449 [JavaFX Application Thread] DEBUG Bundle               - Logging bundle: input
21:51:33.449 [JavaFX Application Thread] DEBUG Bundle               - input.Up=W
21:51:33.449 [JavaFX Application Thread] DEBUG Bundle               - input.Right=D
21:51:33.449 [JavaFX Application Thread] DEBUG Bundle               - input.Screenshot=P
21:51:33.449 [JavaFX Application Thread] DEBUG Bundle               - input.Restart=CTRL+R
21:51:33.450 [JavaFX Application Thread] DEBUG Bundle               - input.Dev Options=CTRL+0
21:51:33.450 [JavaFX Application Thread] DEBUG Bundle               - input.Down=S
21:51:33.450 [JavaFX Application Thread] DEBUG Bundle               - input.Left=A
21:51:33.456 [JavaFX Application Thread] DEBUG Bundle               - Logging bundle: gameplayStats
21:51:33.457 [JavaFX Application Thread] DEBUG Bundle               - gameplayStats.playtime=0
21:51:33.459 [JavaFX Application Thread] DEBUG AchievementManager   - Saving data to profile
21:51:33.459 [JavaFX Application Thread] DEBUG Bundle               - Logging bundle: achievement
21:51:33.517 [JavaFX Application Thread] DEBUG GameApplication      - Starting main loop
21:51:33.546 [JavaFX Application Thread] DEBUG StartupState         - STARTUP
21:51:33.546 [JavaFX Application Thread] DEBUG Input                - Clearing active input actions
21:51:33.623 [JavaFX Application Thread] DEBUG AppStateMachine      - StartupState -> MainMenuState
21:51:33.645 [JavaFX Application Thread] DEBUG FXGL.SaveLoadManager - Checking profiles dir: profiles/
21:51:33.645 [JavaFX Application Thread] DEBUG FXGL.SaveLoadManager - Loading profile names
21:51:33.654 [JavaFX Application Thread] DEBUG IOTask               - Showing dialog
21:51:33.661 [JavaFX Application Thread] DEBUG AppStateMachine      - Push state: DialogSubState
21:51:33.661 [JavaFX Application Thread] DEBUG Input                - Clearing active input actions
21:51:33.661 [JavaFX Application Thread] DEBUG AppStateMachine      - MainMenuState -> DialogSubState
21:51:33.669 [FXGL Background Thread 1 ] DEBUG IOTask               - Executing task: loadDirectoryNamesTask(./profiles/, false)
21:51:33.929 [JavaFX Application Thread] DEBUG GameApplication      - Exiting game application
21:51:33.931 [JavaFX Application Thread] DEBUG GameApplication      - Shutting down background threads
21:51:33.932 [JavaFX Application Thread] DEBUG GameApplication      - Exiting FXGL
21:51:33.932 [JavaFX Application Thread] DEBUG FXGL                 - Saving FXGL system data
21:51:33.934 [JavaFX Application Thread] DEBUG IOTask               - Executing task: writeDataTask(system/fxgl.bundle)
21:51:33.940 [JavaFX Application Thread] DEBUG FS                   - Writing to: system/fxgl.bundle
21:51:33.949 [JavaFX Application Thread] DEBUG IOTask               - Task succeeded: writeDataTask(system/fxgl.bundle)
21:51:33.949 [JavaFX Application Thread] DEBUG GameApplication      - Closing logger and exiting JavaFX
