21:28:48.807 [JavaFX Application Thread] DEBUG GameApplication      - Logger initialized
21:28:48.823 [JavaFX Application Thread] DEBUG MainWindow           - Creating a JavaFX scene
21:28:49.036 [JavaFX Application Thread] DEBUG MainWindow           - Target settings size: 1200.0 x 700.0
21:28:49.037 [JavaFX Application Thread] DEBUG MainWindow           - Scaled scene size:    1200.0 x 700.0
21:28:49.038 [JavaFX Application Thread] DEBUG MainWindow           - Scaled ratio: (1.0, 1.0)
21:28:49.719 [JavaFX Application Thread] DEBUG GameApplication      - Starting FXGL
21:28:49.829 [FXGL Launcher Thread     ] INFO  Version              - FXGL-0.4.3
21:28:49.830 [FXGL Launcher Thread     ] INFO  Version              - Source code and latest versions at: https://github.com/AlmasB/FXGL
21:28:49.831 [FXGL Launcher Thread     ] INFO  Version              -              Join the FXGL chat at: https://gitter.im/AlmasB/FXGL
21:28:49.833 [FXGL Launcher Thread     ] DEBUG FXGL                 - Loading FXGL system data
21:28:49.845 [FXGL Launcher Thread     ] DEBUG IOTask               - Executing task: readDataTask(system/fxgl.bundle)
21:28:49.883 [FXGL Launcher Thread     ] DEBUG FS                   - Reading from: system/fxgl.bundle
21:28:49.905 [FXGL Launcher Thread     ] DEBUG IOTask               - Task succeeded: readDataTask(system/fxgl.bundle)
21:28:49.905 [FXGL Launcher Thread     ] DEBUG Bundle               - Logging bundle: FXGL
21:28:49.907 [FXGL Launcher Thread     ] DEBUG Bundle               - FXGL.offline.timer.version.check=2018-04-03T17:47:05.133
21:28:50.041 [FXGL Launcher Thread     ] DEBUG GameApplication      - FXGL started
21:28:50.047 [FXGL Launcher Thread     ] DEBUG GameApplication      - Logging game settings
Title: Flash-Run
Version: 3.0
Width: 1200
Height: 700
Fullscreen: false
Intro: false
Menus: true
Profiling: false
Single step:false
App Mode: DEVELOPER
Menu Key: ESCAPE
Stage Style: DECORATED
Scene Factory: class sample.MainMenu
Dialog Factory: class com.almasb.fxgl.ui.FXGLDialogFactory
UI Factory: class com.almasb.fxgl.ui.FXGLUIFactory
Notification Service: class com.almasb.fxgl.gameplay.notification.XboxNotificationView
Exception Handler: class com.almasb.fxgl.app.FXGLExceptionHandler
21:28:50.050 [FXGL Launcher Thread     ] DEBUG GameApplication      - Configuring GameApplication
21:28:50.052 [FXGL Launcher Thread     ] DEBUG GameApplication      - Initializing state machine and application states
21:28:50.080 [FXGL Launcher Thread     ] DEBUG AssetLoader          - Loading from disk: /assets/ui/cursors/fxgl_default.png
21:28:50.147 [FXGL Launcher Thread     ] DEBUG AssetLoader          - Loading from disk: /assets/ui/cursors/fxgl_default.png
21:28:50.152 [FXGL Launcher Thread     ] DEBUG AssetLoader          - Loading from disk: /assets/ui/cursors/fxgl_default.png
21:28:50.232 [FXGL Launcher Thread     ] DEBUG AssetLoader          - Loading from disk: /assets/sounds/core/notification.wav
21:28:50.351 [FXGL Launcher Thread     ] DEBUG AssetLoader          - Loading from disk: /assets/sounds/menu/select.wav
21:28:50.355 [FXGL Launcher Thread     ] DEBUG AssetLoader          - Loading from disk: /assets/sounds/menu/back.wav
21:28:50.359 [FXGL Launcher Thread     ] DEBUG AssetLoader          - Loading from disk: /assets/sounds/menu/press.wav
21:28:50.365 [FXGL Launcher Thread     ] DEBUG AssetLoader          - Loading from disk: /assets/ui/fonts/VarelaRound-Regular.ttf
21:28:50.403 [FXGL Launcher Thread     ] DEBUG AssetLoader          - Loading from disk: /assets/ui/fonts/lucida_console.ttf
21:28:50.417 [FXGL Launcher Thread     ] DEBUG AssetLoader          - Loading from disk: /assets/ui/css/fxgl_dark.css
21:28:50.418 [FXGL Launcher Thread     ] DEBUG AssetLoader          - Loading from disk: /assets/ui/icons/fxgl_icon.png
21:28:50.467 [FXGL Launcher Thread     ] DEBUG AssetLoader          - Loading from disk: /assets/ui/cursors/fxgl_default.png
21:28:50.564 [FXGL Launcher Thread     ] DEBUG FXGL.GameScene       - Game scene initialized: 1200x700
21:28:50.575 [FXGL Launcher Thread     ] DEBUG FXGL.GameWorld       - Game world initialized
21:28:50.769 [FXGL Launcher Thread     ] DEBUG PhysicsWorld         - Physics world initialized: appHeight=700, physics.ppm=50.0
21:28:50.848 [FXGL Launcher Thread     ] DEBUG AssetLoader          - Loading from disk: /assets/ui/cursors/fxgl_default.png
21:28:50.861 [FXGL Launcher Thread     ] DEBUG AssetLoader          - Loading from disk: /assets/textures/Flash-Run_BG_2.png
21:28:50.957 [FXGL Launcher Thread     ] DEBUG FXGL.Menu            - createMenuBodyMainMenu()
21:28:50.974 [FXGL Launcher Thread     ] DEBUG AssetLoader          - Loading from disk: /assets/properties/languages/english.properties
21:28:50.977 [FXGL Launcher Thread     ] DEBUG AssetLoader          - Loading from cache: /assets/properties/languages/english.properties
21:28:50.979 [FXGL Launcher Thread     ] DEBUG FXGL.Menu            - createOptionsMenu()
21:28:50.980 [FXGL Launcher Thread     ] DEBUG AssetLoader          - Loading from cache: /assets/properties/languages/english.properties
21:28:50.983 [FXGL Launcher Thread     ] DEBUG AssetLoader          - Loading from cache: /assets/properties/languages/english.properties
21:28:50.985 [FXGL Launcher Thread     ] DEBUG AssetLoader          - Loading from cache: /assets/properties/languages/english.properties
21:28:50.986 [FXGL Launcher Thread     ] DEBUG AssetLoader          - Loading from cache: /assets/properties/languages/english.properties
21:28:50.987 [FXGL Launcher Thread     ] DEBUG AssetLoader          - Loading from cache: /assets/properties/languages/english.properties
21:28:50.989 [FXGL Launcher Thread     ] DEBUG AssetLoader          - Loading from cache: /assets/properties/languages/english.properties
21:28:50.992 [FXGL Launcher Thread     ] DEBUG AssetLoader          - Loading from cache: /assets/properties/languages/english.properties
21:28:50.994 [FXGL Launcher Thread     ] DEBUG AssetLoader          - Loading from cache: /assets/properties/languages/english.properties
21:28:50.996 [FXGL Launcher Thread     ] DEBUG AssetLoader          - Loading from disk: /assets/ui/cursors/fxgl_default.png
21:28:50.998 [FXGL Launcher Thread     ] DEBUG AssetLoader          - Loading from cache: /assets/textures/Flash-Run_BG_2.png
21:28:51.000 [FXGL Launcher Thread     ] DEBUG FXGL.Menu            - createMenuBodyGameMenu()
21:28:51.001 [FXGL Launcher Thread     ] DEBUG AssetLoader          - Loading from cache: /assets/properties/languages/english.properties
21:28:51.002 [FXGL Launcher Thread     ] DEBUG AssetLoader          - Loading from cache: /assets/properties/languages/english.properties
21:28:51.002 [FXGL Launcher Thread     ] DEBUG FXGL.Menu            - createOptionsMenu()
21:28:51.002 [FXGL Launcher Thread     ] DEBUG AssetLoader          - Loading from cache: /assets/properties/languages/english.properties
21:28:51.003 [FXGL Launcher Thread     ] DEBUG AssetLoader          - Loading from cache: /assets/properties/languages/english.properties
21:28:51.003 [FXGL Launcher Thread     ] DEBUG AssetLoader          - Loading from cache: /assets/properties/languages/english.properties
21:28:51.004 [FXGL Launcher Thread     ] DEBUG AssetLoader          - Loading from cache: /assets/properties/languages/english.properties
21:28:51.004 [FXGL Launcher Thread     ] DEBUG AssetLoader          - Loading from cache: /assets/properties/languages/english.properties
21:28:51.005 [FXGL Launcher Thread     ] DEBUG AssetLoader          - Loading from cache: /assets/properties/languages/english.properties
21:28:51.006 [FXGL Launcher Thread     ] DEBUG AssetLoader          - Loading from cache: /assets/properties/languages/english.properties
21:28:51.020 [FXGL Launcher Thread     ] INFO  GameApplication      - Game configuration took:  0.970 sec
21:28:51.024 [JavaFX Application Thread] DEBUG MainWindow           - Opening main window
21:28:51.120 [JavaFX Application Thread] DEBUG MainWindow           - Window border size: (0.0, 22.0)
21:28:51.120 [JavaFX Application Thread] DEBUG MainWindow           - Scaled size: 1200.0 x 700.0
21:28:51.120 [JavaFX Application Thread] DEBUG MainWindow           - Scaled ratio: (1.0, 1.0)
21:28:51.120 [JavaFX Application Thread] DEBUG MainWindow           - Scene size: 1200.0 x 700.0
21:28:51.120 [JavaFX Application Thread] DEBUG MainWindow           - Stage size: 1200.0 x 722.0
21:28:51.120 [JavaFX Application Thread] DEBUG GameApplication      - Running preInit()
21:28:51.123 [JavaFX Application Thread] DEBUG AnnotationParser     - Main app package name: sample
21:28:51.308 [JavaFX Application Thread] DEBUG AnnotationParser     - @SetAchievementStore: []
21:28:51.368 [JavaFX Application Thread] DEBUG Input                - Registered new binding: Screenshot - P
21:28:51.369 [JavaFX Application Thread] DEBUG Input                - Registered new binding: Dev Options - CTRL+0
21:28:51.370 [JavaFX Application Thread] DEBUG Input                - Registered new binding: Restart - CTRL+R
21:28:51.371 [JavaFX Application Thread] DEBUG AssetLoader          - Loading from disk: /assets/sounds/flash-theme.wav
21:28:51.621 [JavaFX Application Thread] DEBUG MenuEventHandler     - generateDefaultProfile()
21:28:51.621 [JavaFX Application Thread] DEBUG MenuEventHandler     - Creating default profile
21:28:51.622 [JavaFX Application Thread] DEBUG EventBus             - Firing event: SaveEvent
21:28:51.624 [JavaFX Application Thread] DEBUG AudioPlayer          - Saving data to profile
21:28:51.624 [JavaFX Application Thread] DEBUG Bundle               - Logging bundle: audio
21:28:51.624 [JavaFX Application Thread] DEBUG Bundle               - audio.musicVolume=0.5
21:28:51.625 [JavaFX Application Thread] DEBUG Bundle               - audio.soundVolume=0.5
21:28:51.625 [JavaFX Application Thread] DEBUG Input                - Saving data to profile
21:28:51.625 [JavaFX Application Thread] DEBUG Bundle               - Logging bundle: input
21:28:51.625 [JavaFX Application Thread] DEBUG Bundle               - input.Screenshot=P
21:28:51.626 [JavaFX Application Thread] DEBUG Bundle               - input.Restart=CTRL+R
21:28:51.626 [JavaFX Application Thread] DEBUG Bundle               - input.Dev Options=CTRL+0
21:28:51.630 [JavaFX Application Thread] DEBUG Bundle               - Logging bundle: gameplayStats
21:28:51.630 [JavaFX Application Thread] DEBUG Bundle               - gameplayStats.playtime=0
21:28:51.632 [JavaFX Application Thread] DEBUG AchievementManager   - Saving data to profile
21:28:51.632 [JavaFX Application Thread] DEBUG Bundle               - Logging bundle: achievement
21:28:51.708 [JavaFX Application Thread] DEBUG GameApplication      - Starting main loop
21:28:51.735 [JavaFX Application Thread] DEBUG StartupState         - STARTUP
21:28:51.736 [JavaFX Application Thread] DEBUG Input                - Clearing active input actions
21:28:51.811 [JavaFX Application Thread] DEBUG AppStateMachine      - StartupState -> MainMenuState
21:28:51.824 [JavaFX Application Thread] DEBUG FXGL.SaveLoadManager - Checking profiles dir: profiles/
21:28:51.825 [JavaFX Application Thread] DEBUG FXGL.SaveLoadManager - Loading profile names
21:28:51.830 [JavaFX Application Thread] DEBUG IOTask               - Showing dialog
21:28:51.837 [JavaFX Application Thread] DEBUG AppStateMachine      - Push state: DialogSubState
21:28:51.838 [JavaFX Application Thread] DEBUG Input                - Clearing active input actions
21:28:51.838 [JavaFX Application Thread] DEBUG AppStateMachine      - MainMenuState -> DialogSubState
21:28:51.847 [FXGL Background Thread 1 ] DEBUG IOTask               - Executing task: loadDirectoryNamesTask(./profiles/, false)
21:28:52.173 [JavaFX Application Thread] DEBUG IOTask               - succeed(): Dismissing dialog
21:28:52.174 [JavaFX Application Thread] DEBUG AppStateMachine      - Pop state: DialogSubState
21:28:52.174 [JavaFX Application Thread] DEBUG Input                - Clearing active input actions
21:28:52.175 [JavaFX Application Thread] DEBUG AppStateMachine      - MainMenuState <- DialogSubState
21:28:52.175 [JavaFX Application Thread] DEBUG IOTask               - Task succeeded: loadDirectoryNamesTask(./profiles/, false)
21:28:52.181 [JavaFX Application Thread] DEBUG AppStateMachine      - Push state: DialogSubState
21:28:52.181 [JavaFX Application Thread] DEBUG Input                - Clearing active input actions
21:28:52.181 [JavaFX Application Thread] DEBUG AppStateMachine      - MainMenuState -> DialogSubState
21:28:54.016 [JavaFX Application Thread] DEBUG AppStateMachine      - Pop state: DialogSubState
21:28:54.016 [JavaFX Application Thread] DEBUG Input                - Clearing active input actions
21:28:54.017 [JavaFX Application Thread] DEBUG AppStateMachine      - MainMenuState <- DialogSubState
21:28:54.017 [JavaFX Application Thread] DEBUG FXGL.SaveLoadManager - Loading profile: Saran
21:28:54.019 [JavaFX Application Thread] DEBUG IOTask               - Showing dialog
21:28:54.022 [JavaFX Application Thread] DEBUG AppStateMachine      - Push state: DialogSubState
21:28:54.022 [JavaFX Application Thread] DEBUG Input                - Clearing active input actions
21:28:54.022 [JavaFX Application Thread] DEBUG AppStateMachine      - MainMenuState -> DialogSubState
21:28:54.024 [FXGL Background Thread 1 ] DEBUG IOTask               - Executing task: readDataTask(./profiles/Saran/user.profile)
21:28:54.026 [FXGL Background Thread 1 ] DEBUG FS                   - Reading from: ./profiles/Saran/user.profile
21:28:54.045 [JavaFX Application Thread] DEBUG IOTask               - succeed(): Dismissing dialog
21:28:54.045 [JavaFX Application Thread] DEBUG AppStateMachine      - Pop state: DialogSubState
21:28:54.046 [JavaFX Application Thread] DEBUG Input                - Clearing active input actions
21:28:54.046 [JavaFX Application Thread] DEBUG AppStateMachine      - MainMenuState <- DialogSubState
21:28:54.047 [JavaFX Application Thread] DEBUG IOTask               - Task succeeded: readDataTask(./profiles/Saran/user.profile)
21:28:54.047 [JavaFX Application Thread] DEBUG EventBus             - Firing event: LoadEvent[type=LOAD_PROFILE]
21:28:54.047 [JavaFX Application Thread] DEBUG AudioPlayer          - Loading data from profile
21:28:54.047 [JavaFX Application Thread] DEBUG Bundle               - Logging bundle: audio
21:28:54.048 [JavaFX Application Thread] DEBUG Bundle               - audio.musicVolume=0.5
21:28:54.048 [JavaFX Application Thread] DEBUG Bundle               - audio.soundVolume=0.5
21:28:54.048 [JavaFX Application Thread] DEBUG Input                - Loading data from profile
21:28:54.048 [JavaFX Application Thread] DEBUG Bundle               - Logging bundle: input
21:28:54.048 [JavaFX Application Thread] DEBUG Bundle               - input.Screenshot=P
21:28:54.048 [JavaFX Application Thread] DEBUG Bundle               - input.Restart=CTRL+R
21:28:54.048 [JavaFX Application Thread] DEBUG Bundle               - input.Dev Options=CTRL+0
21:28:54.049 [JavaFX Application Thread] DEBUG Bundle               - Logging bundle: gameplayStats
21:28:54.049 [JavaFX Application Thread] DEBUG Bundle               - gameplayStats.playtime=160823657832
21:28:54.049 [JavaFX Application Thread] DEBUG AchievementManager   - Loading data from profile
21:28:54.049 [JavaFX Application Thread] DEBUG Bundle               - Logging bundle: achievement
21:28:54.050 [JavaFX Application Thread] DEBUG FXGL.SaveLoadManager - Loading last modified save file
21:28:54.051 [JavaFX Application Thread] DEBUG FXGL.SaveLoadManager - Loading save files
21:28:54.056 [JavaFX Application Thread] DEBUG IOTask               - Showing dialog
21:28:54.058 [JavaFX Application Thread] DEBUG AppStateMachine      - Push state: DialogSubState
21:28:54.058 [JavaFX Application Thread] DEBUG Input                - Clearing active input actions
21:28:54.058 [JavaFX Application Thread] DEBUG AppStateMachine      - MainMenuState -> DialogSubState
21:28:54.061 [FXGL Background Thread 1 ] DEBUG IOTask               - Executing task: loadFileNamesTask(./profiles/Saran/saves/, true, [FileExtension(extension=.sav)])
21:28:54.061 [FXGL Background Thread 1 ] DEBUG IOTask               - Executing task: loadFileNamesTask(./profiles/Saran/saves/, true, [FileExtension(extension=.sav)])
21:28:54.061 [FXGL Background Thread 1 ] DEBUG IOTask               - Executing task: loadFileNamesTask(./profiles/Saran/saves/, true, [FileExtension(extension=.sav)])
21:28:54.066 [FXGL Background Thread 1 ] DEBUG IOTask               - Executing task: readSaveFiles
21:28:54.069 [FXGL Background Thread 1 ] DEBUG IOTask               - Executing task: findLastSave
21:28:54.080 [JavaFX Application Thread] DEBUG IOTask               - fail(): Dismissing dialog
21:28:54.081 [JavaFX Application Thread] DEBUG AppStateMachine      - Pop state: DialogSubState
21:28:54.081 [JavaFX Application Thread] DEBUG Input                - Clearing active input actions
21:28:54.082 [JavaFX Application Thread] DEBUG AppStateMachine      - MainMenuState <- DialogSubState
21:28:54.082 [JavaFX Application Thread] WARN  IOTask               - Task failed: loadFileNamesTask(./profiles/Saran/saves/, true, [FileExtension(extension=.sav)]) Error: java.io.FileNotFoundException: No save files found
21:29:01.821 [JavaFX Application Thread] DEBUG FXGL.Menu            - fireNewGame()
21:29:01.821 [JavaFX Application Thread] DEBUG GameApplication      - Starting new game
21:29:01.821 [JavaFX Application Thread] DEBUG Input                - Clearing active input actions
21:29:01.835 [JavaFX Application Thread] DEBUG AppStateMachine      - MainMenuState -> LoadingState
21:29:01.837 [JavaFX Application Thread] DEBUG AnnotationParser     - Main app package name: sample
21:29:01.837 [JavaFX Application Thread] DEBUG InitAppTask          - Parsing annotations
21:29:01.874 [JavaFX Application Thread] DEBUG AnnotationParser     - @SetEntityFactory: []
21:29:01.876 [JavaFX Application Thread] DEBUG AnnotationParser     - @AddCollisionHandler: []
21:29:01.876 [JavaFX Application Thread] DEBUG AnnotationParser     - @SetEventHandler: []
21:29:01.877 [FXGL Background Thread 1 ] DEBUG InitAppTask          - Clearing previous game
21:29:01.877 [FXGL Background Thread 1 ] DEBUG FXGL.GameWorld       - Clearing game world
21:29:01.877 [FXGL Background Thread 1 ] DEBUG PhysicsWorld         - Clearing physics world
21:29:01.878 [FXGL Background Thread 1 ] DEBUG FXGL.GameScene       - Clearing game scene
21:29:01.878 [FXGL Background Thread 1 ] DEBUG InitAppTask          - Initializing Assets
21:29:01.880 [FXGL Background Thread 1 ] DEBUG InitAppTask          - Initializing Game
21:29:01.880 [FXGL Background Thread 1 ] DEBUG AudioPlayer          - Stopping all sounds
21:29:01.971 [FXGL Background Thread 1 ] DEBUG AssetLoader          - Loading from disk: /assets/textures/dark-flash_barry.png
21:29:01.980 [FXGL Background Thread 1 ] DEBUG FXGL.GameScene       - Creating render group for layer: DEFAULT(100000)
21:29:01.984 [FXGL Background Thread 1 ] DEBUG InitAppTask          - Initializing Physics
21:29:01.984 [FXGL Background Thread 1 ] DEBUG InitAppTask          - Initializing UI
21:29:01.984 [FXGL Background Thread 1 ] DEBUG InitAppTask          - Initialization Complete
21:29:01.984 [FXGL Background Thread 1 ] INFO  InitAppTask          - Game initialization took: 0.107 sec
21:29:01.996 [JavaFX Application Thread] DEBUG Input                - Clearing active input actions
21:29:02.005 [JavaFX Application Thread] DEBUG AppStateMachine      - LoadingState -> PlayState
21:29:05.533 [JavaFX Application Thread] DEBUG GameApplication      - Exiting game application
21:29:05.534 [JavaFX Application Thread] DEBUG MenuEventHandler     - Creating default profile
21:29:05.534 [JavaFX Application Thread] DEBUG EventBus             - Firing event: SaveEvent
21:29:05.535 [JavaFX Application Thread] DEBUG AudioPlayer          - Saving data to profile
21:29:05.535 [JavaFX Application Thread] DEBUG Bundle               - Logging bundle: audio
21:29:05.535 [JavaFX Application Thread] DEBUG Bundle               - audio.musicVolume=0.5
21:29:05.535 [JavaFX Application Thread] DEBUG Bundle               - audio.soundVolume=0.5
21:29:05.535 [JavaFX Application Thread] DEBUG Input                - Saving data to profile
21:29:05.535 [JavaFX Application Thread] DEBUG Bundle               - Logging bundle: input
21:29:05.536 [JavaFX Application Thread] DEBUG Bundle               - input.Screenshot=P
21:29:05.536 [JavaFX Application Thread] DEBUG Bundle               - input.Restart=CTRL+R
21:29:05.536 [JavaFX Application Thread] DEBUG Bundle               - input.Dev Options=CTRL+0
21:29:05.536 [JavaFX Application Thread] DEBUG Bundle               - Logging bundle: gameplayStats
21:29:05.536 [JavaFX Application Thread] DEBUG Bundle               - gameplayStats.playtime=164323657692
21:29:05.536 [JavaFX Application Thread] DEBUG AchievementManager   - Saving data to profile
21:29:05.536 [JavaFX Application Thread] DEBUG Bundle               - Logging bundle: achievement
21:29:05.537 [JavaFX Application Thread] DEBUG FXGL.SaveLoadManager - Saving profile: Saran
21:29:05.539 [JavaFX Application Thread] DEBUG IOTask               - Executing task: writeDataTask(./profiles/Saran/user.profile)
21:29:05.539 [JavaFX Application Thread] DEBUG IOTask               - Executing task: writeDataTask(./profiles/Saran/user.profile)
21:29:05.544 [JavaFX Application Thread] DEBUG FS                   - Writing to: ./profiles/Saran/user.profile
21:29:05.549 [JavaFX Application Thread] DEBUG IOTask               - Executing task: checkSavesDir(./profiles/Saran/saves/)
21:29:05.549 [JavaFX Application Thread] DEBUG IOTask               - Task succeeded: writeDataTask(./profiles/Saran/user.profile)
21:29:05.549 [JavaFX Application Thread] DEBUG GameApplication      - Shutting down background threads
21:29:05.550 [JavaFX Application Thread] DEBUG GameApplication      - Exiting FXGL
21:29:05.550 [JavaFX Application Thread] DEBUG FXGL                 - Saving FXGL system data
21:29:05.550 [JavaFX Application Thread] DEBUG IOTask               - Executing task: writeDataTask(system/fxgl.bundle)
21:29:05.551 [JavaFX Application Thread] DEBUG FS                   - Writing to: system/fxgl.bundle
21:29:05.553 [JavaFX Application Thread] DEBUG IOTask               - Task succeeded: writeDataTask(system/fxgl.bundle)
21:29:05.553 [JavaFX Application Thread] DEBUG GameApplication      - Closing logger and exiting JavaFX
