20:26:50.908 [JavaFX Application Thread] DEBUG GameApplication      - Logger initialized
20:26:50.920 [JavaFX Application Thread] DEBUG MainWindow           - Creating a JavaFX scene
20:26:51.094 [JavaFX Application Thread] DEBUG MainWindow           - Target settings size: 1200.0 x 700.0
20:26:51.094 [JavaFX Application Thread] DEBUG MainWindow           - Scaled scene size:    1200.0 x 700.0
20:26:51.094 [JavaFX Application Thread] DEBUG MainWindow           - Scaled ratio: (1.0, 1.0)
20:26:51.633 [JavaFX Application Thread] DEBUG GameApplication      - Starting FXGL
20:26:51.739 [FXGL Launcher Thread     ] INFO  Version              - FXGL-0.4.3
20:26:51.739 [FXGL Launcher Thread     ] INFO  Version              - Source code and latest versions at: https://github.com/AlmasB/FXGL
20:26:51.740 [FXGL Launcher Thread     ] INFO  Version              -              Join the FXGL chat at: https://gitter.im/AlmasB/FXGL
20:26:51.742 [FXGL Launcher Thread     ] DEBUG FXGL                 - Loading FXGL system data
20:26:51.761 [FXGL Launcher Thread     ] DEBUG IOTask               - Executing task: readDataTask(system/fxgl.bundle)
20:26:51.833 [FXGL Launcher Thread     ] DEBUG FS                   - Reading from: system/fxgl.bundle
20:26:51.862 [FXGL Launcher Thread     ] DEBUG IOTask               - Task succeeded: readDataTask(system/fxgl.bundle)
20:26:51.862 [FXGL Launcher Thread     ] DEBUG Bundle               - Logging bundle: FXGL
20:26:51.868 [FXGL Launcher Thread     ] DEBUG Bundle               - FXGL.offline.timer.version.check=2018-04-03T17:47:05.133
20:26:51.885 [FXGL Launcher Thread     ] DEBUG GameApplication      - FXGL started
20:26:51.886 [FXGL Launcher Thread     ] DEBUG GameApplication      - Logging game settings
Title: Flash-Run
Version: 3.0
Width: 1200
Height: 700
Fullscreen: false
Intro: false
Menus: true
Profiling: false
Single step:false
App Mode: DEVELOPER
Menu Key: ESCAPE
Stage Style: DECORATED
Scene Factory: class sample.MainMenu
Dialog Factory: class com.almasb.fxgl.ui.FXGLDialogFactory
UI Factory: class com.almasb.fxgl.ui.FXGLUIFactory
Notification Service: class com.almasb.fxgl.gameplay.notification.XboxNotificationView
Exception Handler: class com.almasb.fxgl.app.FXGLExceptionHandler
20:26:51.890 [FXGL Launcher Thread     ] DEBUG GameApplication      - Configuring GameApplication
20:26:51.890 [FXGL Launcher Thread     ] DEBUG GameApplication      - Initializing state machine and application states
20:26:51.911 [FXGL Launcher Thread     ] DEBUG AssetLoader          - Loading from disk: /assets/ui/cursors/fxgl_default.png
20:26:51.968 [FXGL Launcher Thread     ] DEBUG AssetLoader          - Loading from disk: /assets/ui/cursors/fxgl_default.png
20:26:51.978 [FXGL Launcher Thread     ] DEBUG AssetLoader          - Loading from disk: /assets/ui/cursors/fxgl_default.png
20:26:52.044 [FXGL Launcher Thread     ] DEBUG AssetLoader          - Loading from disk: /assets/sounds/core/notification.wav
20:26:52.166 [FXGL Launcher Thread     ] DEBUG AssetLoader          - Loading from disk: /assets/sounds/menu/select.wav
20:26:52.171 [FXGL Launcher Thread     ] DEBUG AssetLoader          - Loading from disk: /assets/sounds/menu/back.wav
20:26:52.176 [FXGL Launcher Thread     ] DEBUG AssetLoader          - Loading from disk: /assets/sounds/menu/press.wav
20:26:52.181 [FXGL Launcher Thread     ] DEBUG AssetLoader          - Loading from disk: /assets/ui/fonts/VarelaRound-Regular.ttf
20:26:52.212 [FXGL Launcher Thread     ] DEBUG AssetLoader          - Loading from disk: /assets/ui/fonts/lucida_console.ttf
20:26:52.221 [FXGL Launcher Thread     ] DEBUG AssetLoader          - Loading from disk: /assets/ui/css/fxgl_dark.css
20:26:52.222 [FXGL Launcher Thread     ] DEBUG AssetLoader          - Loading from disk: /assets/ui/icons/fxgl_icon.png
20:26:52.270 [FXGL Launcher Thread     ] DEBUG AssetLoader          - Loading from disk: /assets/ui/cursors/fxgl_default.png
20:26:52.309 [FXGL Launcher Thread     ] DEBUG FXGL.GameScene       - Game scene initialized: 1200x700
20:26:52.316 [FXGL Launcher Thread     ] DEBUG FXGL.GameWorld       - Game world initialized
20:26:52.389 [FXGL Launcher Thread     ] DEBUG PhysicsWorld         - Physics world initialized: appHeight=700, physics.ppm=50.0
20:26:52.414 [FXGL Launcher Thread     ] DEBUG AssetLoader          - Loading from disk: /assets/ui/cursors/fxgl_default.png
20:26:52.418 [FXGL Launcher Thread     ] DEBUG AssetLoader          - Loading from disk: /assets/textures/Flash-Run_BG.jpg
20:26:52.469 [FXGL Launcher Thread     ] DEBUG FXGL.Menu            - createMenuBodyMainMenu()
20:26:52.483 [FXGL Launcher Thread     ] DEBUG AssetLoader          - Loading from disk: /assets/properties/languages/english.properties
20:26:52.485 [FXGL Launcher Thread     ] DEBUG AssetLoader          - Loading from cache: /assets/properties/languages/english.properties
20:26:52.485 [FXGL Launcher Thread     ] DEBUG FXGL.Menu            - createOptionsMenu()
20:26:52.486 [FXGL Launcher Thread     ] DEBUG AssetLoader          - Loading from cache: /assets/properties/languages/english.properties
20:26:52.488 [FXGL Launcher Thread     ] DEBUG AssetLoader          - Loading from cache: /assets/properties/languages/english.properties
20:26:52.490 [FXGL Launcher Thread     ] DEBUG AssetLoader          - Loading from cache: /assets/properties/languages/english.properties
20:26:52.492 [FXGL Launcher Thread     ] DEBUG AssetLoader          - Loading from cache: /assets/properties/languages/english.properties
20:26:52.494 [FXGL Launcher Thread     ] DEBUG AssetLoader          - Loading from cache: /assets/properties/languages/english.properties
20:26:52.496 [FXGL Launcher Thread     ] DEBUG AssetLoader          - Loading from cache: /assets/properties/languages/english.properties
20:26:52.499 [FXGL Launcher Thread     ] DEBUG AssetLoader          - Loading from cache: /assets/properties/languages/english.properties
20:26:52.501 [FXGL Launcher Thread     ] DEBUG AssetLoader          - Loading from cache: /assets/properties/languages/english.properties
20:26:52.504 [FXGL Launcher Thread     ] DEBUG AssetLoader          - Loading from disk: /assets/ui/cursors/fxgl_default.png
20:26:52.505 [FXGL Launcher Thread     ] DEBUG AssetLoader          - Loading from cache: /assets/textures/Flash-Run_BG.jpg
20:26:52.510 [FXGL Launcher Thread     ] DEBUG FXGL.Menu            - createMenuBodyGameMenu()
20:26:52.511 [FXGL Launcher Thread     ] DEBUG AssetLoader          - Loading from cache: /assets/properties/languages/english.properties
20:26:52.512 [FXGL Launcher Thread     ] DEBUG AssetLoader          - Loading from cache: /assets/properties/languages/english.properties
20:26:52.513 [FXGL Launcher Thread     ] DEBUG FXGL.Menu            - createOptionsMenu()
20:26:52.513 [FXGL Launcher Thread     ] DEBUG AssetLoader          - Loading from cache: /assets/properties/languages/english.properties
20:26:52.514 [FXGL Launcher Thread     ] DEBUG AssetLoader          - Loading from cache: /assets/properties/languages/english.properties
20:26:52.514 [FXGL Launcher Thread     ] DEBUG AssetLoader          - Loading from cache: /assets/properties/languages/english.properties
20:26:52.514 [FXGL Launcher Thread     ] DEBUG AssetLoader          - Loading from cache: /assets/properties/languages/english.properties
20:26:52.516 [FXGL Launcher Thread     ] DEBUG AssetLoader          - Loading from cache: /assets/properties/languages/english.properties
20:26:52.517 [FXGL Launcher Thread     ] DEBUG AssetLoader          - Loading from cache: /assets/properties/languages/english.properties
20:26:52.518 [FXGL Launcher Thread     ] DEBUG AssetLoader          - Loading from cache: /assets/properties/languages/english.properties
20:26:52.529 [FXGL Launcher Thread     ] INFO  GameApplication      - Game configuration took:  0.639 sec
20:26:52.539 [JavaFX Application Thread] DEBUG MainWindow           - Opening main window
20:26:52.614 [JavaFX Application Thread] DEBUG MainWindow           - Window border size: (0.0, 22.0)
20:26:52.614 [JavaFX Application Thread] DEBUG MainWindow           - Scaled size: 1200.0 x 700.0
20:26:52.614 [JavaFX Application Thread] DEBUG MainWindow           - Scaled ratio: (1.0, 1.0)
20:26:52.615 [JavaFX Application Thread] DEBUG MainWindow           - Scene size: 1200.0 x 700.0
20:26:52.615 [JavaFX Application Thread] DEBUG MainWindow           - Stage size: 1200.0 x 722.0
20:26:52.615 [JavaFX Application Thread] DEBUG GameApplication      - Running preInit()
20:26:52.617 [JavaFX Application Thread] DEBUG AnnotationParser     - Main app package name: sample
20:26:52.785 [JavaFX Application Thread] DEBUG AnnotationParser     - @SetAchievementStore: []
20:26:52.821 [JavaFX Application Thread] DEBUG Input                - Registered new binding: Screenshot - P
20:26:52.822 [JavaFX Application Thread] DEBUG Input                - Registered new binding: Dev Options - CTRL+0
20:26:52.823 [JavaFX Application Thread] DEBUG Input                - Registered new binding: Restart - CTRL+R
20:26:52.823 [JavaFX Application Thread] DEBUG MenuEventHandler     - generateDefaultProfile()
20:26:52.824 [JavaFX Application Thread] DEBUG MenuEventHandler     - Creating default profile
20:26:52.824 [JavaFX Application Thread] DEBUG EventBus             - Firing event: SaveEvent
20:26:52.826 [JavaFX Application Thread] DEBUG AudioPlayer          - Saving data to profile
20:26:52.826 [JavaFX Application Thread] DEBUG Bundle               - Logging bundle: audio
20:26:52.826 [JavaFX Application Thread] DEBUG Bundle               - audio.musicVolume=0.5
20:26:52.827 [JavaFX Application Thread] DEBUG Bundle               - audio.soundVolume=0.5
20:26:52.827 [JavaFX Application Thread] DEBUG Input                - Saving data to profile
20:26:52.827 [JavaFX Application Thread] DEBUG Bundle               - Logging bundle: input
20:26:52.827 [JavaFX Application Thread] DEBUG Bundle               - input.Screenshot=P
20:26:52.827 [JavaFX Application Thread] DEBUG Bundle               - input.Restart=CTRL+R
20:26:52.827 [JavaFX Application Thread] DEBUG Bundle               - input.Dev Options=CTRL+0
20:26:52.830 [JavaFX Application Thread] DEBUG Bundle               - Logging bundle: gameplayStats
20:26:52.830 [JavaFX Application Thread] DEBUG Bundle               - gameplayStats.playtime=0
20:26:52.832 [JavaFX Application Thread] DEBUG AchievementManager   - Saving data to profile
20:26:52.832 [JavaFX Application Thread] DEBUG Bundle               - Logging bundle: achievement
20:26:52.890 [JavaFX Application Thread] DEBUG GameApplication      - Starting main loop
20:26:52.915 [JavaFX Application Thread] DEBUG StartupState         - STARTUP
20:26:52.915 [JavaFX Application Thread] DEBUG Input                - Clearing active input actions
20:26:52.960 [JavaFX Application Thread] DEBUG AppStateMachine      - StartupState -> MainMenuState
20:26:52.968 [JavaFX Application Thread] DEBUG FXGL.SaveLoadManager - Checking profiles dir: profiles/
20:26:52.968 [JavaFX Application Thread] DEBUG FXGL.SaveLoadManager - Loading profile names
20:26:52.972 [JavaFX Application Thread] DEBUG IOTask               - Showing dialog
20:26:52.978 [JavaFX Application Thread] DEBUG AppStateMachine      - Push state: DialogSubState
20:26:52.978 [JavaFX Application Thread] DEBUG Input                - Clearing active input actions
20:26:52.978 [JavaFX Application Thread] DEBUG AppStateMachine      - MainMenuState -> DialogSubState
20:26:52.985 [FXGL Background Thread 1 ] DEBUG IOTask               - Executing task: loadDirectoryNamesTask(./profiles/, false)
20:26:53.250 [JavaFX Application Thread] DEBUG IOTask               - succeed(): Dismissing dialog
20:26:53.250 [JavaFX Application Thread] DEBUG AppStateMachine      - Pop state: DialogSubState
20:26:53.251 [JavaFX Application Thread] DEBUG Input                - Clearing active input actions
20:26:53.252 [JavaFX Application Thread] DEBUG AppStateMachine      - MainMenuState <- DialogSubState
20:26:53.252 [JavaFX Application Thread] DEBUG IOTask               - Task succeeded: loadDirectoryNamesTask(./profiles/, false)
20:26:53.255 [JavaFX Application Thread] DEBUG AppStateMachine      - Push state: DialogSubState
20:26:53.255 [JavaFX Application Thread] DEBUG Input                - Clearing active input actions
20:26:53.255 [JavaFX Application Thread] DEBUG AppStateMachine      - MainMenuState -> DialogSubState
20:26:54.737 [JavaFX Application Thread] DEBUG AppStateMachine      - Pop state: DialogSubState
20:26:54.737 [JavaFX Application Thread] DEBUG Input                - Clearing active input actions
20:26:54.739 [JavaFX Application Thread] DEBUG AppStateMachine      - MainMenuState <- DialogSubState
20:26:54.739 [JavaFX Application Thread] DEBUG FXGL.SaveLoadManager - Loading profile: Saran
20:26:54.740 [JavaFX Application Thread] DEBUG IOTask               - Showing dialog
20:26:54.743 [JavaFX Application Thread] DEBUG AppStateMachine      - Push state: DialogSubState
20:26:54.744 [JavaFX Application Thread] DEBUG Input                - Clearing active input actions
20:26:54.744 [JavaFX Application Thread] DEBUG AppStateMachine      - MainMenuState -> DialogSubState
20:26:54.746 [FXGL Background Thread 1 ] DEBUG IOTask               - Executing task: readDataTask(./profiles/Saran/user.profile)
20:26:54.747 [FXGL Background Thread 1 ] DEBUG FS                   - Reading from: ./profiles/Saran/user.profile
20:26:54.765 [JavaFX Application Thread] DEBUG IOTask               - succeed(): Dismissing dialog
20:26:54.766 [JavaFX Application Thread] DEBUG AppStateMachine      - Pop state: DialogSubState
20:26:54.766 [JavaFX Application Thread] DEBUG Input                - Clearing active input actions
20:26:54.766 [JavaFX Application Thread] DEBUG AppStateMachine      - MainMenuState <- DialogSubState
20:26:54.767 [JavaFX Application Thread] DEBUG IOTask               - Task succeeded: readDataTask(./profiles/Saran/user.profile)
20:26:54.767 [JavaFX Application Thread] DEBUG EventBus             - Firing event: LoadEvent[type=LOAD_PROFILE]
20:26:54.767 [JavaFX Application Thread] DEBUG AudioPlayer          - Loading data from profile
20:26:54.767 [JavaFX Application Thread] DEBUG Bundle               - Logging bundle: audio
20:26:54.767 [JavaFX Application Thread] DEBUG Bundle               - audio.musicVolume=0.5
20:26:54.768 [JavaFX Application Thread] DEBUG Bundle               - audio.soundVolume=0.5
20:26:54.768 [JavaFX Application Thread] DEBUG Input                - Loading data from profile
20:26:54.768 [JavaFX Application Thread] DEBUG Bundle               - Logging bundle: input
20:26:54.768 [JavaFX Application Thread] DEBUG Bundle               - input.Screenshot=P
20:26:54.768 [JavaFX Application Thread] DEBUG Bundle               - input.Restart=CTRL+R
20:26:54.768 [JavaFX Application Thread] DEBUG Bundle               - input.Dev Options=CTRL+0
20:26:54.769 [JavaFX Application Thread] DEBUG Bundle               - Logging bundle: gameplayStats
20:26:54.769 [JavaFX Application Thread] DEBUG Bundle               - gameplayStats.playtime=16281817584
20:26:54.769 [JavaFX Application Thread] DEBUG AchievementManager   - Loading data from profile
20:26:54.769 [JavaFX Application Thread] DEBUG Bundle               - Logging bundle: achievement
20:26:54.770 [JavaFX Application Thread] DEBUG FXGL.SaveLoadManager - Loading last modified save file
20:26:54.771 [JavaFX Application Thread] DEBUG FXGL.SaveLoadManager - Loading save files
20:26:54.775 [JavaFX Application Thread] DEBUG IOTask               - Showing dialog
20:26:54.776 [JavaFX Application Thread] DEBUG AppStateMachine      - Push state: DialogSubState
20:26:54.776 [JavaFX Application Thread] DEBUG Input                - Clearing active input actions
20:26:54.776 [JavaFX Application Thread] DEBUG AppStateMachine      - MainMenuState -> DialogSubState
20:26:54.783 [FXGL Background Thread 1 ] DEBUG IOTask               - Executing task: loadFileNamesTask(./profiles/Saran/saves/, true, [FileExtension(extension=.sav)])
20:26:54.784 [FXGL Background Thread 1 ] DEBUG IOTask               - Executing task: loadFileNamesTask(./profiles/Saran/saves/, true, [FileExtension(extension=.sav)])
20:26:54.784 [FXGL Background Thread 1 ] DEBUG IOTask               - Executing task: loadFileNamesTask(./profiles/Saran/saves/, true, [FileExtension(extension=.sav)])
20:26:54.787 [FXGL Background Thread 1 ] DEBUG IOTask               - Executing task: readSaveFiles
20:26:54.790 [FXGL Background Thread 1 ] DEBUG IOTask               - Executing task: findLastSave
20:26:54.806 [JavaFX Application Thread] DEBUG IOTask               - fail(): Dismissing dialog
20:26:54.806 [JavaFX Application Thread] DEBUG AppStateMachine      - Pop state: DialogSubState
20:26:54.806 [JavaFX Application Thread] DEBUG Input                - Clearing active input actions
20:26:54.807 [JavaFX Application Thread] DEBUG AppStateMachine      - MainMenuState <- DialogSubState
20:26:54.807 [JavaFX Application Thread] WARN  IOTask               - Task failed: loadFileNamesTask(./profiles/Saran/saves/, true, [FileExtension(extension=.sav)]) Error: java.io.FileNotFoundException: No save files found
20:26:59.754 [JavaFX Application Thread] DEBUG GameApplication      - Exiting game application
20:26:59.756 [JavaFX Application Thread] DEBUG MenuEventHandler     - Creating default profile
20:26:59.756 [JavaFX Application Thread] DEBUG EventBus             - Firing event: SaveEvent
20:26:59.756 [JavaFX Application Thread] DEBUG AudioPlayer          - Saving data to profile
20:26:59.756 [JavaFX Application Thread] DEBUG Bundle               - Logging bundle: audio
20:26:59.756 [JavaFX Application Thread] DEBUG Bundle               - audio.musicVolume=0.5
20:26:59.757 [JavaFX Application Thread] DEBUG Bundle               - audio.soundVolume=0.5
20:26:59.757 [JavaFX Application Thread] DEBUG Input                - Saving data to profile
20:26:59.757 [JavaFX Application Thread] DEBUG Bundle               - Logging bundle: input
20:26:59.757 [JavaFX Application Thread] DEBUG Bundle               - input.Screenshot=P
20:26:59.757 [JavaFX Application Thread] DEBUG Bundle               - input.Restart=CTRL+R
20:26:59.757 [JavaFX Application Thread] DEBUG Bundle               - input.Dev Options=CTRL+0
20:26:59.757 [JavaFX Application Thread] DEBUG Bundle               - Logging bundle: gameplayStats
20:26:59.758 [JavaFX Application Thread] DEBUG Bundle               - gameplayStats.playtime=16281817584
20:26:59.758 [JavaFX Application Thread] DEBUG AchievementManager   - Saving data to profile
20:26:59.758 [JavaFX Application Thread] DEBUG Bundle               - Logging bundle: achievement
20:26:59.758 [JavaFX Application Thread] DEBUG FXGL.SaveLoadManager - Saving profile: Saran
20:26:59.762 [JavaFX Application Thread] DEBUG IOTask               - Executing task: writeDataTask(./profiles/Saran/user.profile)
20:26:59.762 [JavaFX Application Thread] DEBUG IOTask               - Executing task: writeDataTask(./profiles/Saran/user.profile)
20:26:59.765 [JavaFX Application Thread] DEBUG FS                   - Writing to: ./profiles/Saran/user.profile
20:26:59.769 [JavaFX Application Thread] DEBUG IOTask               - Executing task: checkSavesDir(./profiles/Saran/saves/)
20:26:59.769 [JavaFX Application Thread] DEBUG IOTask               - Task succeeded: writeDataTask(./profiles/Saran/user.profile)
20:26:59.769 [JavaFX Application Thread] DEBUG GameApplication      - Shutting down background threads
20:26:59.769 [JavaFX Application Thread] DEBUG GameApplication      - Exiting FXGL
20:26:59.770 [JavaFX Application Thread] DEBUG FXGL                 - Saving FXGL system data
20:26:59.770 [JavaFX Application Thread] DEBUG IOTask               - Executing task: writeDataTask(system/fxgl.bundle)
20:26:59.770 [JavaFX Application Thread] DEBUG FS                   - Writing to: system/fxgl.bundle
20:26:59.773 [JavaFX Application Thread] DEBUG IOTask               - Task succeeded: writeDataTask(system/fxgl.bundle)
20:26:59.773 [JavaFX Application Thread] DEBUG GameApplication      - Closing logger and exiting JavaFX
