17:51:40.494 [JavaFX Application Thread] DEBUG GameApplication      - Logger initialized
17:51:40.507 [JavaFX Application Thread] DEBUG MainWindow           - Creating a JavaFX scene
17:51:40.697 [JavaFX Application Thread] DEBUG MainWindow           - Target settings size: 600.0 x 600.0
17:51:40.697 [JavaFX Application Thread] DEBUG MainWindow           - Scaled scene size:    600.0 x 600.0
17:51:40.698 [JavaFX Application Thread] DEBUG MainWindow           - Scaled ratio: (1.0, 1.0)
17:51:41.270 [JavaFX Application Thread] DEBUG GameApplication      - Starting FXGL
17:51:41.483 [FXGL Launcher Thread     ] INFO  Version              - FXGL-0.4.3
17:51:41.484 [FXGL Launcher Thread     ] INFO  Version              - Source code and latest versions at: https://github.com/AlmasB/FXGL
17:51:41.484 [FXGL Launcher Thread     ] INFO  Version              -              Join the FXGL chat at: https://gitter.im/AlmasB/FXGL
17:51:41.488 [FXGL Launcher Thread     ] DEBUG FXGL                 - Loading FXGL system data
17:51:41.507 [FXGL Launcher Thread     ] DEBUG IOTask               - Executing task: readDataTask(system/fxgl.bundle)
17:51:41.550 [FXGL Launcher Thread     ] DEBUG FS                   - Reading from: system/fxgl.bundle
17:51:41.587 [FXGL Launcher Thread     ] DEBUG IOTask               - Task succeeded: readDataTask(system/fxgl.bundle)
17:51:41.588 [FXGL Launcher Thread     ] DEBUG Bundle               - Logging bundle: FXGL
17:51:41.589 [FXGL Launcher Thread     ] DEBUG Bundle               - FXGL.offline.timer.version.check=2018-04-03T17:47:05.133
17:51:41.596 [FXGL Launcher Thread     ] DEBUG GameApplication      - FXGL started
17:51:41.597 [FXGL Launcher Thread     ] DEBUG GameApplication      - Logging game settings
Title: Basic Game App
Version: 0.1
Width: 600
Height: 600
Fullscreen: false
Intro: false
Menus: false
Profiling: false
Single step:false
App Mode: DEVELOPER
Menu Key: ESCAPE
Stage Style: DECORATED
Scene Factory: class com.almasb.fxgl.scene.SceneFactory
Dialog Factory: class com.almasb.fxgl.ui.FXGLDialogFactory
UI Factory: class com.almasb.fxgl.ui.FXGLUIFactory
Notification Service: class com.almasb.fxgl.gameplay.notification.XboxNotificationView
Exception Handler: class com.almasb.fxgl.app.FXGLExceptionHandler
17:51:41.600 [FXGL Launcher Thread     ] DEBUG GameApplication      - Configuring GameApplication
17:51:41.601 [FXGL Launcher Thread     ] DEBUG GameApplication      - Initializing state machine and application states
17:51:41.622 [FXGL Launcher Thread     ] DEBUG AssetLoader          - Loading from disk: /assets/ui/cursors/fxgl_default.png
17:51:41.682 [FXGL Launcher Thread     ] DEBUG AssetLoader          - Loading from disk: /assets/ui/cursors/fxgl_default.png
17:51:41.689 [FXGL Launcher Thread     ] DEBUG AssetLoader          - Loading from disk: /assets/ui/cursors/fxgl_default.png
17:51:41.742 [FXGL Launcher Thread     ] DEBUG AssetLoader          - Loading from disk: /assets/sounds/core/notification.wav
17:51:41.874 [FXGL Launcher Thread     ] DEBUG AssetLoader          - Loading from disk: /assets/sounds/menu/select.wav
17:51:41.876 [FXGL Launcher Thread     ] DEBUG AssetLoader          - Loading from disk: /assets/sounds/menu/back.wav
17:51:41.879 [FXGL Launcher Thread     ] DEBUG AssetLoader          - Loading from disk: /assets/sounds/menu/press.wav
17:51:41.882 [FXGL Launcher Thread     ] DEBUG AssetLoader          - Loading from disk: /assets/ui/fonts/VarelaRound-Regular.ttf
17:51:41.912 [FXGL Launcher Thread     ] DEBUG AssetLoader          - Loading from disk: /assets/ui/fonts/lucida_console.ttf
17:51:41.918 [FXGL Launcher Thread     ] DEBUG AssetLoader          - Loading from disk: /assets/ui/css/fxgl_dark.css
17:51:41.918 [FXGL Launcher Thread     ] DEBUG AssetLoader          - Loading from disk: /assets/ui/icons/fxgl_icon.png
17:51:41.967 [FXGL Launcher Thread     ] DEBUG AssetLoader          - Loading from disk: /assets/ui/cursors/fxgl_default.png
17:51:42.044 [FXGL Launcher Thread     ] DEBUG FXGL.GameScene       - Game scene initialized: 600x600
17:51:42.051 [FXGL Launcher Thread     ] DEBUG FXGL.GameWorld       - Game world initialized
17:51:42.185 [FXGL Launcher Thread     ] DEBUG PhysicsWorld         - Physics world initialized: appHeight=600, physics.ppm=50.0
17:51:42.248 [FXGL Launcher Thread     ] DEBUG Input                - Registered new binding: Pause - Esc
17:51:42.272 [FXGL Launcher Thread     ] INFO  GameApplication      - Game configuration took:  0.670 sec
17:51:42.274 [JavaFX Application Thread] DEBUG MainWindow           - Opening main window
17:51:42.348 [JavaFX Application Thread] DEBUG MainWindow           - Window border size: (0.0, 22.0)
17:51:42.348 [JavaFX Application Thread] DEBUG MainWindow           - Scaled size: 600.0 x 600.0
17:51:42.348 [JavaFX Application Thread] DEBUG MainWindow           - Scaled ratio: (1.0, 1.0)
17:51:42.348 [JavaFX Application Thread] DEBUG MainWindow           - Scene size: 600.0 x 600.0
17:51:42.348 [JavaFX Application Thread] DEBUG MainWindow           - Stage size: 600.0 x 622.0
17:51:42.349 [JavaFX Application Thread] DEBUG GameApplication      - Running preInit()
17:51:42.351 [JavaFX Application Thread] DEBUG AnnotationParser     - Main app package name: sample
17:51:42.484 [JavaFX Application Thread] DEBUG AnnotationParser     - @SetAchievementStore: []
17:51:42.486 [JavaFX Application Thread] DEBUG Input                - Registered new binding: Screenshot - P
17:51:42.488 [JavaFX Application Thread] DEBUG Input                - Registered new binding: Dev Options - CTRL+0
17:51:42.488 [JavaFX Application Thread] DEBUG Input                - Registered new binding: Restart - CTRL+R
17:51:42.567 [JavaFX Application Thread] DEBUG GameApplication      - Starting main loop
17:51:42.590 [JavaFX Application Thread] DEBUG StartupState         - STARTUP
17:51:42.591 [JavaFX Application Thread] DEBUG GameApplication      - Starting new game
17:51:42.591 [JavaFX Application Thread] DEBUG Input                - Clearing active input actions
17:51:42.636 [JavaFX Application Thread] DEBUG AppStateMachine      - StartupState -> LoadingState
17:51:42.638 [JavaFX Application Thread] DEBUG AnnotationParser     - Main app package name: sample
17:51:42.638 [JavaFX Application Thread] DEBUG InitAppTask          - Parsing annotations
17:51:42.679 [JavaFX Application Thread] DEBUG AnnotationParser     - @SetEventHandler: []
17:51:42.679 [JavaFX Application Thread] DEBUG AnnotationParser     - @AddCollisionHandler: []
17:51:42.679 [JavaFX Application Thread] DEBUG AnnotationParser     - @SetEntityFactory: []
17:51:42.689 [FXGL Background Thread 1 ] DEBUG InitAppTask          - Clearing previous game
17:51:42.689 [FXGL Background Thread 1 ] DEBUG FXGL.GameWorld       - Clearing game world
17:51:42.689 [FXGL Background Thread 1 ] DEBUG PhysicsWorld         - Clearing physics world
17:51:42.690 [FXGL Background Thread 1 ] DEBUG FXGL.GameScene       - Clearing game scene
17:51:42.691 [FXGL Background Thread 1 ] DEBUG InitAppTask          - Initializing Assets
17:51:42.692 [FXGL Background Thread 1 ] DEBUG InitAppTask          - Initializing Game
17:51:42.700 [FXGL Background Thread 1 ] DEBUG InitAppTask          - Initializing Physics
17:51:42.700 [FXGL Background Thread 1 ] DEBUG InitAppTask          - Initializing UI
17:51:42.700 [FXGL Background Thread 1 ] DEBUG InitAppTask          - Initialization Complete
17:51:42.701 [FXGL Background Thread 1 ] INFO  InitAppTask          - Game initialization took: 0.012 sec
17:51:42.811 [JavaFX Application Thread] DEBUG Input                - Clearing active input actions
17:51:42.820 [JavaFX Application Thread] DEBUG AppStateMachine      - LoadingState -> PlayState
17:51:45.441 [JavaFX Application Thread] DEBUG GameApplication      - Exiting game application
17:51:45.443 [JavaFX Application Thread] DEBUG GameApplication      - Shutting down background threads
17:51:45.443 [JavaFX Application Thread] DEBUG GameApplication      - Exiting FXGL
17:51:45.443 [JavaFX Application Thread] DEBUG FXGL                 - Saving FXGL system data
17:51:45.446 [JavaFX Application Thread] DEBUG IOTask               - Executing task: writeDataTask(system/fxgl.bundle)
17:51:45.450 [JavaFX Application Thread] DEBUG FS                   - Writing to: system/fxgl.bundle
17:51:45.455 [JavaFX Application Thread] DEBUG IOTask               - Task succeeded: writeDataTask(system/fxgl.bundle)
17:51:45.456 [JavaFX Application Thread] DEBUG GameApplication      - Closing logger and exiting JavaFX
