20:18:47.910 [JavaFX Application Thread] DEBUG GameApplication      - Logger initialized
20:18:47.925 [JavaFX Application Thread] DEBUG MainWindow           - Creating a JavaFX scene
20:18:48.117 [JavaFX Application Thread] DEBUG MainWindow           - Target settings size: 1200.0 x 700.0
20:18:48.117 [JavaFX Application Thread] DEBUG MainWindow           - Scaled scene size:    1200.0 x 700.0
20:18:48.117 [JavaFX Application Thread] DEBUG MainWindow           - Scaled ratio: (1.0, 1.0)
20:18:48.652 [JavaFX Application Thread] DEBUG GameApplication      - Starting FXGL
20:18:48.751 [FXGL Launcher Thread     ] INFO  Version              - FXGL-0.4.3
20:18:48.752 [FXGL Launcher Thread     ] INFO  Version              - Source code and latest versions at: https://github.com/AlmasB/FXGL
20:18:48.752 [FXGL Launcher Thread     ] INFO  Version              -              Join the FXGL chat at: https://gitter.im/AlmasB/FXGL
20:18:48.753 [FXGL Launcher Thread     ] DEBUG FXGL                 - Loading FXGL system data
20:18:48.761 [FXGL Launcher Thread     ] DEBUG IOTask               - Executing task: readDataTask(system/fxgl.bundle)
20:18:48.817 [FXGL Launcher Thread     ] DEBUG FS                   - Reading from: system/fxgl.bundle
20:18:48.843 [FXGL Launcher Thread     ] DEBUG IOTask               - Task succeeded: readDataTask(system/fxgl.bundle)
20:18:48.843 [FXGL Launcher Thread     ] DEBUG Bundle               - Logging bundle: FXGL
20:18:48.846 [FXGL Launcher Thread     ] DEBUG Bundle               - FXGL.offline.timer.version.check=2018-04-03T17:47:05.133
20:18:48.973 [FXGL Launcher Thread     ] DEBUG GameApplication      - FXGL started
20:18:48.975 [FXGL Launcher Thread     ] DEBUG GameApplication      - Logging game settings
Title: Flash-Run
Version: 3.0
Width: 1200
Height: 700
Fullscreen: false
Intro: false
Menus: true
Profiling: false
Single step:false
App Mode: DEVELOPER
Menu Key: ESCAPE
Stage Style: DECORATED
Scene Factory: class sample.MainMenu
Dialog Factory: class com.almasb.fxgl.ui.FXGLDialogFactory
UI Factory: class com.almasb.fxgl.ui.FXGLUIFactory
Notification Service: class com.almasb.fxgl.gameplay.notification.XboxNotificationView
Exception Handler: class com.almasb.fxgl.app.FXGLExceptionHandler
20:18:48.983 [FXGL Launcher Thread     ] DEBUG GameApplication      - Configuring GameApplication
20:18:48.984 [FXGL Launcher Thread     ] DEBUG GameApplication      - Initializing state machine and application states
20:18:49.007 [FXGL Launcher Thread     ] DEBUG AssetLoader          - Loading from disk: /assets/ui/cursors/fxgl_default.png
20:18:49.059 [FXGL Launcher Thread     ] DEBUG AssetLoader          - Loading from disk: /assets/ui/cursors/fxgl_default.png
20:18:49.095 [FXGL Launcher Thread     ] DEBUG AssetLoader          - Loading from disk: /assets/ui/cursors/fxgl_default.png
20:18:49.192 [FXGL Launcher Thread     ] DEBUG AssetLoader          - Loading from disk: /assets/sounds/core/notification.wav
20:18:49.295 [FXGL Launcher Thread     ] DEBUG AssetLoader          - Loading from disk: /assets/sounds/menu/select.wav
20:18:49.298 [FXGL Launcher Thread     ] DEBUG AssetLoader          - Loading from disk: /assets/sounds/menu/back.wav
20:18:49.302 [FXGL Launcher Thread     ] DEBUG AssetLoader          - Loading from disk: /assets/sounds/menu/press.wav
20:18:49.307 [FXGL Launcher Thread     ] DEBUG AssetLoader          - Loading from disk: /assets/ui/fonts/VarelaRound-Regular.ttf
20:18:49.390 [FXGL Launcher Thread     ] DEBUG AssetLoader          - Loading from disk: /assets/ui/fonts/lucida_console.ttf
20:18:49.409 [FXGL Launcher Thread     ] DEBUG AssetLoader          - Loading from disk: /assets/ui/css/fxgl_dark.css
20:18:49.411 [FXGL Launcher Thread     ] DEBUG AssetLoader          - Loading from disk: /assets/ui/icons/fxgl_icon.png
20:18:49.490 [FXGL Launcher Thread     ] DEBUG AssetLoader          - Loading from disk: /assets/ui/cursors/fxgl_default.png
20:18:49.619 [FXGL Launcher Thread     ] DEBUG FXGL.GameScene       - Game scene initialized: 1200x700
20:18:49.628 [FXGL Launcher Thread     ] DEBUG FXGL.GameWorld       - Game world initialized
20:18:49.759 [FXGL Launcher Thread     ] DEBUG PhysicsWorld         - Physics world initialized: appHeight=700, physics.ppm=50.0
20:18:49.807 [FXGL Launcher Thread     ] DEBUG AssetLoader          - Loading from disk: /assets/ui/cursors/fxgl_default.png
20:18:49.811 [FXGL Launcher Thread     ] DEBUG AssetLoader          - Loading from disk: /assets/textures/Flash-Run_BG_2.png
20:18:49.915 [FXGL Launcher Thread     ] DEBUG FXGL.Menu            - createMenuBodyMainMenu()
20:18:49.927 [FXGL Launcher Thread     ] DEBUG AssetLoader          - Loading from disk: /assets/properties/languages/english.properties
20:18:49.930 [FXGL Launcher Thread     ] DEBUG AssetLoader          - Loading from cache: /assets/properties/languages/english.properties
20:18:49.931 [FXGL Launcher Thread     ] DEBUG FXGL.Menu            - createOptionsMenu()
20:18:49.931 [FXGL Launcher Thread     ] DEBUG AssetLoader          - Loading from cache: /assets/properties/languages/english.properties
20:18:49.934 [FXGL Launcher Thread     ] DEBUG AssetLoader          - Loading from cache: /assets/properties/languages/english.properties
20:18:49.937 [FXGL Launcher Thread     ] DEBUG AssetLoader          - Loading from cache: /assets/properties/languages/english.properties
20:18:49.939 [FXGL Launcher Thread     ] DEBUG AssetLoader          - Loading from cache: /assets/properties/languages/english.properties
20:18:49.940 [FXGL Launcher Thread     ] DEBUG AssetLoader          - Loading from cache: /assets/properties/languages/english.properties
20:18:49.943 [FXGL Launcher Thread     ] DEBUG AssetLoader          - Loading from cache: /assets/properties/languages/english.properties
20:18:49.949 [FXGL Launcher Thread     ] DEBUG AssetLoader          - Loading from cache: /assets/properties/languages/english.properties
20:18:49.950 [FXGL Launcher Thread     ] DEBUG AssetLoader          - Loading from cache: /assets/properties/languages/english.properties
20:18:49.955 [FXGL Launcher Thread     ] DEBUG AssetLoader          - Loading from disk: /assets/ui/cursors/fxgl_default.png
20:18:49.958 [FXGL Launcher Thread     ] DEBUG AssetLoader          - Loading from cache: /assets/textures/Flash-Run_BG_2.png
20:18:49.964 [FXGL Launcher Thread     ] DEBUG FXGL.Menu            - createMenuBodyGameMenu()
20:18:49.966 [FXGL Launcher Thread     ] DEBUG AssetLoader          - Loading from cache: /assets/properties/languages/english.properties
20:18:49.967 [FXGL Launcher Thread     ] DEBUG AssetLoader          - Loading from cache: /assets/properties/languages/english.properties
20:18:49.967 [FXGL Launcher Thread     ] DEBUG FXGL.Menu            - createOptionsMenu()
20:18:49.968 [FXGL Launcher Thread     ] DEBUG AssetLoader          - Loading from cache: /assets/properties/languages/english.properties
20:18:49.968 [FXGL Launcher Thread     ] DEBUG AssetLoader          - Loading from cache: /assets/properties/languages/english.properties
20:18:49.968 [FXGL Launcher Thread     ] DEBUG AssetLoader          - Loading from cache: /assets/properties/languages/english.properties
20:18:49.969 [FXGL Launcher Thread     ] DEBUG AssetLoader          - Loading from cache: /assets/properties/languages/english.properties
20:18:49.970 [FXGL Launcher Thread     ] DEBUG AssetLoader          - Loading from cache: /assets/properties/languages/english.properties
20:18:49.972 [FXGL Launcher Thread     ] DEBUG AssetLoader          - Loading from cache: /assets/properties/languages/english.properties
20:18:49.974 [FXGL Launcher Thread     ] DEBUG AssetLoader          - Loading from cache: /assets/properties/languages/english.properties
20:18:49.987 [FXGL Launcher Thread     ] INFO  GameApplication      - Game configuration took:  1.003 sec
20:18:49.991 [JavaFX Application Thread] DEBUG MainWindow           - Opening main window
20:18:50.142 [JavaFX Application Thread] DEBUG MainWindow           - Window border size: (0.0, 22.0)
20:18:50.143 [JavaFX Application Thread] DEBUG MainWindow           - Scaled size: 1200.0 x 700.0
20:18:50.143 [JavaFX Application Thread] DEBUG MainWindow           - Scaled ratio: (1.0, 1.0)
20:18:50.143 [JavaFX Application Thread] DEBUG MainWindow           - Scene size: 1200.0 x 700.0
20:18:50.143 [JavaFX Application Thread] DEBUG MainWindow           - Stage size: 1200.0 x 722.0
20:18:50.144 [JavaFX Application Thread] DEBUG GameApplication      - Running preInit()
20:18:50.147 [JavaFX Application Thread] DEBUG AnnotationParser     - Main app package name: sample
20:18:50.298 [JavaFX Application Thread] DEBUG AnnotationParser     - @SetAchievementStore: []
20:18:50.345 [JavaFX Application Thread] DEBUG Input                - Registered new binding: Screenshot - P
20:18:50.347 [JavaFX Application Thread] DEBUG Input                - Registered new binding: Dev Options - CTRL+0
20:18:50.347 [JavaFX Application Thread] DEBUG Input                - Registered new binding: Restart - CTRL+R
20:18:50.348 [JavaFX Application Thread] DEBUG MenuEventHandler     - generateDefaultProfile()
20:18:50.349 [JavaFX Application Thread] DEBUG MenuEventHandler     - Creating default profile
20:18:50.350 [JavaFX Application Thread] DEBUG EventBus             - Firing event: SaveEvent
20:18:50.353 [JavaFX Application Thread] DEBUG AudioPlayer          - Saving data to profile
20:18:50.353 [JavaFX Application Thread] DEBUG Bundle               - Logging bundle: audio
20:18:50.353 [JavaFX Application Thread] DEBUG Bundle               - audio.musicVolume=0.5
20:18:50.353 [JavaFX Application Thread] DEBUG Bundle               - audio.soundVolume=0.5
20:18:50.353 [JavaFX Application Thread] DEBUG Input                - Saving data to profile
20:18:50.354 [JavaFX Application Thread] DEBUG Bundle               - Logging bundle: input
20:18:50.354 [JavaFX Application Thread] DEBUG Bundle               - input.Screenshot=P
20:18:50.354 [JavaFX Application Thread] DEBUG Bundle               - input.Restart=CTRL+R
20:18:50.354 [JavaFX Application Thread] DEBUG Bundle               - input.Dev Options=CTRL+0
20:18:50.361 [JavaFX Application Thread] DEBUG Bundle               - Logging bundle: gameplayStats
20:18:50.361 [JavaFX Application Thread] DEBUG Bundle               - gameplayStats.playtime=0
20:18:50.363 [JavaFX Application Thread] DEBUG AchievementManager   - Saving data to profile
20:18:50.364 [JavaFX Application Thread] DEBUG Bundle               - Logging bundle: achievement
20:18:50.420 [JavaFX Application Thread] DEBUG GameApplication      - Starting main loop
20:18:50.441 [JavaFX Application Thread] DEBUG StartupState         - STARTUP
20:18:50.441 [JavaFX Application Thread] DEBUG Input                - Clearing active input actions
20:18:50.498 [JavaFX Application Thread] DEBUG AppStateMachine      - StartupState -> MainMenuState
20:18:50.510 [JavaFX Application Thread] DEBUG FXGL.SaveLoadManager - Checking profiles dir: profiles/
20:18:50.510 [JavaFX Application Thread] DEBUG FXGL.SaveLoadManager - Loading profile names
20:18:50.516 [JavaFX Application Thread] DEBUG IOTask               - Showing dialog
20:18:50.523 [JavaFX Application Thread] DEBUG AppStateMachine      - Push state: DialogSubState
20:18:50.523 [JavaFX Application Thread] DEBUG Input                - Clearing active input actions
20:18:50.523 [JavaFX Application Thread] DEBUG AppStateMachine      - MainMenuState -> DialogSubState
20:18:50.532 [FXGL Background Thread 1 ] DEBUG IOTask               - Executing task: loadDirectoryNamesTask(./profiles/, false)
20:18:50.907 [JavaFX Application Thread] DEBUG IOTask               - succeed(): Dismissing dialog
20:18:50.907 [JavaFX Application Thread] DEBUG AppStateMachine      - Pop state: DialogSubState
20:18:50.907 [JavaFX Application Thread] DEBUG Input                - Clearing active input actions
20:18:50.908 [JavaFX Application Thread] DEBUG AppStateMachine      - MainMenuState <- DialogSubState
20:18:50.909 [JavaFX Application Thread] DEBUG IOTask               - Task succeeded: loadDirectoryNamesTask(./profiles/, false)
20:18:50.917 [JavaFX Application Thread] DEBUG AppStateMachine      - Push state: DialogSubState
20:18:50.917 [JavaFX Application Thread] DEBUG Input                - Clearing active input actions
20:18:50.917 [JavaFX Application Thread] DEBUG AppStateMachine      - MainMenuState -> DialogSubState
20:18:53.949 [JavaFX Application Thread] DEBUG AppStateMachine      - Pop state: DialogSubState
20:18:53.949 [JavaFX Application Thread] DEBUG Input                - Clearing active input actions
20:18:53.951 [JavaFX Application Thread] DEBUG AppStateMachine      - MainMenuState <- DialogSubState
20:18:53.951 [JavaFX Application Thread] DEBUG FXGL.SaveLoadManager - Loading profile: Saran
20:18:53.952 [JavaFX Application Thread] DEBUG IOTask               - Showing dialog
20:18:53.955 [JavaFX Application Thread] DEBUG AppStateMachine      - Push state: DialogSubState
20:18:53.956 [JavaFX Application Thread] DEBUG Input                - Clearing active input actions
20:18:53.956 [JavaFX Application Thread] DEBUG AppStateMachine      - MainMenuState -> DialogSubState
20:18:53.957 [FXGL Background Thread 1 ] DEBUG IOTask               - Executing task: readDataTask(./profiles/Saran/user.profile)
20:18:53.958 [FXGL Background Thread 1 ] DEBUG FS                   - Reading from: ./profiles/Saran/user.profile
20:18:53.983 [JavaFX Application Thread] DEBUG IOTask               - succeed(): Dismissing dialog
20:18:53.983 [JavaFX Application Thread] DEBUG AppStateMachine      - Pop state: DialogSubState
20:18:53.983 [JavaFX Application Thread] DEBUG Input                - Clearing active input actions
20:18:53.984 [JavaFX Application Thread] DEBUG AppStateMachine      - MainMenuState <- DialogSubState
20:18:53.984 [JavaFX Application Thread] DEBUG IOTask               - Task succeeded: readDataTask(./profiles/Saran/user.profile)
20:18:53.985 [JavaFX Application Thread] DEBUG EventBus             - Firing event: LoadEvent[type=LOAD_PROFILE]
20:18:53.985 [JavaFX Application Thread] DEBUG AudioPlayer          - Loading data from profile
20:18:53.985 [JavaFX Application Thread] DEBUG Bundle               - Logging bundle: audio
20:18:53.985 [JavaFX Application Thread] DEBUG Bundle               - audio.musicVolume=0.5
20:18:53.986 [JavaFX Application Thread] DEBUG Bundle               - audio.soundVolume=0.5
20:18:53.986 [JavaFX Application Thread] DEBUG Input                - Loading data from profile
20:18:53.986 [JavaFX Application Thread] DEBUG Bundle               - Logging bundle: input
20:18:53.986 [JavaFX Application Thread] DEBUG Bundle               - input.Screenshot=P
20:18:53.986 [JavaFX Application Thread] DEBUG Bundle               - input.Restart=CTRL+R
20:18:53.987 [JavaFX Application Thread] DEBUG Bundle               - input.Dev Options=CTRL+0
20:18:53.987 [JavaFX Application Thread] DEBUG Bundle               - Logging bundle: gameplayStats
20:18:53.987 [JavaFX Application Thread] DEBUG Bundle               - gameplayStats.playtime=16281817584
20:18:53.987 [JavaFX Application Thread] DEBUG AchievementManager   - Loading data from profile
20:18:53.987 [JavaFX Application Thread] DEBUG Bundle               - Logging bundle: achievement
20:18:53.989 [JavaFX Application Thread] DEBUG FXGL.SaveLoadManager - Loading last modified save file
20:18:53.989 [JavaFX Application Thread] DEBUG FXGL.SaveLoadManager - Loading save files
20:18:53.994 [JavaFX Application Thread] DEBUG IOTask               - Showing dialog
20:18:53.995 [JavaFX Application Thread] DEBUG AppStateMachine      - Push state: DialogSubState
20:18:53.995 [JavaFX Application Thread] DEBUG Input                - Clearing active input actions
20:18:53.996 [JavaFX Application Thread] DEBUG AppStateMachine      - MainMenuState -> DialogSubState
20:18:53.998 [FXGL Background Thread 1 ] DEBUG IOTask               - Executing task: loadFileNamesTask(./profiles/Saran/saves/, true, [FileExtension(extension=.sav)])
20:18:53.998 [FXGL Background Thread 1 ] DEBUG IOTask               - Executing task: loadFileNamesTask(./profiles/Saran/saves/, true, [FileExtension(extension=.sav)])
20:18:53.998 [FXGL Background Thread 1 ] DEBUG IOTask               - Executing task: loadFileNamesTask(./profiles/Saran/saves/, true, [FileExtension(extension=.sav)])
20:18:54.003 [FXGL Background Thread 1 ] DEBUG IOTask               - Executing task: readSaveFiles
20:18:54.006 [FXGL Background Thread 1 ] DEBUG IOTask               - Executing task: findLastSave
20:18:54.017 [JavaFX Application Thread] DEBUG IOTask               - fail(): Dismissing dialog
20:18:54.017 [JavaFX Application Thread] DEBUG AppStateMachine      - Pop state: DialogSubState
20:18:54.017 [JavaFX Application Thread] DEBUG Input                - Clearing active input actions
20:18:54.018 [JavaFX Application Thread] DEBUG AppStateMachine      - MainMenuState <- DialogSubState
20:18:54.018 [JavaFX Application Thread] WARN  IOTask               - Task failed: loadFileNamesTask(./profiles/Saran/saves/, true, [FileExtension(extension=.sav)]) Error: java.io.FileNotFoundException: No save files found
20:19:01.413 [JavaFX Application Thread] DEBUG GameApplication      - Exiting game application
20:19:01.414 [JavaFX Application Thread] DEBUG MenuEventHandler     - Creating default profile
20:19:01.414 [JavaFX Application Thread] DEBUG EventBus             - Firing event: SaveEvent
20:19:01.415 [JavaFX Application Thread] DEBUG AudioPlayer          - Saving data to profile
20:19:01.415 [JavaFX Application Thread] DEBUG Bundle               - Logging bundle: audio
20:19:01.415 [JavaFX Application Thread] DEBUG Bundle               - audio.musicVolume=0.5
20:19:01.415 [JavaFX Application Thread] DEBUG Bundle               - audio.soundVolume=0.5
20:19:01.415 [JavaFX Application Thread] DEBUG Input                - Saving data to profile
20:19:01.415 [JavaFX Application Thread] DEBUG Bundle               - Logging bundle: input
20:19:01.416 [JavaFX Application Thread] DEBUG Bundle               - input.Screenshot=P
20:19:01.416 [JavaFX Application Thread] DEBUG Bundle               - input.Restart=CTRL+R
20:19:01.416 [JavaFX Application Thread] DEBUG Bundle               - input.Dev Options=CTRL+0
20:19:01.416 [JavaFX Application Thread] DEBUG Bundle               - Logging bundle: gameplayStats
20:19:01.416 [JavaFX Application Thread] DEBUG Bundle               - gameplayStats.playtime=16281817584
20:19:01.416 [JavaFX Application Thread] DEBUG AchievementManager   - Saving data to profile
20:19:01.416 [JavaFX Application Thread] DEBUG Bundle               - Logging bundle: achievement
20:19:01.417 [JavaFX Application Thread] DEBUG FXGL.SaveLoadManager - Saving profile: Saran
20:19:01.420 [JavaFX Application Thread] DEBUG IOTask               - Executing task: writeDataTask(./profiles/Saran/user.profile)
20:19:01.420 [JavaFX Application Thread] DEBUG IOTask               - Executing task: writeDataTask(./profiles/Saran/user.profile)
20:19:01.425 [JavaFX Application Thread] DEBUG FS                   - Writing to: ./profiles/Saran/user.profile
20:19:01.431 [JavaFX Application Thread] DEBUG IOTask               - Executing task: checkSavesDir(./profiles/Saran/saves/)
20:19:01.431 [JavaFX Application Thread] DEBUG IOTask               - Task succeeded: writeDataTask(./profiles/Saran/user.profile)
20:19:01.432 [JavaFX Application Thread] DEBUG GameApplication      - Shutting down background threads
20:19:01.432 [JavaFX Application Thread] DEBUG GameApplication      - Exiting FXGL
20:19:01.432 [JavaFX Application Thread] DEBUG FXGL                 - Saving FXGL system data
20:19:01.433 [JavaFX Application Thread] DEBUG IOTask               - Executing task: writeDataTask(system/fxgl.bundle)
20:19:01.433 [JavaFX Application Thread] DEBUG FS                   - Writing to: system/fxgl.bundle
20:19:01.436 [JavaFX Application Thread] DEBUG IOTask               - Task succeeded: writeDataTask(system/fxgl.bundle)
20:19:01.436 [JavaFX Application Thread] DEBUG GameApplication      - Closing logger and exiting JavaFX
