20:22:42.481 [JavaFX Application Thread] DEBUG GameApplication      - Logger initialized
20:22:42.492 [JavaFX Application Thread] DEBUG MainWindow           - Creating a JavaFX scene
20:22:42.680 [JavaFX Application Thread] DEBUG MainWindow           - Target settings size: 1200.0 x 700.0
20:22:42.680 [JavaFX Application Thread] DEBUG MainWindow           - Scaled scene size:    1200.0 x 700.0
20:22:42.680 [JavaFX Application Thread] DEBUG MainWindow           - Scaled ratio: (1.0, 1.0)
20:22:43.224 [JavaFX Application Thread] DEBUG GameApplication      - Starting FXGL
20:22:43.323 [FXGL Launcher Thread     ] INFO  Version              - FXGL-0.4.3
20:22:43.324 [FXGL Launcher Thread     ] INFO  Version              - Source code and latest versions at: https://github.com/AlmasB/FXGL
20:22:43.325 [FXGL Launcher Thread     ] INFO  Version              -              Join the FXGL chat at: https://gitter.im/AlmasB/FXGL
20:22:43.326 [FXGL Launcher Thread     ] DEBUG FXGL                 - Loading FXGL system data
20:22:43.334 [FXGL Launcher Thread     ] DEBUG IOTask               - Executing task: readDataTask(system/fxgl.bundle)
20:22:43.375 [FXGL Launcher Thread     ] DEBUG FS                   - Reading from: system/fxgl.bundle
20:22:43.403 [FXGL Launcher Thread     ] DEBUG IOTask               - Task succeeded: readDataTask(system/fxgl.bundle)
20:22:43.405 [FXGL Launcher Thread     ] DEBUG Bundle               - Logging bundle: FXGL
20:22:43.407 [FXGL Launcher Thread     ] DEBUG Bundle               - FXGL.offline.timer.version.check=2018-04-03T17:47:05.133
20:22:43.449 [FXGL Launcher Thread     ] DEBUG GameApplication      - FXGL started
20:22:43.450 [FXGL Launcher Thread     ] DEBUG GameApplication      - Logging game settings
Title: Flash-Run
Version: 3.0
Width: 1200
Height: 700
Fullscreen: false
Intro: false
Menus: true
Profiling: false
Single step:false
App Mode: DEVELOPER
Menu Key: ESCAPE
Stage Style: DECORATED
Scene Factory: class sample.MainMenu
Dialog Factory: class com.almasb.fxgl.ui.FXGLDialogFactory
UI Factory: class com.almasb.fxgl.ui.FXGLUIFactory
Notification Service: class com.almasb.fxgl.gameplay.notification.XboxNotificationView
Exception Handler: class com.almasb.fxgl.app.FXGLExceptionHandler
20:22:43.466 [FXGL Launcher Thread     ] DEBUG GameApplication      - Configuring GameApplication
20:22:43.469 [FXGL Launcher Thread     ] DEBUG GameApplication      - Initializing state machine and application states
20:22:43.504 [FXGL Launcher Thread     ] DEBUG AssetLoader          - Loading from disk: /assets/ui/cursors/fxgl_default.png
20:22:43.592 [FXGL Launcher Thread     ] DEBUG AssetLoader          - Loading from disk: /assets/ui/cursors/fxgl_default.png
20:22:43.607 [FXGL Launcher Thread     ] DEBUG AssetLoader          - Loading from disk: /assets/ui/cursors/fxgl_default.png
20:22:43.653 [FXGL Launcher Thread     ] DEBUG AssetLoader          - Loading from disk: /assets/sounds/core/notification.wav
20:22:43.764 [FXGL Launcher Thread     ] DEBUG AssetLoader          - Loading from disk: /assets/sounds/menu/select.wav
20:22:43.766 [FXGL Launcher Thread     ] DEBUG AssetLoader          - Loading from disk: /assets/sounds/menu/back.wav
20:22:43.772 [FXGL Launcher Thread     ] DEBUG AssetLoader          - Loading from disk: /assets/sounds/menu/press.wav
20:22:43.776 [FXGL Launcher Thread     ] DEBUG AssetLoader          - Loading from disk: /assets/ui/fonts/VarelaRound-Regular.ttf
20:22:43.805 [FXGL Launcher Thread     ] DEBUG AssetLoader          - Loading from disk: /assets/ui/fonts/lucida_console.ttf
20:22:43.813 [FXGL Launcher Thread     ] DEBUG AssetLoader          - Loading from disk: /assets/ui/css/fxgl_dark.css
20:22:43.813 [FXGL Launcher Thread     ] DEBUG AssetLoader          - Loading from disk: /assets/ui/icons/fxgl_icon.png
20:22:43.864 [FXGL Launcher Thread     ] DEBUG AssetLoader          - Loading from disk: /assets/ui/cursors/fxgl_default.png
20:22:43.908 [FXGL Launcher Thread     ] DEBUG FXGL.GameScene       - Game scene initialized: 1200x700
20:22:43.915 [FXGL Launcher Thread     ] DEBUG FXGL.GameWorld       - Game world initialized
20:22:43.984 [FXGL Launcher Thread     ] DEBUG PhysicsWorld         - Physics world initialized: appHeight=700, physics.ppm=50.0
20:22:44.011 [FXGL Launcher Thread     ] DEBUG AssetLoader          - Loading from disk: /assets/ui/cursors/fxgl_default.png
20:22:44.014 [FXGL Launcher Thread     ] DEBUG AssetLoader          - Loading from disk: /assets/textures/Flash-Run_BG_2.png
20:22:44.100 [FXGL Launcher Thread     ] DEBUG FXGL.Menu            - createMenuBodyMainMenu()
20:22:44.112 [FXGL Launcher Thread     ] DEBUG AssetLoader          - Loading from disk: /assets/properties/languages/english.properties
20:22:44.113 [FXGL Launcher Thread     ] DEBUG AssetLoader          - Loading from cache: /assets/properties/languages/english.properties
20:22:44.114 [FXGL Launcher Thread     ] DEBUG FXGL.Menu            - createOptionsMenu()
20:22:44.114 [FXGL Launcher Thread     ] DEBUG AssetLoader          - Loading from cache: /assets/properties/languages/english.properties
20:22:44.115 [FXGL Launcher Thread     ] DEBUG AssetLoader          - Loading from cache: /assets/properties/languages/english.properties
20:22:44.116 [FXGL Launcher Thread     ] DEBUG AssetLoader          - Loading from cache: /assets/properties/languages/english.properties
20:22:44.117 [FXGL Launcher Thread     ] DEBUG AssetLoader          - Loading from cache: /assets/properties/languages/english.properties
20:22:44.119 [FXGL Launcher Thread     ] DEBUG AssetLoader          - Loading from cache: /assets/properties/languages/english.properties
20:22:44.122 [FXGL Launcher Thread     ] DEBUG AssetLoader          - Loading from cache: /assets/properties/languages/english.properties
20:22:44.124 [FXGL Launcher Thread     ] DEBUG AssetLoader          - Loading from cache: /assets/properties/languages/english.properties
20:22:44.125 [FXGL Launcher Thread     ] DEBUG AssetLoader          - Loading from cache: /assets/properties/languages/english.properties
20:22:44.129 [FXGL Launcher Thread     ] DEBUG AssetLoader          - Loading from disk: /assets/ui/cursors/fxgl_default.png
20:22:44.130 [FXGL Launcher Thread     ] DEBUG AssetLoader          - Loading from cache: /assets/textures/Flash-Run_BG_2.png
20:22:44.132 [FXGL Launcher Thread     ] DEBUG FXGL.Menu            - createMenuBodyGameMenu()
20:22:44.132 [FXGL Launcher Thread     ] DEBUG AssetLoader          - Loading from cache: /assets/properties/languages/english.properties
20:22:44.133 [FXGL Launcher Thread     ] DEBUG AssetLoader          - Loading from cache: /assets/properties/languages/english.properties
20:22:44.134 [FXGL Launcher Thread     ] DEBUG FXGL.Menu            - createOptionsMenu()
20:22:44.134 [FXGL Launcher Thread     ] DEBUG AssetLoader          - Loading from cache: /assets/properties/languages/english.properties
20:22:44.134 [FXGL Launcher Thread     ] DEBUG AssetLoader          - Loading from cache: /assets/properties/languages/english.properties
20:22:44.134 [FXGL Launcher Thread     ] DEBUG AssetLoader          - Loading from cache: /assets/properties/languages/english.properties
20:22:44.136 [FXGL Launcher Thread     ] DEBUG AssetLoader          - Loading from cache: /assets/properties/languages/english.properties
20:22:44.137 [FXGL Launcher Thread     ] DEBUG AssetLoader          - Loading from cache: /assets/properties/languages/english.properties
20:22:44.138 [FXGL Launcher Thread     ] DEBUG AssetLoader          - Loading from cache: /assets/properties/languages/english.properties
20:22:44.139 [FXGL Launcher Thread     ] DEBUG AssetLoader          - Loading from cache: /assets/properties/languages/english.properties
20:22:44.147 [FXGL Launcher Thread     ] INFO  GameApplication      - Game configuration took:  0.679 sec
20:22:44.149 [JavaFX Application Thread] DEBUG MainWindow           - Opening main window
20:22:44.216 [JavaFX Application Thread] DEBUG MainWindow           - Window border size: (0.0, 22.0)
20:22:44.217 [JavaFX Application Thread] DEBUG MainWindow           - Scaled size: 1200.0 x 700.0
20:22:44.217 [JavaFX Application Thread] DEBUG MainWindow           - Scaled ratio: (1.0, 1.0)
20:22:44.217 [JavaFX Application Thread] DEBUG MainWindow           - Scene size: 1200.0 x 700.0
20:22:44.217 [JavaFX Application Thread] DEBUG MainWindow           - Stage size: 1200.0 x 722.0
20:22:44.217 [JavaFX Application Thread] DEBUG GameApplication      - Running preInit()
20:22:44.220 [JavaFX Application Thread] DEBUG AnnotationParser     - Main app package name: sample
20:22:44.341 [JavaFX Application Thread] DEBUG AnnotationParser     - @SetAchievementStore: []
20:22:44.379 [JavaFX Application Thread] DEBUG Input                - Registered new binding: Screenshot - P
20:22:44.379 [JavaFX Application Thread] DEBUG Input                - Registered new binding: Dev Options - CTRL+0
20:22:44.380 [JavaFX Application Thread] DEBUG Input                - Registered new binding: Restart - CTRL+R
20:22:44.381 [JavaFX Application Thread] DEBUG MenuEventHandler     - generateDefaultProfile()
20:22:44.381 [JavaFX Application Thread] DEBUG MenuEventHandler     - Creating default profile
20:22:44.381 [JavaFX Application Thread] DEBUG EventBus             - Firing event: SaveEvent
20:22:44.383 [JavaFX Application Thread] DEBUG AudioPlayer          - Saving data to profile
20:22:44.383 [JavaFX Application Thread] DEBUG Bundle               - Logging bundle: audio
20:22:44.383 [JavaFX Application Thread] DEBUG Bundle               - audio.musicVolume=0.5
20:22:44.384 [JavaFX Application Thread] DEBUG Bundle               - audio.soundVolume=0.5
20:22:44.384 [JavaFX Application Thread] DEBUG Input                - Saving data to profile
20:22:44.384 [JavaFX Application Thread] DEBUG Bundle               - Logging bundle: input
20:22:44.384 [JavaFX Application Thread] DEBUG Bundle               - input.Screenshot=P
20:22:44.384 [JavaFX Application Thread] DEBUG Bundle               - input.Restart=CTRL+R
20:22:44.384 [JavaFX Application Thread] DEBUG Bundle               - input.Dev Options=CTRL+0
20:22:44.387 [JavaFX Application Thread] DEBUG Bundle               - Logging bundle: gameplayStats
20:22:44.388 [JavaFX Application Thread] DEBUG Bundle               - gameplayStats.playtime=0
20:22:44.389 [JavaFX Application Thread] DEBUG AchievementManager   - Saving data to profile
20:22:44.389 [JavaFX Application Thread] DEBUG Bundle               - Logging bundle: achievement
20:22:44.449 [JavaFX Application Thread] DEBUG GameApplication      - Starting main loop
20:22:44.466 [JavaFX Application Thread] DEBUG StartupState         - STARTUP
20:22:44.467 [JavaFX Application Thread] DEBUG Input                - Clearing active input actions
20:22:44.511 [JavaFX Application Thread] DEBUG AppStateMachine      - StartupState -> MainMenuState
20:22:44.519 [JavaFX Application Thread] DEBUG FXGL.SaveLoadManager - Checking profiles dir: profiles/
20:22:44.520 [JavaFX Application Thread] DEBUG FXGL.SaveLoadManager - Loading profile names
20:22:44.523 [JavaFX Application Thread] DEBUG IOTask               - Showing dialog
20:22:44.528 [JavaFX Application Thread] DEBUG AppStateMachine      - Push state: DialogSubState
20:22:44.528 [JavaFX Application Thread] DEBUG Input                - Clearing active input actions
20:22:44.528 [JavaFX Application Thread] DEBUG AppStateMachine      - MainMenuState -> DialogSubState
20:22:44.534 [FXGL Background Thread 1 ] DEBUG IOTask               - Executing task: loadDirectoryNamesTask(./profiles/, false)
20:22:44.759 [JavaFX Application Thread] DEBUG IOTask               - succeed(): Dismissing dialog
20:22:44.760 [JavaFX Application Thread] DEBUG AppStateMachine      - Pop state: DialogSubState
20:22:44.760 [JavaFX Application Thread] DEBUG Input                - Clearing active input actions
20:22:44.761 [JavaFX Application Thread] DEBUG AppStateMachine      - MainMenuState <- DialogSubState
20:22:44.761 [JavaFX Application Thread] DEBUG IOTask               - Task succeeded: loadDirectoryNamesTask(./profiles/, false)
20:22:44.765 [JavaFX Application Thread] DEBUG AppStateMachine      - Push state: DialogSubState
20:22:44.765 [JavaFX Application Thread] DEBUG Input                - Clearing active input actions
20:22:44.765 [JavaFX Application Thread] DEBUG AppStateMachine      - MainMenuState -> DialogSubState
20:22:47.363 [JavaFX Application Thread] DEBUG AppStateMachine      - Pop state: DialogSubState
20:22:47.363 [JavaFX Application Thread] DEBUG Input                - Clearing active input actions
20:22:47.365 [JavaFX Application Thread] DEBUG AppStateMachine      - MainMenuState <- DialogSubState
20:22:47.365 [JavaFX Application Thread] DEBUG FXGL.SaveLoadManager - Loading profile: Saran
20:22:47.369 [JavaFX Application Thread] DEBUG IOTask               - Showing dialog
20:22:47.372 [JavaFX Application Thread] DEBUG AppStateMachine      - Push state: DialogSubState
20:22:47.373 [JavaFX Application Thread] DEBUG Input                - Clearing active input actions
20:22:47.373 [JavaFX Application Thread] DEBUG AppStateMachine      - MainMenuState -> DialogSubState
20:22:47.374 [FXGL Background Thread 1 ] DEBUG IOTask               - Executing task: readDataTask(./profiles/Saran/user.profile)
20:22:47.375 [FXGL Background Thread 1 ] DEBUG FS                   - Reading from: ./profiles/Saran/user.profile
20:22:47.396 [JavaFX Application Thread] DEBUG IOTask               - succeed(): Dismissing dialog
20:22:47.396 [JavaFX Application Thread] DEBUG AppStateMachine      - Pop state: DialogSubState
20:22:47.396 [JavaFX Application Thread] DEBUG Input                - Clearing active input actions
20:22:47.397 [JavaFX Application Thread] DEBUG AppStateMachine      - MainMenuState <- DialogSubState
20:22:47.397 [JavaFX Application Thread] DEBUG IOTask               - Task succeeded: readDataTask(./profiles/Saran/user.profile)
20:22:47.398 [JavaFX Application Thread] DEBUG EventBus             - Firing event: LoadEvent[type=LOAD_PROFILE]
20:22:47.398 [JavaFX Application Thread] DEBUG AudioPlayer          - Loading data from profile
20:22:47.398 [JavaFX Application Thread] DEBUG Bundle               - Logging bundle: audio
20:22:47.398 [JavaFX Application Thread] DEBUG Bundle               - audio.musicVolume=0.5
20:22:47.399 [JavaFX Application Thread] DEBUG Bundle               - audio.soundVolume=0.5
20:22:47.399 [JavaFX Application Thread] DEBUG Input                - Loading data from profile
20:22:47.399 [JavaFX Application Thread] DEBUG Bundle               - Logging bundle: input
20:22:47.399 [JavaFX Application Thread] DEBUG Bundle               - input.Screenshot=P
20:22:47.399 [JavaFX Application Thread] DEBUG Bundle               - input.Restart=CTRL+R
20:22:47.399 [JavaFX Application Thread] DEBUG Bundle               - input.Dev Options=CTRL+0
20:22:47.400 [JavaFX Application Thread] DEBUG Bundle               - Logging bundle: gameplayStats
20:22:47.400 [JavaFX Application Thread] DEBUG Bundle               - gameplayStats.playtime=16281817584
20:22:47.400 [JavaFX Application Thread] DEBUG AchievementManager   - Loading data from profile
20:22:47.400 [JavaFX Application Thread] DEBUG Bundle               - Logging bundle: achievement
20:22:47.401 [JavaFX Application Thread] DEBUG FXGL.SaveLoadManager - Loading last modified save file
20:22:47.401 [JavaFX Application Thread] DEBUG FXGL.SaveLoadManager - Loading save files
20:22:47.406 [JavaFX Application Thread] DEBUG IOTask               - Showing dialog
20:22:47.408 [JavaFX Application Thread] DEBUG AppStateMachine      - Push state: DialogSubState
20:22:47.408 [JavaFX Application Thread] DEBUG Input                - Clearing active input actions
20:22:47.408 [JavaFX Application Thread] DEBUG AppStateMachine      - MainMenuState -> DialogSubState
20:22:47.411 [FXGL Background Thread 1 ] DEBUG IOTask               - Executing task: loadFileNamesTask(./profiles/Saran/saves/, true, [FileExtension(extension=.sav)])
20:22:47.411 [FXGL Background Thread 1 ] DEBUG IOTask               - Executing task: loadFileNamesTask(./profiles/Saran/saves/, true, [FileExtension(extension=.sav)])
20:22:47.411 [FXGL Background Thread 1 ] DEBUG IOTask               - Executing task: loadFileNamesTask(./profiles/Saran/saves/, true, [FileExtension(extension=.sav)])
20:22:47.415 [FXGL Background Thread 1 ] DEBUG IOTask               - Executing task: readSaveFiles
20:22:47.418 [FXGL Background Thread 1 ] DEBUG IOTask               - Executing task: findLastSave
20:22:47.430 [JavaFX Application Thread] DEBUG IOTask               - fail(): Dismissing dialog
20:22:47.430 [JavaFX Application Thread] DEBUG AppStateMachine      - Pop state: DialogSubState
20:22:47.431 [JavaFX Application Thread] DEBUG Input                - Clearing active input actions
20:22:47.431 [JavaFX Application Thread] DEBUG AppStateMachine      - MainMenuState <- DialogSubState
20:22:47.431 [JavaFX Application Thread] WARN  IOTask               - Task failed: loadFileNamesTask(./profiles/Saran/saves/, true, [FileExtension(extension=.sav)]) Error: java.io.FileNotFoundException: No save files found
20:22:51.878 [JavaFX Application Thread] DEBUG GameApplication      - Exiting game application
20:22:51.879 [JavaFX Application Thread] DEBUG MenuEventHandler     - Creating default profile
20:22:51.879 [JavaFX Application Thread] DEBUG EventBus             - Firing event: SaveEvent
20:22:51.879 [JavaFX Application Thread] DEBUG AudioPlayer          - Saving data to profile
20:22:51.879 [JavaFX Application Thread] DEBUG Bundle               - Logging bundle: audio
20:22:51.880 [JavaFX Application Thread] DEBUG Bundle               - audio.musicVolume=0.5
20:22:51.880 [JavaFX Application Thread] DEBUG Bundle               - audio.soundVolume=0.5
20:22:51.880 [JavaFX Application Thread] DEBUG Input                - Saving data to profile
20:22:51.880 [JavaFX Application Thread] DEBUG Bundle               - Logging bundle: input
20:22:51.880 [JavaFX Application Thread] DEBUG Bundle               - input.Screenshot=P
20:22:51.880 [JavaFX Application Thread] DEBUG Bundle               - input.Restart=CTRL+R
20:22:51.880 [JavaFX Application Thread] DEBUG Bundle               - input.Dev Options=CTRL+0
20:22:51.880 [JavaFX Application Thread] DEBUG Bundle               - Logging bundle: gameplayStats
20:22:51.880 [JavaFX Application Thread] DEBUG Bundle               - gameplayStats.playtime=16281817584
20:22:51.880 [JavaFX Application Thread] DEBUG AchievementManager   - Saving data to profile
20:22:51.880 [JavaFX Application Thread] DEBUG Bundle               - Logging bundle: achievement
20:22:51.880 [JavaFX Application Thread] DEBUG FXGL.SaveLoadManager - Saving profile: Saran
20:22:51.883 [JavaFX Application Thread] DEBUG IOTask               - Executing task: writeDataTask(./profiles/Saran/user.profile)
20:22:51.883 [JavaFX Application Thread] DEBUG IOTask               - Executing task: writeDataTask(./profiles/Saran/user.profile)
20:22:51.887 [JavaFX Application Thread] DEBUG FS                   - Writing to: ./profiles/Saran/user.profile
20:22:51.890 [JavaFX Application Thread] DEBUG IOTask               - Executing task: checkSavesDir(./profiles/Saran/saves/)
20:22:51.890 [JavaFX Application Thread] DEBUG IOTask               - Task succeeded: writeDataTask(./profiles/Saran/user.profile)
20:22:51.890 [JavaFX Application Thread] DEBUG GameApplication      - Shutting down background threads
20:22:51.891 [JavaFX Application Thread] DEBUG GameApplication      - Exiting FXGL
20:22:51.891 [JavaFX Application Thread] DEBUG FXGL                 - Saving FXGL system data
20:22:51.891 [JavaFX Application Thread] DEBUG IOTask               - Executing task: writeDataTask(system/fxgl.bundle)
20:22:51.892 [JavaFX Application Thread] DEBUG FS                   - Writing to: system/fxgl.bundle
20:22:51.894 [JavaFX Application Thread] DEBUG IOTask               - Task succeeded: writeDataTask(system/fxgl.bundle)
20:22:51.894 [JavaFX Application Thread] DEBUG GameApplication      - Closing logger and exiting JavaFX
