19:26:47.711 [JavaFX Application Thread] DEBUG GameApplication      - Logger initialized
19:26:47.725 [JavaFX Application Thread] DEBUG MainWindow           - Creating a JavaFX scene
19:26:47.919 [JavaFX Application Thread] DEBUG MainWindow           - Target settings size: 600.0 x 600.0
19:26:47.920 [JavaFX Application Thread] DEBUG MainWindow           - Scaled scene size:    600.0 x 600.0
19:26:47.920 [JavaFX Application Thread] DEBUG MainWindow           - Scaled ratio: (1.0, 1.0)
19:26:48.468 [JavaFX Application Thread] DEBUG GameApplication      - Starting FXGL
19:26:48.566 [FXGL Launcher Thread     ] INFO  Version              - FXGL-0.4.3
19:26:48.567 [FXGL Launcher Thread     ] INFO  Version              - Source code and latest versions at: https://github.com/AlmasB/FXGL
19:26:48.567 [FXGL Launcher Thread     ] INFO  Version              -              Join the FXGL chat at: https://gitter.im/AlmasB/FXGL
19:26:48.568 [FXGL Launcher Thread     ] DEBUG FXGL                 - Loading FXGL system data
19:26:48.576 [FXGL Launcher Thread     ] DEBUG IOTask               - Executing task: readDataTask(system/fxgl.bundle)
19:26:48.607 [FXGL Launcher Thread     ] DEBUG FS                   - Reading from: system/fxgl.bundle
19:26:48.627 [FXGL Launcher Thread     ] DEBUG IOTask               - Task succeeded: readDataTask(system/fxgl.bundle)
19:26:48.627 [FXGL Launcher Thread     ] DEBUG Bundle               - Logging bundle: FXGL
19:26:48.629 [FXGL Launcher Thread     ] DEBUG Bundle               - FXGL.offline.timer.version.check=2018-04-03T17:47:05.133
19:26:48.679 [FXGL Launcher Thread     ] DEBUG GameApplication      - FXGL started
19:26:48.680 [FXGL Launcher Thread     ] DEBUG GameApplication      - Logging game settings
Title: Basic Game App
Version: 0.1
Width: 600
Height: 600
Fullscreen: false
Intro: false
Menus: false
Profiling: false
Single step:false
App Mode: DEVELOPER
Menu Key: ESCAPE
Stage Style: DECORATED
Scene Factory: class sample.MainMenu
Dialog Factory: class com.almasb.fxgl.ui.FXGLDialogFactory
UI Factory: class com.almasb.fxgl.ui.FXGLUIFactory
Notification Service: class com.almasb.fxgl.gameplay.notification.XboxNotificationView
Exception Handler: class com.almasb.fxgl.app.FXGLExceptionHandler
19:26:48.683 [FXGL Launcher Thread     ] DEBUG GameApplication      - Configuring GameApplication
19:26:48.684 [FXGL Launcher Thread     ] DEBUG GameApplication      - Initializing state machine and application states
19:26:48.707 [FXGL Launcher Thread     ] DEBUG AssetLoader          - Loading from disk: /assets/ui/cursors/fxgl_default.png
19:26:48.750 [FXGL Launcher Thread     ] DEBUG AssetLoader          - Loading from disk: /assets/ui/cursors/fxgl_default.png
19:26:48.754 [FXGL Launcher Thread     ] DEBUG AssetLoader          - Loading from disk: /assets/ui/cursors/fxgl_default.png
19:26:48.779 [FXGL Launcher Thread     ] DEBUG AssetLoader          - Loading from disk: /assets/sounds/core/notification.wav
19:26:48.903 [FXGL Launcher Thread     ] DEBUG AssetLoader          - Loading from disk: /assets/sounds/menu/select.wav
19:26:48.906 [FXGL Launcher Thread     ] DEBUG AssetLoader          - Loading from disk: /assets/sounds/menu/back.wav
19:26:48.909 [FXGL Launcher Thread     ] DEBUG AssetLoader          - Loading from disk: /assets/sounds/menu/press.wav
19:26:48.914 [FXGL Launcher Thread     ] DEBUG AssetLoader          - Loading from disk: /assets/ui/fonts/VarelaRound-Regular.ttf
19:26:48.946 [FXGL Launcher Thread     ] DEBUG AssetLoader          - Loading from disk: /assets/ui/fonts/lucida_console.ttf
19:26:48.955 [FXGL Launcher Thread     ] DEBUG AssetLoader          - Loading from disk: /assets/ui/css/fxgl_dark.css
19:26:48.956 [FXGL Launcher Thread     ] DEBUG AssetLoader          - Loading from disk: /assets/ui/icons/fxgl_icon.png
19:26:49.000 [FXGL Launcher Thread     ] DEBUG AssetLoader          - Loading from disk: /assets/ui/cursors/fxgl_default.png
19:26:49.061 [FXGL Launcher Thread     ] DEBUG FXGL.GameScene       - Game scene initialized: 600x600
19:26:49.069 [FXGL Launcher Thread     ] DEBUG FXGL.GameWorld       - Game world initialized
19:26:49.146 [FXGL Launcher Thread     ] DEBUG PhysicsWorld         - Physics world initialized: appHeight=600, physics.ppm=50.0
19:26:49.178 [FXGL Launcher Thread     ] DEBUG Input                - Registered new binding: Pause - Esc
19:26:49.202 [FXGL Launcher Thread     ] INFO  GameApplication      - Game configuration took:  0.518 sec
19:26:49.204 [JavaFX Application Thread] DEBUG MainWindow           - Opening main window
19:26:49.277 [JavaFX Application Thread] DEBUG MainWindow           - Window border size: (0.0, 22.0)
19:26:49.278 [JavaFX Application Thread] DEBUG MainWindow           - Scaled size: 600.0 x 600.0
19:26:49.278 [JavaFX Application Thread] DEBUG MainWindow           - Scaled ratio: (1.0, 1.0)
19:26:49.278 [JavaFX Application Thread] DEBUG MainWindow           - Scene size: 600.0 x 600.0
19:26:49.278 [JavaFX Application Thread] DEBUG MainWindow           - Stage size: 600.0 x 622.0
19:26:49.278 [JavaFX Application Thread] DEBUG GameApplication      - Running preInit()
19:26:49.281 [JavaFX Application Thread] DEBUG AnnotationParser     - Main app package name: sample
19:26:49.432 [JavaFX Application Thread] DEBUG AnnotationParser     - @SetAchievementStore: []
19:26:49.433 [JavaFX Application Thread] DEBUG Input                - Registered new binding: Screenshot - P
19:26:49.434 [JavaFX Application Thread] DEBUG Input                - Registered new binding: Dev Options - CTRL+0
19:26:49.437 [JavaFX Application Thread] DEBUG Input                - Registered new binding: Restart - CTRL+R
19:26:49.495 [JavaFX Application Thread] DEBUG GameApplication      - Starting main loop
19:26:49.519 [JavaFX Application Thread] DEBUG StartupState         - STARTUP
19:26:49.519 [JavaFX Application Thread] DEBUG GameApplication      - Starting new game
19:26:49.519 [JavaFX Application Thread] DEBUG Input                - Clearing active input actions
19:26:49.557 [JavaFX Application Thread] DEBUG AppStateMachine      - StartupState -> LoadingState
19:26:49.559 [JavaFX Application Thread] DEBUG AnnotationParser     - Main app package name: sample
19:26:49.559 [JavaFX Application Thread] DEBUG InitAppTask          - Parsing annotations
19:26:49.590 [JavaFX Application Thread] DEBUG AnnotationParser     - @SetEventHandler: []
19:26:49.590 [JavaFX Application Thread] DEBUG AnnotationParser     - @SetEntityFactory: []
19:26:49.590 [JavaFX Application Thread] DEBUG AnnotationParser     - @AddCollisionHandler: []
19:26:49.600 [FXGL Background Thread 1 ] DEBUG InitAppTask          - Clearing previous game
19:26:49.600 [FXGL Background Thread 1 ] DEBUG FXGL.GameWorld       - Clearing game world
19:26:49.601 [FXGL Background Thread 1 ] DEBUG PhysicsWorld         - Clearing physics world
19:26:49.601 [FXGL Background Thread 1 ] DEBUG FXGL.GameScene       - Clearing game scene
19:26:49.602 [FXGL Background Thread 1 ] DEBUG InitAppTask          - Initializing Assets
19:26:49.603 [FXGL Background Thread 1 ] DEBUG InitAppTask          - Initializing Game
19:26:49.610 [FXGL Background Thread 1 ] DEBUG InitAppTask          - Initializing Physics
19:26:49.611 [FXGL Background Thread 1 ] DEBUG InitAppTask          - Initializing UI
19:26:49.611 [FXGL Background Thread 1 ] DEBUG InitAppTask          - Initialization Complete
19:26:49.611 [FXGL Background Thread 1 ] INFO  InitAppTask          - Game initialization took: 0.011 sec
19:26:49.713 [JavaFX Application Thread] DEBUG Input                - Clearing active input actions
19:26:49.721 [JavaFX Application Thread] DEBUG AppStateMachine      - LoadingState -> PlayState
19:26:54.462 [JavaFX Application Thread] DEBUG GameApplication      - Exiting game application
19:26:54.463 [JavaFX Application Thread] DEBUG GameApplication      - Shutting down background threads
19:26:54.464 [JavaFX Application Thread] DEBUG GameApplication      - Exiting FXGL
19:26:54.464 [JavaFX Application Thread] DEBUG FXGL                 - Saving FXGL system data
19:26:54.466 [JavaFX Application Thread] DEBUG IOTask               - Executing task: writeDataTask(system/fxgl.bundle)
19:26:54.472 [JavaFX Application Thread] DEBUG FS                   - Writing to: system/fxgl.bundle
19:26:54.479 [JavaFX Application Thread] DEBUG IOTask               - Task succeeded: writeDataTask(system/fxgl.bundle)
19:26:54.479 [JavaFX Application Thread] DEBUG GameApplication      - Closing logger and exiting JavaFX
