20:29:39.125 [JavaFX Application Thread] DEBUG GameApplication      - Logger initialized
20:29:39.136 [JavaFX Application Thread] DEBUG MainWindow           - Creating a JavaFX scene
20:29:39.324 [JavaFX Application Thread] DEBUG MainWindow           - Target settings size: 1200.0 x 700.0
20:29:39.324 [JavaFX Application Thread] DEBUG MainWindow           - Scaled scene size:    1200.0 x 700.0
20:29:39.325 [JavaFX Application Thread] DEBUG MainWindow           - Scaled ratio: (1.0, 1.0)
20:29:39.885 [JavaFX Application Thread] DEBUG GameApplication      - Starting FXGL
20:29:39.983 [FXGL Launcher Thread     ] INFO  Version              - FXGL-0.4.3
20:29:39.984 [FXGL Launcher Thread     ] INFO  Version              - Source code and latest versions at: https://github.com/AlmasB/FXGL
20:29:39.985 [FXGL Launcher Thread     ] INFO  Version              -              Join the FXGL chat at: https://gitter.im/AlmasB/FXGL
20:29:39.989 [FXGL Launcher Thread     ] DEBUG FXGL                 - Loading FXGL system data
20:29:39.999 [FXGL Launcher Thread     ] DEBUG IOTask               - Executing task: readDataTask(system/fxgl.bundle)
20:29:40.047 [FXGL Launcher Thread     ] DEBUG FS                   - Reading from: system/fxgl.bundle
20:29:40.095 [FXGL Launcher Thread     ] DEBUG IOTask               - Task succeeded: readDataTask(system/fxgl.bundle)
20:29:40.095 [FXGL Launcher Thread     ] DEBUG Bundle               - Logging bundle: FXGL
20:29:40.099 [FXGL Launcher Thread     ] DEBUG Bundle               - FXGL.offline.timer.version.check=2018-04-03T17:47:05.133
20:29:40.137 [FXGL Launcher Thread     ] DEBUG GameApplication      - FXGL started
20:29:40.138 [FXGL Launcher Thread     ] DEBUG GameApplication      - Logging game settings
Title: Flash-Run
Version: 3.0
Width: 1200
Height: 700
Fullscreen: false
Intro: false
Menus: true
Profiling: false
Single step:false
App Mode: DEVELOPER
Menu Key: ESCAPE
Stage Style: DECORATED
Scene Factory: class sample.MainMenu
Dialog Factory: class com.almasb.fxgl.ui.FXGLDialogFactory
UI Factory: class com.almasb.fxgl.ui.FXGLUIFactory
Notification Service: class com.almasb.fxgl.gameplay.notification.XboxNotificationView
Exception Handler: class com.almasb.fxgl.app.FXGLExceptionHandler
20:29:40.141 [FXGL Launcher Thread     ] DEBUG GameApplication      - Configuring GameApplication
20:29:40.142 [FXGL Launcher Thread     ] DEBUG GameApplication      - Initializing state machine and application states
20:29:40.163 [FXGL Launcher Thread     ] DEBUG AssetLoader          - Loading from disk: /assets/ui/cursors/fxgl_default.png
20:29:40.223 [FXGL Launcher Thread     ] DEBUG AssetLoader          - Loading from disk: /assets/ui/cursors/fxgl_default.png
20:29:40.230 [FXGL Launcher Thread     ] DEBUG AssetLoader          - Loading from disk: /assets/ui/cursors/fxgl_default.png
20:29:40.301 [FXGL Launcher Thread     ] DEBUG AssetLoader          - Loading from disk: /assets/sounds/core/notification.wav
20:29:40.403 [FXGL Launcher Thread     ] DEBUG AssetLoader          - Loading from disk: /assets/sounds/menu/select.wav
20:29:40.406 [FXGL Launcher Thread     ] DEBUG AssetLoader          - Loading from disk: /assets/sounds/menu/back.wav
20:29:40.410 [FXGL Launcher Thread     ] DEBUG AssetLoader          - Loading from disk: /assets/sounds/menu/press.wav
20:29:40.415 [FXGL Launcher Thread     ] DEBUG AssetLoader          - Loading from disk: /assets/ui/fonts/VarelaRound-Regular.ttf
20:29:40.441 [FXGL Launcher Thread     ] DEBUG AssetLoader          - Loading from disk: /assets/ui/fonts/lucida_console.ttf
20:29:40.449 [FXGL Launcher Thread     ] DEBUG AssetLoader          - Loading from disk: /assets/ui/css/fxgl_dark.css
20:29:40.452 [FXGL Launcher Thread     ] DEBUG AssetLoader          - Loading from disk: /assets/ui/icons/fxgl_icon.png
20:29:40.500 [FXGL Launcher Thread     ] DEBUG AssetLoader          - Loading from disk: /assets/ui/cursors/fxgl_default.png
20:29:40.547 [FXGL Launcher Thread     ] DEBUG FXGL.GameScene       - Game scene initialized: 1200x700
20:29:40.554 [FXGL Launcher Thread     ] DEBUG FXGL.GameWorld       - Game world initialized
20:29:40.622 [FXGL Launcher Thread     ] DEBUG PhysicsWorld         - Physics world initialized: appHeight=700, physics.ppm=50.0
20:29:40.648 [FXGL Launcher Thread     ] DEBUG AssetLoader          - Loading from disk: /assets/ui/cursors/fxgl_default.png
20:29:40.651 [FXGL Launcher Thread     ] DEBUG AssetLoader          - Loading from disk: /assets/textures/Flash-Run_BG_3.jpg
20:29:40.737 [FXGL Launcher Thread     ] DEBUG FXGL.Menu            - createMenuBodyMainMenu()
20:29:40.748 [FXGL Launcher Thread     ] DEBUG AssetLoader          - Loading from disk: /assets/properties/languages/english.properties
20:29:40.750 [FXGL Launcher Thread     ] DEBUG AssetLoader          - Loading from cache: /assets/properties/languages/english.properties
20:29:40.750 [FXGL Launcher Thread     ] DEBUG FXGL.Menu            - createOptionsMenu()
20:29:40.751 [FXGL Launcher Thread     ] DEBUG AssetLoader          - Loading from cache: /assets/properties/languages/english.properties
20:29:40.752 [FXGL Launcher Thread     ] DEBUG AssetLoader          - Loading from cache: /assets/properties/languages/english.properties
20:29:40.754 [FXGL Launcher Thread     ] DEBUG AssetLoader          - Loading from cache: /assets/properties/languages/english.properties
20:29:40.755 [FXGL Launcher Thread     ] DEBUG AssetLoader          - Loading from cache: /assets/properties/languages/english.properties
20:29:40.756 [FXGL Launcher Thread     ] DEBUG AssetLoader          - Loading from cache: /assets/properties/languages/english.properties
20:29:40.758 [FXGL Launcher Thread     ] DEBUG AssetLoader          - Loading from cache: /assets/properties/languages/english.properties
20:29:40.761 [FXGL Launcher Thread     ] DEBUG AssetLoader          - Loading from cache: /assets/properties/languages/english.properties
20:29:40.762 [FXGL Launcher Thread     ] DEBUG AssetLoader          - Loading from cache: /assets/properties/languages/english.properties
20:29:40.765 [FXGL Launcher Thread     ] DEBUG AssetLoader          - Loading from disk: /assets/ui/cursors/fxgl_default.png
20:29:40.767 [FXGL Launcher Thread     ] DEBUG AssetLoader          - Loading from cache: /assets/textures/Flash-Run_BG_3.jpg
20:29:40.768 [FXGL Launcher Thread     ] DEBUG FXGL.Menu            - createMenuBodyGameMenu()
20:29:40.768 [FXGL Launcher Thread     ] DEBUG AssetLoader          - Loading from cache: /assets/properties/languages/english.properties
20:29:40.771 [FXGL Launcher Thread     ] DEBUG AssetLoader          - Loading from cache: /assets/properties/languages/english.properties
20:29:40.771 [FXGL Launcher Thread     ] DEBUG FXGL.Menu            - createOptionsMenu()
20:29:40.771 [FXGL Launcher Thread     ] DEBUG AssetLoader          - Loading from cache: /assets/properties/languages/english.properties
20:29:40.772 [FXGL Launcher Thread     ] DEBUG AssetLoader          - Loading from cache: /assets/properties/languages/english.properties
20:29:40.772 [FXGL Launcher Thread     ] DEBUG AssetLoader          - Loading from cache: /assets/properties/languages/english.properties
20:29:40.772 [FXGL Launcher Thread     ] DEBUG AssetLoader          - Loading from cache: /assets/properties/languages/english.properties
20:29:40.772 [FXGL Launcher Thread     ] DEBUG AssetLoader          - Loading from cache: /assets/properties/languages/english.properties
20:29:40.774 [FXGL Launcher Thread     ] DEBUG AssetLoader          - Loading from cache: /assets/properties/languages/english.properties
20:29:40.775 [FXGL Launcher Thread     ] DEBUG AssetLoader          - Loading from cache: /assets/properties/languages/english.properties
20:29:40.785 [FXGL Launcher Thread     ] INFO  GameApplication      - Game configuration took:  0.643 sec
20:29:40.787 [JavaFX Application Thread] DEBUG MainWindow           - Opening main window
20:29:40.860 [JavaFX Application Thread] DEBUG MainWindow           - Window border size: (0.0, 22.0)
20:29:40.860 [JavaFX Application Thread] DEBUG MainWindow           - Scaled size: 1200.0 x 700.0
20:29:40.860 [JavaFX Application Thread] DEBUG MainWindow           - Scaled ratio: (1.0, 1.0)
20:29:40.860 [JavaFX Application Thread] DEBUG MainWindow           - Scene size: 1200.0 x 700.0
20:29:40.861 [JavaFX Application Thread] DEBUG MainWindow           - Stage size: 1200.0 x 722.0
20:29:40.861 [JavaFX Application Thread] DEBUG GameApplication      - Running preInit()
20:29:40.863 [JavaFX Application Thread] DEBUG AnnotationParser     - Main app package name: sample
20:29:40.984 [JavaFX Application Thread] DEBUG AnnotationParser     - @SetAchievementStore: []
20:29:41.023 [JavaFX Application Thread] DEBUG Input                - Registered new binding: Screenshot - P
20:29:41.024 [JavaFX Application Thread] DEBUG Input                - Registered new binding: Dev Options - CTRL+0
20:29:41.024 [JavaFX Application Thread] DEBUG Input                - Registered new binding: Restart - CTRL+R
20:29:41.025 [JavaFX Application Thread] DEBUG MenuEventHandler     - generateDefaultProfile()
20:29:41.025 [JavaFX Application Thread] DEBUG MenuEventHandler     - Creating default profile
20:29:41.026 [JavaFX Application Thread] DEBUG EventBus             - Firing event: SaveEvent
20:29:41.028 [JavaFX Application Thread] DEBUG AudioPlayer          - Saving data to profile
20:29:41.028 [JavaFX Application Thread] DEBUG Bundle               - Logging bundle: audio
20:29:41.028 [JavaFX Application Thread] DEBUG Bundle               - audio.musicVolume=0.5
20:29:41.028 [JavaFX Application Thread] DEBUG Bundle               - audio.soundVolume=0.5
20:29:41.028 [JavaFX Application Thread] DEBUG Input                - Saving data to profile
20:29:41.029 [JavaFX Application Thread] DEBUG Bundle               - Logging bundle: input
20:29:41.029 [JavaFX Application Thread] DEBUG Bundle               - input.Screenshot=P
20:29:41.029 [JavaFX Application Thread] DEBUG Bundle               - input.Restart=CTRL+R
20:29:41.029 [JavaFX Application Thread] DEBUG Bundle               - input.Dev Options=CTRL+0
20:29:41.032 [JavaFX Application Thread] DEBUG Bundle               - Logging bundle: gameplayStats
20:29:41.032 [JavaFX Application Thread] DEBUG Bundle               - gameplayStats.playtime=0
20:29:41.034 [JavaFX Application Thread] DEBUG AchievementManager   - Saving data to profile
20:29:41.034 [JavaFX Application Thread] DEBUG Bundle               - Logging bundle: achievement
20:29:41.086 [JavaFX Application Thread] DEBUG GameApplication      - Starting main loop
20:29:41.107 [JavaFX Application Thread] DEBUG StartupState         - STARTUP
20:29:41.107 [JavaFX Application Thread] DEBUG Input                - Clearing active input actions
20:29:41.150 [JavaFX Application Thread] DEBUG AppStateMachine      - StartupState -> MainMenuState
20:29:41.158 [JavaFX Application Thread] DEBUG FXGL.SaveLoadManager - Checking profiles dir: profiles/
20:29:41.158 [JavaFX Application Thread] DEBUG FXGL.SaveLoadManager - Loading profile names
20:29:41.161 [JavaFX Application Thread] DEBUG IOTask               - Showing dialog
20:29:41.166 [JavaFX Application Thread] DEBUG AppStateMachine      - Push state: DialogSubState
20:29:41.166 [JavaFX Application Thread] DEBUG Input                - Clearing active input actions
20:29:41.166 [JavaFX Application Thread] DEBUG AppStateMachine      - MainMenuState -> DialogSubState
20:29:41.172 [FXGL Background Thread 1 ] DEBUG IOTask               - Executing task: loadDirectoryNamesTask(./profiles/, false)
20:29:41.404 [JavaFX Application Thread] DEBUG IOTask               - succeed(): Dismissing dialog
20:29:41.405 [JavaFX Application Thread] DEBUG AppStateMachine      - Pop state: DialogSubState
20:29:41.405 [JavaFX Application Thread] DEBUG Input                - Clearing active input actions
20:29:41.406 [JavaFX Application Thread] DEBUG AppStateMachine      - MainMenuState <- DialogSubState
20:29:41.406 [JavaFX Application Thread] DEBUG IOTask               - Task succeeded: loadDirectoryNamesTask(./profiles/, false)
20:29:41.409 [JavaFX Application Thread] DEBUG AppStateMachine      - Push state: DialogSubState
20:29:41.409 [JavaFX Application Thread] DEBUG Input                - Clearing active input actions
20:29:41.409 [JavaFX Application Thread] DEBUG AppStateMachine      - MainMenuState -> DialogSubState
20:29:42.768 [JavaFX Application Thread] DEBUG AppStateMachine      - Pop state: DialogSubState
20:29:42.768 [JavaFX Application Thread] DEBUG Input                - Clearing active input actions
20:29:42.770 [JavaFX Application Thread] DEBUG AppStateMachine      - MainMenuState <- DialogSubState
20:29:42.770 [JavaFX Application Thread] DEBUG FXGL.SaveLoadManager - Loading profile: Saran
20:29:42.772 [JavaFX Application Thread] DEBUG IOTask               - Showing dialog
20:29:42.777 [JavaFX Application Thread] DEBUG AppStateMachine      - Push state: DialogSubState
20:29:42.777 [JavaFX Application Thread] DEBUG Input                - Clearing active input actions
20:29:42.777 [JavaFX Application Thread] DEBUG AppStateMachine      - MainMenuState -> DialogSubState
20:29:42.779 [FXGL Background Thread 1 ] DEBUG IOTask               - Executing task: readDataTask(./profiles/Saran/user.profile)
20:29:42.782 [FXGL Background Thread 1 ] DEBUG FS                   - Reading from: ./profiles/Saran/user.profile
20:29:42.803 [JavaFX Application Thread] DEBUG IOTask               - succeed(): Dismissing dialog
20:29:42.803 [JavaFX Application Thread] DEBUG AppStateMachine      - Pop state: DialogSubState
20:29:42.803 [JavaFX Application Thread] DEBUG Input                - Clearing active input actions
20:29:42.804 [JavaFX Application Thread] DEBUG AppStateMachine      - MainMenuState <- DialogSubState
20:29:42.804 [JavaFX Application Thread] DEBUG IOTask               - Task succeeded: readDataTask(./profiles/Saran/user.profile)
20:29:42.805 [JavaFX Application Thread] DEBUG EventBus             - Firing event: LoadEvent[type=LOAD_PROFILE]
20:29:42.805 [JavaFX Application Thread] DEBUG AudioPlayer          - Loading data from profile
20:29:42.805 [JavaFX Application Thread] DEBUG Bundle               - Logging bundle: audio
20:29:42.805 [JavaFX Application Thread] DEBUG Bundle               - audio.musicVolume=0.5
20:29:42.806 [JavaFX Application Thread] DEBUG Bundle               - audio.soundVolume=0.5
20:29:42.806 [JavaFX Application Thread] DEBUG Input                - Loading data from profile
20:29:42.806 [JavaFX Application Thread] DEBUG Bundle               - Logging bundle: input
20:29:42.806 [JavaFX Application Thread] DEBUG Bundle               - input.Screenshot=P
20:29:42.806 [JavaFX Application Thread] DEBUG Bundle               - input.Restart=CTRL+R
20:29:42.806 [JavaFX Application Thread] DEBUG Bundle               - input.Dev Options=CTRL+0
20:29:42.807 [JavaFX Application Thread] DEBUG Bundle               - Logging bundle: gameplayStats
20:29:42.807 [JavaFX Application Thread] DEBUG Bundle               - gameplayStats.playtime=16281817584
20:29:42.807 [JavaFX Application Thread] DEBUG AchievementManager   - Loading data from profile
20:29:42.807 [JavaFX Application Thread] DEBUG Bundle               - Logging bundle: achievement
20:29:42.808 [JavaFX Application Thread] DEBUG FXGL.SaveLoadManager - Loading last modified save file
20:29:42.808 [JavaFX Application Thread] DEBUG FXGL.SaveLoadManager - Loading save files
20:29:42.811 [JavaFX Application Thread] DEBUG IOTask               - Showing dialog
20:29:42.813 [JavaFX Application Thread] DEBUG AppStateMachine      - Push state: DialogSubState
20:29:42.813 [JavaFX Application Thread] DEBUG Input                - Clearing active input actions
20:29:42.813 [JavaFX Application Thread] DEBUG AppStateMachine      - MainMenuState -> DialogSubState
20:29:42.816 [FXGL Background Thread 1 ] DEBUG IOTask               - Executing task: loadFileNamesTask(./profiles/Saran/saves/, true, [FileExtension(extension=.sav)])
20:29:42.816 [FXGL Background Thread 1 ] DEBUG IOTask               - Executing task: loadFileNamesTask(./profiles/Saran/saves/, true, [FileExtension(extension=.sav)])
20:29:42.816 [FXGL Background Thread 1 ] DEBUG IOTask               - Executing task: loadFileNamesTask(./profiles/Saran/saves/, true, [FileExtension(extension=.sav)])
20:29:42.821 [FXGL Background Thread 1 ] DEBUG IOTask               - Executing task: readSaveFiles
20:29:42.830 [FXGL Background Thread 1 ] DEBUG IOTask               - Executing task: findLastSave
20:29:42.844 [JavaFX Application Thread] DEBUG IOTask               - fail(): Dismissing dialog
20:29:42.844 [JavaFX Application Thread] DEBUG AppStateMachine      - Pop state: DialogSubState
20:29:42.844 [JavaFX Application Thread] DEBUG Input                - Clearing active input actions
20:29:42.845 [JavaFX Application Thread] DEBUG AppStateMachine      - MainMenuState <- DialogSubState
20:29:42.845 [JavaFX Application Thread] WARN  IOTask               - Task failed: loadFileNamesTask(./profiles/Saran/saves/, true, [FileExtension(extension=.sav)]) Error: java.io.FileNotFoundException: No save files found
20:30:09.648 [JavaFX Application Thread] DEBUG FXGL.Menu            - fireNewGame()
20:30:09.648 [JavaFX Application Thread] DEBUG GameApplication      - Starting new game
20:30:09.648 [JavaFX Application Thread] DEBUG Input                - Clearing active input actions
20:30:09.661 [JavaFX Application Thread] DEBUG AppStateMachine      - MainMenuState -> LoadingState
20:30:09.662 [JavaFX Application Thread] DEBUG AnnotationParser     - Main app package name: sample
20:30:09.663 [JavaFX Application Thread] DEBUG InitAppTask          - Parsing annotations
20:30:09.785 [JavaFX Application Thread] DEBUG AnnotationParser     - @SetEntityFactory: []
20:30:09.785 [JavaFX Application Thread] DEBUG AnnotationParser     - @AddCollisionHandler: []
20:30:09.785 [JavaFX Application Thread] DEBUG AnnotationParser     - @SetEventHandler: []
20:30:09.786 [FXGL Background Thread 1 ] DEBUG InitAppTask          - Clearing previous game
20:30:09.787 [FXGL Background Thread 1 ] DEBUG FXGL.GameWorld       - Clearing game world
20:30:09.787 [FXGL Background Thread 1 ] DEBUG PhysicsWorld         - Clearing physics world
20:30:09.787 [FXGL Background Thread 1 ] DEBUG FXGL.GameScene       - Clearing game scene
20:30:09.788 [FXGL Background Thread 1 ] DEBUG InitAppTask          - Initializing Assets
20:30:09.789 [FXGL Background Thread 1 ] DEBUG InitAppTask          - Initializing Game
20:30:09.790 [FXGL Background Thread 1 ] DEBUG InitAppTask          - Initializing Physics
20:30:09.790 [FXGL Background Thread 1 ] DEBUG InitAppTask          - Initializing UI
20:30:09.791 [FXGL Background Thread 1 ] DEBUG InitAppTask          - Initialization Complete
20:30:09.791 [FXGL Background Thread 1 ] INFO  InitAppTask          - Game initialization took: 0.004 sec
20:30:09.805 [JavaFX Application Thread] DEBUG Input                - Clearing active input actions
20:30:09.811 [JavaFX Application Thread] DEBUG AppStateMachine      - LoadingState -> PlayState
20:30:11.465 [JavaFX Application Thread] DEBUG GameApplication      - Exiting game application
20:30:11.467 [JavaFX Application Thread] DEBUG MenuEventHandler     - Creating default profile
20:30:11.467 [JavaFX Application Thread] DEBUG EventBus             - Firing event: SaveEvent
20:30:11.468 [JavaFX Application Thread] DEBUG AudioPlayer          - Saving data to profile
20:30:11.468 [JavaFX Application Thread] DEBUG Bundle               - Logging bundle: audio
20:30:11.468 [JavaFX Application Thread] DEBUG Bundle               - audio.musicVolume=0.5
20:30:11.468 [JavaFX Application Thread] DEBUG Bundle               - audio.soundVolume=0.5
20:30:11.468 [JavaFX Application Thread] DEBUG Input                - Saving data to profile
20:30:11.469 [JavaFX Application Thread] DEBUG Bundle               - Logging bundle: input
20:30:11.469 [JavaFX Application Thread] DEBUG Bundle               - input.Screenshot=P
20:30:11.470 [JavaFX Application Thread] DEBUG Bundle               - input.Restart=CTRL+R
20:30:11.470 [JavaFX Application Thread] DEBUG Bundle               - input.Dev Options=CTRL+0
20:30:11.471 [JavaFX Application Thread] DEBUG Bundle               - Logging bundle: gameplayStats
20:30:11.471 [JavaFX Application Thread] DEBUG Bundle               - gameplayStats.playtime=18096632348
20:30:11.471 [JavaFX Application Thread] DEBUG AchievementManager   - Saving data to profile
20:30:11.471 [JavaFX Application Thread] DEBUG Bundle               - Logging bundle: achievement
20:30:11.472 [JavaFX Application Thread] DEBUG FXGL.SaveLoadManager - Saving profile: Saran
20:30:11.475 [JavaFX Application Thread] DEBUG IOTask               - Executing task: writeDataTask(./profiles/Saran/user.profile)
20:30:11.475 [JavaFX Application Thread] DEBUG IOTask               - Executing task: writeDataTask(./profiles/Saran/user.profile)
20:30:11.478 [JavaFX Application Thread] DEBUG FS                   - Writing to: ./profiles/Saran/user.profile
20:30:11.482 [JavaFX Application Thread] DEBUG IOTask               - Executing task: checkSavesDir(./profiles/Saran/saves/)
20:30:11.482 [JavaFX Application Thread] DEBUG IOTask               - Task succeeded: writeDataTask(./profiles/Saran/user.profile)
20:30:11.482 [JavaFX Application Thread] DEBUG GameApplication      - Shutting down background threads
20:30:11.483 [JavaFX Application Thread] DEBUG GameApplication      - Exiting FXGL
20:30:11.483 [JavaFX Application Thread] DEBUG FXGL                 - Saving FXGL system data
20:30:11.483 [JavaFX Application Thread] DEBUG IOTask               - Executing task: writeDataTask(system/fxgl.bundle)
20:30:11.483 [JavaFX Application Thread] DEBUG FS                   - Writing to: system/fxgl.bundle
20:30:11.486 [JavaFX Application Thread] DEBUG IOTask               - Task succeeded: writeDataTask(system/fxgl.bundle)
20:30:11.487 [JavaFX Application Thread] DEBUG GameApplication      - Closing logger and exiting JavaFX
