17:54:26.932 [JavaFX Application Thread] DEBUG GameApplication      - Logger initialized
17:54:26.942 [JavaFX Application Thread] DEBUG MainWindow           - Creating a JavaFX scene
17:54:27.133 [JavaFX Application Thread] DEBUG MainWindow           - Target settings size: 1200.0 x 700.0
17:54:27.134 [JavaFX Application Thread] DEBUG MainWindow           - Scaled scene size:    1200.0 x 700.0
17:54:27.134 [JavaFX Application Thread] DEBUG MainWindow           - Scaled ratio: (1.0, 1.0)
17:54:27.673 [JavaFX Application Thread] DEBUG GameApplication      - Starting FXGL
17:54:27.788 [FXGL Launcher Thread     ] INFO  Version              - FXGL-0.4.3
17:54:27.788 [FXGL Launcher Thread     ] INFO  Version              - Source code and latest versions at: https://github.com/AlmasB/FXGL
17:54:27.790 [FXGL Launcher Thread     ] INFO  Version              -              Join the FXGL chat at: https://gitter.im/AlmasB/FXGL
17:54:27.792 [FXGL Launcher Thread     ] DEBUG FXGL                 - Loading FXGL system data
17:54:27.805 [FXGL Launcher Thread     ] DEBUG IOTask               - Executing task: readDataTask(system/fxgl.bundle)
17:54:27.877 [FXGL Launcher Thread     ] DEBUG FS                   - Reading from: system/fxgl.bundle
17:54:27.914 [FXGL Launcher Thread     ] DEBUG IOTask               - Task succeeded: readDataTask(system/fxgl.bundle)
17:54:27.916 [FXGL Launcher Thread     ] DEBUG Bundle               - Logging bundle: FXGL
17:54:27.918 [FXGL Launcher Thread     ] DEBUG Bundle               - FXGL.offline.timer.version.check=2018-04-03T17:47:05.133
17:54:27.927 [FXGL Launcher Thread     ] DEBUG GameApplication      - FXGL started
17:54:27.927 [FXGL Launcher Thread     ] DEBUG GameApplication      - Logging game settings
Title: Flash-Run
Version: 3.0
Width: 1200
Height: 700
Fullscreen: false
Intro: false
Menus: true
Profiling: false
Single step:false
App Mode: DEVELOPER
Menu Key: ESCAPE
Stage Style: DECORATED
Scene Factory: class sample.MainMenu
Dialog Factory: class com.almasb.fxgl.ui.FXGLDialogFactory
UI Factory: class com.almasb.fxgl.ui.FXGLUIFactory
Notification Service: class com.almasb.fxgl.gameplay.notification.XboxNotificationView
Exception Handler: class com.almasb.fxgl.app.FXGLExceptionHandler
17:54:27.929 [FXGL Launcher Thread     ] DEBUG GameApplication      - Configuring GameApplication
17:54:27.933 [FXGL Launcher Thread     ] DEBUG GameApplication      - Initializing state machine and application states
17:54:27.958 [FXGL Launcher Thread     ] DEBUG AssetLoader          - Loading from disk: /assets/ui/cursors/fxgl_default.png
17:54:28.033 [FXGL Launcher Thread     ] DEBUG AssetLoader          - Loading from disk: /assets/ui/cursors/fxgl_default.png
17:54:28.040 [FXGL Launcher Thread     ] DEBUG AssetLoader          - Loading from disk: /assets/ui/cursors/fxgl_default.png
17:54:28.121 [FXGL Launcher Thread     ] DEBUG AssetLoader          - Loading from disk: /assets/sounds/core/notification.wav
17:54:28.228 [FXGL Launcher Thread     ] DEBUG AssetLoader          - Loading from disk: /assets/sounds/menu/select.wav
17:54:28.235 [FXGL Launcher Thread     ] DEBUG AssetLoader          - Loading from disk: /assets/sounds/menu/back.wav
17:54:28.239 [FXGL Launcher Thread     ] DEBUG AssetLoader          - Loading from disk: /assets/sounds/menu/press.wav
17:54:28.244 [FXGL Launcher Thread     ] DEBUG AssetLoader          - Loading from disk: /assets/ui/fonts/VarelaRound-Regular.ttf
17:54:28.267 [FXGL Launcher Thread     ] DEBUG AssetLoader          - Loading from disk: /assets/ui/fonts/lucida_console.ttf
17:54:28.273 [FXGL Launcher Thread     ] DEBUG AssetLoader          - Loading from disk: /assets/ui/css/fxgl_dark.css
17:54:28.274 [FXGL Launcher Thread     ] DEBUG AssetLoader          - Loading from disk: /assets/ui/icons/fxgl_icon.png
17:54:28.304 [FXGL Launcher Thread     ] DEBUG AssetLoader          - Loading from disk: /assets/ui/cursors/fxgl_default.png
17:54:28.339 [FXGL Launcher Thread     ] DEBUG FXGL.GameScene       - Game scene initialized: 1200x700
17:54:28.345 [FXGL Launcher Thread     ] DEBUG FXGL.GameWorld       - Game world initialized
17:54:28.413 [FXGL Launcher Thread     ] DEBUG PhysicsWorld         - Physics world initialized: appHeight=700, physics.ppm=50.0
17:54:28.435 [FXGL Launcher Thread     ] DEBUG AssetLoader          - Loading from disk: /assets/ui/cursors/fxgl_default.png
17:54:28.440 [FXGL Launcher Thread     ] DEBUG AssetLoader          - Loading from disk: /assets/textures/Flash-Run_BG_2.png
17:54:28.520 [FXGL Launcher Thread     ] DEBUG FXGL.Menu            - createMenuBodyMainMenu()
17:54:28.534 [FXGL Launcher Thread     ] DEBUG AssetLoader          - Loading from disk: /assets/properties/languages/english.properties
17:54:28.536 [FXGL Launcher Thread     ] DEBUG AssetLoader          - Loading from cache: /assets/properties/languages/english.properties
17:54:28.536 [FXGL Launcher Thread     ] DEBUG FXGL.Menu            - createOptionsMenu()
17:54:28.537 [FXGL Launcher Thread     ] DEBUG AssetLoader          - Loading from cache: /assets/properties/languages/english.properties
17:54:28.539 [FXGL Launcher Thread     ] DEBUG AssetLoader          - Loading from cache: /assets/properties/languages/english.properties
17:54:28.540 [FXGL Launcher Thread     ] DEBUG AssetLoader          - Loading from cache: /assets/properties/languages/english.properties
17:54:28.542 [FXGL Launcher Thread     ] DEBUG AssetLoader          - Loading from cache: /assets/properties/languages/english.properties
17:54:28.543 [FXGL Launcher Thread     ] DEBUG AssetLoader          - Loading from cache: /assets/properties/languages/english.properties
17:54:28.545 [FXGL Launcher Thread     ] DEBUG AssetLoader          - Loading from cache: /assets/properties/languages/english.properties
17:54:28.548 [FXGL Launcher Thread     ] DEBUG AssetLoader          - Loading from cache: /assets/properties/languages/english.properties
17:54:28.549 [FXGL Launcher Thread     ] DEBUG AssetLoader          - Loading from cache: /assets/properties/languages/english.properties
17:54:28.551 [FXGL Launcher Thread     ] DEBUG AssetLoader          - Loading from disk: /assets/ui/cursors/fxgl_default.png
17:54:28.552 [FXGL Launcher Thread     ] DEBUG AssetLoader          - Loading from cache: /assets/textures/Flash-Run_BG_2.png
17:54:28.553 [FXGL Launcher Thread     ] DEBUG FXGL.Menu            - createMenuBodyGameMenu()
17:54:28.554 [FXGL Launcher Thread     ] DEBUG AssetLoader          - Loading from cache: /assets/properties/languages/english.properties
17:54:28.554 [FXGL Launcher Thread     ] DEBUG AssetLoader          - Loading from cache: /assets/properties/languages/english.properties
17:54:28.555 [FXGL Launcher Thread     ] DEBUG FXGL.Menu            - createOptionsMenu()
17:54:28.555 [FXGL Launcher Thread     ] DEBUG AssetLoader          - Loading from cache: /assets/properties/languages/english.properties
17:54:28.556 [FXGL Launcher Thread     ] DEBUG AssetLoader          - Loading from cache: /assets/properties/languages/english.properties
17:54:28.556 [FXGL Launcher Thread     ] DEBUG AssetLoader          - Loading from cache: /assets/properties/languages/english.properties
17:54:28.557 [FXGL Launcher Thread     ] DEBUG AssetLoader          - Loading from cache: /assets/properties/languages/english.properties
17:54:28.558 [FXGL Launcher Thread     ] DEBUG AssetLoader          - Loading from cache: /assets/properties/languages/english.properties
17:54:28.559 [FXGL Launcher Thread     ] DEBUG AssetLoader          - Loading from cache: /assets/properties/languages/english.properties
17:54:28.560 [FXGL Launcher Thread     ] DEBUG AssetLoader          - Loading from cache: /assets/properties/languages/english.properties
17:54:28.570 [FXGL Launcher Thread     ] INFO  GameApplication      - Game configuration took:  0.636 sec
17:54:28.573 [JavaFX Application Thread] DEBUG MainWindow           - Opening main window
17:54:28.654 [JavaFX Application Thread] DEBUG MainWindow           - Window border size: (0.0, 22.0)
17:54:28.654 [JavaFX Application Thread] DEBUG MainWindow           - Scaled size: 1200.0 x 700.0
17:54:28.654 [JavaFX Application Thread] DEBUG MainWindow           - Scaled ratio: (1.0, 1.0)
17:54:28.655 [JavaFX Application Thread] DEBUG MainWindow           - Scene size: 1200.0 x 700.0
17:54:28.655 [JavaFX Application Thread] DEBUG MainWindow           - Stage size: 1200.0 x 722.0
17:54:28.655 [JavaFX Application Thread] DEBUG GameApplication      - Running preInit()
17:54:28.658 [JavaFX Application Thread] DEBUG AnnotationParser     - Main app package name: sample
17:54:28.807 [JavaFX Application Thread] DEBUG AnnotationParser     - @SetAchievementStore: []
17:54:28.844 [JavaFX Application Thread] DEBUG Input                - Registered new binding: Screenshot - P
17:54:28.845 [JavaFX Application Thread] DEBUG Input                - Registered new binding: Dev Options - CTRL+0
17:54:28.846 [JavaFX Application Thread] DEBUG Input                - Registered new binding: Restart - CTRL+R
17:54:28.847 [JavaFX Application Thread] DEBUG AssetLoader          - Loading from disk: /assets/sounds/flash-theme.wav
17:54:29.094 [JavaFX Application Thread] DEBUG MenuEventHandler     - generateDefaultProfile()
17:54:29.094 [JavaFX Application Thread] DEBUG MenuEventHandler     - Creating default profile
17:54:29.095 [JavaFX Application Thread] DEBUG EventBus             - Firing event: SaveEvent
17:54:29.096 [JavaFX Application Thread] DEBUG AudioPlayer          - Saving data to profile
17:54:29.096 [JavaFX Application Thread] DEBUG Bundle               - Logging bundle: audio
17:54:29.096 [JavaFX Application Thread] DEBUG Bundle               - audio.musicVolume=0.5
17:54:29.097 [JavaFX Application Thread] DEBUG Bundle               - audio.soundVolume=0.5
17:54:29.097 [JavaFX Application Thread] DEBUG Input                - Saving data to profile
17:54:29.097 [JavaFX Application Thread] DEBUG Bundle               - Logging bundle: input
17:54:29.097 [JavaFX Application Thread] DEBUG Bundle               - input.Screenshot=P
17:54:29.097 [JavaFX Application Thread] DEBUG Bundle               - input.Restart=CTRL+R
17:54:29.097 [JavaFX Application Thread] DEBUG Bundle               - input.Dev Options=CTRL+0
17:54:29.102 [JavaFX Application Thread] DEBUG Bundle               - Logging bundle: gameplayStats
17:54:29.102 [JavaFX Application Thread] DEBUG Bundle               - gameplayStats.playtime=0
17:54:29.104 [JavaFX Application Thread] DEBUG AchievementManager   - Saving data to profile
17:54:29.104 [JavaFX Application Thread] DEBUG Bundle               - Logging bundle: achievement
17:54:29.166 [JavaFX Application Thread] DEBUG GameApplication      - Starting main loop
17:54:29.186 [JavaFX Application Thread] DEBUG StartupState         - STARTUP
17:54:29.187 [JavaFX Application Thread] DEBUG Input                - Clearing active input actions
17:54:29.242 [JavaFX Application Thread] DEBUG AppStateMachine      - StartupState -> MainMenuState
17:54:29.254 [JavaFX Application Thread] DEBUG FXGL.SaveLoadManager - Checking profiles dir: profiles/
17:54:29.254 [JavaFX Application Thread] DEBUG FXGL.SaveLoadManager - Loading profile names
17:54:29.258 [JavaFX Application Thread] DEBUG IOTask               - Showing dialog
17:54:29.264 [JavaFX Application Thread] DEBUG AppStateMachine      - Push state: DialogSubState
17:54:29.264 [JavaFX Application Thread] DEBUG Input                - Clearing active input actions
17:54:29.264 [JavaFX Application Thread] DEBUG AppStateMachine      - MainMenuState -> DialogSubState
17:54:29.272 [FXGL Background Thread 1 ] DEBUG IOTask               - Executing task: loadDirectoryNamesTask(./profiles/, false)
17:54:29.515 [JavaFX Application Thread] DEBUG IOTask               - succeed(): Dismissing dialog
17:54:29.516 [JavaFX Application Thread] DEBUG AppStateMachine      - Pop state: DialogSubState
17:54:29.516 [JavaFX Application Thread] DEBUG Input                - Clearing active input actions
17:54:29.517 [JavaFX Application Thread] DEBUG AppStateMachine      - MainMenuState <- DialogSubState
17:54:29.517 [JavaFX Application Thread] DEBUG IOTask               - Task succeeded: loadDirectoryNamesTask(./profiles/, false)
17:54:29.520 [JavaFX Application Thread] DEBUG AppStateMachine      - Push state: DialogSubState
17:54:29.521 [JavaFX Application Thread] DEBUG Input                - Clearing active input actions
17:54:29.521 [JavaFX Application Thread] DEBUG AppStateMachine      - MainMenuState -> DialogSubState
17:54:30.816 [JavaFX Application Thread] DEBUG AppStateMachine      - Pop state: DialogSubState
17:54:30.816 [JavaFX Application Thread] DEBUG Input                - Clearing active input actions
17:54:30.818 [JavaFX Application Thread] DEBUG AppStateMachine      - MainMenuState <- DialogSubState
17:54:30.819 [JavaFX Application Thread] DEBUG FXGL.SaveLoadManager - Loading profile: Saran
17:54:30.821 [JavaFX Application Thread] DEBUG IOTask               - Showing dialog
17:54:30.825 [JavaFX Application Thread] DEBUG AppStateMachine      - Push state: DialogSubState
17:54:30.826 [JavaFX Application Thread] DEBUG Input                - Clearing active input actions
17:54:30.826 [JavaFX Application Thread] DEBUG AppStateMachine      - MainMenuState -> DialogSubState
17:54:30.828 [FXGL Background Thread 1 ] DEBUG IOTask               - Executing task: readDataTask(./profiles/Saran/user.profile)
17:54:30.830 [FXGL Background Thread 1 ] DEBUG FS                   - Reading from: ./profiles/Saran/user.profile
17:54:30.848 [JavaFX Application Thread] DEBUG IOTask               - succeed(): Dismissing dialog
17:54:30.848 [JavaFX Application Thread] DEBUG AppStateMachine      - Pop state: DialogSubState
17:54:30.848 [JavaFX Application Thread] DEBUG Input                - Clearing active input actions
17:54:30.849 [JavaFX Application Thread] DEBUG AppStateMachine      - MainMenuState <- DialogSubState
17:54:30.849 [JavaFX Application Thread] DEBUG IOTask               - Task succeeded: readDataTask(./profiles/Saran/user.profile)
17:54:30.849 [JavaFX Application Thread] DEBUG EventBus             - Firing event: LoadEvent[type=LOAD_PROFILE]
17:54:30.850 [JavaFX Application Thread] DEBUG AudioPlayer          - Loading data from profile
17:54:30.850 [JavaFX Application Thread] DEBUG Bundle               - Logging bundle: audio
17:54:30.850 [JavaFX Application Thread] DEBUG Bundle               - audio.musicVolume=0.5
17:54:30.850 [JavaFX Application Thread] DEBUG Bundle               - audio.soundVolume=0.5
17:54:30.850 [JavaFX Application Thread] DEBUG Input                - Loading data from profile
17:54:30.850 [JavaFX Application Thread] DEBUG Bundle               - Logging bundle: input
17:54:30.851 [JavaFX Application Thread] DEBUG Bundle               - input.Screenshot=P
17:54:30.851 [JavaFX Application Thread] DEBUG Bundle               - input.Restart=CTRL+R
17:54:30.851 [JavaFX Application Thread] DEBUG Bundle               - input.Dev Options=CTRL+0
17:54:30.851 [JavaFX Application Thread] DEBUG Bundle               - Logging bundle: gameplayStats
17:54:30.851 [JavaFX Application Thread] DEBUG Bundle               - gameplayStats.playtime=170090324128
17:54:30.851 [JavaFX Application Thread] DEBUG AchievementManager   - Loading data from profile
17:54:30.852 [JavaFX Application Thread] DEBUG Bundle               - Logging bundle: achievement
17:54:30.853 [JavaFX Application Thread] DEBUG FXGL.SaveLoadManager - Loading last modified save file
17:54:30.853 [JavaFX Application Thread] DEBUG FXGL.SaveLoadManager - Loading save files
17:54:30.857 [JavaFX Application Thread] DEBUG IOTask               - Showing dialog
17:54:30.859 [JavaFX Application Thread] DEBUG AppStateMachine      - Push state: DialogSubState
17:54:30.860 [JavaFX Application Thread] DEBUG Input                - Clearing active input actions
17:54:30.860 [JavaFX Application Thread] DEBUG AppStateMachine      - MainMenuState -> DialogSubState
17:54:30.863 [FXGL Background Thread 1 ] DEBUG IOTask               - Executing task: loadFileNamesTask(./profiles/Saran/saves/, true, [FileExtension(extension=.sav)])
17:54:30.864 [FXGL Background Thread 1 ] DEBUG IOTask               - Executing task: loadFileNamesTask(./profiles/Saran/saves/, true, [FileExtension(extension=.sav)])
17:54:30.865 [FXGL Background Thread 1 ] DEBUG IOTask               - Executing task: loadFileNamesTask(./profiles/Saran/saves/, true, [FileExtension(extension=.sav)])
17:54:30.868 [FXGL Background Thread 1 ] DEBUG IOTask               - Executing task: readSaveFiles
17:54:30.870 [FXGL Background Thread 1 ] DEBUG IOTask               - Executing task: findLastSave
17:54:30.886 [JavaFX Application Thread] DEBUG IOTask               - fail(): Dismissing dialog
17:54:30.886 [JavaFX Application Thread] DEBUG AppStateMachine      - Pop state: DialogSubState
17:54:30.886 [JavaFX Application Thread] DEBUG Input                - Clearing active input actions
17:54:30.887 [JavaFX Application Thread] DEBUG AppStateMachine      - MainMenuState <- DialogSubState
17:54:30.887 [JavaFX Application Thread] WARN  IOTask               - Task failed: loadFileNamesTask(./profiles/Saran/saves/, true, [FileExtension(extension=.sav)]) Error: java.io.FileNotFoundException: No save files found
17:54:35.875 [JavaFX Application Thread] DEBUG FXGL.Menu            - fireNewGame()
17:54:35.876 [JavaFX Application Thread] DEBUG GameApplication      - Starting new game
17:54:35.876 [JavaFX Application Thread] DEBUG Input                - Clearing active input actions
17:54:35.887 [JavaFX Application Thread] DEBUG AppStateMachine      - MainMenuState -> LoadingState
17:54:35.890 [JavaFX Application Thread] DEBUG AnnotationParser     - Main app package name: sample
17:54:35.890 [JavaFX Application Thread] DEBUG InitAppTask          - Parsing annotations
17:54:35.921 [JavaFX Application Thread] DEBUG AnnotationParser     - @SetEventHandler: []
17:54:35.921 [JavaFX Application Thread] DEBUG AnnotationParser     - @AddCollisionHandler: []
17:54:35.922 [JavaFX Application Thread] DEBUG AnnotationParser     - @SetEntityFactory: []
17:54:35.923 [FXGL Background Thread 1 ] DEBUG InitAppTask          - Clearing previous game
17:54:35.923 [FXGL Background Thread 1 ] DEBUG FXGL.GameWorld       - Clearing game world
17:54:35.923 [FXGL Background Thread 1 ] DEBUG PhysicsWorld         - Clearing physics world
17:54:35.923 [FXGL Background Thread 1 ] DEBUG FXGL.GameScene       - Clearing game scene
17:54:35.924 [FXGL Background Thread 1 ] DEBUG InitAppTask          - Initializing Assets
17:54:35.925 [FXGL Background Thread 1 ] DEBUG InitAppTask          - Initializing Game
17:54:35.926 [FXGL Background Thread 1 ] DEBUG AudioPlayer          - Stopping all sounds
17:54:36.019 [FXGL Background Thread 1 ] DEBUG AssetLoader          - Loading from disk: /assets/textures/dark-flash_barry.png
17:54:36.026 [FXGL Background Thread 1 ] DEBUG FXGL.GameScene       - Creating render group for layer: DEFAULT(100000)
17:54:36.029 [FXGL Background Thread 1 ] DEBUG InitAppTask          - Initializing Physics
17:54:36.029 [FXGL Background Thread 1 ] DEBUG InitAppTask          - Initializing UI
17:54:36.030 [FXGL Background Thread 1 ] DEBUG InitAppTask          - Initialization Complete
17:54:36.030 [FXGL Background Thread 1 ] INFO  InitAppTask          - Game initialization took: 0.107 sec
17:54:36.043 [JavaFX Application Thread] DEBUG Input                - Clearing active input actions
17:54:36.052 [JavaFX Application Thread] DEBUG AppStateMachine      - LoadingState -> PlayState
17:54:37.691 [JavaFX Application Thread] DEBUG GameApplication      - Exiting game application
17:54:37.693 [JavaFX Application Thread] DEBUG MenuEventHandler     - Creating default profile
17:54:37.693 [JavaFX Application Thread] DEBUG EventBus             - Firing event: SaveEvent
17:54:37.693 [JavaFX Application Thread] DEBUG AudioPlayer          - Saving data to profile
17:54:37.693 [JavaFX Application Thread] DEBUG Bundle               - Logging bundle: audio
17:54:37.693 [JavaFX Application Thread] DEBUG Bundle               - audio.musicVolume=0.5
17:54:37.694 [JavaFX Application Thread] DEBUG Bundle               - audio.soundVolume=0.5
17:54:37.694 [JavaFX Application Thread] DEBUG Input                - Saving data to profile
17:54:37.694 [JavaFX Application Thread] DEBUG Bundle               - Logging bundle: input
17:54:37.694 [JavaFX Application Thread] DEBUG Bundle               - input.Screenshot=P
17:54:37.694 [JavaFX Application Thread] DEBUG Bundle               - input.Restart=CTRL+R
17:54:37.694 [JavaFX Application Thread] DEBUG Bundle               - input.Dev Options=CTRL+0
17:54:37.695 [JavaFX Application Thread] DEBUG Bundle               - Logging bundle: gameplayStats
17:54:37.695 [JavaFX Application Thread] DEBUG Bundle               - gameplayStats.playtime=171723657396
17:54:37.695 [JavaFX Application Thread] DEBUG AchievementManager   - Saving data to profile
17:54:37.695 [JavaFX Application Thread] DEBUG Bundle               - Logging bundle: achievement
17:54:37.695 [JavaFX Application Thread] DEBUG FXGL.SaveLoadManager - Saving profile: Saran
17:54:37.699 [JavaFX Application Thread] DEBUG IOTask               - Executing task: writeDataTask(./profiles/Saran/user.profile)
17:54:37.700 [JavaFX Application Thread] DEBUG IOTask               - Executing task: writeDataTask(./profiles/Saran/user.profile)
17:54:37.704 [JavaFX Application Thread] DEBUG FS                   - Writing to: ./profiles/Saran/user.profile
17:54:37.708 [JavaFX Application Thread] DEBUG IOTask               - Executing task: checkSavesDir(./profiles/Saran/saves/)
17:54:37.709 [JavaFX Application Thread] DEBUG IOTask               - Task succeeded: writeDataTask(./profiles/Saran/user.profile)
17:54:37.709 [JavaFX Application Thread] DEBUG GameApplication      - Shutting down background threads
17:54:37.709 [JavaFX Application Thread] DEBUG GameApplication      - Exiting FXGL
17:54:37.709 [JavaFX Application Thread] DEBUG FXGL                 - Saving FXGL system data
17:54:37.710 [JavaFX Application Thread] DEBUG IOTask               - Executing task: writeDataTask(system/fxgl.bundle)
17:54:37.710 [JavaFX Application Thread] DEBUG FS                   - Writing to: system/fxgl.bundle
17:54:37.714 [JavaFX Application Thread] DEBUG IOTask               - Task succeeded: writeDataTask(system/fxgl.bundle)
17:54:37.714 [JavaFX Application Thread] DEBUG GameApplication      - Closing logger and exiting JavaFX
